============================= test session starts =============================
platform win32 -- Python 3.13.6, pytest-8.3.3, pluggy-1.6.0 -- C:\Users\decri\AppData\Local\Programs\Python\Python313\python.exe
cachedir: .pytest_cache
hypothesis profile 'default'
rootdir: C:\Users\decri\GitClones\Crypto
configfile: pytest.ini
plugins: anyio-4.11.0, hypothesis-6.148.2, cov-6.0.0, mock-3.14.0, timeout-2.4.0, xdist-3.8.0
collecting ... collected 2495 items / 16 deselected / 2479 selected

tests/xai_tests/integration/test_chain_reorg.py::TestBlockchainReorganization::test_simple_fork_resolution SKIPPED [  0%]
tests/xai_tests/integration/test_chain_reorg.py::TestBlockchainReorganization::test_deep_reorg SKIPPED [  0%]
tests/xai_tests/integration/test_chain_reorg.py::TestBlockchainReorganization::test_reorg_with_transactions SKIPPED [  0%]
tests/xai_tests/integration/test_chain_reorg.py::TestBlockchainReorganization::test_reorg_doesnt_lose_valid_txs SKIPPED [  0%]
tests/xai_tests/integration/test_chain_reorg.py::TestBlockchainReorganization::test_reorg_chain_validation SKIPPED [  0%]
tests/xai_tests/integration/test_chain_reorg.py::TestBlockchainReorganization::test_very_deep_reorg PASSED [  0%]
tests/xai_tests/integration/test_chain_reorg.py::TestBlockchainReorganization::test_reorg_protection FAILED [  0%]
tests/xai_tests/integration/test_chain_reorg.py::TestReorgEdgeCases::test_empty_fork_reorg SKIPPED [  0%]
tests/xai_tests/integration/test_chain_reorg.py::TestReorgEdgeCases::test_simultaneous_blocks_reorg SKIPPED [  0%]
tests/xai_tests/integration/test_chain_reorg_comprehensive.py::TestSimpleChainReorg::test_single_block_fork_resolution FAILED [  0%]
tests/xai_tests/integration/test_chain_reorg_comprehensive.py::TestSimpleChainReorg::test_two_block_fork_resolution FAILED [  0%]
tests/xai_tests/integration/test_chain_reorg_comprehensive.py::TestSimpleChainReorg::test_equal_length_fork_uses_work PASSED [  0%]
tests/xai_tests/integration/test_chain_reorg_comprehensive.py::TestDeepChainReorg::test_ten_block_reorganization FAILED [  0%]
tests/xai_tests/integration/test_chain_reorg_comprehensive.py::TestDeepChainReorg::test_deep_reorg_validates_all_blocks FAILED [  0%]
tests/xai_tests/integration/test_chain_reorg_comprehensive.py::TestTransactionHandlingDuringReorg::test_transactions_survive_reorg PASSED [  0%]
tests/xai_tests/integration/test_chain_reorg_comprehensive.py::TestTransactionHandlingDuringReorg::test_double_spend_prevented_after_reorg FAILED [  0%]
tests/xai_tests/integration/test_chain_reorg_comprehensive.py::TestUTXOConsistencyDuringReorg::test_utxo_set_updated_after_reorg PASSED [  0%]
tests/xai_tests/integration/test_chain_reorg_comprehensive.py::TestUTXOConsistencyDuringReorg::test_utxo_set_rollback_on_reorg PASSED [  0%]
tests/xai_tests/integration/test_chain_reorg_comprehensive.py::TestOrphanBlockHandling::test_orphan_block_stored_until_parent_arrives PASSED [  0%]
tests/xai_tests/integration/test_chain_reorg_comprehensive.py::TestOrphanBlockHandling::test_orphan_block_processed_when_parent_arrives PASSED [  0%]
tests/xai_tests/integration/test_chain_reorg_comprehensive.py::TestCompetingChains::test_three_way_fork_resolution FAILED [  0%]
tests/xai_tests/integration/test_chain_reorg_comprehensive.py::TestCompetingChains::test_competing_chains_with_invalid FAILED [  0%]
tests/xai_tests/integration/test_chain_reorg_comprehensive.py::TestReorgWithDifferentDifficulty::test_reorg_preserves_difficulty_changes PASSED [  0%]
tests/xai_tests/integration/test_chain_reorg_comprehensive.py::TestReorgWithDifferentDifficulty::test_reorg_with_adaptive_difficulty PASSED [  0%]
tests/xai_tests/integration/test_chain_reorg_comprehensive.py::TestReorgEdgeCases::test_reorg_to_empty_chain PASSED [  1%]
tests/xai_tests/integration/test_chain_reorg_comprehensive.py::TestReorgEdgeCases::test_reorg_with_genesis_only PASSED [  1%]
tests/xai_tests/integration/test_chain_reorg_comprehensive.py::TestReorgEdgeCases::test_self_reorg_no_op PASSED [  1%]
tests/xai_tests/integration/test_chain_reorg_comprehensive.py::TestFinalizationDuringReorg::test_finalized_blocks_not_reorged PASSED [  1%]
tests/xai_tests/integration/test_chain_reorg_comprehensive.py::TestFinalizationDuringReorg::test_soft_finality_still_reorgable PASSED [  1%]
tests/xai_tests/integration/test_governance.py::TestGovernanceInitialization::test_create_governance PASSED [  1%]
tests/xai_tests/integration/test_governance.py::TestGovernanceInitialization::test_governance_parameters PASSED [  1%]
tests/xai_tests/integration/test_governance.py::TestGovernanceInitialization::test_voter_types PASSED [  1%]
tests/xai_tests/integration/test_governance.py::TestProposalCreation::test_create_proposal PASSED [  1%]
tests/xai_tests/integration/test_governance.py::TestProposalCreation::test_proposal_has_required_fields PASSED [  1%]
tests/xai_tests/integration/test_governance.py::TestProposalCreation::test_multiple_proposals PASSED [  1%]
tests/xai_tests/integration/test_governance.py::TestVotingMechanism::test_cast_vote PASSED [  1%]
tests/xai_tests/integration/test_governance.py::TestVotingMechanism::test_vote_options PASSED [  1%]
tests/xai_tests/integration/test_governance.py::TestVotingMechanism::test_quadratic_voting PASSED [  1%]
tests/xai_tests/integration/test_governance.py::TestVotingMechanism::test_prevent_double_voting PASSED [  1%]
tests/xai_tests/integration/test_governance.py::TestVotingPower::test_voting_power_display PASSED [  1%]
tests/xai_tests/integration/test_governance.py::TestVotingPower::test_time_decay PASSED [  1%]
tests/xai_tests/integration/test_governance.py::TestVotingPower::test_voter_type_weight PASSED [  1%]
tests/xai_tests/integration/test_governance.py::TestVotingPower::test_hybrid_voter_bonus PASSED [  1%]
tests/xai_tests/integration/test_governance.py::TestProposalExecution::test_proposal_passes_with_majority PASSED [  1%]
tests/xai_tests/integration/test_governance.py::TestProposalExecution::test_proposal_fails_without_majority PASSED [  1%]
tests/xai_tests/integration/test_governance.py::TestProposalExecution::test_proposal_timelock PASSED [  1%]
tests/xai_tests/integration/test_governance.py::TestProposalExecution::test_execute_proposal PASSED [  1%]
tests/xai_tests/integration/test_governance.py::TestGovernanceIntegration::test_proposal_on_blockchain PASSED [  1%]
tests/xai_tests/integration/test_governance.py::TestGovernanceIntegration::test_voting_with_blockchain_verification PASSED [  1%]
tests/xai_tests/integration/test_governance.py::TestGovernanceIntegration::test_governance_transaction_type PASSED [  2%]
tests/xai_tests/integration/test_governance.py::TestGovernanceParameters::test_get_parameters PASSED [  2%]
tests/xai_tests/integration/test_governance.py::TestGovernanceParameters::test_update_parameters PASSED [  2%]
tests/xai_tests/integration/test_governance.py::TestGovernanceParameters::test_parameter_change_proposal PASSED [  2%]
tests/xai_tests/integration/test_mining.py::TestMiningWorkflow::test_mine_empty_block PASSED [  2%]
tests/xai_tests/integration/test_mining.py::TestMiningWorkflow::test_mine_block_with_transactions PASSED [  2%]
tests/xai_tests/integration/test_mining.py::TestMiningWorkflow::test_mining_reward_distribution PASSED [  2%]
tests/xai_tests/integration/test_mining.py::TestMiningWorkflow::test_transaction_fees_to_miner PASSED [  2%]
tests/xai_tests/integration/test_mining.py::TestMiningWorkflow::test_multiple_transactions_in_block 