============================= test session starts =============================
platform win32 -- Python 3.13.6, pytest-8.3.3, pluggy-1.6.0 -- C:\Users\decri\GitClones\Crypto\.venv313\Scripts\python.exe
cachedir: .pytest_cache
rootdir: C:\Users\decri\GitClones\Crypto
configfile: pytest.ini
plugins: anyio-4.11.0, cov-6.0.0, mock-3.14.0
collecting ... collected 4051 items / 16 deselected / 4035 selected

tests/xai_tests/integration/test_chain_reorg.py::TestBlockchainReorganization::test_simple_fork_resolution SKIPPEDd) [  0%]
tests/xai_tests/integration/test_chain_reorg.py::TestBlockchainReorganization::test_deep_reorg SKIPPEDd) [  0%]
tests/xai_tests/integration/test_chain_reorg.py::TestBlockchainReorganization::test_reorg_with_transactions SKIPPEDd) [  0%]
tests/xai_tests/integration/test_chain_reorg.py::TestBlockchainReorganization::test_reorg_doesnt_lose_valid_txs SKIPPEDd) [  0%]
tests/xai_tests/integration/test_chain_reorg.py::TestBlockchainReorganization::test_reorg_chain_validation SKIPPEDd) [  0%]
tests/xai_tests/integration/test_chain_reorg.py::TestBlockchainReorganization::test_very_deep_reorg PASSED [  0%]
tests/xai_tests/integration/test_chain_reorg.py::TestBlockchainReorganization::test_reorg_protection PASSED [  0%]
tests/xai_tests/integration/test_chain_reorg.py::TestReorgEdgeCases::test_empty_fork_reorg SKIPPEDd) [  0%]
tests/xai_tests/integration/test_chain_reorg.py::TestReorgEdgeCases::test_simultaneous_blocks_reorg SKIPPEDd) [  0%]
tests/xai_tests/integration/test_chain_reorg_comprehensive.py::TestSimpleChainReorg::test_single_block_fork_resolution PASSED [  0%]
tests/xai_tests/integration/test_chain_reorg_comprehensive.py::TestSimpleChainReorg::test_two_block_fork_resolution PASSED [  0%]
tests/xai_tests/integration/test_chain_reorg_comprehensive.py::TestSimpleChainReorg::test_equal_length_fork_uses_work PASSED [  0%]
tests/xai_tests/integration/test_chain_reorg_comprehensive.py::TestDeepChainReorg::test_ten_block_reorganization PASSED [  0%]
tests/xai_tests/integration/test_chain_reorg_comprehensive.py::TestDeepChainReorg::test_deep_reorg_validates_all_blocks PASSED [  0%]
tests/xai_tests/integration/test_chain_reorg_comprehensive.py::TestTransactionHandlingDuringReorg::test_transactions_survive_reorg PASSED [  0%]
tests/xai_tests/integration/test_chain_reorg_comprehensive.py::TestTransactionHandlingDuringReorg::test_double_spend_prevented_after_reorg FAILED [  0%]
tests/xai_tests/integration/test_chain_reorg_comprehensive.py::TestUTXOConsistencyDuringReorg::test_utxo_set_updated_after_reorg PASSED [  0%]
tests/xai_tests/integration/test_chain_reorg_comprehensive.py::TestUTXOConsistencyDuringReorg::test_utxo_set_rollback_on_reorg PASSED [  0%]
tests/xai_tests/integration/test_chain_reorg_comprehensive.py::TestOrphanBlockHandling::test_orphan_block_stored_until_parent_arrives PASSED [  0%]
tests/xai_tests/integration/test_chain_reorg_comprehensive.py::TestOrphanBlockHandling::test_orphan_block_processed_when_parent_arrives PASSED [  0%]
tests/xai_tests/integration/test_chain_reorg_comprehensive.py::TestCompetingChains::test_three_way_fork_resolution PASSED [  0%]
tests/xai_tests/integration/test_chain_reorg_comprehensive.py::TestCompetingChains::test_competing_chains_with_invalid PASSED [  0%]
tests/xai_tests/integration/test_chain_reorg_comprehensive.py::TestReorgWithDifferentDifficulty::test_reorg_preserves_difficulty_changes PASSED [  0%]
tests/xai_tests/integration/test_chain_reorg_comprehensive.py::TestReorgWithDifferentDifficulty::test_reorg_with_adaptive_difficulty PASSED [  0%]
tests/xai_tests/integration/test_chain_reorg_comprehensive.py::TestReorgEdgeCases::test_reorg_to_empty_chain PASSED [  0%]
tests/xai_tests/integration/test_chain_reorg_comprehensive.py::TestReorgEdgeCases::test_reorg_with_genesis_only PASSED [  0%]
tests/xai_tests/integration/test_chain_reorg_comprehensive.py::TestReorgEdgeCases::test_self_reorg_no_op PASSED [  0%]
tests/xai_tests/integration/test_chain_reorg_comprehensive.py::TestFinalizationDuringReorg::test_finalized_blocks_not_reorged PASSED [  0%]
tests/xai_tests/integration/test_chain_reorg_comprehensive.py::TestFinalizationDuringReorg::test_soft_finality_still_reorgable PASSED [  0%]
tests/xai_tests/integration/test_governance.py::TestGovernanceInitialization::test_create_governance PASSED [  0%]
tests/xai_tests/integration/test_governance.py::TestGovernanceInitialization::test_governance_parameters PASSED [  0%]
tests/xai_tests/integration/test_governance.py::TestGovernanceInitialization::test_voter_types PASSED [  0%]
tests/xai_tests/integration/test_governance.py::TestProposalCreation::test_create_proposal PASSED [  0%]
tests/xai_tests/integration/test_governance.py::TestProposalCreation::test_proposal_has_required_fields PASSED [  0%]
tests/xai_tests/integration/test_governance.py::TestProposalCreation::test_multiple_proposals PASSED [  0%]
tests/xai_tests/integration/test_governance.py::TestVotingMechanism::test_cast_vote PASSED [  0%]
tests/xai_tests/integration/test_governance.py::TestVotingMechanism::test_vote_options PASSED [  0%]
tests/xai_tests/integration/test_governance.py::TestVotingMechanism::test_quadratic_voting PASSED [  0%]
tests/xai_tests/integration/test_governance.py::TestVotingMechanism::test_prevent_double_voting PASSED [  0%]
tests/xai_tests/integration/test_governance.py::TestVotingPower::test_voting_power_display PASSED [  0%]
tests/xai_tests/integration/test_governance.py::TestVotingPower::test_time_decay PASSED [  1%]
tests/xai_tests/integration/test_governance.py::TestVotingPower::test_voter_type_weight PASSED [  1%]
tests/xai_tests/integration/test_governance.py::TestVotingPower::test_hybrid_voter_bonus PASSED [  1%]
tests/xai_tests/integration/test_governance.py::TestProposalExecution::test_proposal_passes_with_majority PASSED [  1%]
tests/xai_tests/integration/test_governance.py::TestProposalExecution::test_proposal_fails_without_majority PASSED [  1%]
tests/xai_tests/integration/test_governance.py::TestProposalExecution::test_proposal_timelock PASSED [  1%]
tests/xai_tests/integration/test_governance.py::TestProposalExecution::test_execute_proposal PASSED [  1%]
tests/xai_tests/integration/test_governance.py::TestGovernanceIntegration::test_proposal_on_blockchain PASSED [  1%]
tests/xai_tests/integration/test_governance.py::TestGovernanceIntegration::test_voting_with_blockchain_verification PASSED [  1%]
tests/xai_tests/integration/test_governance.py::TestGovernanceIntegration::test_governance_transaction_type PASSED [  1%]
tests/xai_tests/integration/test_governance.py::TestGovernanceParameters::test_get_parameters PASSED [  1%]
tests/xai_tests/integration/test_governance.py::TestGovernanceParameters::test_update_parameters PASSED [  1%]
tests/xai_tests/integration/test_governance.py::TestGovernanceParameters::test_parameter_change_proposal PASSED [  1%]
tests/xai_tests/integration/test_mining.py::TestMiningWorkflow::test_mine_empty_block PASSED [  1%]
tests/xai_tests/integration/test_mining.py::TestMiningWorkflow::test_mine_block_with_transactions PASSED [  1%]
tests/xai_tests/integration/test_mining.py::TestMiningWorkflow::test_mining_reward_distribution PASSED [  1%]
tests/xai_tests/integration/test_mining.py::TestMiningWorkflow::test_transaction_fees_to_miner PASSED [  1%]
tests/xai_tests/integration/test_mining.py::TestMiningWorkflow::test_multiple_transactions_in_block PASSED [  1%]
tests/xai_tests/integration/test_mining.py::TestMiningWorkflow::test_consecutive_mining PASSED [  1%]
tests/xai_tests/integration/test_mining.py::TestMiningRewards::test_initial_reward_correct PASSED [  1%]
tests/xai_tests/integration/test_mining.py::TestMiningRewards::test_reward_consistency PASSED [  1%]
tests/xai_tests/integration/test_mining.py::TestMiningRewards::test_reward_halving_integration PASSED [  1%]
tests/xai_tests/integration/test_mining.py::TestMiningRewards::test_cumulative_rewards PASSED [  1%]
tests/xai_tests/integration/test_mining.py::TestMiningWithTransactions::test_transaction_confirmation PASSED [  1%]
tests/xai_tests/integration/test_mining.py::TestMiningWithTransactions::test_invalid_transaction_rejection PASSED [  1%]
tests/xai_tests/integration/test_mining.py::TestMiningWithTransactions::test_multiple_senders_one_block PASSED [  1%]
tests/xai_tests/integration/test_mining.py::TestMiningWithTransactions::test_chain_transaction_flow PASSED [  1%]
tests/xai_tests/integration/test_mining.py::TestMiningValidation::test_valid_mined_block PASSED [  1%]
tests/xai_tests/integration/test_mining.py::TestMiningValidation::test_block_linking_integrity PASSED [  1%]
tests/xai_tests/integration/test_mining.py::TestMiningValidation::test_utxo_consistency PASSED [  1%]
tests/xai_tests/integration/test_mining.py::TestMiningPerformance::test_mining_time_reasonable PASSED [  1%]
tests/xai_tests/integration/test_mining.py::TestMiningPerformance::test_difficulty_affects_time PASSED [  1%]
tests/xai_tests/integration/test_multi_node_consensus.py::TestMultiNodeConsensus::test_three_nodes_mine_same_height PASSED [  1%]
tests/xai_tests/integration/test_multi_node_consensus.py::TestMultiNodeConsensus::test_block_propagation_between_nodes SKIPPEDd) [  1%]
tests/xai_tests/integration/test_multi_node_consensus.py::TestMultiNodeConsensus::test_consensus_on_invalid_block SKIPPEDd) [  1%]
tests/xai_tests/integration/test_multi_node_consensus.py::TestMultiNodeConsensus::test_majority_consensus_longest_chain SKIPPEDd) [  1%]
tests/xai_tests/integration/test_multi_node_consensus.py::TestMultiNodeConsensus::test_consensus_with_transactions SKIPPEDd) [  1%]
tests/xai_tests/integration/test_multi_node_consensus.py::TestMultiNodeConsensus::test_double_spend_prevention FAILED [  1%]
tests/xai_tests/integration/test_multi_node_consensus.py::TestMultiNodeConsensus::test_consensus_manager_operations FAILED [  1%]
tests/xai_tests/integration/test_multi_node_consensus.py::TestMultiNodeConsensus::test_concurrent_mining_different_nodes PASSED [  1%]
tests/xai_tests/integration/test_multi_node_consensus.py::TestMultiNodeConsensus::test_fork_resolution FAILED [  2%]
tests/xai_tests/integration/test_multi_node_consensus.py::TestMultiNodeConsensus::test_block_validation_across_nodes SKIPPEDd) [  2%]
tests/xai_tests/integration/test_multi_node_consensus.py::TestConsensusEdgeCases::test_single_node_network PASSED [  2%]
tests/xai_tests/integration/test_multi_node_consensus.py::TestConsensusEdgeCases::test_empty_block_propagation SKIPPEDd) [  2%]
tests/xai_tests/integration/test_multi_node_consensus.py::TestConsensusEdgeCases::test_rapid_block_sequence SKIPPEDd) [  2%]
tests/xai_tests/integration/test_multi_node_consensus_comprehensive.py::TestThreeNodeConsensus::test_three_nodes_reach_consensus PASSED [  2%]
tests/xai_tests/integration/test_multi_node_consensus_comprehensive.py::TestThreeNodeConsensus::test_three_nodes_concurrent_mining PASSED [  2%]
tests/xai_tests/integration/test_multi_node_consensus_comprehensive.py::TestFiveNodeConsensus::test_five_nodes_majority_consensus PASSED [  2%]
tests/xai_tests/integration/test_multi_node_consensus_comprehensive.py::TestFiveNodeConsensus::test_byzantine_minority_rejected PASSED [  2%]
tests/xai_tests/integration/test_multi_node_consensus_comprehensive.py::TestBlockPropagation::test_block_propagates_to_all_nodes PASSED [  2%]
tests/xai_tests/integration/test_multi_node_consensus_comprehensive.py::TestBlockPropagation::test_block_propagation_monitoring PASSED [  2%]
tests/xai_tests/integration/test_multi_node_consensus_comprehensive.py::TestBlockPropagation::test_slow_propagation_detected PASSED [  2%]
tests/xai_tests/integration/test_multi_node_consensus_comprehensive.py::TestTransactionPropagation::test_transaction_reaches_all_nodes PASSED [  2%]
tests/xai_tests/integration/test_multi_node_consensus_comprehensive.py::TestNetworkPartitions::test_network_split_creates_forks PASSED [  2%]
tests/xai_tests/integration/test_multi_node_consensus_comprehensive.py::TestNetworkPartitions::test_network_heal_resolves_forks PASSED [  2%]
tests/xai_tests/integration/test_multi_node_consensus_comprehensive.py::TestConsensusUnderLoad::test_consensus_with_many_pending_transactions PASSED [  2%]
tests/xai_tests/integration/test_multi_node_consensus_comprehensive.py::TestConsensusUnderLoad::test_consensus_with_rapid_blocks PASSED [  2%]
tests/xai_tests/integration/test_multi_node_consensus_comprehensive.py::TestConsensusFairness::test_all_nodes_can_mine PASSED [  2%]
tests/xai_tests/integration/test_multi_node_consensus_comprehensive.py::TestConsensusFairness::test_no_mining_monopoly PASSED [  2%]
tests/xai_tests/integration/test_multi_node_consensus_comprehensive.py::TestAdvancedConsensusManager::test_manager_coordinates_consensus PASSED [  2%]
tests/xai_tests/integration/test_multi_node_consensus_comprehensive.py::TestAdvancedConsensusManager::test_manager_handles_orphans_across_network PASSED [  2%]
tests/xai_tests/integration/test_multi_node_consensus_comprehensive.py::TestConsensusRecovery::test_recovery_from_invalid_block PASSED [  2%]
tests/xai_tests/integration/test_multi_node_consensus_comprehensive.py::TestConsensusRecovery::test_recovery_from_chain_corruption PASSED [  2%]
tests/xai_tests/integration/test_multi_node_consensus_comprehensive.py::TestConsensusMetrics::test_consensus_info_accuracy PASSED [  2%]
tests/xai_tests/integration/test_multi_node_consensus_comprehensive.py::TestConsensusMetrics::test_integrity_check_catches_issues PASSED [  2%]
tests/xai_tests/integration/test_network.py::TestPeerConnection::test_initialize_peer_set PASSED [  2%]
tests/xai_tests/integration/test_network.py::TestPeerConnection::test_add_peer PASSED [  2%]
tests/xai_tests/integration/test_network.py::TestPeerConnection::test_remove_peer PASSED [  2%]
tests/xai_tests/integration/test_network.py::TestPeerConnection::test_unique_peers PASSED [  2%]
tests/xai_tests/integration/test_network.py::TestBlockPropagation::test_new_block_creation PASSED [  2%]
tests/xai_tests/integration/test_network.py::TestBlockPropagation::test_block_serialization PASSED [  2%]
tests/xai_tests/integration/test_network.py::TestBlockPropagation::test_block_validation_on_receive PASSED [  2%]
tests/xai_tests/integration/test_network.py::TestBlockPropagation::test_chain_synchronization PASSED [  2%]
tests/xai_tests/integration/test_network.py::TestChainConsensus::test_longest_chain_selection PASSED [  2%]
tests/xai_tests/integration/test_network.py::TestChainConsensus::test_chain_replacement_validation PASSED [  2%]
tests/xai_tests/integration/test_network.py::TestChainConsensus::test_reject_invalid_chain PASSED [  2%]
tests/xai_tests/integration/test_network.py::TestTransactionPropagation::test_add_transaction_to_mempool PASSED [  2%]
tests/xai_tests/integration/test_network.py::TestTransactionPropagation::test_transaction_broadcast FAILED [  2%]
tests/xai_tests/integration/test_network.py::TestTransactionPropagation::test_duplicate_transaction_handling PASSED [  2%]
tests/xai_tests/integration/test_network.py::TestNetworkSynchronization::test_sync_from_genesis PASSED [  2%]
tests/xai_tests/integration/test_network.py::TestNetworkSynchronization::test_sync_new_blocks PASSED [  2%]
tests/xai_tests/integration/test_network.py::TestNetworkSynchronization::test_sync_with_transactions PASSED [  3%]
tests/xai_tests/integration/test_network.py::TestNetworkResilience::test_continue_after_peer_disconnect PASSED [  3%]
tests/xai_tests/integration/test_network.py::TestNetworkResilience::test_block_validation_prevents_corruption PASSED [  3%]
tests/xai_tests/integration/test_network.py::TestNetworkResilience::test_recovery_from_fork PASSED [  3%]
tests/xai_tests/integration/test_network.py::TestPeerDiscovery::test_bootstrap_peers PASSED [  3%]
tests/xai_tests/integration/test_network.py::TestPeerDiscovery::test_dynamic_peer_addition PASSED [  3%]
tests/xai_tests/integration/test_network.py::TestPeerDiscovery::test_peer_list_management PASSED [  3%]
tests/xai_tests/integration/test_network.py::TestNetworkMessaging::test_block_announcement PASSED [  3%]
tests/xai_tests/integration/test_network.py::TestNetworkMessaging::test_transaction_announcement PASSED [  3%]
tests/xai_tests/integration/test_network.py::TestNetworkMessaging::test_chain_request PASSED [  3%]
tests/xai_tests/integration/test_network_comprehensive.py::TestMultiNodeNetwork::test_three_node_network_formation PASSED [  3%]
tests/xai_tests/integration/test_network_comprehensive.py::TestMultiNodeNetwork::test_peer_removal_from_network PASSED [  3%]
tests/xai_tests/integration/test_network_comprehensive.py::TestTransactionPropagation::test_transaction_broadcast_to_peers PASSED [  3%]
tests/xai_tests/integration/test_network_comprehensive.py::TestTransactionPropagation::test_transaction_propagation_chain PASSED [  3%]
tests/xai_tests/integration/test_network_comprehensive.py::TestBlockPropagation::test_block_broadcast PASSED [  3%]
tests/xai_tests/integration/test_network_comprehensive.py::TestChainSynchronization::test_sync_adopts_longer_chain ERROR [  3%]
tests/xai_tests/integration/test_network_comprehensive.py::TestChainSynchronization::test_sync_keeps_own_chain_if_longest FAILED [  3%]
tests/xai_tests/integration/test_network_comprehensive.py::TestNetworkPartitioning::test_network_partition_creation PASSED [  3%]
tests/xai_tests/integration/test_network_comprehensive.py::TestNetworkPartitioning::test_network_partition_healing PASSED [  3%]
tests/xai_tests/integration/test_network_comprehensive.py::TestPeerDiscoveryIntegration::test_bootstrap_and_connect PASSED [  3%]
tests/xai_tests/integration/test_network_comprehensive.py::TestPeerDiscoveryIntegration::test_connect_to_discovered_peers PASSED [  3%]
tests/xai_tests/integration/test_network_comprehensive.py::TestNodeFailureRecovery::test_broadcast_continues_on_node_failure PASSED [  3%]
tests/xai_tests/integration/test_network_comprehensive.py::TestNodeFailureRecovery::test_peer_removal_after_timeout PASSED [  3%]
tests/xai_tests/integration/test_network_comprehensive.py::TestConcurrentNetworkOperations::test_concurrent_broadcasts PASSED [  3%]
tests/xai_tests/integration/test_network_comprehensive.py::TestConcurrentNetworkOperations::test_concurrent_peer_additions PASSED [  3%]
tests/xai_tests/integration/test_network_comprehensive.py::TestNetworkStressScenarios::test_high_volume_broadcasts PASSED [  3%]
tests/xai_tests/integration/test_network_comprehensive.py::TestNetworkStressScenarios::test_sync_with_many_peers PASSED [  3%]
tests/xai_tests/integration/test_network_comprehensive.py::TestNetworkErrorRecovery::test_retry_after_timeout PASSED [  3%]
tests/xai_tests/integration/test_network_comprehensive.py::TestNetworkErrorRecovery::test_sync_recovery_after_errors PASSED [  3%]
tests/xai_tests/integration/test_network_partition.py::TestNetworkPartition::test_two_vs_one_partition SKIPPEDd) [  3%]
tests/xai_tests/integration/test_network_partition.py::TestNetworkPartition::test_network_partition_recovery SKIPPEDd) [  3%]
tests/xai_tests/integration/test_network_partition.py::TestNetworkPartition::test_asymmetric_partition SKIPPEDd) [  3%]
tests/xai_tests/integration/test_network_partition.py::TestNetworkPartition::test_majority_partition_continues SKIPPEDd) [  3%]
tests/xai_tests/integration/test_network_partition.py::TestNetworkPartition::test_partition_with_transactions SKIPPEDd) [  3%]
tests/xai_tests/integration/test_network_partition.py::TestNetworkPartition::test_prolonged_partition SKIPPEDd) [  3%]
tests/xai_tests/integration/test_network_partition.py::TestNetworkPartition::test_network_partition_chain_validation SKIPPEDd) [  3%]
tests/xai_tests/integration/test_network_partition.py::TestNetworkPartition::test_rapid_partition_heal_cycles SKIPPEDd) [  3%]
tests/xai_tests/integration/test_network_partition.py::TestNetworkPartitionEdgeCases::test_single_node_partition PASSED [  3%]
tests/xai_tests/integration/test_network_partition.py::TestNetworkPartitionEdgeCases::test_partition_with_different_difficulties SKIPPED [  3%]
tests/xai_tests/integration/test_transaction_propagation.py::TestTransactionPropagation::test_single_transaction_propagation FAILED [  3%]
tests/xai_tests/integration/test_transaction_propagation.py::TestTransactionPropagation::test_transaction_ordering FAILED [  4%]
tests/xai_tests/integration/test_transaction_propagation.py::TestTransactionPropagation::test_transaction_confirmation SKIPPEDd) [  4%]
tests/xai_tests/integration/test_transaction_propagation.py::TestTransactionPropagation::test_double_spend_propagation SKIPPEDd) [  4%]
tests/xai_tests/integration/test_transaction_propagation.py::TestTransactionPropagation::test_high_volume_transaction_propagation SKIPPED [  4%]
tests/xai_tests/integration/test_transaction_propagation.py::TestTransactionPropagation::test_transaction_ordering_during_propagation SKIPPED [  4%]
tests/xai_tests/integration/test_transaction_propagation.py::TestTransactionPropagation::test_mempool_synchronization SKIPPEDd) [  4%]
tests/xai_tests/integration/test_transaction_propagation.py::TestTransactionPropagation::test_transaction_rejection_propagation FAILED [  4%]
tests/xai_tests/integration/test_transaction_propagation.py::TestTransactionPropagationEdgeCases::test_large_transaction PASSED [  4%]
tests/xai_tests/integration/test_transaction_propagation.py::TestTransactionPropagationEdgeCases::test_transaction_with_zero_fee PASSED [  4%]
tests/xai_tests/integration/test_transaction_propagation.py::TestTransactionPropagationEdgeCases::test_burst_transaction_propagation SKIPPED [  4%]
tests/xai_tests/integration/test_wallet_integration.py::TestWalletIntegration::test_wallet_creation PASSED [  4%]
tests/xai_tests/integration/test_wallet_integration.py::TestWalletIntegration::test_wallet_deterministic PASSED [  4%]
tests/xai_tests/integration/test_wallet_integration.py::TestWalletIntegration::test_multiple_wallets_unique PASSED [  4%]
tests/xai_tests/integration/test_wallet_integration.py::TestWalletIntegration::test_wallet_funding_simple PASSED [  4%]
tests/xai_tests/integration/test_wallet_integration.py::TestWalletIntegration::test_wallet_send_receive PASSED [  4%]
tests/xai_tests/integration/test_wallet_integration.py::TestWalletIntegration::test_wallet_multiple_transactions FAILED [  4%]
tests/xai_tests/integration/test_wallet_integration.py::TestWalletIntegration::test_wallet_balance_tracking PASSED [  4%]
tests/xai_tests/integration/test_wallet_integration.py::TestWalletIntegration::test_wallet_signature_verification PASSED [  4%]
tests/xai_tests/integration/test_wallet_integration.py::TestWalletIntegration::test_wallet_insufficient_funds FAILED [  4%]
tests/xai_tests/integration/test_wallet_integration.py::TestWalletIntegration::test_wallet_with_miner_rewards PASSED [  4%]
tests/xai_tests/integration/test_wallet_integration.py::TestWalletIntegration::test_wallet_key_recovery PASSED [  4%]
tests/xai_tests/integration/test_wallet_integration.py::TestWalletIntegration::test_wallet_transaction_chain PASSED [  4%]
tests/xai_tests/integration/test_wallet_integration.py::TestWalletIntegration::test_wallet_multi_node_sync SKIPPEDd) [  4%]
tests/xai_tests/integration/test_wallet_integration.py::TestWalletEdgeCases::test_wallet_zero_transaction PASSED [  4%]
tests/xai_tests/integration/test_wallet_integration.py::TestWalletEdgeCases::test_wallet_fractional_transactions PASSED [  4%]
tests/xai_tests/integration/test_wallet_integration.py::TestWalletEdgeCases::test_wallet_same_sender_recipient PASSED [  4%]
tests/xai_tests/performance/test_transaction_throughput.py::TestTransactionThroughput::test_tps_10_transactions PASSED [  4%]
tests/xai_tests/performance/test_transaction_throughput.py::TestTransactionThroughput::test_tps_100_transactions PASSED [  4%]
tests/xai_tests/performance/test_transaction_throughput.py::TestTransactionThroughput::test_tps_1000_transactions PASSED [  4%]
tests/xai_tests/performance/test_transaction_throughput.py::TestTransactionThroughput::test_block_mining_throughput PASSED [  4%]
tests/xai_tests/performance/test_transaction_throughput.py::TestTransactionThroughput::test_mempool_throughput PASSED [  4%]
tests/xai_tests/performance/test_transaction_throughput.py::TestTransactionThroughput::test_sustained_throughput_100_blocks PASSED [  4%]
tests/xai_tests/performance/test_transaction_throughput.py::TestTransactionThroughput::test_concurrent_transaction_creation PASSED [  4%]
tests/xai_tests/performance/test_transaction_throughput.py::TestThroughputUnderLoad::test_throughput_with_large_blocks FAILED [  4%]
tests/xai_tests/performance/test_transaction_throughput.py::TestThroughputUnderLoad::test_throughput_chain_validation PASSED [  4%]
tests/xai_tests/performance/test_transaction_throughput.py::TestThroughputUnderLoad::test_throughput_with_varying_transaction_sizes PASSED [  4%]
tests/xai_tests/security/test_address_filter_comprehensive.py::TestAddressFilterInitialization::test_init_default PASSED [  4%]
tests/xai_tests/security/test_address_filter_comprehensive.py::TestAddressFilterInitialization::test_init_with_whitelist_enabled PASSED [  4%]
tests/xai_tests/security/test_address_filter_comprehensive.py::TestAddressFilterInitialization::test_init_sets_are_empty PASSED [  4%]
tests/xai_tests/security/test_address_filter_comprehensive.py::TestWhitelistManagement::test_add_to_whitelist PASSED [  4%]
tests/xai_tests/security/test_address_filter_comprehensive.py::TestWhitelistManagement::test_add_to_whitelist_empty_raises_error PASSED [  5%]
tests/xai_tests/security/test_address_filter_comprehensive.py::TestWhitelistManagement::test_add_multiple_to_whitelist PASSED [  5%]
tests/xai_tests/security/test_address_filter_comprehensive.py::TestWhitelistManagement::test_add_duplicate_to_whitelist PASSED [  5%]
tests/xai_tests/security/test_address_filter_comprehensive.py::TestWhitelistManagement::test_remove_from_whitelist PASSED [  5%]
tests/xai_tests/security/test_address_filter_comprehensive.py::TestWhitelistManagement::test_remove_from_whitelist_empty_raises_error PASSED [  5%]
tests/xai_tests/security/test_address_filter_comprehensive.py::TestWhitelistManagement::test_remove_nonexistent_from_whitelist PASSED [  5%]
tests/xai_tests/security/test_address_filter_comprehensive.py::TestWhitelistManagement::test_is_whitelisted PASSED [  5%]
tests/xai_tests/security/test_address_filter_comprehensive.py::TestBlacklistManagement::test_add_to_blacklist PASSED [  5%]
tests/xai_tests/security/test_address_filter_comprehensive.py::TestBlacklistManagement::test_add_to_blacklist_empty_raises_error PASSED [  5%]
tests/xai_tests/security/test_address_filter_comprehensive.py::TestBlacklistManagement::test_add_multiple_to_blacklist PASSED [  5%]
tests/xai_tests/security/test_address_filter_comprehensive.py::TestBlacklistManagement::test_add_duplicate_to_blacklist PASSED [  5%]
tests/xai_tests/security/test_address_filter_comprehensive.py::TestBlacklistManagement::test_remove_from_blacklist PASSED [  5%]
tests/xai_tests/security/test_address_filter_comprehensive.py::TestBlacklistManagement::test_remove_from_blacklist_empty_raises_error PASSED [  5%]
tests/xai_tests/security/test_address_filter_comprehensive.py::TestBlacklistManagement::test_remove_nonexistent_from_blacklist PASSED [  5%]
tests/xai_tests/security/test_address_filter_comprehensive.py::TestBlacklistManagement::test_is_blacklisted PASSED [  5%]
tests/xai_tests/security/test_address_filter_comprehensive.py::TestAddressCheckingBlacklistOnly::test_check_address_not_blacklisted_allowed PASSED [  5%]
tests/xai_tests/security/test_address_filter_comprehensive.py::TestAddressCheckingBlacklistOnly::test_check_address_blacklisted_denied PASSED [  5%]
tests/xai_tests/security/test_address_filter_comprehensive.py::TestAddressCheckingBlacklistOnly::test_check_address_empty_denied PASSED [  5%]
tests/xai_tests/security/test_address_filter_comprehensive.py::TestAddressCheckingBlacklistOnly::test_check_address_no_lists_allows_all PASSED [  5%]
tests/xai_tests/security/test_address_filter_comprehensive.py::TestAddressCheckingWhitelistEnabled::test_check_address_whitelisted_allowed PASSED [  5%]
tests/xai_tests/security/test_address_filter_comprehensive.py::TestAddressCheckingWhitelistEnabled::test_check_address_not_whitelisted_denied PASSED [  5%]
tests/xai_tests/security/test_address_filter_comprehensive.py::TestAddressCheckingWhitelistEnabled::test_check_address_whitelisted_but_blacklisted_denied PASSED [  5%]
tests/xai_tests/security/test_address_filter_comprehensive.py::TestAddressCheckingWhitelistEnabled::test_check_address_empty_denied_with_whitelist PASSED [  5%]
tests/xai_tests/security/test_address_filter_comprehensive.py::TestBlacklistPrecedence::test_blacklist_overrides_whitelist PASSED [  5%]
tests/xai_tests/security/test_address_filter_comprehensive.py::TestBlacklistPrecedence::test_remove_from_blacklist_restores_whitelist_access PASSED [  5%]
tests/xai_tests/security/test_address_filter_comprehensive.py::TestDynamicConfiguration::test_enable_whitelist_dynamically PASSED [  5%]
tests/xai_tests/security/test_address_filter_comprehensive.py::TestDynamicConfiguration::test_disable_whitelist_dynamically PASSED [  5%]
tests/xai_tests/security/test_address_filter_comprehensive.py::TestDynamicConfiguration::test_modify_blacklist_while_running PASSED [  5%]
tests/xai_tests/security/test_address_filter_comprehensive.py::TestEdgeCases::test_case_sensitive_addresses PASSED [  5%]
tests/xai_tests/security/test_address_filter_comprehensive.py::TestEdgeCases::test_unicode_addresses PASSED [  5%]
tests/xai_tests/security/test_address_filter_comprehensive.py::TestEdgeCases::test_very_long_address PASSED [  5%]
tests/xai_tests/security/test_address_filter_comprehensive.py::TestEdgeCases::test_special_characters_in_address PASSED [  5%]
tests/xai_tests/security/test_address_filter_comprehensive.py::TestEdgeCases::test_large_blacklist PASSED [  5%]
tests/xai_tests/security/test_address_filter_comprehensive.py::TestRealWorldScenarios::test_exchange_address_filtering PASSED [  5%]
tests/xai_tests/security/test_address_filter_comprehensive.py::TestRealWorldScenarios::test_corporate_wallet_whitelist PASSED [  5%]
tests/xai_tests/security/test_address_filter_comprehensive.py::TestRealWorldScenarios::test_aml_compliance_scenario PASSED [  5%]
tests/xai_tests/security/test_address_filter_comprehensive.py::TestRealWorldScenarios::test_bridge_relay_scenario PASSED [  5%]
tests/xai_tests/security/test_address_filter_comprehensive.py::TestRealWorldScenarios::test_emergency_blacklist_update PASSED [  5%]
tests/xai_tests/security/test_address_filter_comprehensive.py::TestRealWorldScenarios::test_temporary_blacklist PASSED [  5%]
tests/xai_tests/security/test_address_filter_comprehensive.py::TestRealWorldScenarios::test_migration_scenario PASSED [  5%]
tests/xai_tests/security/test_address_filter_comprehensive.py::TestMultipleFilters::test_separate_filters_independent PASSED [  5%]
tests/xai_tests/security/test_address_filter_comprehensive.py::TestMultipleFilters::test_layered_filtering PASSED [  6%]
tests/xai_tests/security/test_attack_vectors.py::TestDoubleSpendingAttack::test_prevent_double_spend_same_block PASSED [  6%]
tests/xai_tests/security/test_attack_vectors.py::TestDoubleSpendingAttack::test_prevent_double_spend_different_blocks PASSED [  6%]
tests/xai_tests/security/test_attack_vectors.py::TestDoubleSpendingAttack::test_utxo_tracking_prevents_double_spend PASSED [  6%]
tests/xai_tests/security/test_attack_vectors.py::Test51PercentAttack::test_reorganization_depth_limit PASSED [  6%]
tests/xai_tests/security/test_attack_vectors.py::Test51PercentAttack::test_checkpoint_prevents_reorg PASSED [  6%]
tests/xai_tests/security/test_attack_vectors.py::Test51PercentAttack::test_longest_chain_selection PASSED [  6%]
tests/xai_tests/security/test_attack_vectors.py::Test51PercentAttack::test_reject_invalid_longer_chain PASSED [  6%]
tests/xai_tests/security/test_attack_vectors.py::TestSybilAttack::test_unique_addresses_required PASSED [  6%]
tests/xai_tests/security/test_attack_vectors.py::TestSybilAttack::test_stake_based_voting_prevents_sybil PASSED [  6%]
tests/xai_tests/security/test_attack_vectors.py::TestSybilAttack::test_identity_verification_through_signatures PASSED [  6%]
tests/xai_tests/security/test_attack_vectors.py::TestRaceAttack::test_transaction_confirmation_requirement PASSED [  6%]
tests/xai_tests/security/test_attack_vectors.py::TestRaceAttack::test_mempool_transaction_replacement PASSED [  6%]
tests/xai_tests/security/test_attack_vectors.py::TestTimejackAttack::test_reject_future_timestamp PASSED [  6%]
tests/xai_tests/security/test_attack_vectors.py::TestTimejackAttack::test_median_time_past_validation PASSED [  6%]
tests/xai_tests/security/test_attack_vectors.py::TestTimejackAttack::test_block_time_ordering PASSED [  6%]
tests/xai_tests/security/test_attack_vectors.py::TestDustAttack::test_reject_dust_amounts PASSED [  6%]
tests/xai_tests/security/test_attack_vectors.py::TestDustAttack::test_minimum_utxo_value PASSED [  6%]
tests/xai_tests/security/test_attack_vectors.py::TestResourceExhaustion::test_block_size_limit PASSED [  6%]
tests/xai_tests/security/test_attack_vectors.py::TestResourceExhaustion::test_transaction_size_limit PASSED [  6%]
tests/xai_tests/security/test_attack_vectors.py::TestResourceExhaustion::test_mempool_size_limit PASSED [  6%]
tests/xai_tests/security/test_attack_vectors.py::TestInflationAttack::test_supply_cap_enforcement PASSED [  6%]
tests/xai_tests/security/test_attack_vectors.py::TestInflationAttack::test_overflow_protection PASSED [  6%]
tests/xai_tests/security/test_attack_vectors.py::TestInflationAttack::test_block_reward_calculation_safety PASSED [  6%]
tests/xai_tests/security/test_attack_vectors.py::TestReplayAttack::test_nonce_prevents_replay PASSED [  6%]
tests/xai_tests/security/test_attack_vectors.py::TestReplayAttack::test_transaction_uniqueness PASSED [  6%]
tests/xai_tests/security/test_blockchain_security_comprehensive.py::TestBlockchainSecurityConfig::test_config_constants_defined PASSED [  6%]
tests/xai_tests/security/test_blockchain_security_comprehensive.py::TestBlockchainSecurityConfig::test_config_values_reasonable PASSED [  6%]
tests/xai_tests/security/test_blockchain_security_comprehensive.py::TestReorganizationProtection::test_init_default_max_depth PASSED [  6%]
tests/xai_tests/security/test_blockchain_security_comprehensive.py::TestReorganizationProtection::test_init_custom_max_depth PASSED [  6%]
tests/xai_tests/security/test_blockchain_security_comprehensive.py::TestReorganizationProtection::test_add_checkpoint PASSED [  6%]
tests/xai_tests/security/test_blockchain_security_comprehensive.py::TestReorganizationProtection::test_checkpoints_persisted_to_disk PASSED [  6%]
tests/xai_tests/security/test_blockchain_security_comprehensive.py::TestReorganizationProtection::test_load_checkpoints_from_disk PASSED [  6%]
tests/xai_tests/security/test_blockchain_security_comprehensive.py::TestReorganizationProtection::test_validate_reorganization_within_limit PASSED [  6%]
tests/xai_tests/security/test_blockchain_security_comprehensive.py::TestReorganizationProtection::test_reject_reorganization_exceeding_limit PASSED [  6%]
tests/xai_tests/security/test_blockchain_security_comprehensive.py::TestReorganizationProtection::test_reject_reorganization_past_checkpoint PASSED [  6%]
tests/xai_tests/security/test_blockchain_security_comprehensive.py::TestReorganizationProtection::test_get_checkpoint PASSED [  6%]
tests/xai_tests/security/test_blockchain_security_comprehensive.py::TestReorganizationProtection::test_get_nonexistent_checkpoint PASSED [  6%]
tests/xai_tests/security/test_blockchain_security_comprehensive.py::TestReorganizationProtection::test_is_checkpoint_block PASSED [  6%]
tests/xai_tests/security/test_blockchain_security_comprehensive.py::TestSupplyValidator::test_init_default_max_supply PASSED [  6%]
tests/xai_tests/security/test_blockchain_security_comprehensive.py::TestSupplyValidator::test_init_custom_max_supply PASSED [  7%]
tests/xai_tests/security/test_blockchain_security_comprehensive.py::TestSupplyValidator::test_validate_coinbase_amount_valid PASSED [  7%]
tests/xai_tests/security/test_blockchain_security_comprehensive.py::TestSupplyValidator::test_validate_coinbase_with_fees PASSED [  7%]
tests/xai_tests/security/test_blockchain_security_comprehensive.py::TestSupplyValidator::test_reject_excessive_coinbase_amount PASSED [  7%]
tests/xai_tests/security/test_blockchain_security_comprehensive.py::TestSupplyValidator::test_validate_total_supply_with_blockchain PASSED [  7%]
tests/xai_tests/security/test_blockchain_security_comprehensive.py::TestSupplyValidator::test_validate_total_supply_with_float PASSED [  7%]
tests/xai_tests/security/test_blockchain_security_comprehensive.py::TestSupplyValidator::test_reject_supply_exceeding_cap PASSED [  7%]
tests/xai_tests/security/test_blockchain_security_comprehensive.py::TestSupplyValidator::test_validate_block_reward_valid PASSED [  7%]
tests/xai_tests/security/test_blockchain_security_comprehensive.py::TestSupplyValidator::test_reject_zero_block_reward PASSED [  7%]
tests/xai_tests/security/test_blockchain_security_comprehensive.py::TestSupplyValidator::test_reject_negative_block_reward PASSED [  7%]
tests/xai_tests/security/test_blockchain_security_comprehensive.py::TestOverflowProtection::test_safe_add_valid PASSED [  7%]
tests/xai_tests/security/test_blockchain_security_comprehensive.py::TestOverflowProtection::test_safe_add_overflow PASSED [  7%]
tests/xai_tests/security/test_blockchain_security_comprehensive.py::TestOverflowProtection::test_safe_add_exception_handling PASSED [  7%]
tests/xai_tests/security/test_blockchain_security_comprehensive.py::TestOverflowProtection::test_safe_multiply_valid PASSED [  7%]
tests/xai_tests/security/test_blockchain_security_comprehensive.py::TestOverflowProtection::test_safe_multiply_overflow PASSED [  7%]
tests/xai_tests/security/test_blockchain_security_comprehensive.py::TestOverflowProtection::test_safe_multiply_exception_handling PASSED [  7%]
tests/xai_tests/security/test_blockchain_security_comprehensive.py::TestOverflowProtection::test_validate_amount_valid PASSED [  7%]
tests/xai_tests/security/test_blockchain_security_comprehensive.py::TestOverflowProtection::test_validate_amount_nan PASSED [  7%]
tests/xai_tests/security/test_blockchain_security_comprehensive.py::TestOverflowProtection::test_validate_amount_negative PASSED [  7%]
tests/xai_tests/security/test_blockchain_security_comprehensive.py::TestOverflowProtection::test_validate_amount_exceeds_max PASSED [  7%]
tests/xai_tests/security/test_blockchain_security_comprehensive.py::TestMempoolManager::test_init PASSED [  7%]
tests/xai_tests/security/test_blockchain_security_comprehensive.py::TestMempoolManager::test_can_add_transaction_to_empty_mempool PASSED [  7%]
tests/xai_tests/security/test_blockchain_security_comprehensive.py::TestMempoolManager::test_reject_transaction_when_mempool_full PASSED [  7%]
tests/xai_tests/security/test_blockchain_security_comprehensive.py::TestMempoolManager::test_reject_transaction_when_mempool_bytes_full PASSED [  7%]
tests/xai_tests/security/test_blockchain_security_comprehensive.py::TestMempoolManager::test_add_transaction_updates_bytes PASSED [  7%]
tests/xai_tests/security/test_blockchain_security_comprehensive.py::TestMempoolManager::test_remove_transaction_updates_bytes PASSED [  7%]
tests/xai_tests/security/test_blockchain_security_comprehensive.py::TestMempoolManager::test_remove_transaction_minimum_zero PASSED [  7%]
tests/xai_tests/security/test_blockchain_security_comprehensive.py::TestMempoolManager::test_clear_mempool PASSED [  7%]
tests/xai_tests/security/test_blockchain_security_comprehensive.py::TestBlockSizeValidator::test_validate_transaction_size_valid PASSED [  7%]
tests/xai_tests/security/test_blockchain_security_comprehensive.py::TestBlockSizeValidator::test_reject_oversized_transaction PASSED [  7%]
tests/xai_tests/security/test_blockchain_security_comprehensive.py::TestBlockSizeValidator::test_validate_block_size_valid PASSED [  7%]
tests/xai_tests/security/test_blockchain_security_comprehensive.py::TestBlockSizeValidator::test_reject_block_with_too_many_transactions PASSED [  7%]
tests/xai_tests/security/test_blockchain_security_comprehensive.py::TestBlockSizeValidator::test_reject_oversized_block PASSED [  7%]
tests/xai_tests/security/test_blockchain_security_comprehensive.py::TestResourceLimiter::test_validate_transaction_size PASSED [  7%]
tests/xai_tests/security/test_blockchain_security_comprehensive.py::TestResourceLimiter::test_validate_transaction_size_exception_fallback PASSED [  7%]
tests/xai_tests/security/test_blockchain_security_comprehensive.py::TestResourceLimiter::test_validate_block_size PASSED [  7%]
tests/xai_tests/security/test_blockchain_security_comprehensive.py::TestResourceLimiter::test_can_add_to_mempool_with_space PASSED [  7%]
tests/xai_tests/security/test_blockchain_security_comprehensive.py::TestResourceLimiter::test_cannot_add_to_mempool_when_full PASSED [  7%]
tests/xai_tests/security/test_blockchain_security_comprehensive.py::TestDustProtection::test_validate_transaction_amount_valid PASSED [  7%]
tests/xai_tests/security/test_blockchain_security_comprehensive.py::TestDustProtection::test_reject_dust_amount PASSED [  7%]
tests/xai_tests/security/test_blockchain_security_comprehensive.py::TestDustProtection::test_validate_utxo_value_valid PASSED [  8%]
tests/xai_tests/security/test_blockchain_security_comprehensive.py::TestDustProtection::test_reject_dust_utxo PASSED [  8%]
tests/xai_tests/security/test_blockchain_security_comprehensive.py::TestMedianTimePast::test_init_default_span PASSED [  8%]
tests/xai_tests/security/test_blockchain_security_comprehensive.py::TestMedianTimePast::test_init_custom_span PASSED [  8%]
tests/xai_tests/security/test_blockchain_security_comprehensive.py::TestMedianTimePast::test_get_median_time_empty_chain PASSED [  8%]
tests/xai_tests/security/test_blockchain_security_comprehensive.py::TestMedianTimePast::test_get_median_time_with_blocks PASSED [  8%]
tests/xai_tests/security/test_blockchain_security_comprehensive.py::TestMedianTimePast::test_get_median_time_even_number_of_blocks PASSED [  8%]
tests/xai_tests/security/test_blockchain_security_comprehensive.py::TestMedianTimePast::test_validate_block_timestamp_valid PASSED [  8%]
tests/xai_tests/security/test_blockchain_security_comprehensive.py::TestMedianTimePast::test_reject_block_timestamp_before_median PASSED [  8%]
tests/xai_tests/security/test_blockchain_security_comprehensive.py::TestMedianTimePast::test_reject_block_timestamp_too_far_future PASSED [  8%]
tests/xai_tests/security/test_blockchain_security_comprehensive.py::TestTimeValidator::test_init PASSED [  8%]
tests/xai_tests/security/test_blockchain_security_comprehensive.py::TestTimeValidator::test_calculate_median_time_past_empty_chain PASSED [  8%]
tests/xai_tests/security/test_blockchain_security_comprehensive.py::TestTimeValidator::test_calculate_median_time_past_with_blocks PASSED [  8%]
tests/xai_tests/security/test_blockchain_security_comprehensive.py::TestTimeValidator::test_validate_block_time_valid PASSED [  8%]
tests/xai_tests/security/test_blockchain_security_comprehensive.py::TestTimeValidator::test_reject_block_time_too_far_future PASSED [  8%]
tests/xai_tests/security/test_blockchain_security_comprehensive.py::TestTimeValidator::test_reject_block_time_older_than_median PASSED [  8%]
tests/xai_tests/security/test_blockchain_security_comprehensive.py::TestEmergencyGovernanceTimelock::test_init_default_timelock PASSED [  8%]
tests/xai_tests/security/test_blockchain_security_comprehensive.py::TestEmergencyGovernanceTimelock::test_init_custom_timelock PASSED [  8%]
tests/xai_tests/security/test_blockchain_security_comprehensive.py::TestEmergencyGovernanceTimelock::test_schedule_emergency_action PASSED [  8%]
tests/xai_tests/security/test_blockchain_security_comprehensive.py::TestEmergencyGovernanceTimelock::test_can_execute_emergency_action_not_scheduled PASSED [  8%]
tests/xai_tests/security/test_blockchain_security_comprehensive.py::TestEmergencyGovernanceTimelock::test_can_execute_emergency_action_timelock_active PASSED [  8%]
tests/xai_tests/security/test_blockchain_security_comprehensive.py::TestEmergencyGovernanceTimelock::test_can_execute_emergency_action_after_timelock PASSED [  8%]
tests/xai_tests/security/test_blockchain_security_comprehensive.py::TestEmergencyGovernanceTimelock::test_cancel_emergency_action PASSED [  8%]
tests/xai_tests/security/test_blockchain_security_comprehensive.py::TestEmergencyGovernanceTimelock::test_cancel_nonexistent_emergency_action PASSED [  8%]
tests/xai_tests/security/test_blockchain_security_comprehensive.py::TestBlockchainSecurityManager::test_init PASSED [  8%]
tests/xai_tests/security/test_blockchain_security_comprehensive.py::TestBlockchainSecurityManager::test_validate_new_transaction_valid PASSED [  8%]
tests/xai_tests/security/test_blockchain_security_comprehensive.py::TestBlockchainSecurityManager::test_validate_new_transaction_dust PASSED [  8%]
tests/xai_tests/security/test_blockchain_security_comprehensive.py::TestBlockchainSecurityManager::test_validate_new_transaction_coinbase_skip_dust PASSED [  8%]
tests/xai_tests/security/test_blockchain_security_comprehensive.py::TestBlockchainSecurityManager::test_validate_new_block_valid PASSED [  8%]
tests/xai_tests/security/test_blockchain_security_comprehensive.py::TestBlockchainSecurityManager::test_add_checkpoint PASSED [  8%]
tests/xai_tests/security/test_blockchain_security_comprehensive.py::TestBlockchainSecurityManager::test_validate_chain_reorganization PASSED [  8%]
tests/xai_tests/security/test_blockchain_security_comprehensive.py::TestBlockchainSecurityManager::test_check_total_supply PASSED [  8%]
tests/xai_tests/security/test_circuit_breaker_comprehensive.py::TestCircuitBreakerInitialization::test_init_with_defaults PASSED [  8%]
tests/xai_tests/security/test_circuit_breaker_comprehensive.py::TestCircuitBreakerInitialization::test_init_with_custom_params PASSED [  8%]
tests/xai_tests/security/test_circuit_breaker_comprehensive.py::TestCircuitBreakerInitialization::test_init_empty_name_raises_error PASSED [  8%]
tests/xai_tests/security/test_circuit_breaker_comprehensive.py::TestCircuitBreakerInitialization::test_init_invalid_failure_threshold PASSED [  8%]
tests/xai_tests/security/test_circuit_breaker_comprehensive.py::TestCircuitBreakerInitialization::test_init_invalid_recovery_timeout PASSED [  8%]
tests/xai_tests/security/test_circuit_breaker_comprehensive.py::TestCircuitBreakerInitialization::test_init_invalid_half_open_limit PASSED [  8%]
tests/xai_tests/security/test_circuit_breaker_comprehensive.py::TestCircuitBreakerClosedState::test_closed_state_allows_requests PASSED [  8%]
tests/xai_tests/security/test_circuit_breaker_comprehensive.py::TestCircuitBreakerClosedState::test_closed_state_multiple_requests PASSED [  8%]
tests/xai_tests/security/test_circuit_breaker_comprehensive.py::TestCircuitBreakerClosedState::test_record_success_resets_failure_count PASSED [  8%]
tests/xai_tests/security/test_circuit_breaker_comprehensive.py::TestCircuitBreakerClosedState::test_record_failure_increments_count PASSED [  9%]
tests/xai_tests/security/test_circuit_breaker_comprehensive.py::TestCircuitBreakerClosedState::test_failure_threshold_triggers_open PASSED [  9%]
tests/xai_tests/security/test_circuit_breaker_comprehensive.py::TestCircuitBreakerClosedState::test_failure_count_resets_on_open PASSED [  9%]
tests/xai_tests/security/test_circuit_breaker_comprehensive.py::TestCircuitBreakerOpenState::test_open_state_blocks_requests PASSED [  9%]
tests/xai_tests/security/test_circuit_breaker_comprehensive.py::TestCircuitBreakerOpenState::test_open_state_blocks_multiple_requests PASSED [  9%]
tests/xai_tests/security/test_circuit_breaker_comprehensive.py::TestCircuitBreakerOpenState::test_record_failure_in_open_has_no_effect PASSED [  9%]
tests/xai_tests/security/test_circuit_breaker_comprehensive.py::TestCircuitBreakerOpenState::test_record_success_in_open_has_no_effect PASSED [  9%]
tests/xai_tests/security/test_circuit_breaker_comprehensive.py::TestCircuitBreakerOpenState::test_automatic_transition_to_half_open PASSED [  9%]
tests/xai_tests/security/test_circuit_breaker_comprehensive.py::TestCircuitBreakerOpenState::test_last_trip_timestamp_set_on_open PASSED [  9%]
tests/xai_tests/security/test_circuit_breaker_comprehensive.py::TestCircuitBreakerHalfOpenState::test_half_open_allows_limited_requests FAILED [  9%]
tests/xai_tests/security/test_circuit_breaker_comprehensive.py::TestCircuitBreakerHalfOpenState::test_half_open_success_transitions_to_closed PASSED [  9%]
tests/xai_tests/security/test_circuit_breaker_comprehensive.py::TestCircuitBreakerHalfOpenState::test_half_open_failure_returns_to_open PASSED [  9%]
tests/xai_tests/security/test_circuit_breaker_comprehensive.py::TestCircuitBreakerHalfOpenState::test_half_open_attempts_reset_on_failure FAILED [  9%]
tests/xai_tests/security/test_circuit_breaker_comprehensive.py::TestCircuitBreakerHalfOpenState::test_half_open_attempts_reset_on_closed PASSED [  9%]
tests/xai_tests/security/test_circuit_breaker_comprehensive.py::TestCircuitBreakerHalfOpenState::test_half_open_single_success_limit PASSED [  9%]
tests/xai_tests/security/test_circuit_breaker_comprehensive.py::TestCircuitBreakerStateTransitions::test_closed_to_open_to_half_open_to_closed PASSED [  9%]
tests/xai_tests/security/test_circuit_breaker_comprehensive.py::TestCircuitBreakerStateTransitions::test_half_open_to_open_to_half_open_cycle PASSED [  9%]
tests/xai_tests/security/test_circuit_breaker_comprehensive.py::TestCircuitBreakerStateTransitions::test_multiple_failures_in_closed_before_threshold PASSED [  9%]
tests/xai_tests/security/test_circuit_breaker_comprehensive.py::TestCircuitBreakerEdgeCases::test_zero_recovery_timeout_invalid PASSED [  9%]
tests/xai_tests/security/test_circuit_breaker_comprehensive.py::TestCircuitBreakerEdgeCases::test_single_failure_threshold PASSED [  9%]
tests/xai_tests/security/test_circuit_breaker_comprehensive.py::TestCircuitBreakerEdgeCases::test_high_failure_threshold PASSED [  9%]
tests/xai_tests/security/test_circuit_breaker_comprehensive.py::TestCircuitBreakerEdgeCases::test_rapid_state_transitions PASSED [  9%]
tests/xai_tests/security/test_circuit_breaker_comprehensive.py::TestCircuitBreakerEdgeCases::test_concurrent_success_and_failure_recording PASSED [  9%]
tests/xai_tests/security/test_circuit_breaker_comprehensive.py::TestCircuitBreakerEdgeCases::test_state_property_checks_timeout_each_call FAILED [  9%]
tests/xai_tests/security/test_circuit_breaker_comprehensive.py::TestCircuitBreakerEdgeCases::test_large_half_open_test_limit PASSED [  9%]
tests/xai_tests/security/test_circuit_breaker_comprehensive.py::TestCircuitBreakerUseCases::test_api_rate_limiting_scenario PASSED [  9%]
tests/xai_tests/security/test_circuit_breaker_comprehensive.py::TestCircuitBreakerUseCases::test_database_connection_scenario PASSED [  9%]
tests/xai_tests/security/test_circuit_breaker_comprehensive.py::TestCircuitBreakerUseCases::test_bridge_transfer_scenario PASSED [  9%]
tests/xai_tests/security/test_circuit_breaker_comprehensive.py::TestCircuitBreakerNameValidation::test_name_with_special_characters PASSED [  9%]
tests/xai_tests/security/test_circuit_breaker_comprehensive.py::TestCircuitBreakerNameValidation::test_name_with_spaces PASSED [  9%]
tests/xai_tests/security/test_circuit_breaker_comprehensive.py::TestCircuitBreakerNameValidation::test_name_with_unicode PASSED [  9%]
tests/xai_tests/security/test_circuit_breaker_comprehensive.py::TestCircuitBreakerNameValidation::test_very_long_name PASSED [  9%]
tests/xai_tests/security/test_input_validation.py::TestAddressValidation::test_valid_address_format PASSED [  9%]
tests/xai_tests/security/test_input_validation.py::TestAddressValidation::test_reject_invalid_address_prefix PASSED [  9%]
tests/xai_tests/security/test_input_validation.py::TestAddressValidation::test_reject_malformed_address PASSED [  9%]
tests/xai_tests/security/test_input_validation.py::TestAddressValidation::test_address_case_sensitivity PASSED [  9%]
tests/xai_tests/security/test_input_validation.py::TestAmountValidation::test_reject_negative_amounts PASSED [  9%]
tests/xai_tests/security/test_input_validation.py::TestAmountValidation::test_reject_zero_amount PASSED [  9%]
tests/xai_tests/security/test_input_validation.py::TestAmountValidation::test_reject_excessive_precision PASSED [  9%]
tests/xai_tests/security/test_input_validation.py::TestAmountValidation::test_reject_infinity_amount PASSED [  9%]
tests/xai_tests/security/test_input_validation.py::TestAmountValidation::test_reject_nan_amount PASSED [ 10%]
tests/xai_tests/security/test_input_validation.py::TestInjectionAttacks::test_sql_injection_in_address PASSED [ 10%]
tests/xai_tests/security/test_input_validation.py::TestInjectionAttacks::test_command_injection_attempt PASSED [ 10%]
tests/xai_tests/security/test_input_validation.py::TestInjectionAttacks::test_path_traversal_attempt PASSED [ 10%]
tests/xai_tests/security/test_input_validation.py::TestInjectionAttacks::test_json_injection PASSED [ 10%]
tests/xai_tests/security/test_input_validation.py::TestCryptographicValidation::test_reject_unsigned_transaction PASSED [ 10%]
tests/xai_tests/security/test_input_validation.py::TestCryptographicValidation::test_reject_invalid_signature PASSED [ 10%]
tests/xai_tests/security/test_input_validation.py::TestCryptographicValidation::test_reject_wrong_signer PASSED [ 10%]
tests/xai_tests/security/test_input_validation.py::TestCryptographicValidation::test_signature_tampering_detection PASSED [ 10%]
tests/xai_tests/security/test_input_validation.py::TestBufferOverflow::test_large_transaction_data PASSED [ 10%]
tests/xai_tests/security/test_input_validation.py::TestBufferOverflow::test_large_block_rejection PASSED [ 10%]
tests/xai_tests/security/test_input_validation.py::TestEncodingAttacks::test_unicode_in_address PASSED [ 10%]
tests/xai_tests/security/test_input_validation.py::TestEncodingAttacks::test_null_byte_injection PASSED [ 10%]
tests/xai_tests/security/test_input_validation.py::TestResourceLimitValidation::test_transaction_count_limit PASSED [ 10%]
tests/xai_tests/security/test_input_validation.py::TestResourceLimitValidation::test_mempool_size_validation PASSED [ 10%]
tests/xai_tests/security/test_input_validation.py::TestResourceLimitValidation::test_reject_dust_spam PASSED [ 10%]
tests/xai_tests/security/test_input_validation.py::TestTypeValidation::test_amount_type_validation PASSED [ 10%]
tests/xai_tests/security/test_input_validation.py::TestTypeValidation::test_address_type_validation PASSED [ 10%]
tests/xai_tests/security/test_input_validation.py::TestTypeValidation::test_timestamp_validation PASSED [ 10%]
tests/xai_tests/security/test_ip_whitelist_comprehensive.py::TestIPWhitelistInitialization::test_init_creates_config_file PASSED [ 10%]
tests/xai_tests/security/test_ip_whitelist_comprehensive.py::TestIPWhitelistInitialization::test_init_empty_whitelist PASSED [ 10%]
tests/xai_tests/security/test_ip_whitelist_comprehensive.py::TestIPWhitelistInitialization::test_init_loads_existing_config PASSED [ 10%]
tests/xai_tests/security/test_ip_whitelist_comprehensive.py::TestAddingIPs::test_add_single_ip PASSED [ 10%]
tests/xai_tests/security/test_ip_whitelist_comprehensive.py::TestAddingIPs::test_add_ipv4_network PASSED [ 10%]
tests/xai_tests/security/test_ip_whitelist_comprehensive.py::TestAddingIPs::test_add_ipv6_address PASSED [ 10%]
tests/xai_tests/security/test_ip_whitelist_comprehensive.py::TestAddingIPs::test_add_ipv6_network PASSED [ 10%]
tests/xai_tests/security/test_ip_whitelist_comprehensive.py::TestAddingIPs::test_add_localhost PASSED [ 10%]
tests/xai_tests/security/test_ip_whitelist_comprehensive.py::TestAddingIPs::test_add_duplicate_ip_no_duplicates PASSED [ 10%]
tests/xai_tests/security/test_ip_whitelist_comprehensive.py::TestAddingIPs::test_add_multiple_ips PASSED [ 10%]
tests/xai_tests/security/test_ip_whitelist_comprehensive.py::TestAddingIPs::test_add_ip_persists PASSED [ 10%]
tests/xai_tests/security/test_ip_whitelist_comprehensive.py::TestAddingIPs::test_add_ip_with_cidr_notation PASSED [ 10%]
tests/xai_tests/security/test_ip_whitelist_comprehensive.py::TestRemovingIPs::test_remove_ip PASSED [ 10%]
tests/xai_tests/security/test_ip_whitelist_comprehensive.py::TestRemovingIPs::test_remove_network PASSED [ 10%]
tests/xai_tests/security/test_ip_whitelist_comprehensive.py::TestRemovingIPs::test_remove_nonexistent_ip_no_error PASSED [ 10%]
tests/xai_tests/security/test_ip_whitelist_comprehensive.py::TestRemovingIPs::test_remove_ip_persists PASSED [ 10%]
tests/xai_tests/security/test_ip_whitelist_comprehensive.py::TestRemovingIPs::test_remove_one_of_many PASSED [ 10%]
tests/xai_tests/security/test_ip_whitelist_comprehensive.py::TestIPWhitelistChecking::test_is_whitelisted_single_ip_match PASSED [ 10%]
tests/xai_tests/security/test_ip_whitelist_comprehensive.py::TestIPWhitelistChecking::test_is_whitelisted_single_ip_no_match PASSED [ 10%]
tests/xai_tests/security/test_ip_whitelist_comprehensive.py::TestIPWhitelistChecking::test_is_whitelisted_network_range PASSED [ 10%]
tests/xai_tests/security/test_ip_whitelist_comprehensive.py::TestIPWhitelistChecking::test_is_whitelisted_empty_whitelist PASSED [ 10%]
tests/xai_tests/security/test_ip_whitelist_comprehensive.py::TestIPWhitelistChecking::test_is_whitelisted_invalid_ip_format PASSED [ 11%]
tests/xai_tests/security/test_ip_whitelist_comprehensive.py::TestIPWhitelistChecking::test_is_whitelisted_ipv6 PASSED [ 11%]
tests/xai_tests/security/test_ip_whitelist_comprehensive.py::TestIPWhitelistChecking::test_is_whitelisted_multiple_ranges PASSED [ 11%]
tests/xai_tests/security/test_ip_whitelist_comprehensive.py::TestFlaskDecorator::test_decorator_allows_whitelisted_ip FAILED [ 11%]
tests/xai_tests/security/test_ip_whitelist_comprehensive.py::TestFlaskDecorator::test_decorator_blocks_non_whitelisted_ip FAILED [ 11%]
tests/xai_tests/security/test_ip_whitelist_comprehensive.py::TestFlaskDecorator::test_decorator_with_network_range FAILED [ 11%]
tests/xai_tests/security/test_ip_whitelist_comprehensive.py::TestNetworkRanges::test_class_a_network PASSED [ 11%]
tests/xai_tests/security/test_ip_whitelist_comprehensive.py::TestNetworkRanges::test_class_b_network PASSED [ 11%]
tests/xai_tests/security/test_ip_whitelist_comprehensive.py::TestNetworkRanges::test_class_c_network PASSED [ 11%]
tests/xai_tests/security/test_ip_whitelist_comprehensive.py::TestNetworkRanges::test_single_host_cidr32 PASSED [ 11%]
tests/xai_tests/security/test_ip_whitelist_comprehensive.py::TestNetworkRanges::test_entire_internet_cidr0 PASSED [ 11%]
tests/xai_tests/security/test_ip_whitelist_comprehensive.py::TestEdgeCases::test_add_ip_without_cidr_assumes_host PASSED [ 11%]
tests/xai_tests/security/test_ip_whitelist_comprehensive.py::TestEdgeCases::test_localhost_variations PASSED [ 11%]
tests/xai_tests/security/test_ip_whitelist_comprehensive.py::TestEdgeCases::test_ipv6_localhost PASSED [ 11%]
tests/xai_tests/security/test_ip_whitelist_comprehensive.py::TestEdgeCases::test_empty_string_ip PASSED [ 11%]
tests/xai_tests/security/test_ip_whitelist_comprehensive.py::TestEdgeCases::test_none_ip_returns_false PASSED [ 11%]
tests/xai_tests/security/test_ip_whitelist_comprehensive.py::TestConfigPersistence::test_config_file_structure PASSED [ 11%]
tests/xai_tests/security/test_ip_whitelist_comprehensive.py::TestConfigPersistence::test_multiple_saves_overwrite PASSED [ 11%]
tests/xai_tests/security/test_ip_whitelist_comprehensive.py::TestSecurityScenarios::test_corporate_network_scenario PASSED [ 11%]
tests/xai_tests/security/test_ip_whitelist_comprehensive.py::TestSecurityScenarios::test_vpn_gateway_scenario PASSED [ 11%]
tests/xai_tests/security/test_ip_whitelist_comprehensive.py::TestSecurityScenarios::test_api_access_control PASSED [ 11%]
tests/xai_tests/security/test_ip_whitelist_comprehensive.py::TestSecurityScenarios::test_multi_region_deployment PASSED [ 11%]
tests/xai_tests/security/test_key_rotation_manager_comprehensive.py::TestKeyRotationManagerInitialization::test_init_with_defaults PASSED [ 11%]
tests/xai_tests/security/test_key_rotation_manager_comprehensive.py::TestKeyRotationManagerInitialization::test_init_with_custom_params PASSED [ 11%]
tests/xai_tests/security/test_key_rotation_manager_comprehensive.py::TestKeyRotationManagerInitialization::test_init_invalid_key_length PASSED [ 11%]
tests/xai_tests/security/test_key_rotation_manager_comprehensive.py::TestKeyRotationManagerInitialization::test_init_invalid_rotation_interval PASSED [ 11%]
tests/xai_tests/security/test_key_rotation_manager_comprehensive.py::TestKeyRotationManagerInitialization::test_initial_key_generated_on_init PASSED [ 11%]
tests/xai_tests/security/test_key_rotation_manager_comprehensive.py::TestKeyRotationManagerInitialization::test_initial_historical_keys_empty PASSED [ 11%]
tests/xai_tests/security/test_key_rotation_manager_comprehensive.py::TestKeyGeneration::test_generate_new_key_bytes_correct_length PASSED [ 11%]
tests/xai_tests/security/test_key_rotation_manager_comprehensive.py::TestKeyGeneration::test_generate_new_key_bytes_randomness PASSED [ 11%]
tests/xai_tests/security/test_key_rotation_manager_comprehensive.py::TestKeyGeneration::test_generate_new_key_bytes_type PASSED [ 11%]
tests/xai_tests/security/test_key_rotation_manager_comprehensive.py::TestKeyGeneration::test_generate_key_id_increments PASSED [ 11%]
tests/xai_tests/security/test_key_rotation_manager_comprehensive.py::TestKeyGeneration::test_generated_keys_are_cryptographically_random PASSED [ 11%]
tests/xai_tests/security/test_key_rotation_manager_comprehensive.py::TestKeyRotation::test_rotate_key_forced PASSED [ 11%]
tests/xai_tests/security/test_key_rotation_manager_comprehensive.py::TestKeyRotation::test_rotate_key_archives_old_key PASSED [ 11%]
tests/xai_tests/security/test_key_rotation_manager_comprehensive.py::TestKeyRotation::test_rotate_key_not_due_skips_rotation PASSED [ 11%]
tests/xai_tests/security/test_key_rotation_manager_comprehensive.py::TestKeyRotation::test_rotate_key_due_time_passed FAILED [ 11%]
tests/xai_tests/security/test_key_rotation_manager_comprehensive.py::TestKeyRotation::test_rotate_key_updates_timestamp PASSED [ 11%]
tests/xai_tests/security/test_key_rotation_manager_comprehensive.py::TestKeyRotation::test_multiple_rotations PASSED [ 11%]
tests/xai_tests/security/test_key_rotation_manager_comprehensive.py::TestKeyRotation::test_rotation_preserves_historical_metadata PASSED [ 11%]
tests/xai_tests/security/test_key_rotation_manager_comprehensive.py::TestActiveKeyRetrieval::test_get_active_key PASSED [ 11%]
tests/xai_tests/security/test_key_rotation_manager_comprehensive.py::TestActiveKeyRetrieval::test_get_active_key_after_rotation PASSED [ 12%]
tests/xai_tests/security/test_key_rotation_manager_comprehensive.py::TestActiveKeyRetrieval::test_get_active_key_not_none PASSED [ 12%]
tests/xai_tests/security/test_key_rotation_manager_comprehensive.py::TestHistoricalKeyRetrieval::test_get_key_by_id_active_key PASSED [ 12%]
tests/xai_tests/security/test_key_rotation_manager_comprehensive.py::TestHistoricalKeyRetrieval::test_get_key_by_id_historical_key PASSED [ 12%]
tests/xai_tests/security/test_key_rotation_manager_comprehensive.py::TestHistoricalKeyRetrieval::test_get_key_by_id_nonexistent PASSED [ 12%]
tests/xai_tests/security/test_key_rotation_manager_comprehensive.py::TestHistoricalKeyRetrieval::test_get_historical_keys PASSED [ 12%]
tests/xai_tests/security/test_key_rotation_manager_comprehensive.py::TestHistoricalKeyRetrieval::test_get_historical_keys_empty_initially PASSED [ 12%]
tests/xai_tests/security/test_key_rotation_manager_comprehensive.py::TestHistoricalKeyRetrieval::test_historical_keys_structure PASSED [ 12%]
tests/xai_tests/security/test_key_rotation_manager_comprehensive.py::TestKeyLengthVariations::test_small_key_length PASSED [ 12%]
tests/xai_tests/security/test_key_rotation_manager_comprehensive.py::TestKeyLengthVariations::test_standard_key_length PASSED [ 12%]
tests/xai_tests/security/test_key_rotation_manager_comprehensive.py::TestKeyLengthVariations::test_large_key_length PASSED [ 12%]
tests/xai_tests/security/test_key_rotation_manager_comprehensive.py::TestKeyLengthVariations::test_key_length_preserved_across_rotations PASSED [ 12%]
tests/xai_tests/security/test_key_rotation_manager_comprehensive.py::TestRotationIntervals::test_daily_rotation_interval PASSED [ 12%]
tests/xai_tests/security/test_key_rotation_manager_comprehensive.py::TestRotationIntervals::test_weekly_rotation_interval PASSED [ 12%]
tests/xai_tests/security/test_key_rotation_manager_comprehensive.py::TestRotationIntervals::test_monthly_rotation_interval PASSED [ 12%]
tests/xai_tests/security/test_key_rotation_manager_comprehensive.py::TestRotationIntervals::test_yearly_rotation_interval PASSED [ 12%]
tests/xai_tests/security/test_key_rotation_manager_comprehensive.py::TestRotationIntervals::test_rotation_timing_calculation PASSED [ 12%]
tests/xai_tests/security/test_key_rotation_manager_comprehensive.py::TestEdgeCases::test_minimum_key_length PASSED [ 12%]
tests/xai_tests/security/test_key_rotation_manager_comprehensive.py::TestEdgeCases::test_minimum_rotation_interval PASSED [ 12%]
tests/xai_tests/security/test_key_rotation_manager_comprehensive.py::TestEdgeCases::test_very_frequent_rotations PASSED [ 12%]
tests/xai_tests/security/test_key_rotation_manager_comprehensive.py::TestEdgeCases::test_key_id_counter_persistence PASSED [ 12%]
tests/xai_tests/security/test_key_rotation_manager_comprehensive.py::TestEdgeCases::test_timestamp_ordering PASSED [ 12%]
tests/xai_tests/security/test_key_rotation_manager_comprehensive.py::TestSecurityProperties::test_keys_are_unique PASSED [ 12%]
tests/xai_tests/security/test_key_rotation_manager_comprehensive.py::TestSecurityProperties::test_old_keys_not_overwritten PASSED [ 12%]
tests/xai_tests/security/test_key_rotation_manager_comprehensive.py::TestSecurityProperties::test_key_data_not_leaked_in_str PASSED [ 12%]
tests/xai_tests/security/test_key_rotation_manager_comprehensive.py::TestRealWorldScenarios::test_encryption_key_rotation_scenario PASSED [ 12%]
tests/xai_tests/security/test_key_rotation_manager_comprehensive.py::TestRealWorldScenarios::test_api_token_rotation_scenario PASSED [ 12%]
tests/xai_tests/security/test_key_rotation_manager_comprehensive.py::TestRealWorldScenarios::test_database_encryption_key_rotation PASSED [ 12%]
tests/xai_tests/security/test_key_rotation_manager_comprehensive.py::TestRealWorldScenarios::test_gradual_key_migration PASSED [ 12%]
tests/xai_tests/security/test_p2p_security_comprehensive.py::TestP2PSecurityConfig::test_config_constants_defined PASSED [ 12%]
tests/xai_tests/security/test_p2p_security_comprehensive.py::TestP2PSecurityConfig::test_config_values_reasonable PASSED [ 12%]
tests/xai_tests/security/test_p2p_security_comprehensive.py::TestPeerReputation::test_init PASSED [ 12%]
tests/xai_tests/security/test_p2p_security_comprehensive.py::TestPeerReputation::test_get_reputation_default PASSED [ 12%]
tests/xai_tests/security/test_p2p_security_comprehensive.py::TestPeerReputation::test_get_reputation_existing_peer PASSED [ 12%]
tests/xai_tests/security/test_p2p_security_comprehensive.py::TestPeerReputation::test_is_banned_false_for_new_peer PASSED [ 12%]
tests/xai_tests/security/test_p2p_security_comprehensive.py::TestPeerReputation::test_is_banned_true_for_banned_peer PASSED [ 12%]
tests/xai_tests/security/test_p2p_security_comprehensive.py::TestPeerReputation::test_ban_expires PASSED [ 12%]
tests/xai_tests/security/test_p2p_security_comprehensive.py::TestPeerReputation::test_ban_peer_with_default_duration PASSED [ 12%]
tests/xai_tests/security/test_p2p_security_comprehensive.py::TestPeerReputation::test_ban_peer_with_custom_duration PASSED [ 12%]
tests/xai_tests/security/test_p2p_security_comprehensive.py::TestPeerReputation::test_reward_good_behavior PASSED [ 12%]
tests/xai_tests/security/test_p2p_security_comprehensive.py::TestPeerReputation::test_reward_good_behavior_capped_at_max PASSED [ 13%]
tests/xai_tests/security/test_p2p_security_comprehensive.py::TestPeerReputation::test_penalize_bad_behavior PASSED [ 13%]
tests/xai_tests/security/test_p2p_security_comprehensive.py::TestPeerReputation::test_penalize_bad_behavior_capped_at_min PASSED [ 13%]
tests/xai_tests/security/test_p2p_security_comprehensive.py::TestPeerReputation::test_penalize_triggers_auto_ban PASSED [ 13%]
tests/xai_tests/security/test_p2p_security_comprehensive.py::TestPeerReputation::test_track_peer_ip PASSED [ 13%]
tests/xai_tests/security/test_p2p_security_comprehensive.py::TestPeerReputation::test_track_peer_ip_update PASSED [ 13%]
tests/xai_tests/security/test_p2p_security_comprehensive.py::TestPeerReputation::test_can_accept_connection_new_peer PASSED [ 13%]
tests/xai_tests/security/test_p2p_security_comprehensive.py::TestPeerReputation::test_cannot_accept_connection_from_banned_peer PASSED [ 13%]
tests/xai_tests/security/test_p2p_security_comprehensive.py::TestPeerReputation::test_cannot_accept_connection_exceeding_ip_limit PASSED [ 13%]
tests/xai_tests/security/test_p2p_security_comprehensive.py::TestPeerReputation::test_get_peer_ip_prefix PASSED [ 13%]
tests/xai_tests/security/test_p2p_security_comprehensive.py::TestPeerReputation::test_get_peer_ip_prefix_short_ip PASSED [ 13%]
tests/xai_tests/security/test_p2p_security_comprehensive.py::TestPeerReputation::test_check_peer_diversity PASSED [ 13%]
tests/xai_tests/security/test_p2p_security_comprehensive.py::TestPeerReputation::test_check_peer_diversity_same_subnet PASSED [ 13%]
tests/xai_tests/security/test_p2p_security_comprehensive.py::TestMessageRateLimiter::test_init PASSED [ 13%]
tests/xai_tests/security/test_p2p_security_comprehensive.py::TestMessageRateLimiter::test_check_rate_limit_first_message PASSED [ 13%]
tests/xai_tests/security/test_p2p_security_comprehensive.py::TestMessageRateLimiter::test_check_rate_limit_within_limit PASSED [ 13%]
tests/xai_tests/security/test_p2p_security_comprehensive.py::TestMessageRateLimiter::test_check_rate_limit_exceeding_limit PASSED [ 13%]
tests/xai_tests/security/test_p2p_security_comprehensive.py::TestMessageRateLimiter::test_rate_limit_resets_after_time PASSED [ 13%]
tests/xai_tests/security/test_p2p_security_comprehensive.py::TestMessageRateLimiter::test_rate_limit_per_peer PASSED [ 13%]
tests/xai_tests/security/test_p2p_security_comprehensive.py::TestMessageValidator::test_validate_message_size_valid PASSED [ 13%]
tests/xai_tests/security/test_p2p_security_comprehensive.py::TestMessageValidator::test_reject_oversized_message PASSED [ 13%]
tests/xai_tests/security/test_p2p_security_comprehensive.py::TestMessageValidator::test_validate_message_type_valid PASSED [ 13%]
tests/xai_tests/security/test_p2p_security_comprehensive.py::TestMessageValidator::test_reject_message_missing_type PASSED [ 13%]
tests/xai_tests/security/test_p2p_security_comprehensive.py::TestMessageValidator::test_reject_message_invalid_type PASSED [ 13%]
tests/xai_tests/security/test_p2p_security_comprehensive.py::TestP2PSecurityManager::test_init PASSED [ 13%]
tests/xai_tests/security/test_p2p_security_comprehensive.py::TestP2PSecurityManager::test_can_accept_peer PASSED [ 13%]
tests/xai_tests/security/test_p2p_security_comprehensive.py::TestP2PSecurityManager::test_cannot_accept_banned_peer PASSED [ 13%]
tests/xai_tests/security/test_p2p_security_comprehensive.py::TestP2PSecurityManager::test_track_peer_connection PASSED [ 13%]
tests/xai_tests/security/test_p2p_security_comprehensive.py::TestP2PSecurityManager::test_validate_message_from_banned_peer PASSED [ 13%]
tests/xai_tests/security/test_p2p_security_comprehensive.py::TestP2PSecurityManager::test_validate_message_rate_limited PASSED [ 13%]
tests/xai_tests/security/test_p2p_security_comprehensive.py::TestP2PSecurityManager::test_validate_message_oversized PASSED [ 13%]
tests/xai_tests/security/test_p2p_security_comprehensive.py::TestP2PSecurityManager::test_validate_message_invalid_type PASSED [ 13%]
tests/xai_tests/security/test_p2p_security_comprehensive.py::TestP2PSecurityManager::test_validate_message_valid PASSED [ 13%]
tests/xai_tests/security/test_p2p_security_comprehensive.py::TestP2PSecurityManager::test_report_good_behavior PASSED [ 13%]
tests/xai_tests/security/test_p2p_security_comprehensive.py::TestP2PSecurityManager::test_report_bad_behavior_minor PASSED [ 13%]
tests/xai_tests/security/test_p2p_security_comprehensive.py::TestP2PSecurityManager::test_report_bad_behavior_major PASSED [ 13%]
tests/xai_tests/security/test_p2p_security_comprehensive.py::TestP2PSecurityManager::test_report_bad_behavior_critical PASSED [ 13%]
tests/xai_tests/security/test_p2p_security_comprehensive.py::TestP2PSecurityManager::test_report_bad_behavior_unknown_severity PASSED [ 13%]
tests/xai_tests/security/test_p2p_security_comprehensive.py::TestP2PSecurityManager::test_ban_peer PASSED [ 13%]
tests/xai_tests/security/test_p2p_security_comprehensive.py::TestP2PSecurityManager::test_ban_peer_custom_duration PASSED [ 13%]
tests/xai_tests/security/test_p2p_security_comprehensive.py::TestP2PSecurityManager::test_check_peer_diversity_sufficient PASSED [ 14%]
tests/xai_tests/security/test_p2p_security_comprehensive.py::TestP2PSecurityManager::test_check_peer_diversity_insufficient PASSED [ 14%]
tests/xai_tests/security/test_p2p_security_comprehensive.py::TestP2PSecurityManager::test_get_peer_stats PASSED [ 14%]
tests/xai_tests/security/test_p2p_security_comprehensive.py::TestP2PSecurityManager::test_get_peer_stats_empty PASSED [ 14%]
tests/xai_tests/security/test_rbac_comprehensive.py::TestRBACInitialization::test_init_with_default_roles PASSED [ 14%]
tests/xai_tests/security/test_rbac_comprehensive.py::TestRBACInitialization::test_default_admin_permissions PASSED [ 14%]
tests/xai_tests/security/test_rbac_comprehensive.py::TestRBACInitialization::test_default_validator_permissions PASSED [ 14%]
tests/xai_tests/security/test_rbac_comprehensive.py::TestRBACInitialization::test_default_user_permissions PASSED [ 14%]
tests/xai_tests/security/test_rbac_comprehensive.py::TestRBACInitialization::test_config_file_created PASSED [ 14%]
tests/xai_tests/security/test_rbac_comprehensive.py::TestRBACInitialization::test_config_file_has_correct_structure PASSED [ 14%]
tests/xai_tests/security/test_rbac_comprehensive.py::TestRBACInitialization::test_load_existing_config PASSED [ 14%]
tests/xai_tests/security/test_rbac_comprehensive.py::TestRoleManagement::test_add_new_role PASSED [ 14%]
tests/xai_tests/security/test_rbac_comprehensive.py::TestRoleManagement::test_add_role_persists PASSED [ 14%]
tests/xai_tests/security/test_rbac_comprehensive.py::TestRoleManagement::test_add_duplicate_role_raises_error PASSED [ 14%]
tests/xai_tests/security/test_rbac_comprehensive.py::TestRoleManagement::test_add_role_with_empty_permissions PASSED [ 14%]
tests/xai_tests/security/test_rbac_comprehensive.py::TestRoleManagement::test_add_multiple_roles PASSED [ 14%]
tests/xai_tests/security/test_rbac_comprehensive.py::TestRoleManagement::test_add_role_with_complex_permissions PASSED [ 14%]
tests/xai_tests/security/test_rbac_comprehensive.py::TestUserRoleAssignment::test_assign_role_to_user PASSED [ 14%]
tests/xai_tests/security/test_rbac_comprehensive.py::TestUserRoleAssignment::test_assign_role_persists PASSED [ 14%]
tests/xai_tests/security/test_rbac_comprehensive.py::TestUserRoleAssignment::test_assign_nonexistent_role_raises_error PASSED [ 14%]
tests/xai_tests/security/test_rbac_comprehensive.py::TestUserRoleAssignment::test_assign_multiple_roles_to_user PASSED [ 14%]
tests/xai_tests/security/test_rbac_comprehensive.py::TestUserRoleAssignment::test_assign_same_role_twice_is_idempotent PASSED [ 14%]
tests/xai_tests/security/test_rbac_comprehensive.py::TestUserRoleAssignment::test_assign_role_to_multiple_users PASSED [ 14%]
tests/xai_tests/security/test_rbac_comprehensive.py::TestRoleRemoval::test_remove_role_from_user PASSED [ 14%]
tests/xai_tests/security/test_rbac_comprehensive.py::TestRoleRemoval::test_remove_role_persists PASSED [ 14%]
tests/xai_tests/security/test_rbac_comprehensive.py::TestRoleRemoval::test_remove_one_of_multiple_roles PASSED [ 14%]
tests/xai_tests/security/test_rbac_comprehensive.py::TestRoleRemoval::test_remove_nonexistent_role_no_error PASSED [ 14%]
tests/xai_tests/security/test_rbac_comprehensive.py::TestRoleRemoval::test_remove_role_from_nonexistent_user_no_error PASSED [ 14%]
tests/xai_tests/security/test_rbac_comprehensive.py::TestRoleRemoval::test_remove_last_role_deletes_user_entry PASSED [ 14%]
tests/xai_tests/security/test_rbac_comprehensive.py::TestPermissionChecking::test_get_user_permissions_single_role PASSED [ 14%]
tests/xai_tests/security/test_rbac_comprehensive.py::TestPermissionChecking::test_get_user_permissions_multiple_roles PASSED [ 14%]
tests/xai_tests/security/test_rbac_comprehensive.py::TestPermissionChecking::test_get_user_permissions_no_roles PASSED [ 14%]
tests/xai_tests/security/test_rbac_comprehensive.py::TestPermissionChecking::test_get_user_permissions_removes_duplicates PASSED [ 14%]
tests/xai_tests/security/test_rbac_comprehensive.py::TestPermissionChecking::test_has_permission_true PASSED [ 14%]
tests/xai_tests/security/test_rbac_comprehensive.py::TestPermissionChecking::test_has_permission_false PASSED [ 14%]
tests/xai_tests/security/test_rbac_comprehensive.py::TestPermissionChecking::test_has_permission_no_roles PASSED [ 14%]
tests/xai_tests/security/test_rbac_comprehensive.py::TestPermissionDecorator::test_decorator_allows_authorized_user PASSED [ 14%]
tests/xai_tests/security/test_rbac_comprehensive.py::TestPermissionDecorator::test_decorator_blocks_unauthorized_user PASSED [ 14%]
tests/xai_tests/security/test_rbac_comprehensive.py::TestPermissionDecorator::test_decorator_blocks_user_with_no_roles PASSED [ 14%]
tests/xai_tests/security/test_rbac_comprehensive.py::TestPermissionDecorator::test_decorator_with_multiple_parameters PASSED [ 14%]
tests/xai_tests/security/test_rbac_comprehensive.py::TestPermissionDecorator::test_decorator_with_kwargs PASSED [ 14%]
tests/xai_tests/security/test_rbac_comprehensive.py::TestPermissionDecorator::test_decorator_preserves_function_metadata PASSED [ 15%]
tests/xai_tests/security/test_rbac_comprehensive.py::TestEdgeCases::test_user_id_with_special_characters PASSED [ 15%]
tests/xai_tests/security/test_rbac_comprehensive.py::TestEdgeCases::test_user_id_with_spaces PASSED [ 15%]
tests/xai_tests/security/test_rbac_comprehensive.py::TestEdgeCases::test_very_long_user_id PASSED [ 15%]
tests/xai_tests/security/test_rbac_comprehensive.py::TestEdgeCases::test_permission_name_case_sensitive PASSED [ 15%]
tests/xai_tests/security/test_rbac_comprehensive.py::TestEdgeCases::test_role_name_case_sensitive PASSED [ 15%]
tests/xai_tests/security/test_rbac_comprehensive.py::TestEdgeCases::test_empty_string_user_id PASSED [ 15%]
tests/xai_tests/security/test_rbac_comprehensive.py::TestEdgeCases::test_role_with_unicode_permissions PASSED [ 15%]
tests/xai_tests/security/test_rbac_comprehensive.py::TestConcurrentAccess::test_multiple_instances_share_config PASSED [ 15%]
tests/xai_tests/security/test_rbac_comprehensive.py::TestConcurrentAccess::test_changes_in_one_instance_persist_for_new_instances PASSED [ 15%]
tests/xai_tests/security/test_rbac_comprehensive.py::TestComplexScenarios::test_hierarchical_role_system PASSED [ 15%]
tests/xai_tests/security/test_rbac_comprehensive.py::TestComplexScenarios::test_dynamic_role_modification PASSED [ 15%]
tests/xai_tests/security/test_rbac_comprehensive.py::TestComplexScenarios::test_multi_tenant_isolation PASSED [ 15%]
tests/xai_tests/security/test_secure_enclave_manager_comprehensive.py::TestSecureEnclaveInitialization::test_init_enclave_available PASSED [ 15%]
tests/xai_tests/security/test_secure_enclave_manager_comprehensive.py::TestSecureEnclaveInitialization::test_init_enclave_unavailable PASSED [ 15%]
tests/xai_tests/security/test_secure_enclave_manager_comprehensive.py::TestSecureEnclaveInitialization::test_init_default_available PASSED [ 15%]
tests/xai_tests/security/test_secure_enclave_manager_comprehensive.py::TestKeyGeneration::test_generate_key_in_enclave_success PASSED [ 15%]
tests/xai_tests/security/test_secure_enclave_manager_comprehensive.py::TestKeyGeneration::test_generate_key_enclave_unavailable PASSED [ 15%]
tests/xai_tests/security/test_secure_enclave_manager_comprehensive.py::TestKeyGeneration::test_generate_multiple_keys PASSED [ 15%]
tests/xai_tests/security/test_secure_enclave_manager_comprehensive.py::TestKeyGeneration::test_key_handle_counter_increments PASSED [ 15%]
tests/xai_tests/security/test_secure_enclave_manager_comprehensive.py::TestKeyGeneration::test_generated_key_pair_structure PASSED [ 15%]
tests/xai_tests/security/test_secure_enclave_manager_comprehensive.py::TestKeyGeneration::test_private_key_length PASSED [ 15%]
tests/xai_tests/security/test_secure_enclave_manager_comprehensive.py::TestKeyGeneration::test_public_key_length PASSED [ 15%]
tests/xai_tests/security/test_secure_enclave_manager_comprehensive.py::TestKeyGeneration::test_keys_are_unique PASSED [ 15%]
tests/xai_tests/security/test_secure_enclave_manager_comprehensive.py::TestPublicKeyRetrieval::test_get_public_key_success PASSED [ 15%]
tests/xai_tests/security/test_secure_enclave_manager_comprehensive.py::TestPublicKeyRetrieval::test_get_public_key_enclave_unavailable PASSED [ 15%]
tests/xai_tests/security/test_secure_enclave_manager_comprehensive.py::TestPublicKeyRetrieval::test_get_public_key_invalid_handle PASSED [ 15%]
tests/xai_tests/security/test_secure_enclave_manager_comprehensive.py::TestPublicKeyRetrieval::test_get_public_key_matches_generated PASSED [ 15%]
tests/xai_tests/security/test_secure_enclave_manager_comprehensive.py::TestPublicKeyRetrieval::test_get_public_key_multiple_handles PASSED [ 15%]
tests/xai_tests/security/test_secure_enclave_manager_comprehensive.py::TestDataSigning::test_sign_data_success PASSED [ 15%]
tests/xai_tests/security/test_secure_enclave_manager_comprehensive.py::TestDataSigning::test_sign_data_enclave_unavailable PASSED [ 15%]
tests/xai_tests/security/test_secure_enclave_manager_comprehensive.py::TestDataSigning::test_sign_data_invalid_handle PASSED [ 15%]
tests/xai_tests/security/test_secure_enclave_manager_comprehensive.py::TestDataSigning::test_sign_different_data_different_signatures PASSED [ 15%]
tests/xai_tests/security/test_secure_enclave_manager_comprehensive.py::TestDataSigning::test_sign_same_data_deterministic PASSED [ 15%]
tests/xai_tests/security/test_secure_enclave_manager_comprehensive.py::TestDataSigning::test_sign_empty_data PASSED [ 15%]
tests/xai_tests/security/test_secure_enclave_manager_comprehensive.py::TestDataSigning::test_sign_large_data PASSED [ 15%]
tests/xai_tests/security/test_secure_enclave_manager_comprehensive.py::TestSignatureVerification::test_verify_signature_success PASSED [ 15%]
tests/xai_tests/security/test_secure_enclave_manager_comprehensive.py::TestSignatureVerification::test_verify_signature_invalid PASSED [ 15%]
tests/xai_tests/security/test_secure_enclave_manager_comprehensive.py::TestSignatureVerification::test_verify_signature_wrong_data PASSED [ 15%]
tests/xai_tests/security/test_secure_enclave_manager_comprehensive.py::TestSignatureVerification::test_verify_signature_wrong_public_key PASSED [ 15%]
tests/xai_tests/security/test_secure_enclave_manager_comprehensive.py::TestEnclaveAvailability::test_is_enclave_available_true PASSED [ 16%]
tests/xai_tests/security/test_secure_enclave_manager_comprehensive.py::TestEnclaveAvailability::test_is_enclave_available_false PASSED [ 16%]
tests/xai_tests/security/test_secure_enclave_manager_comprehensive.py::TestEdgeCases::test_many_keys_in_enclave PASSED [ 16%]
tests/xai_tests/security/test_secure_enclave_manager_comprehensive.py::TestEdgeCases::test_sign_with_different_keys PASSED [ 16%]
tests/xai_tests/security/test_secure_enclave_manager_comprehensive.py::TestEdgeCases::test_operations_after_enclave_becomes_unavailable PASSED [ 16%]
tests/xai_tests/security/test_secure_enclave_manager_comprehensive.py::TestEdgeCases::test_unicode_data_signing PASSED [ 16%]
tests/xai_tests/security/test_secure_enclave_manager_comprehensive.py::TestRealWorldScenarios::test_transaction_signing_scenario PASSED [ 16%]
tests/xai_tests/security/test_secure_enclave_manager_comprehensive.py::TestRealWorldScenarios::test_multi_signature_scenario PASSED [ 16%]
tests/xai_tests/security/test_secure_enclave_manager_comprehensive.py::TestRealWorldScenarios::test_key_rotation_scenario PASSED [ 16%]
tests/xai_tests/security/test_secure_enclave_manager_comprehensive.py::TestRealWorldScenarios::test_secure_communication_scenario PASSED [ 16%]
tests/xai_tests/security/test_security_validation_comprehensive.py::TestLogSecurityEvent::test_log_info_event PASSED [ 16%]
tests/xai_tests/security/test_security_validation_comprehensive.py::TestLogSecurityEvent::test_log_warning_event PASSED [ 16%]
tests/xai_tests/security/test_security_validation_comprehensive.py::TestLogSecurityEvent::test_log_error_event PASSED [ 16%]
tests/xai_tests/security/test_security_validation_comprehensive.py::TestLogSecurityEvent::test_log_critical_event PASSED [ 16%]
tests/xai_tests/security/test_security_validation_comprehensive.py::TestLogSecurityEvent::test_log_event_structure PASSED [ 16%]
tests/xai_tests/security/test_security_validation_comprehensive.py::TestValidateAmount::test_valid_positive_amount PASSED [ 16%]
tests/xai_tests/security/test_security_validation_comprehensive.py::TestValidateAmount::test_reject_zero_amount_in_validator PASSED [ 16%]
tests/xai_tests/security/test_security_validation_comprehensive.py::TestValidateAmount::test_reject_negative_amount PASSED [ 16%]
tests/xai_tests/security/test_security_validation_comprehensive.py::TestValidateAmount::test_reject_non_numeric_amount PASSED [ 16%]
tests/xai_tests/security/test_security_validation_comprehensive.py::TestValidateAmount::test_reject_nan_amount PASSED [ 16%]
tests/xai_tests/security/test_security_validation_comprehensive.py::TestValidateAmount::test_reject_infinity_amount PASSED [ 16%]
tests/xai_tests/security/test_security_validation_comprehensive.py::TestValidateAmount::test_reject_amount_below_minimum PASSED [ 16%]
tests/xai_tests/security/test_security_validation_comprehensive.py::TestValidateAmount::test_reject_amount_above_maximum PASSED [ 16%]
tests/xai_tests/security/test_security_validation_comprehensive.py::TestValidateAmount::test_precision_rounding PASSED [ 16%]
tests/xai_tests/security/test_security_validation_comprehensive.py::TestValidateAmount::test_amount_field_name_in_error PASSED [ 16%]
tests/xai_tests/security/test_security_validation_comprehensive.py::TestValidateAmount::test_integer_amount_conversion PASSED [ 16%]
tests/xai_tests/security/test_security_validation_comprehensive.py::TestValidateAddress::test_valid_xai_address PASSED [ 16%]
tests/xai_tests/security/test_security_validation_comprehensive.py::TestValidateAddress::test_valid_xai_address PASSED [ 16%]
tests/xai_tests/security/test_security_validation_comprehensive.py::TestValidateAddress::test_valid_txai_address PASSED [ 16%]
tests/xai_tests/security/test_security_validation_comprehensive.py::TestValidateAddress::test_coinbase_address PASSED [ 16%]
tests/xai_tests/security/test_security_validation_comprehensive.py::TestValidateAddress::test_reject_non_string_address PASSED [ 16%]
tests/xai_tests/security/test_security_validation_comprehensive.py::TestValidateAddress::test_reject_empty_address PASSED [ 16%]
tests/xai_tests/security/test_security_validation_comprehensive.py::TestValidateAddress::test_reject_short_address PASSED [ 16%]
tests/xai_tests/security/test_security_validation_comprehensive.py::TestValidateAddress::test_reject_long_address PASSED [ 16%]
tests/xai_tests/security/test_security_validation_comprehensive.py::TestValidateAddress::test_reject_invalid_prefix PASSED [ 16%]
tests/xai_tests/security/test_security_validation_comprehensive.py::TestValidateAddress::test_reject_non_hex_characters PASSED [ 16%]
tests/xai_tests/security/test_security_validation_comprehensive.py::TestValidateAddress::test_sql_injection_detection PASSED [ 16%]
tests/xai_tests/security/test_security_validation_comprehensive.py::TestValidateAddress::test_xss_detection PASSED [ 16%]
tests/xai_tests/security/test_security_validation_comprehensive.py::TestValidateAddress::test_command_injection_detection PASSED [ 16%]
tests/xai_tests/security/test_security_validation_comprehensive.py::TestValidateAddress::test_path_traversal_detection PASSED [ 16%]
tests/xai_tests/security/test_security_validation_comprehensive.py::TestValidateAddress::test_hex_escape_detection PASSED [ 17%]
tests/xai_tests/security/test_security_validation_comprehensive.py::TestValidateAddress::test_url_encoding_detection PASSED [ 17%]
tests/xai_tests/security/test_security_validation_comprehensive.py::TestValidateAddress::test_address_whitespace_stripping PASSED [ 17%]
tests/xai_tests/security/test_security_validation_comprehensive.py::TestValidateFee::test_valid_fee PASSED [ 17%]
tests/xai_tests/security/test_security_validation_comprehensive.py::TestValidateFee::test_reject_excessive_fee PASSED [ 17%]
tests/xai_tests/security/test_security_validation_comprehensive.py::TestValidateFee::test_reject_negative_fee PASSED [ 17%]
tests/xai_tests/security/test_security_validation_comprehensive.py::TestValidateFee::test_zero_fee PASSED [ 17%]
tests/xai_tests/security/test_security_validation_comprehensive.py::TestValidateString::test_valid_string PASSED [ 17%]
tests/xai_tests/security/test_security_validation_comprehensive.py::TestValidateString::test_reject_non_string PASSED [ 17%]
tests/xai_tests/security/test_security_validation_comprehensive.py::TestValidateString::test_reject_oversized_string PASSED [ 17%]
tests/xai_tests/security/test_security_validation_comprehensive.py::TestValidateString::test_custom_max_length PASSED [ 17%]
tests/xai_tests/security/test_security_validation_comprehensive.py::TestValidateString::test_reject_control_characters PASSED [ 17%]
tests/xai_tests/security/test_security_validation_comprehensive.py::TestValidateString::test_allow_newline_characters PASSED [ 17%]
tests/xai_tests/security/test_security_validation_comprehensive.py::TestValidateString::test_whitespace_stripping PASSED [ 17%]
tests/xai_tests/security/test_security_validation_comprehensive.py::TestValidatePositiveInteger::test_valid_positive_integer PASSED [ 17%]
tests/xai_tests/security/test_security_validation_comprehensive.py::TestValidatePositiveInteger::test_zero_integer PASSED [ 17%]
tests/xai_tests/security/test_security_validation_comprehensive.py::TestValidatePositiveInteger::test_reject_negative_integer PASSED [ 17%]
tests/xai_tests/security/test_security_validation_comprehensive.py::TestValidatePositiveInteger::test_reject_non_integer PASSED [ 17%]
tests/xai_tests/security/test_security_validation_comprehensive.py::TestValidatePositiveInteger::test_string_to_integer_conversion PASSED [ 17%]
tests/xai_tests/security/test_security_validation_comprehensive.py::TestValidatePositiveInteger::test_reject_too_large_integer PASSED [ 17%]
tests/xai_tests/security/test_security_validation_comprehensive.py::TestValidateTimestamp::test_valid_current_timestamp PASSED [ 17%]
tests/xai_tests/security/test_security_validation_comprehensive.py::TestValidateTimestamp::test_valid_past_timestamp PASSED [ 17%]
tests/xai_tests/security/test_security_validation_comprehensive.py::TestValidateTimestamp::test_reject_non_numeric_timestamp PASSED [ 17%]
tests/xai_tests/security/test_security_validation_comprehensive.py::TestValidateTimestamp::test_reject_too_old_timestamp PASSED [ 17%]
tests/xai_tests/security/test_security_validation_comprehensive.py::TestValidateTimestamp::test_reject_too_far_future_timestamp PASSED [ 17%]
tests/xai_tests/security/test_security_validation_comprehensive.py::TestValidateTimestamp::test_reject_timestamp_with_clock_drift PASSED [ 17%]
tests/xai_tests/security/test_security_validation_comprehensive.py::TestValidateTimestamp::test_allow_small_clock_drift PASSED [ 17%]
tests/xai_tests/security/test_security_validation_comprehensive.py::TestValidateHexString::test_valid_hex_string PASSED [ 17%]
tests/xai_tests/security/test_security_validation_comprehensive.py::TestValidateHexString::test_reject_non_string PASSED [ 17%]
tests/xai_tests/security/test_security_validation_comprehensive.py::TestValidateHexString::test_reject_non_hex_characters PASSED [ 17%]
tests/xai_tests/security/test_security_validation_comprehensive.py::TestValidateHexString::test_exact_length_validation PASSED [ 17%]
tests/xai_tests/security/test_security_validation_comprehensive.py::TestValidateHexString::test_hex_string_lowercase_conversion PASSED [ 17%]
tests/xai_tests/security/test_security_validation_comprehensive.py::TestValidateNetworkType::test_valid_testnet PASSED [ 17%]
tests/xai_tests/security/test_security_validation_comprehensive.py::TestValidateNetworkType::test_valid_mainnet PASSED [ 17%]
tests/xai_tests/security/test_security_validation_comprehensive.py::TestValidateNetworkType::test_reject_invalid_network PASSED [ 17%]
tests/xai_tests/security/test_security_validation_comprehensive.py::TestValidateNetworkType::test_reject_non_string_network PASSED [ 17%]
tests/xai_tests/security/test_security_validation_comprehensive.py::TestSanitizeForLogging::test_sanitize_dict_with_sensitive_keys PASSED [ 17%]
tests/xai_tests/security/test_security_validation_comprehensive.py::TestSanitizeForLogging::test_sanitize_dict_with_address_truncation PASSED [ 17%]
tests/xai_tests/security/test_security_validation_comprehensive.py::TestSanitizeForLogging::test_sanitize_long_string PASSED [ 17%]
tests/xai_tests/security/test_security_validation_comprehensive.py::TestSanitizeForLogging::test_sanitize_short_string PASSED [ 17%]
tests/xai_tests/security/test_security_validation_comprehensive.py::TestSanitizeForLogging::test_sanitize_other_types PASSED [ 17%]
tests/xai_tests/security/test_security_validation_comprehensive.py::TestValidateTransactionData::test_valid_transaction_data PASSED [ 18%]
tests/xai_tests/security/test_security_validation_comprehensive.py::TestValidateTransactionData::test_transaction_with_private_key PASSED [ 18%]
tests/xai_tests/security/test_security_validation_comprehensive.py::TestValidateTransactionData::test_missing_sender_field PASSED [ 18%]
tests/xai_tests/security/test_security_validation_comprehensive.py::TestValidateTransactionData::test_missing_recipient_field PASSED [ 18%]
tests/xai_tests/security/test_security_validation_comprehensive.py::TestValidateTransactionData::test_missing_amount_field PASSED [ 18%]
tests/xai_tests/security/test_security_validation_comprehensive.py::TestValidateTransactionData::test_default_fee_value PASSED [ 18%]
tests/xai_tests/security/test_security_validation_comprehensive.py::TestValidateTransactionData::test_invalid_private_key_length PASSED [ 18%]
tests/xai_tests/security/test_security_validation_comprehensive.py::TestValidateApiRequest::test_valid_api_request PASSED [ 18%]
tests/xai_tests/security/test_security_validation_comprehensive.py::TestValidateApiRequest::test_reject_oversized_request PASSED [ 18%]
tests/xai_tests/security/test_security_validation_comprehensive.py::TestValidateApiRequest::test_custom_max_size PASSED [ 18%]
tests/xai_tests/security/test_security_validation_comprehensive.py::TestValidationErrorException::test_validation_error_creation PASSED [ 18%]
tests/xai_tests/security/test_security_validation_comprehensive.py::TestValidationErrorException::test_validation_error_raise PASSED [ 18%]
tests/xai_tests/security/test_threshold_signature_comprehensive.py::TestThresholdSignatureInitialization::test_init_valid_params PASSED [ 18%]
tests/xai_tests/security/test_threshold_signature_comprehensive.py::TestThresholdSignatureInitialization::test_init_threshold_equals_participants PASSED [ 18%]
tests/xai_tests/security/test_threshold_signature_comprehensive.py::TestThresholdSignatureInitialization::test_init_threshold_one PASSED [ 18%]
tests/xai_tests/security/test_threshold_signature_comprehensive.py::TestThresholdSignatureInitialization::test_init_threshold_greater_than_participants_raises_error PASSED [ 18%]
tests/xai_tests/security/test_threshold_signature_comprehensive.py::TestThresholdSignatureInitialization::test_init_threshold_zero_raises_error PASSED [ 18%]
tests/xai_tests/security/test_threshold_signature_comprehensive.py::TestThresholdSignatureInitialization::test_init_negative_threshold_raises_error PASSED [ 18%]
tests/xai_tests/security/test_threshold_signature_comprehensive.py::TestKeyShareGeneration::test_generate_key_shares PASSED [ 18%]
tests/xai_tests/security/test_threshold_signature_comprehensive.py::TestKeyShareGeneration::test_generate_key_shares_all_participants_have_shares PASSED [ 18%]
tests/xai_tests/security/test_threshold_signature_comprehensive.py::TestKeyShareGeneration::test_generate_key_shares_unique PASSED [ 18%]
tests/xai_tests/security/test_threshold_signature_comprehensive.py::TestKeyShareGeneration::test_generate_key_shares_public_key_set PASSED [ 18%]
tests/xai_tests/security/test_threshold_signature_comprehensive.py::TestKeyShareGeneration::test_generate_key_shares_multiple_times PASSED [ 18%]
tests/xai_tests/security/test_threshold_signature_comprehensive.py::TestKeyShareGeneration::test_generate_key_shares_large_group PASSED [ 18%]
tests/xai_tests/security/test_threshold_signature_comprehensive.py::TestSignatureShares::test_sign_share_success PASSED [ 18%]
tests/xai_tests/security/test_threshold_signature_comprehensive.py::TestSignatureShares::test_sign_share_invalid_participant_raises_error PASSED [ 18%]
tests/xai_tests/security/test_threshold_signature_comprehensive.py::TestSignatureShares::test_sign_share_different_messages_different_signatures PASSED [ 18%]
tests/xai_tests/security/test_threshold_signature_comprehensive.py::TestSignatureShares::test_sign_share_same_message_deterministic PASSED [ 18%]
tests/xai_tests/security/test_threshold_signature_comprehensive.py::TestSignatureShares::test_sign_share_different_participants_different_shares PASSED [ 18%]
tests/xai_tests/security/test_threshold_signature_comprehensive.py::TestSignatureShares::test_sign_share_all_participants_can_sign PASSED [ 18%]
tests/xai_tests/security/test_threshold_signature_comprehensive.py::TestSignatureShares::test_sign_share_stores_in_message_signatures PASSED [ 18%]
tests/xai_tests/security/test_threshold_signature_comprehensive.py::TestSignatureShares::test_sign_share_empty_message PASSED [ 18%]
tests/xai_tests/security/test_threshold_signature_comprehensive.py::TestSignatureShares::test_sign_share_long_message PASSED [ 18%]
tests/xai_tests/security/test_threshold_signature_comprehensive.py::TestSignatureCombination::test_combine_shares_success FAILED [ 18%]
tests/xai_tests/security/test_threshold_signature_comprehensive.py::TestSignatureCombination::test_combine_shares_insufficient_raises_error PASSED [ 18%]
tests/xai_tests/security/test_threshold_signature_comprehensive.py::TestSignatureCombination::test_combine_shares_exact_threshold FAILED [ 18%]
tests/xai_tests/security/test_threshold_signature_comprehensive.py::TestSignatureCombination::test_combine_shares_more_than_threshold FAILED [ 18%]
tests/xai_tests/security/test_threshold_signature_comprehensive.py::TestSignatureCombination::test_combine_shares_wrong_message_raises_error PASSED [ 18%]
tests/xai_tests/security/test_threshold_signature_comprehensive.py::TestSignatureCombination::test_combine_shares_different_participant_subsets FAILED [ 18%]
tests/xai_tests/security/test_threshold_signature_comprehensive.py::TestThresholdVariations::test_threshold_2_of_3 FAILED [ 18%]
tests/xai_tests/security/test_threshold_signature_comprehensive.py::TestThresholdVariations::test_threshold_5_of_7 FAILED [ 19%]
tests/xai_tests/security/test_threshold_signature_comprehensive.py::TestThresholdVariations::test_threshold_n_of_n PASSED [ 19%]
tests/xai_tests/security/test_threshold_signature_comprehensive.py::TestThresholdVariations::test_threshold_1_of_n FAILED [ 19%]
tests/xai_tests/security/test_threshold_signature_comprehensive.py::TestEdgeCases::test_single_participant PASSED [ 19%]
tests/xai_tests/security/test_threshold_signature_comprehensive.py::TestEdgeCases::test_large_participant_group PASSED [ 19%]
tests/xai_tests/security/test_threshold_signature_comprehensive.py::TestEdgeCases::test_unicode_message FAILED [ 19%]
tests/xai_tests/security/test_threshold_signature_comprehensive.py::TestEdgeCases::test_multiple_messages_same_participants FAILED [ 19%]
tests/xai_tests/security/test_threshold_signature_comprehensive.py::TestEdgeCases::test_participant_id_boundary PASSED [ 19%]
tests/xai_tests/security/test_threshold_signature_comprehensive.py::TestSecurityProperties::test_private_key_shares_distributed PASSED [ 19%]
tests/xai_tests/security/test_threshold_signature_comprehensive.py::TestSecurityProperties::test_signature_shares_different_per_participant PASSED [ 19%]
tests/xai_tests/security/test_threshold_signature_comprehensive.py::TestSecurityProperties::test_cannot_forge_with_fewer_shares PASSED [ 19%]
tests/xai_tests/security/test_threshold_signature_comprehensive.py::TestRealWorldScenarios::test_multi_sig_wallet_scenario FAILED [ 19%]
tests/xai_tests/security/test_threshold_signature_comprehensive.py::TestRealWorldScenarios::test_distributed_oracle_scenario FAILED [ 19%]
tests/xai_tests/security/test_threshold_signature_comprehensive.py::TestRealWorldScenarios::test_governance_voting_scenario FAILED [ 19%]
tests/xai_tests/security/test_threshold_signature_comprehensive.py::TestRealWorldScenarios::test_key_ceremony_scenario FAILED [ 19%]
tests/xai_tests/security/test_transaction_validator_comprehensive.py::TestTransactionValidatorInit::test_init_with_all_dependencies PASSED [ 19%]
tests/xai_tests/security/test_transaction_validator_comprehensive.py::TestTransactionValidatorInit::test_init_with_default_dependencies PASSED [ 19%]
tests/xai_tests/security/test_transaction_validator_comprehensive.py::TestBasicStructuralValidation::test_reject_invalid_transaction_type PASSED [ 19%]
tests/xai_tests/security/test_transaction_validator_comprehensive.py::TestBasicStructuralValidation::test_reject_transaction_missing_fields PASSED [ 19%]
tests/xai_tests/security/test_transaction_validator_comprehensive.py::TestBasicStructuralValidation::test_validate_transaction_with_all_required_fields PASSED [ 19%]
tests/xai_tests/security/test_transaction_validator_comprehensive.py::TestDataTypeValidation::test_validate_sender_address PASSED [ 19%]
tests/xai_tests/security/test_transaction_validator_comprehensive.py::TestDataTypeValidation::test_validate_recipient_address PASSED [ 19%]
tests/xai_tests/security/test_transaction_validator_comprehensive.py::TestDataTypeValidation::test_validate_amount PASSED [ 19%]
tests/xai_tests/security/test_transaction_validator_comprehensive.py::TestDataTypeValidation::test_validate_fee PASSED [ 19%]
tests/xai_tests/security/test_transaction_validator_comprehensive.py::TestDataTypeValidation::test_validate_timestamp PASSED [ 19%]
tests/xai_tests/security/test_transaction_validator_comprehensive.py::TestTransactionIDVerification::test_valid_transaction_id PASSED [ 19%]
tests/xai_tests/security/test_transaction_validator_comprehensive.py::TestTransactionIDVerification::test_reject_tampered_transaction_id PASSED [ 19%]
tests/xai_tests/security/test_transaction_validator_comprehensive.py::TestSignatureVerification::test_valid_signature PASSED [ 19%]
tests/xai_tests/security/test_transaction_validator_comprehensive.py::TestSignatureVerification::test_reject_invalid_signature PASSED [ 19%]
tests/xai_tests/security/test_transaction_validator_comprehensive.py::TestSignatureVerification::test_reject_unsigned_transaction PASSED [ 19%]
tests/xai_tests/security/test_transaction_validator_comprehensive.py::TestUTXOValidation::test_coinbase_transaction_skips_utxo_validation PASSED [ 19%]
tests/xai_tests/security/test_transaction_validator_comprehensive.py::TestUTXOValidation::test_non_coinbase_must_have_inputs PASSED [ 19%]
tests/xai_tests/security/test_transaction_validator_comprehensive.py::TestUTXOValidation::test_validate_input_fields PASSED [ 19%]
tests/xai_tests/security/test_transaction_validator_comprehensive.py::TestUTXOValidation::test_validate_output_fields PASSED [ 19%]
tests/xai_tests/security/test_transaction_validator_comprehensive.py::TestUTXOValidation::test_transaction_must_have_outputs PASSED [ 19%]
tests/xai_tests/security/test_transaction_validator_comprehensive.py::TestNonceValidation::test_valid_nonce PASSED [ 19%]
tests/xai_tests/security/test_transaction_validator_comprehensive.py::TestNonceValidation::test_invalid_nonce PASSED [ 19%]
tests/xai_tests/security/test_transaction_validator_comprehensive.py::TestTimeCapsuleLockValidation::test_time_capsule_missing_metadata PASSED [ 19%]
tests/xai_tests/security/test_transaction_validator_comprehensive.py::TestTimeCapsuleLockValidation::test_time_capsule_missing_capsule_id PASSED [ 19%]
tests/xai_tests/security/test_transaction_validator_comprehensive.py::TestTimeCapsuleLockValidation::test_time_capsule_missing_unlock_time PASSED [ 19%]
tests/xai_tests/security/test_transaction_validator_comprehensive.py::TestTimeCapsuleLockValidation::test_time_capsule_invalid_unlock_time_type PASSED [ 20%]
tests/xai_tests/security/test_transaction_validator_comprehensive.py::TestTimeCapsuleLockValidation::test_time_capsule_unlock_time_in_past PASSED [ 20%]
tests/xai_tests/security/test_transaction_validator_comprehensive.py::TestTimeCapsuleLockValidation::test_valid_time_capsule PASSED [ 20%]
tests/xai_tests/security/test_transaction_validator_comprehensive.py::TestGovernanceVoteValidation::test_governance_vote_missing_metadata PASSED [ 20%]
tests/xai_tests/security/test_transaction_validator_comprehensive.py::TestGovernanceVoteValidation::test_governance_vote_missing_proposal_id PASSED [ 20%]
tests/xai_tests/security/test_transaction_validator_comprehensive.py::TestGovernanceVoteValidation::test_governance_vote_missing_vote PASSED [ 20%]
tests/xai_tests/security/test_transaction_validator_comprehensive.py::TestGovernanceVoteValidation::test_governance_vote_invalid_vote_value PASSED [ 20%]
tests/xai_tests/security/test_transaction_validator_comprehensive.py::TestGovernanceVoteValidation::test_valid_governance_vote_yes PASSED [ 20%]
tests/xai_tests/security/test_transaction_validator_comprehensive.py::TestGovernanceVoteValidation::test_valid_governance_vote_no PASSED [ 20%]
tests/xai_tests/security/test_transaction_validator_comprehensive.py::TestGovernanceVoteValidation::test_valid_governance_vote_abstain PASSED [ 20%]
tests/xai_tests/security/test_transaction_validator_comprehensive.py::TestExceptionHandling::test_handle_validation_error PASSED [ 20%]
tests/xai_tests/security/test_transaction_validator_comprehensive.py::TestExceptionHandling::test_handle_unexpected_error PASSED [ 20%]
tests/xai_tests/security/test_transaction_validator_comprehensive.py::TestExceptionHandling::test_log_validation_failure PASSED [ 20%]
tests/xai_tests/security/test_transaction_validator_comprehensive.py::TestGetTransactionValidator::test_get_transaction_validator_creates_instance PASSED [ 20%]
tests/xai_tests/security/test_transaction_validator_comprehensive.py::TestGetTransactionValidator::test_get_transaction_validator_with_custom_dependencies PASSED [ 20%]
tests/xai_tests/test_ai_bridge.py::test_bridge_queues_proposal_and_records_metrics FAILED [ 20%]
tests/xai_tests/test_blockchain.py::TestBlockchainCore::test_blockchain_initialization PASSED [ 20%]
tests/xai_tests/test_blockchain.py::TestBlockchainCore::test_genesis_block PASSED [ 20%]
tests/xai_tests/test_blockchain.py::TestBlockchainCore::test_block_mining PASSED [ 20%]
tests/xai_tests/test_blockchain.py::TestBlockchainCore::test_transaction_creation PASSED [ 20%]
tests/xai_tests/test_blockchain.py::TestBlockchainCore::test_transaction_validation PASSED [ 20%]
tests/xai_tests/test_blockchain.py::TestBlockchainCore::test_balance_tracking PASSED [ 20%]
tests/xai_tests/test_blockchain.py::TestBlockchainCore::test_chain_validation PASSED [ 20%]
tests/xai_tests/test_blockchain.py::TestBlockchainCore::test_supply_cap_enforcement PASSED [ 20%]
tests/xai_tests/test_blockchain.py::TestBlockchainCore::test_halving_schedule PASSED [ 20%]
tests/xai_tests/test_blockchain.py::TestWalletOperations::test_wallet_can_send PASSED [ 20%]
tests/xai_tests/test_chain_validator.py::TestValidationReport::test_add_issue PASSED [ 20%]
tests/xai_tests/test_chain_validator.py::TestValidationReport::test_create_report PASSED [ 20%]
tests/xai_tests/test_chain_validator.py::TestValidationReport::test_report_to_dict PASSED [ 20%]
tests/xai_tests/test_chain_validator.py::TestChainValidator::test_calculate_merkle_root_empty PASSED [ 20%]
tests/xai_tests/test_chain_validator.py::TestChainValidator::test_calculate_merkle_root_multiple PASSED [ 20%]
tests/xai_tests/test_chain_validator.py::TestChainValidator::test_calculate_merkle_root_single PASSED [ 20%]
tests/xai_tests/test_chain_validator.py::TestChainValidator::test_validate_empty_chain PASSED [ 20%]
tests/xai_tests/test_chain_validator.py::TestChainValidator::test_validate_genesis_block_index PASSED [ 20%]
tests/xai_tests/test_chain_validator.py::TestChainValidator::test_validate_genesis_previous_hash PASSED [ 20%]
tests/xai_tests/test_chain_validator.py::TestChainValidator::test_validate_supply_cap PASSED [ 20%]
tests/xai_tests/test_chain_validator.py::TestChainValidator::test_validator_creation PASSED [ 20%]
tests/xai_tests/test_chain_validator.py::TestValidationFunctions::test_validate_blockchain_on_startup PASSED [ 20%]
tests/xai_tests/test_chain_validator.py::TestUTXOReconstruction::test_rebuild_utxo_set_empty PASSED [ 20%]
tests/xai_tests/test_chain_validator.py::TestUTXOReconstruction::test_rebuild_utxo_set_genesis PASSED [ 20%]
tests/xai_tests/test_chain_validator.py::TestUTXOReconstruction::test_rebuild_utxo_set_with_spend PASSED [ 20%]
tests/xai_tests/test_config.py::TestConfiguration::test_config_exists PASSED [ 21%]
tests/xai_tests/test_config.py::TestConfiguration::test_network_type PASSED [ 21%]
tests/xai_tests/test_config.py::TestTestnetConfig::test_testnet_network_type PASSED [ 21%]
tests/xai_tests/test_config.py::TestTestnetConfig::test_testnet_difficulty PASSED [ 21%]
tests/xai_tests/test_config.py::TestTestnetConfig::test_testnet_ports PASSED [ 21%]
tests/xai_tests/test_config.py::TestTestnetConfig::test_testnet_address_prefix PASSED [ 21%]
tests/xai_tests/test_config.py::TestTestnetConfig::test_testnet_faucet_enabled PASSED [ 21%]
tests/xai_tests/test_config.py::TestTestnetConfig::test_testnet_reset_allowed PASSED [ 21%]
tests/xai_tests/test_config.py::TestTestnetConfig::test_testnet_genesis_file PASSED [ 21%]
tests/xai_tests/test_config.py::TestTestnetConfig::test_testnet_blockchain_file PASSED [ 21%]
tests/xai_tests/test_config.py::TestMainnetConfig::test_mainnet_network_type PASSED [ 21%]
tests/xai_tests/test_config.py::TestMainnetConfig::test_mainnet_difficulty PASSED [ 21%]
tests/xai_tests/test_config.py::TestMainnetConfig::test_mainnet_ports PASSED [ 21%]
tests/xai_tests/test_config.py::TestMainnetConfig::test_mainnet_address_prefix PASSED [ 21%]
tests/xai_tests/test_config.py::TestMainnetConfig::test_mainnet_faucet_disabled PASSED [ 21%]
tests/xai_tests/test_config.py::TestMainnetConfig::test_mainnet_reset_not_allowed PASSED [ 21%]
tests/xai_tests/test_config.py::TestMainnetConfig::test_mainnet_genesis_file PASSED [ 21%]
tests/xai_tests/test_config.py::TestMainnetConfig::test_mainnet_blockchain_file PASSED [ 21%]
tests/xai_tests/test_config.py::TestSharedConfig::test_max_supply PASSED [ 21%]
tests/xai_tests/test_config.py::TestSharedConfig::test_block_reward PASSED [ 21%]
tests/xai_tests/test_config.py::TestSharedConfig::test_halving_interval PASSED [ 21%]
tests/xai_tests/test_config.py::TestSharedConfig::test_block_time_target PASSED [ 21%]
tests/xai_tests/test_config.py::TestNetworkIsolation::test_different_network_ids PASSED [ 21%]
tests/xai_tests/test_config.py::TestNetworkIsolation::test_different_ports PASSED [ 21%]
tests/xai_tests/test_config.py::TestNetworkIsolation::test_different_address_prefixes PASSED [ 21%]
tests/xai_tests/test_config.py::TestNetworkIsolation::test_different_genesis_files PASSED [ 21%]
tests/xai_tests/test_config.py::TestNetworkIsolation::test_different_blockchain_files PASSED [ 21%]
tests/xai_tests/test_config.py::TestNetworkIsolation::test_different_data_directories PASSED [ 21%]
tests/xai_tests/test_config.py::TestSecurityConstraints::test_mainnet_security PASSED [ 21%]
tests/xai_tests/test_config.py::TestSecurityConstraints::test_testnet_flexibility PASSED [ 21%]
tests/xai_tests/test_config.py::TestSecurityConstraints::test_production_difficulty PASSED [ 21%]
tests/xai_tests/test_config_manager.py::test_default_configuration PASSED [ 21%]
tests/xai_tests/test_config_manager.py::test_environment_specific_config FAILED [ 21%]
tests/xai_tests/test_config_manager.py::test_cli_overrides FAILED       [ 21%]
tests/xai_tests/test_config_manager.py::test_environment_variables FAILED [ 21%]
tests/xai_tests/test_config_manager.py::test_configuration_validation FAILED [ 21%]
tests/xai_tests/test_config_manager.py::test_get_method PASSED          [ 21%]
tests/xai_tests/test_config_manager.py::test_get_section PASSED         [ 21%]
tests/xai_tests/test_config_manager.py::test_public_config FAILED       [ 21%]
tests/xai_tests/test_config_manager.py::test_to_dict PASSED             [ 21%]
tests/xai_tests/test_config_manager.py::test_network_config_validation PASSED [ 22%]
tests/xai_tests/test_config_manager.py::test_blockchain_config_validation PASSED [ 22%]
tests/xai_tests/test_config_manager.py::test_security_config_validation PASSED [ 22%]
tests/xai_tests/test_config_manager.py::test_storage_config_validation PASSED [ 22%]
tests/xai_tests/test_config_manager.py::test_logging_config_validation PASSED [ 22%]
tests/xai_tests/test_config_manager.py::test_genesis_config_validation PASSED [ 22%]
tests/xai_tests/test_config_manager.py::test_config_precedence PASSED   [ 22%]
tests/xai_tests/test_config_manager.py::test_reload PASSED              [ 22%]
tests/xai_tests/test_config_manager.py::test_environment_determination FAILED [ 22%]
tests/xai_tests/test_supply_cap.py::TestGenesisAllocation::test_genesis_allocation_within_cap PASSED [ 22%]
tests/xai_tests/test_supply_cap.py::TestGenesisAllocation::test_genesis_leaves_room_for_mining PASSED [ 22%]
tests/xai_tests/test_supply_cap.py::TestMiningRewards::test_initial_mining_reward PASSED [ 22%]
tests/xai_tests/test_supply_cap.py::TestMiningRewards::test_mining_respects_supply_cap PASSED [ 22%]
tests/xai_tests/test_supply_cap.py::TestMiningRewards::test_reward_capped_to_remaining_supply PASSED [ 22%]
tests/xai_tests/test_supply_cap.py::TestMiningRewards::test_zero_reward_at_cap PASSED [ 22%]
tests/xai_tests/test_supply_cap.py::TestMiningRewards::test_zero_reward_above_cap PASSED [ 22%]
tests/xai_tests/test_supply_cap.py::TestSupplyCapEnforcement::test_total_supply_never_exceeds_cap PASSED [ 22%]
tests/xai_tests/test_supply_cap.py::TestSupplyCapEnforcement::test_supply_approaches_cap_asymptotically PASSED [ 22%]
tests/xai_tests/test_supply_cap.py::TestSupplyCapEnforcement::test_genesis_plus_mining_equals_cap_eventually PASSED [ 22%]
tests/xai_tests/test_supply_cap.py::TestHalvingWithSupplyCap::test_halving_schedule_respected PASSED [ 22%]
tests/xai_tests/test_supply_cap.py::TestHalvingWithSupplyCap::test_halving_with_supply_cap_interaction PASSED [ 22%]
tests/xai_tests/test_supply_cap.py::TestEdgeCases::test_minimum_reward_threshold PASSED [ 22%]
tests/xai_tests/test_supply_cap.py::TestEdgeCases::test_supply_cap_exact_match PASSED [ 22%]
tests/xai_tests/test_supply_cap.py::TestEdgeCases::test_transaction_fees_dont_break_cap PASSED [ 22%]
tests/xai_tests/test_supply_cap.py::TestSupplyCalculations::test_circulating_supply_accuracy FAILED [ 22%]
tests/xai_tests/test_supply_cap.py::TestSupplyCalculations::test_total_supply_equals_circulating PASSED [ 22%]
tests/xai_tests/test_token_burning.py::TestBurningEngine::test_engine_initialization PASSED [ 22%]
tests/xai_tests/test_token_burning.py::TestBurningEngine::test_service_pricing PASSED [ 22%]
tests/xai_tests/test_token_burning.py::TestServiceConsumption::test_consume_service PASSED [ 22%]
tests/xai_tests/test_token_burning.py::TestServiceConsumption::test_burn_distribution PASSED [ 22%]
tests/xai_tests/test_token_burning.py::TestServiceConsumption::test_usd_pegged_pricing PASSED [ 22%]
tests/xai_tests/test_token_burning.py::TestBurnStatistics::test_stats_tracking PASSED [ 22%]
tests/xai_tests/test_token_burning.py::TestBurnStatistics::test_multiple_burns PASSED [ 22%]
tests/xai_tests/test_token_burning.py::TestBurnStatistics::test_service_usage_breakdown PASSED [ 22%]
tests/xai_tests/test_token_burning.py::TestAnonymity::test_anonymous_tracking PASSED [ 22%]
tests/xai_tests/test_token_burning.py::TestAnonymity::test_utc_timestamps PASSED [ 22%]
tests/xai_tests/test_token_burning.py::TestBurnHistory::test_recent_burns PASSED [ 22%]
tests/xai_tests/test_token_burning.py::TestBurnHistory::test_burn_history_format PASSED [ 22%]
tests/xai_tests/test_token_burning.py::TestDevelopmentFunding::test_no_treasury_allocation PASSED [ 22%]
tests/xai_tests/test_token_burning.py::TestDevelopmentFunding::test_development_funding_note PASSED [ 22%]
tests/xai_tests/test_transaction_validator.py::TestTransactionValidator::test_valid_transaction PASSED [ 22%]
tests/xai_tests/test_transaction_validator.py::TestTransactionValidator::test_invalid_transaction_object_type PASSED [ 23%]
tests/xai_tests/test_transaction_validator.py::TestTransactionValidator::test_missing_required_fields PASSED [ 23%]
tests/xai_tests/test_transaction_validator.py::TestTransactionValidator::test_txid_mismatch PASSED [ 23%]
tests/xai_tests/test_transaction_validator.py::TestTransactionValidator::test_invalid_signature PASSED [ 23%]
tests/xai_tests/test_transaction_validator.py::TestTransactionValidator::test_insufficient_funds PASSED [ 23%]
tests/xai_tests/test_transaction_validator.py::TestTransactionValidator::test_coinbase_transaction_always_valid FAILED [ 23%]
tests/xai_tests/test_transaction_validator.py::TestTransactionValidator::test_invalid_nonce PASSED [ 23%]
tests/xai_tests/test_transaction_validator.py::TestTransactionValidator::test_time_capsule_lock_validation FAILED [ 23%]
tests/xai_tests/test_transaction_validator.py::TestTransactionValidator::test_governance_vote_validation FAILED [ 23%]
tests/xai_tests/test_transaction_validator.py::TestTransactionValidator::test_unexpected_exception_handling PASSED [ 23%]
tests/xai_tests/test_transaction_validator.py::TestTransactionValidator::test_get_transaction_validator_singleton PASSED [ 23%]
tests/xai_tests/test_wallet.py::TestWalletCreation::test_wallet_initialization PASSED [ 23%]
tests/xai_tests/test_wallet.py::TestWalletCreation::test_unique_wallets PASSED [ 23%]
tests/xai_tests/test_wallet.py::TestWalletCreation::test_address_format PASSED [ 23%]
tests/xai_tests/test_wallet.py::TestWalletCreation::test_private_key_length PASSED [ 23%]
tests/xai_tests/test_wallet.py::TestWalletCreation::test_public_key_length PASSED [ 23%]
tests/xai_tests/test_wallet.py::TestWalletSigning::test_sign_transaction PASSED [ 23%]
tests/xai_tests/test_wallet.py::TestWalletSigning::test_signature_uniqueness PASSED [ 23%]
tests/xai_tests/test_wallet.py::TestWalletOperations::test_wallet_can_receive PASSED [ 23%]
tests/xai_tests/test_wallet.py::TestWalletOperations::test_wallet_can_send PASSED [ 23%]
tests/xai_tests/test_wallet.py::TestWalletSecurity::test_cannot_forge_signature PASSED [ 23%]
tests/xai_tests/test_wallet.py::TestWalletSecurity::test_cannot_modify_signed_transaction PASSED [ 23%]
tests/xai_tests/test_wallet.py::TestWalletPersistence::test_wallet_data_structure PASSED [ 23%]
tests/xai_tests/test_wallet.py::TestWalletPersistence::test_save_and_load_unencrypted_wallet PASSED [ 23%]
tests/xai_tests/test_wallet.py::TestWalletPersistence::test_save_and_load_encrypted_wallet PASSED [ 23%]
tests/xai_tests/test_wallet.py::TestWalletPersistence::test_load_encrypted_wallet_wrong_password PASSED [ 23%]
tests/xai_tests/test_wallet.py::TestWalletPersistence::test_load_encrypted_wallet_no_password PASSED [ 23%]
tests/xai_tests/test_wallet.py::TestWalletManager::test_manager_initialization PASSED [ 23%]
tests/xai_tests/test_wallet.py::TestWalletManager::test_create_and_load_unencrypted_wallet PASSED [ 23%]
tests/xai_tests/test_wallet.py::TestWalletManager::test_create_and_load_encrypted_wallet PASSED [ 23%]
tests/xai_tests/test_wallet.py::TestWalletManager::test_load_non_existent_wallet PASSED [ 23%]
tests/xai_tests/test_wallet.py::TestWalletManager::test_load_encrypted_wallet_wrong_password_manager PASSED [ 23%]
tests/xai_tests/test_wallet.py::TestWalletManager::test_list_wallets PASSED [ 23%]
tests/xai_tests/test_wallet.py::TestWalletManager::test_get_loaded_wallet PASSED [ 23%]
tests/xai_tests/test_wallet.py::TestWalletManager::test_get_unloaded_wallet PASSED [ 23%]
tests/xai_tests/test_xai_token.py::TestXAIToken::test_initialization PASSED [ 23%]
tests/xai_tests/test_xai_token.py::TestXAIToken::test_mint_tokens_success PASSED [ 23%]
tests/xai_tests/test_xai_token.py::TestXAIToken::test_mint_tokens_exceed_cap PASSED [ 23%]
tests/xai_tests/test_xai_token.py::TestXAIToken::test_mint_tokens_zero_or_negative_amount PASSED [ 23%]
tests/xai_tests/test_xai_token.py::TestXAIToken::test_create_vesting_schedule_success PASSED [ 23%]
tests/xai_tests/test_xai_token.py::TestXAIToken::test_create_vesting_schedule_insufficient_balance PASSED [ 24%]
tests/xai_tests/test_xai_token.py::TestXAIToken::test_get_token_metrics PASSED [ 24%]
tests/xai_tests/test_xai_token.py::TestXAIToken::test_calculate_circulating_supply_no_vesting PASSED [ 24%]
tests/xai_tests/test_xai_token.py::TestXAIToken::test_calculate_circulating_supply_with_vesting PASSED [ 24%]
tests/xai_tests/test_xai_token.py::TestXAIToken::test_calculate_circulating_supply_with_released_vesting PASSED [ 24%]
tests/xai_tests/unit/test_additional_ai_providers_coverage.py::TestPerplexityProvider::test_init PASSED [ 24%]
tests/xai_tests/unit/test_additional_ai_providers_coverage.py::TestPerplexityProvider::test_call_with_limit_success PASSED [ 24%]
tests/xai_tests/unit/test_additional_ai_providers_coverage.py::TestPerplexityProvider::test_call_with_limit_custom_model FAILED [ 24%]
tests/xai_tests/unit/test_additional_ai_providers_coverage.py::TestPerplexityProvider::test_call_with_limit_no_citations PASSED [ 24%]
tests/xai_tests/unit/test_additional_ai_providers_coverage.py::TestPerplexityProvider::test_call_with_limit_request_exception PASSED [ 24%]
tests/xai_tests/unit/test_additional_ai_providers_coverage.py::TestPerplexityProvider::test_call_with_limit_http_error PASSED [ 24%]
tests/xai_tests/unit/test_additional_ai_providers_coverage.py::TestPerplexityProvider::test_call_with_limit_timeout PASSED [ 24%]
tests/xai_tests/unit/test_additional_ai_providers_coverage.py::TestGroqProvider::test_init PASSED [ 24%]
tests/xai_tests/unit/test_additional_ai_providers_coverage.py::TestGroqProvider::test_call_with_limit_success PASSED [ 24%]
tests/xai_tests/unit/test_additional_ai_providers_coverage.py::TestGroqProvider::test_call_with_limit_custom_model PASSED [ 24%]
tests/xai_tests/unit/test_additional_ai_providers_coverage.py::TestGroqProvider::test_call_with_limit_error PASSED [ 24%]
tests/xai_tests/unit/test_additional_ai_providers_coverage.py::TestXAIProvider::test_init PASSED [ 24%]
tests/xai_tests/unit/test_additional_ai_providers_coverage.py::TestXAIProvider::test_call_with_limit_success PASSED [ 24%]
tests/xai_tests/unit/test_additional_ai_providers_coverage.py::TestXAIProvider::test_call_with_limit_grok_2_model PASSED [ 24%]
tests/xai_tests/unit/test_additional_ai_providers_coverage.py::TestXAIProvider::test_call_with_limit_error PASSED [ 24%]
tests/xai_tests/unit/test_additional_ai_providers_coverage.py::TestTogetherAIProvider::test_init PASSED [ 24%]
tests/xai_tests/unit/test_additional_ai_providers_coverage.py::TestTogetherAIProvider::test_call_with_limit_success PASSED [ 24%]
tests/xai_tests/unit/test_additional_ai_providers_coverage.py::TestTogetherAIProvider::test_call_with_limit_custom_model PASSED [ 24%]
tests/xai_tests/unit/test_additional_ai_providers_coverage.py::TestTogetherAIProvider::test_call_with_limit_error PASSED [ 24%]
tests/xai_tests/unit/test_additional_ai_providers_coverage.py::TestFireworksAIProvider::test_init PASSED [ 24%]
tests/xai_tests/unit/test_additional_ai_providers_coverage.py::TestFireworksAIProvider::test_call_with_limit_success PASSED [ 24%]
tests/xai_tests/unit/test_additional_ai_providers_coverage.py::TestFireworksAIProvider::test_call_with_limit_custom_model PASSED [ 24%]
tests/xai_tests/unit/test_additional_ai_providers_coverage.py::TestFireworksAIProvider::test_call_with_limit_error PASSED [ 24%]
tests/xai_tests/unit/test_additional_ai_providers_coverage.py::TestDeepSeekProvider::test_init PASSED [ 24%]
tests/xai_tests/unit/test_additional_ai_providers_coverage.py::TestDeepSeekProvider::test_call_with_limit_success PASSED [ 24%]
tests/xai_tests/unit/test_additional_ai_providers_coverage.py::TestDeepSeekProvider::test_call_with_limit_chat_model PASSED [ 24%]
tests/xai_tests/unit/test_additional_ai_providers_coverage.py::TestDeepSeekProvider::test_call_with_limit_error PASSED [ 24%]
tests/xai_tests/unit/test_additional_ai_providers_coverage.py::TestExtendExecutor::test_extend_executor_creates_providers FAILED [ 24%]
tests/xai_tests/unit/test_additional_ai_providers_coverage.py::TestExtendExecutor::test_call_perplexity_method FAILED [ 24%]
tests/xai_tests/unit/test_additional_ai_providers_coverage.py::TestExtendExecutor::test_call_groq_method FAILED [ 24%]
tests/xai_tests/unit/test_additional_ai_providers_coverage.py::TestExtendExecutor::test_call_xai_method FAILED [ 24%]
tests/xai_tests/unit/test_additional_ai_providers_coverage.py::TestExtendExecutor::test_call_together_method FAILED [ 24%]
tests/xai_tests/unit/test_additional_ai_providers_coverage.py::TestExtendExecutor::test_call_fireworks_method FAILED [ 24%]
tests/xai_tests/unit/test_additional_ai_providers_coverage.py::TestExtendExecutor::test_call_deepseek_method FAILED [ 24%]
tests/xai_tests/unit/test_additional_ai_providers_coverage.py::TestExtendExecutor::test_extension_preserves_original_execute PASSED [ 24%]
tests/xai_tests/unit/test_additional_ai_providers_coverage.py::TestProviderIntegration::test_all_providers_have_correct_base_url[PerplexityProvider-https://api.perplexity.ai] PASSED [ 25%]
tests/xai_tests/unit/test_additional_ai_providers_coverage.py::TestProviderIntegration::test_all_providers_have_correct_base_url[GroqProvider-https://api.groq.com/openai/v1] PASSED [ 25%]
tests/xai_tests/unit/test_additional_ai_providers_coverage.py::TestProviderIntegration::test_all_providers_have_correct_base_url[XAIProvider-https://api.x.ai/v1] PASSED [ 25%]
tests/xai_tests/unit/test_additional_ai_providers_coverage.py::TestProviderIntegration::test_all_providers_have_correct_base_url[TogetherAIProvider-https://api.together.xyz/v1] PASSED [ 25%]
tests/xai_tests/unit/test_additional_ai_providers_coverage.py::TestProviderIntegration::test_all_providers_have_correct_base_url[FireworksAIProvider-https://api.fireworks.ai/inference/v1] PASSED [ 25%]
tests/xai_tests/unit/test_additional_ai_providers_coverage.py::TestProviderIntegration::test_all_providers_have_correct_base_url[DeepSeekProvider-https://api.deepseek.com/v1] PASSED [ 25%]
tests/xai_tests/unit/test_additional_ai_providers_coverage.py::TestProviderIntegration::test_all_providers_have_call_with_limit[PerplexityProvider] PASSED [ 25%]
tests/xai_tests/unit/test_additional_ai_providers_coverage.py::TestProviderIntegration::test_all_providers_have_call_with_limit[GroqProvider] PASSED [ 25%]
tests/xai_tests/unit/test_additional_ai_providers_coverage.py::TestProviderIntegration::test_all_providers_have_call_with_limit[XAIProvider] PASSED [ 25%]
tests/xai_tests/unit/test_additional_ai_providers_coverage.py::TestProviderIntegration::test_all_providers_have_call_with_limit[TogetherAIProvider] PASSED [ 25%]
tests/xai_tests/unit/test_additional_ai_providers_coverage.py::TestProviderIntegration::test_all_providers_have_call_with_limit[FireworksAIProvider] PASSED [ 25%]
tests/xai_tests/unit/test_additional_ai_providers_coverage.py::TestProviderIntegration::test_all_providers_have_call_with_limit[DeepSeekProvider] PASSED [ 25%]
tests/xai_tests/unit/test_additional_ai_providers_coverage.py::TestProviderIntegration::test_all_providers_handle_network_errors[PerplexityProvider] PASSED [ 25%]
tests/xai_tests/unit/test_additional_ai_providers_coverage.py::TestProviderIntegration::test_all_providers_handle_network_errors[GroqProvider] PASSED [ 25%]
tests/xai_tests/unit/test_additional_ai_providers_coverage.py::TestProviderIntegration::test_all_providers_handle_network_errors[XAIProvider] PASSED [ 25%]
tests/xai_tests/unit/test_additional_ai_providers_coverage.py::TestProviderIntegration::test_all_providers_handle_network_errors[TogetherAIProvider] PASSED [ 25%]
tests/xai_tests/unit/test_additional_ai_providers_coverage.py::TestProviderIntegration::test_all_providers_handle_network_errors[FireworksAIProvider] PASSED [ 25%]
tests/xai_tests/unit/test_additional_ai_providers_coverage.py::TestProviderIntegration::test_all_providers_handle_network_errors[DeepSeekProvider] PASSED [ 25%]
tests/xai_tests/unit/test_additional_ai_providers_coverage.py::TestProviderIntegration::test_all_providers_send_correct_headers[PerplexityProvider] PASSED [ 25%]
tests/xai_tests/unit/test_additional_ai_providers_coverage.py::TestProviderIntegration::test_all_providers_send_correct_headers[GroqProvider] PASSED [ 25%]
tests/xai_tests/unit/test_additional_ai_providers_coverage.py::TestProviderIntegration::test_all_providers_send_correct_headers[XAIProvider] PASSED [ 25%]
tests/xai_tests/unit/test_additional_ai_providers_coverage.py::TestProviderIntegration::test_all_providers_send_correct_headers[TogetherAIProvider] PASSED [ 25%]
tests/xai_tests/unit/test_additional_ai_providers_coverage.py::TestProviderIntegration::test_all_providers_send_correct_headers[FireworksAIProvider] PASSED [ 25%]
tests/xai_tests/unit/test_additional_ai_providers_coverage.py::TestProviderIntegration::test_all_providers_send_correct_headers[DeepSeekProvider] PASSED [ 25%]
tests/xai_tests/unit/test_additional_ai_providers_coverage.py::TestProviderIntegration::test_all_providers_respect_max_tokens[PerplexityProvider] PASSED [ 25%]
tests/xai_tests/unit/test_additional_ai_providers_coverage.py::TestProviderIntegration::test_all_providers_respect_max_tokens[GroqProvider] PASSED [ 25%]
tests/xai_tests/unit/test_additional_ai_providers_coverage.py::TestProviderIntegration::test_all_providers_respect_max_tokens[XAIProvider] PASSED [ 25%]
tests/xai_tests/unit/test_additional_ai_providers_coverage.py::TestProviderIntegration::test_all_providers_respect_max_tokens[TogetherAIProvider] PASSED [ 25%]
tests/xai_tests/unit/test_additional_ai_providers_coverage.py::TestProviderIntegration::test_all_providers_respect_max_tokens[FireworksAIProvider] PASSED [ 25%]
tests/xai_tests/unit/test_additional_ai_providers_coverage.py::TestProviderIntegration::test_all_providers_respect_max_tokens[DeepSeekProvider] PASSED [ 25%]
tests/xai_tests/unit/test_additional_ai_providers_coverage.py::TestErrorHandling::test_malformed_json_response FAILED [ 25%]
tests/xai_tests/unit/test_additional_ai_providers_coverage.py::TestErrorHandling::test_missing_required_fields PASSED [ 25%]
tests/xai_tests/unit/test_additional_ai_providers_coverage.py::TestErrorHandling::test_rate_limit_error PASSED [ 25%]
tests/xai_tests/unit/test_additional_ai_providers_coverage.py::TestErrorHandling::test_unauthorized_error PASSED [ 25%]
tests/xai_tests/unit/test_additional_ai_providers_coverage.py::TestErrorHandling::test_server_error PASSED [ 25%]
tests/xai_tests/unit/test_additional_ai_providers_coverage.py::TestBoundaryConditions::test_very_large_max_tokens PASSED [ 25%]
tests/xai_tests/unit/test_additional_ai_providers_coverage.py::TestBoundaryConditions::test_zero_tokens_returned PASSED [ 25%]
tests/xai_tests/unit/test_additional_ai_providers_coverage.py::TestBoundaryConditions::test_empty_task_string PASSED [ 25%]
tests/xai_tests/unit/test_additional_ai_providers_coverage.py::TestBoundaryConditions::test_very_long_task_string PASSED [ 25%]
tests/xai_tests/unit/test_advanced_consensus_coverage.py::TestBlockPropagationMonitorComprehensive::test_record_block_first_seen_multiple_blocks PASSED [ 25%]
tests/xai_tests/unit/test_advanced_consensus_coverage.py::TestBlockPropagationMonitorComprehensive::test_record_block_first_seen_duplicate PASSED [ 25%]
tests/xai_tests/unit/test_advanced_consensus_coverage.py::TestBlockPropagationMonitorComprehensive::test_record_block_from_peer_updates_latency PASSED [ 26%]
tests/xai_tests/unit/test_advanced_consensus_coverage.py::TestBlockPropagationMonitorComprehensive::test_record_block_from_peer_exponential_moving_average PASSED [ 26%]
tests/xai_tests/unit/test_advanced_consensus_coverage.py::TestBlockPropagationMonitorComprehensive::test_get_peer_performance_no_data PASSED [ 26%]
tests/xai_tests/unit/test_advanced_consensus_coverage.py::TestBlockPropagationMonitorComprehensive::test_get_peer_performance_calculation PASSED [ 26%]
tests/xai_tests/unit/test_advanced_consensus_coverage.py::TestBlockPropagationMonitorComprehensive::test_get_network_stats_empty PASSED [ 26%]
tests/xai_tests/unit/test_advanced_consensus_coverage.py::TestBlockPropagationMonitorComprehensive::test_get_network_stats_with_data PASSED [ 26%]
tests/xai_tests/unit/test_advanced_consensus_coverage.py::TestBlockPropagationMonitorComprehensive::test_propagation_history_maxlen PASSED [ 26%]
tests/xai_tests/unit/test_advanced_consensus_coverage.py::TestOrphanBlockPoolComprehensive::test_add_orphan_with_explicit_parent_hash PASSED [ 26%]
tests/xai_tests/unit/test_advanced_consensus_coverage.py::TestOrphanBlockPoolComprehensive::test_add_orphan_max_capacity PASSED [ 26%]
tests/xai_tests/unit/test_advanced_consensus_coverage.py::TestOrphanBlockPoolComprehensive::test_remove_oldest_orphan PASSED [ 26%]
tests/xai_tests/unit/test_advanced_consensus_coverage.py::TestOrphanBlockPoolComprehensive::test_get_orphans_by_parent_multiple PASSED [ 26%]
tests/xai_tests/unit/test_advanced_consensus_coverage.py::TestOrphanBlockPoolComprehensive::test_get_orphans_by_previous_alias PASSED [ 26%]
tests/xai_tests/unit/test_advanced_consensus_coverage.py::TestOrphanBlockPoolComprehensive::test_remove_orphan_cleans_indexes PASSED [ 26%]
tests/xai_tests/unit/test_advanced_consensus_coverage.py::TestOrphanBlockPoolComprehensive::test_cleanup_expired_orphans_removes_old PASSED [ 26%]
tests/xai_tests/unit/test_advanced_consensus_coverage.py::TestOrphanBlockPoolComprehensive::test_cleanup_expired_orphans_keeps_recent PASSED [ 26%]
tests/xai_tests/unit/test_advanced_consensus_coverage.py::TestOrphanBlockPoolComprehensive::test_get_stats PASSED [ 26%]
tests/xai_tests/unit/test_advanced_consensus_coverage.py::TestOrphanBlockManagerAlias::test_orphan_block_manager_is_orphan_pool PASSED [ 26%]
tests/xai_tests/unit/test_advanced_consensus_coverage.py::TestTransactionOrderingComprehensive::test_order_transactions_empty_list PASSED [ 26%]
tests/xai_tests/unit/test_advanced_consensus_coverage.py::TestTransactionOrderingComprehensive::test_order_transactions_single_transaction PASSED [ 26%]
tests/xai_tests/unit/test_advanced_consensus_coverage.py::TestTransactionOrderingComprehensive::test_order_transactions_coinbase_first PASSED [ 26%]
tests/xai_tests/unit/test_advanced_consensus_coverage.py::TestTransactionOrderingComprehensive::test_order_transactions_by_fee_descending PASSED [ 26%]
tests/xai_tests/unit/test_advanced_consensus_coverage.py::TestTransactionOrderingComprehensive::test_order_transactions_by_timestamp_when_fees_equal PASSED [ 26%]
tests/xai_tests/unit/test_advanced_consensus_coverage.py::TestTransactionOrderingComprehensive::test_order_transactions_deterministic_tiebreaker PASSED [ 26%]
tests/xai_tests/unit/test_advanced_consensus_coverage.py::TestTransactionOrderingComprehensive::test_validate_transaction_order_valid PASSED [ 26%]
tests/xai_tests/unit/test_advanced_consensus_coverage.py::TestTransactionOrderingComprehensive::test_validate_transaction_order_empty PASSED [ 26%]
tests/xai_tests/unit/test_advanced_consensus_coverage.py::TestTransactionOrderingComprehensive::test_validate_transaction_order_no_coinbase_first PASSED [ 26%]
tests/xai_tests/unit/test_advanced_consensus_coverage.py::TestTransactionOrderingComprehensive::test_validate_transaction_order_wrong_fee_order PASSED [ 26%]
tests/xai_tests/unit/test_advanced_consensus_coverage.py::TestTransactionOrderingComprehensive::test_validate_transaction_order_wrong_timestamp_order PASSED [ 26%]
tests/xai_tests/unit/test_advanced_consensus_coverage.py::TestTransactionOrderingRulesComprehensive::test_order_by_fee PASSED [ 26%]
tests/xai_tests/unit/test_advanced_consensus_coverage.py::TestTransactionOrderingRulesComprehensive::test_order_by_timestamp PASSED [ 26%]
tests/xai_tests/unit/test_advanced_consensus_coverage.py::TestTransactionOrderingRulesComprehensive::test_prioritize_combines_fee_and_timestamp PASSED [ 26%]
tests/xai_tests/unit/test_advanced_consensus_coverage.py::TestFinalityTrackerComprehensive::test_get_block_finality_pending PASSED [ 26%]
tests/xai_tests/unit/test_advanced_consensus_coverage.py::TestFinalityTrackerComprehensive::test_get_block_finality_soft PASSED [ 26%]
tests/xai_tests/unit/test_advanced_consensus_coverage.py::TestFinalityTrackerComprehensive::test_get_block_finality_medium PASSED [ 26%]
tests/xai_tests/unit/test_advanced_consensus_coverage.py::TestFinalityTrackerComprehensive::test_get_block_finality_hard PASSED [ 26%]
tests/xai_tests/unit/test_advanced_consensus_coverage.py::TestFinalityTrackerComprehensive::test_mark_finalized PASSED [ 26%]
tests/xai_tests/unit/test_advanced_consensus_coverage.py::TestFinalityTrackerComprehensive::test_get_finality_stats PASSED [ 26%]
tests/xai_tests/unit/test_advanced_consensus_coverage.py::TestFinalityMechanismComprehensive::test_is_block_final_true PASSED [ 26%]
tests/xai_tests/unit/test_advanced_consensus_coverage.py::TestFinalityMechanismComprehensive::test_is_block_final_false PASSED [ 26%]
tests/xai_tests/unit/test_advanced_consensus_coverage.py::TestFinalityMechanismComprehensive::test_get_finality_score_full PASSED [ 26%]
tests/xai_tests/unit/test_advanced_consensus_coverage.py::TestFinalityMechanismComprehensive::test_get_finality_score_partial PASSED [ 27%]
tests/xai_tests/unit/test_advanced_consensus_coverage.py::TestFinalityMechanismComprehensive::test_get_finality_score_zero_depth PASSED [ 27%]
tests/xai_tests/unit/test_advanced_consensus_coverage.py::TestDynamicDifficultyAdjustmentComprehensive::test_calculate_new_difficulty_insufficient_blocks PASSED [ 27%]
tests/xai_tests/unit/test_advanced_consensus_coverage.py::TestDynamicDifficultyAdjustmentComprehensive::test_calculate_new_difficulty_stable FAILED [ 27%]
tests/xai_tests/unit/test_advanced_consensus_coverage.py::TestDynamicDifficultyAdjustmentComprehensive::test_should_adjust_difficulty_true FAILED [ 27%]
tests/xai_tests/unit/test_advanced_consensus_coverage.py::TestDynamicDifficultyAdjustmentComprehensive::test_should_adjust_difficulty_false PASSED [ 27%]
tests/xai_tests/unit/test_advanced_consensus_coverage.py::TestDynamicDifficultyAdjustmentComprehensive::test_get_difficulty_stats FAILED [ 27%]
tests/xai_tests/unit/test_advanced_consensus_coverage.py::TestDynamicDifficultyAdjustmentComprehensive::test_difficulty_clamped_to_max 