{"/home/hudson/blockchain-projects/xai/src/xai/browser_wallet_extension/background.js": {"path":"/home/hudson/blockchain-projects/xai/src/xai/browser_wallet_extension/background.js","statementMap":{"0":{"start":{"line":1,"column":25},"end":{"line":1,"column":48}},"1":{"start":{"line":3,"column":0},"end":{"line":7,"column":3}},"2":{"start":{"line":4,"column":2},"end":{"line":6,"column":5}},"3":{"start":{"line":5,"column":4},"end":{"line":5,"column":61}},"4":{"start":{"line":9,"column":0},"end":{"line":22,"column":3}},"5":{"start":{"line":10,"column":2},"end":{"line":15,"column":3}},"6":{"start":{"line":11,"column":4},"end":{"line":13,"column":7}},"7":{"start":{"line":12,"column":6},"end":{"line":12,"column":68}},"8":{"start":{"line":14,"column":4},"end":{"line":14,"column":16}},"9":{"start":{"line":16,"column":2},"end":{"line":21,"column":3}},"10":{"start":{"line":17,"column":4},"end":{"line":19,"column":7}},"11":{"start":{"line":18,"column":6},"end":{"line":18,"column":49}},"12":{"start":{"line":20,"column":4},"end":{"line":20,"column":16}}},"fnMap":{"0":{"name":"(anonymous_0)","decl":{"start":{"line":3,"column":39},"end":{"line":3,"column":40}},"loc":{"start":{"line":3,"column":45},"end":{"line":7,"column":1}},"line":3},"1":{"name":"(anonymous_1)","decl":{"start":{"line":4,"column":58},"end":{"line":4,"column":59}},"loc":{"start":{"line":4,"column":64},"end":{"line":6,"column":3}},"line":4},"2":{"name":"(anonymous_2)","decl":{"start":{"line":9,"column":37},"end":{"line":9,"column":38}},"loc":{"start":{"line":9,"column":72},"end":{"line":22,"column":1}},"line":9},"3":{"name":"(anonymous_3)","decl":{"start":{"line":11,"column":42},"end":{"line":11,"column":43}},"loc":{"start":{"line":11,"column":54},"end":{"line":13,"column":5}},"line":11},"4":{"name":"(anonymous_4)","decl":{"start":{"line":17,"column":59},"end":{"line":17,"column":60}},"loc":{"start":{"line":17,"column":65},"end":{"line":19,"column":5}},"line":17}},"branchMap":{"0":{"loc":{"start":{"line":10,"column":2},"end":{"line":15,"column":3}},"type":"if","locations":[{"start":{"line":10,"column":2},"end":{"line":15,"column":3}},{"start":{},"end":{}}],"line":10},"1":{"loc":{"start":{"line":12,"column":30},"end":{"line":12,"column":64}},"type":"binary-expr","locations":[{"start":{"line":12,"column":30},"end":{"line":12,"column":44}},{"start":{"line":12,"column":48},"end":{"line":12,"column":64}}],"line":12},"2":{"loc":{"start":{"line":16,"column":2},"end":{"line":21,"column":3}},"type":"if","locations":[{"start":{"line":16,"column":2},"end":{"line":21,"column":3}},{"start":{},"end":{}}],"line":16}},"s":{"0":0,"1":0,"2":0,"3":0,"4":0,"5":0,"6":0,"7":0,"8":0,"9":0,"10":0,"11":0,"12":0},"f":{"0":0,"1":0,"2":0,"3":0,"4":0},"b":{"0":[0,0],"1":[0,0],"2":[0,0]}}
,"/home/hudson/blockchain-projects/xai/src/xai/browser_wallet_extension/hw-manager.js": {"path":"/home/hudson/blockchain-projects/xai/src/xai/browser_wallet_extension/hw-manager.js","statementMap":{"0":{"start":{"line":87,"column":8},"end":{"line":87,"column":68}},"1":{"start":{"line":88,"column":8},"end":{"line":88,"column":60}},"2":{"start":{"line":89,"column":8},"end":{"line":89,"column":61}},"3":{"start":{"line":91,"column":8},"end":{"line":91,"column":34}},"4":{"start":{"line":92,"column":8},"end":{"line":92,"column":38}},"5":{"start":{"line":93,"column":8},"end":{"line":93,"column":31}},"6":{"start":{"line":94,"column":8},"end":{"line":94,"column":33}},"7":{"start":{"line":95,"column":8},"end":{"line":95,"column":35}},"8":{"start":{"line":105,"column":26},"end":{"line":105,"column":28}},"9":{"start":{"line":108,"column":8},"end":{"line":115,"column":9}},"10":{"start":{"line":109,"column":12},"end":{"line":111,"column":13}},"11":{"start":{"line":110,"column":16},"end":{"line":110,"column":41}},"12":{"start":{"line":114,"column":12},"end":{"line":114,"column":37}},"13":{"start":{"line":117,"column":8},"end":{"line":117,"column":25}},"14":{"start":{"line":128,"column":22},"end":{"line":131,"column":9}},"15":{"start":{"line":132,"column":8},"end":{"line":132,"column":35}},"16":{"start":{"line":146,"column":33},"end":{"line":146,"column":76}},"17":{"start":{"line":147,"column":8},"end":{"line":152,"column":9}},"18":{"start":{"line":148,"column":12},"end":{"line":151,"column":14}},"19":{"start":{"line":155,"column":8},"end":{"line":157,"column":9}},"20":{"start":{"line":156,"column":12},"end":{"line":156,"column":36}},"21":{"start":{"line":159,"column":26},"end":{"line":159,"column":61}},"22":{"start":{"line":161,"column":8},"end":{"line":210,"column":9}},"23":{"start":{"line":162,"column":12},"end":{"line":162,"column":59}},"24":{"start":{"line":165,"column":12},"end":{"line":179,"column":13}},"25":{"start":{"line":167,"column":16},"end":{"line":169,"column":17}},"26":{"start":{"line":168,"column":20},"end":{"line":168,"column":93}},"27":{"start":{"line":170,"column":16},"end":{"line":170,"column":77}},"28":{"start":{"line":171,"column":19},"end":{"line":179,"column":13}},"29":{"start":{"line":173,"column":16},"end":{"line":175,"column":17}},"30":{"start":{"line":174,"column":20},"end":{"line":174,"column":93}},"31":{"start":{"line":176,"column":16},"end":{"line":176,"column":77}},"32":{"start":{"line":178,"column":16},"end":{"line":178,"column":70}},"33":{"start":{"line":182,"column":12},"end":{"line":182,"column":47}},"34":{"start":{"line":185,"column":30},"end":{"line":185,"column":74}},"35":{"start":{"line":186,"column":28},"end":{"line":186,"column":70}},"36":{"start":{"line":189,"column":12},"end":{"line":189,"column":48}},"37":{"start":{"line":190,"column":12},"end":{"line":196,"column":14}},"38":{"start":{"line":198,"column":12},"end":{"line":198,"column":53}},"39":{"start":{"line":200,"column":12},"end":{"line":200,"column":35}},"40":{"start":{"line":202,"column":12},"end":{"line":202,"column":38}},"41":{"start":{"line":203,"column":12},"end":{"line":203,"column":42}},"42":{"start":{"line":204,"column":12},"end":{"line":204,"column":35}},"43":{"start":{"line":206,"column":26},"end":{"line":206,"column":60}},"44":{"start":{"line":207,"column":12},"end":{"line":207,"column":70}},"45":{"start":{"line":209,"column":12},"end":{"line":209,"column":24}},"46":{"start":{"line":220,"column":8},"end":{"line":223,"column":9}},"47":{"start":{"line":221,"column":12},"end":{"line":221,"column":46}},"48":{"start":{"line":222,"column":12},"end":{"line":222,"column":39}},"49":{"start":{"line":225,"column":8},"end":{"line":227,"column":9}},"50":{"start":{"line":226,"column":12},"end":{"line":226,"column":19}},"51":{"start":{"line":229,"column":8},"end":{"line":241,"column":9}},"52":{"start":{"line":230,"column":12},"end":{"line":230,"column":50}},"53":{"start":{"line":232,"column":12},"end":{"line":232,"column":61}},"54":{"start":{"line":234,"column":31},"end":{"line":234,"column":53}},"55":{"start":{"line":236,"column":12},"end":{"line":236,"column":38}},"56":{"start":{"line":237,"column":12},"end":{"line":237,"column":42}},"57":{"start":{"line":238,"column":12},"end":{"line":238,"column":35}},"58":{"start":{"line":240,"column":12},"end":{"line":240,"column":61}},"59":{"start":{"line":250,"column":8},"end":{"line":250,"column":79}},"60":{"start":{"line":259,"column":8},"end":{"line":259,"column":31}},"61":{"start":{"line":270,"column":8},"end":{"line":270,"column":34}},"62":{"start":{"line":272,"column":8},"end":{"line":282,"column":9}},"63":{"start":{"line":273,"column":28},"end":{"line":273,"column":77}},"64":{"start":{"line":275,"column":12},"end":{"line":277,"column":13}},"65":{"start":{"line":276,"column":16},"end":{"line":276,"column":50}},"66":{"start":{"line":279,"column":12},"end":{"line":279,"column":27}},"67":{"start":{"line":281,"column":12},"end":{"line":281,"column":65}},"68":{"start":{"line":293,"column":8},"end":{"line":293,"column":34}},"69":{"start":{"line":295,"column":8},"end":{"line":295,"column":75}},"70":{"start":{"line":297,"column":8},"end":{"line":339,"column":9}},"71":{"start":{"line":299,"column":31},"end":{"line":299,"column":71}},"72":{"start":{"line":302,"column":33},"end":{"line":302,"column":56}},"73":{"start":{"line":307,"column":12},"end":{"line":318,"column":13}},"74":{"start":{"line":309,"column":16},"end":{"line":309,"column":83}},"75":{"start":{"line":310,"column":19},"end":{"line":318,"column":13}},"76":{"start":{"line":313,"column":30},"end":{"line":313,"column":66}},"77":{"start":{"line":314,"column":31},"end":{"line":314,"column":78}},"78":{"start":{"line":315,"column":16},"end":{"line":315,"column":45}},"79":{"start":{"line":317,"column":16},"end":{"line":317,"column":55}},"80":{"start":{"line":321,"column":33},"end":{"line":323,"column":25}},"81":{"start":{"line":322,"column":26},"end":{"line":322,"column":57}},"82":{"start":{"line":326,"column":29},"end":{"line":330,"column":13}},"83":{"start":{"line":332,"column":12},"end":{"line":332,"column":83}},"84":{"start":{"line":334,"column":12},"end":{"line":334,"column":28}},"85":{"start":{"line":336,"column":26},"end":{"line":336,"column":72}},"86":{"start":{"line":337,"column":12},"end":{"line":337,"column":89}},"87":{"start":{"line":338,"column":12},"end":{"line":338,"column":24}},"88":{"start":{"line":350,"column":8},"end":{"line":350,"column":34}},"89":{"start":{"line":352,"column":8},"end":{"line":352,"column":60}},"90":{"start":{"line":354,"column":8},"end":{"line":375,"column":9}},"91":{"start":{"line":356,"column":33},"end":{"line":358,"column":25}},"92":{"start":{"line":361,"column":30},"end":{"line":361,"column":80}},"93":{"start":{"line":364,"column":33},"end":{"line":366,"column":25}},"94":{"start":{"line":365,"column":26},"end":{"line":365,"column":57}},"95":{"start":{"line":368,"column":12},"end":{"line":368,"column":79}},"96":{"start":{"line":370,"column":12},"end":{"line":370,"column":32}},"97":{"start":{"line":372,"column":26},"end":{"line":372,"column":72}},"98":{"start":{"line":373,"column":12},"end":{"line":373,"column":85}},"99":{"start":{"line":374,"column":12},"end":{"line":374,"column":24}},"100":{"start":{"line":386,"column":8},"end":{"line":386,"column":79}},"101":{"start":{"line":386,"column":29},"end":{"line":386,"column":79}},"102":{"start":{"line":387,"column":8},"end":{"line":387,"column":85}},"103":{"start":{"line":387,"column":32},"end":{"line":387,"column":85}},"104":{"start":{"line":388,"column":8},"end":{"line":388,"column":86}},"105":{"start":{"line":388,"column":36},"end":{"line":388,"column":86}},"106":{"start":{"line":389,"column":8},"end":{"line":389,"column":80}},"107":{"start":{"line":389,"column":33},"end":{"line":389,"column":80}},"108":{"start":{"line":390,"column":8},"end":{"line":390,"column":84}},"109":{"start":{"line":390,"column":35},"end":{"line":390,"column":84}},"110":{"start":{"line":393,"column":27},"end":{"line":404,"column":9}},"111":{"start":{"line":407,"column":26},"end":{"line":407,"column":84}},"112":{"start":{"line":408,"column":29},"end":{"line":408,"column":64}},"113":{"start":{"line":411,"column":35},"end":{"line":411,"column":80}},"114":{"start":{"line":413,"column":8},"end":{"line":424,"column":10}},"115":{"start":{"line":420,"column":35},"end":{"line":420,"column":64}},"116":{"start":{"line":421,"column":34},"end":{"line":421,"column":72}},"117":{"start":{"line":422,"column":16},"end":{"line":422,"column":84}},"118":{"start":{"line":422,"column":42},"end":{"line":422,"column":73}},"119":{"start":{"line":437,"column":28},"end":{"line":437,"column":61}},"120":{"start":{"line":439,"column":8},"end":{"line":445,"column":10}},"121":{"start":{"line":463,"column":8},"end":{"line":465,"column":9}},"122":{"start":{"line":464,"column":12},"end":{"line":464,"column":65}},"123":{"start":{"line":467,"column":8},"end":{"line":469,"column":9}},"124":{"start":{"line":468,"column":12},"end":{"line":468,"column":44}},"125":{"start":{"line":471,"column":8},"end":{"line":471,"column":50}},"126":{"start":{"line":481,"column":8},"end":{"line":483,"column":9}},"127":{"start":{"line":482,"column":12},"end":{"line":482,"column":19}},"128":{"start":{"line":485,"column":8},"end":{"line":487,"column":10}},"129":{"start":{"line":486,"column":18},"end":{"line":486,"column":33}},"130":{"start":{"line":498,"column":26},"end":{"line":498,"column":58}},"131":{"start":{"line":500,"column":8},"end":{"line":506,"column":9}},"132":{"start":{"line":501,"column":12},"end":{"line":505,"column":13}},"133":{"start":{"line":502,"column":16},"end":{"line":502,"column":31}},"134":{"start":{"line":504,"column":16},"end":{"line":504,"column":72}},"135":{"start":{"line":516,"column":8},"end":{"line":518,"column":9}},"136":{"start":{"line":517,"column":12},"end":{"line":517,"column":83}},"137":{"start":{"line":530,"column":24},"end":{"line":530,"column":50}},"138":{"start":{"line":533,"column":31},"end":{"line":543,"column":9}},"139":{"start":{"line":546,"column":8},"end":{"line":550,"column":9}},"140":{"start":{"line":547,"column":12},"end":{"line":549,"column":13}},"141":{"start":{"line":548,"column":16},"end":{"line":548,"column":50}},"142":{"start":{"line":553,"column":8},"end":{"line":553,"column":19}},"143":{"start":{"line":565,"column":26},"end":{"line":565,"column":73}},"144":{"start":{"line":566,"column":28},"end":{"line":566,"column":71}},"145":{"start":{"line":568,"column":8},"end":{"line":576,"column":10}},"146":{"start":{"line":586,"column":8},"end":{"line":588,"column":9}},"147":{"start":{"line":587,"column":12},"end":{"line":587,"column":19}},"148":{"start":{"line":590,"column":8},"end":{"line":597,"column":9}},"149":{"start":{"line":591,"column":12},"end":{"line":591,"column":55}},"150":{"start":{"line":594,"column":12},"end":{"line":596,"column":36}},"151":{"start":{"line":595,"column":16},"end":{"line":595,"column":41}},"152":{"start":{"line":617,"column":20},"end":{"line":625,"column":5}},"153":{"start":{"line":627,"column":20},"end":{"line":627,"column":47}},"154":{"start":{"line":628,"column":4},"end":{"line":628,"column":53}},"155":{"start":{"line":640,"column":20},"end":{"line":640,"column":47}},"156":{"start":{"line":641,"column":4},"end":{"line":641,"column":76}},"157":{"start":{"line":645,"column":0},"end":{"line":655,"column":1}},"158":{"start":{"line":646,"column":4},"end":{"line":650,"column":6}},"159":{"start":{"line":651,"column":7},"end":{"line":655,"column":1}},"160":{"start":{"line":652,"column":4},"end":{"line":652,"column":57}},"161":{"start":{"line":653,"column":4},"end":{"line":653,"column":63}},"162":{"start":{"line":654,"column":4},"end":{"line":654,"column":47}}},"fnMap":{"0":{"name":"(anonymous_0)","decl":{"start":{"line":86,"column":4},"end":{"line":86,"column":5}},"loc":{"start":{"line":86,"column":30},"end":{"line":96,"column":5}},"line":86},"1":{"name":"(anonymous_1)","decl":{"start":{"line":104,"column":4},"end":{"line":104,"column":5}},"loc":{"start":{"line":104,"column":33},"end":{"line":118,"column":5}},"line":104},"2":{"name":"(anonymous_2)","decl":{"start":{"line":127,"column":4},"end":{"line":127,"column":5}},"loc":{"start":{"line":127,"column":31},"end":{"line":133,"column":5}},"line":127},"3":{"name":"(anonymous_3)","decl":{"start":{"line":144,"column":4},"end":{"line":144,"column":5}},"loc":{"start":{"line":144,"column":44},"end":{"line":211,"column":5}},"line":144},"4":{"name":"(anonymous_4)","decl":{"start":{"line":218,"column":4},"end":{"line":218,"column":5}},"loc":{"start":{"line":218,"column":23},"end":{"line":242,"column":5}},"line":218},"5":{"name":"(anonymous_5)","decl":{"start":{"line":249,"column":4},"end":{"line":249,"column":5}},"loc":{"start":{"line":249,"column":18},"end":{"line":251,"column":5}},"line":249},"6":{"name":"(anonymous_6)","decl":{"start":{"line":258,"column":4},"end":{"line":258,"column":5}},"loc":{"start":{"line":258,"column":25},"end":{"line":260,"column":5}},"line":258},"7":{"name":"(anonymous_7)","decl":{"start":{"line":269,"column":4},"end":{"line":269,"column":5}},"loc":{"start":{"line":269,"column":43},"end":{"line":283,"column":5}},"line":269},"8":{"name":"(anonymous_8)","decl":{"start":{"line":292,"column":4},"end":{"line":292,"column":5}},"loc":{"start":{"line":292,"column":37},"end":{"line":340,"column":5}},"line":292},"9":{"name":"(anonymous_9)","decl":{"start":{"line":322,"column":21},"end":{"line":322,"column":22}},"loc":{"start":{"line":322,"column":26},"end":{"line":322,"column":57}},"line":322},"10":{"name":"(anonymous_10)","decl":{"start":{"line":349,"column":4},"end":{"line":349,"column":5}},"loc":{"start":{"line":349,"column":31},"end":{"line":376,"column":5}},"line":349},"11":{"name":"(anonymous_11)","decl":{"start":{"line":365,"column":21},"end":{"line":365,"column":22}},"loc":{"start":{"line":365,"column":26},"end":{"line":365,"column":57}},"line":365},"12":{"name":"(anonymous_12)","decl":{"start":{"line":384,"column":4},"end":{"line":384,"column":5}},"loc":{"start":{"line":384,"column":38},"end":{"line":425,"column":5}},"line":384},"13":{"name":"(anonymous_13)","decl":{"start":{"line":419,"column":12},"end":{"line":419,"column":13}},"loc":{"start":{"line":419,"column":35},"end":{"line":423,"column":13}},"line":419},"14":{"name":"(anonymous_14)","decl":{"start":{"line":422,"column":37},"end":{"line":422,"column":38}},"loc":{"start":{"line":422,"column":42},"end":{"line":422,"column":73}},"line":422},"15":{"name":"(anonymous_15)","decl":{"start":{"line":435,"column":4},"end":{"line":435,"column":5}},"loc":{"start":{"line":435,"column":61},"end":{"line":446,"column":5}},"line":435},"16":{"name":"(anonymous_16)","decl":{"start":{"line":462,"column":4},"end":{"line":462,"column":5}},"loc":{"start":{"line":462,"column":24},"end":{"line":472,"column":5}},"line":462},"17":{"name":"(anonymous_17)","decl":{"start":{"line":480,"column":4},"end":{"line":480,"column":5}},"loc":{"start":{"line":480,"column":25},"end":{"line":488,"column":5}},"line":480},"18":{"name":"(anonymous_18)","decl":{"start":{"line":486,"column":12},"end":{"line":486,"column":13}},"loc":{"start":{"line":486,"column":18},"end":{"line":486,"column":33}},"line":486},"19":{"name":"(anonymous_19)","decl":{"start":{"line":497,"column":4},"end":{"line":497,"column":5}},"loc":{"start":{"line":497,"column":23},"end":{"line":507,"column":5}},"line":497},"20":{"name":"(anonymous_20)","decl":{"start":{"line":515,"column":4},"end":{"line":515,"column":5}},"loc":{"start":{"line":515,"column":25},"end":{"line":519,"column":5}},"line":515},"21":{"name":"(anonymous_21)","decl":{"start":{"line":529,"column":4},"end":{"line":529,"column":5}},"loc":{"start":{"line":529,"column":34},"end":{"line":554,"column":5}},"line":529},"22":{"name":"(anonymous_22)","decl":{"start":{"line":563,"column":4},"end":{"line":563,"column":5}},"loc":{"start":{"line":563,"column":36},"end":{"line":577,"column":5}},"line":563},"23":{"name":"(anonymous_23)","decl":{"start":{"line":585,"column":4},"end":{"line":585,"column":5}},"loc":{"start":{"line":585,"column":30},"end":{"line":598,"column":5}},"line":585},"24":{"name":"(anonymous_24)","decl":{"start":{"line":594,"column":45},"end":{"line":594,"column":46}},"loc":{"start":{"line":594,"column":51},"end":{"line":596,"column":13}},"line":594},"25":{"name":"buildUnsignedTransaction","decl":{"start":{"line":616,"column":9},"end":{"line":616,"column":33}},"loc":{"start":{"line":616,"column":78},"end":{"line":629,"column":1}},"line":616},"26":{"name":"combineSignature","decl":{"start":{"line":639,"column":15},"end":{"line":639,"column":31}},"loc":{"start":{"line":639,"column":66},"end":{"line":642,"column":1}},"line":639}},"branchMap":{"0":{"loc":{"start":{"line":86,"column":16},"end":{"line":86,"column":28}},"type":"default-arg","locations":[{"start":{"line":86,"column":26},"end":{"line":86,"column":28}}],"line":86},"1":{"loc":{"start":{"line":87,"column":25},"end":{"line":87,"column":67}},"type":"binary-expr","locations":[{"start":{"line":87,"column":25},"end":{"line":87,"column":42}},{"start":{"line":87,"column":46},"end":{"line":87,"column":67}}],"line":87},"2":{"loc":{"start":{"line":88,"column":29},"end":{"line":88,"column":59}},"type":"binary-expr","locations":[{"start":{"line":88,"column":29},"end":{"line":88,"column":50}},{"start":{"line":88,"column":54},"end":{"line":88,"column":59}}],"line":88},"3":{"loc":{"start":{"line":89,"column":30},"end":{"line":89,"column":60}},"type":"binary-expr","locations":[{"start":{"line":89,"column":30},"end":{"line":89,"column":52}},{"start":{"line":89,"column":56},"end":{"line":89,"column":60}}],"line":89},"4":{"loc":{"start":{"line":108,"column":8},"end":{"line":115,"column":9}},"type":"if","locations":[{"start":{"line":108,"column":8},"end":{"line":115,"column":9}},{"start":{},"end":{}}],"line":108},"5":{"loc":{"start":{"line":109,"column":12},"end":{"line":111,"column":13}},"type":"if","locations":[{"start":{"line":109,"column":12},"end":{"line":111,"column":13}},{"start":{},"end":{}}],"line":109},"6":{"loc":{"start":{"line":109,"column":16},"end":{"line":109,"column":56}},"type":"binary-expr","locations":[{"start":{"line":109,"column":16},"end":{"line":109,"column":34}},{"start":{"line":109,"column":38},"end":{"line":109,"column":56}}],"line":109},"7":{"loc":{"start":{"line":132,"column":15},"end":{"line":132,"column":34}},"type":"binary-expr","locations":[{"start":{"line":132,"column":15},"end":{"line":132,"column":26}},{"start":{"line":132,"column":30},"end":{"line":132,"column":34}}],"line":132},"8":{"loc":{"start":{"line":144,"column":30},"end":{"line":144,"column":42}},"type":"default-arg","locations":[{"start":{"line":144,"column":40},"end":{"line":144,"column":42}}],"line":144},"9":{"loc":{"start":{"line":147,"column":8},"end":{"line":152,"column":9}},"type":"if","locations":[{"start":{"line":147,"column":8},"end":{"line":152,"column":9}},{"start":{},"end":{}}],"line":147},"10":{"loc":{"start":{"line":155,"column":8},"end":{"line":157,"column":9}},"type":"if","locations":[{"start":{"line":155,"column":8},"end":{"line":157,"column":9}},{"start":{},"end":{}}],"line":155},"11":{"loc":{"start":{"line":159,"column":26},"end":{"line":159,"column":61}},"type":"binary-expr","locations":[{"start":{"line":159,"column":26},"end":{"line":159,"column":43}},{"start":{"line":159,"column":47},"end":{"line":159,"column":61}}],"line":159},"12":{"loc":{"start":{"line":165,"column":12},"end":{"line":179,"column":13}},"type":"if","locations":[{"start":{"line":165,"column":12},"end":{"line":179,"column":13}},{"start":{"line":171,"column":19},"end":{"line":179,"column":13}}],"line":165},"13":{"loc":{"start":{"line":167,"column":16},"end":{"line":169,"column":17}},"type":"if","locations":[{"start":{"line":167,"column":16},"end":{"line":169,"column":17}},{"start":{},"end":{}}],"line":167},"14":{"loc":{"start":{"line":171,"column":19},"end":{"line":179,"column":13}},"type":"if","locations":[{"start":{"line":171,"column":19},"end":{"line":179,"column":13}},{"start":{"line":177,"column":19},"end":{"line":179,"column":13}}],"line":171},"15":{"loc":{"start":{"line":173,"column":16},"end":{"line":175,"column":17}},"type":"if","locations":[{"start":{"line":173,"column":16},"end":{"line":175,"column":17}},{"start":{},"end":{}}],"line":173},"16":{"loc":{"start":{"line":220,"column":8},"end":{"line":223,"column":9}},"type":"if","locations":[{"start":{"line":220,"column":8},"end":{"line":223,"column":9}},{"start":{},"end":{}}],"line":220},"17":{"loc":{"start":{"line":225,"column":8},"end":{"line":227,"column":9}},"type":"if","locations":[{"start":{"line":225,"column":8},"end":{"line":227,"column":9}},{"start":{},"end":{}}],"line":225},"18":{"loc":{"start":{"line":250,"column":15},"end":{"line":250,"column":78}},"type":"binary-expr","locations":[{"start":{"line":250,"column":15},"end":{"line":250,"column":42}},{"start":{"line":250,"column":46},"end":{"line":250,"column":78}}],"line":250},"19":{"loc":{"start":{"line":269,"column":21},"end":{"line":269,"column":41}},"type":"default-arg","locations":[{"start":{"line":269,"column":36},"end":{"line":269,"column":41}}],"line":269},"20":{"loc":{"start":{"line":275,"column":12},"end":{"line":277,"column":13}},"type":"if","locations":[{"start":{"line":275,"column":12},"end":{"line":277,"column":13}},{"start":{},"end":{}}],"line":275},"21":{"loc":{"start":{"line":307,"column":12},"end":{"line":318,"column":13}},"type":"if","locations":[{"start":{"line":307,"column":12},"end":{"line":318,"column":13}},{"start":{"line":310,"column":19},"end":{"line":318,"column":13}}],"line":307},"22":{"loc":{"start":{"line":310,"column":19},"end":{"line":318,"column":13}},"type":"if","locations":[{"start":{"line":310,"column":19},"end":{"line":318,"column":13}},{"start":{"line":316,"column":19},"end":{"line":318,"column":13}}],"line":310},"23":{"loc":{"start":{"line":356,"column":33},"end":{"line":358,"column":25}},"type":"cond-expr","locations":[{"start":{"line":357,"column":18},"end":{"line":357,"column":51}},{"start":{"line":358,"column":18},"end":{"line":358,"column":25}}],"line":356},"24":{"loc":{"start":{"line":386,"column":8},"end":{"line":386,"column":79}},"type":"if","locations":[{"start":{"line":386,"column":8},"end":{"line":386,"column":79}},{"start":{},"end":{}}],"line":386},"25":{"loc":{"start":{"line":387,"column":8},"end":{"line":387,"column":85}},"type":"if","locations":[{"start":{"line":387,"column":8},"end":{"line":387,"column":85}},{"start":{},"end":{}}],"line":387},"26":{"loc":{"start":{"line":388,"column":8},"end":{"line":388,"column":86}},"type":"if","locations":[{"start":{"line":388,"column":8},"end":{"line":388,"column":86}},{"start":{},"end":{}}],"line":388},"27":{"loc":{"start":{"line":389,"column":8},"end":{"line":389,"column":80}},"type":"if","locations":[{"start":{"line":389,"column":8},"end":{"line":389,"column":80}},{"start":{},"end":{}}],"line":389},"28":{"loc":{"start":{"line":390,"column":8},"end":{"line":390,"column":84}},"type":"if","locations":[{"start":{"line":390,"column":8},"end":{"line":390,"column":84}},{"start":{},"end":{}}],"line":390},"29":{"loc":{"start":{"line":401,"column":18},"end":{"line":401,"column":36}},"type":"binary-expr","locations":[{"start":{"line":401,"column":18},"end":{"line":401,"column":30}},{"start":{"line":401,"column":34},"end":{"line":401,"column":36}}],"line":401},"30":{"loc":{"start":{"line":402,"column":21},"end":{"line":402,"column":49}},"type":"binary-expr","locations":[{"start":{"line":402,"column":21},"end":{"line":402,"column":36}},{"start":{"line":402,"column":40},"end":{"line":402,"column":49}}],"line":402},"31":{"loc":{"start":{"line":463,"column":8},"end":{"line":465,"column":9}},"type":"if","locations":[{"start":{"line":463,"column":8},"end":{"line":465,"column":9}},{"start":{},"end":{}}],"line":463},"32":{"loc":{"start":{"line":467,"column":8},"end":{"line":469,"column":9}},"type":"if","locations":[{"start":{"line":467,"column":8},"end":{"line":469,"column":9}},{"start":{},"end":{}}],"line":467},"33":{"loc":{"start":{"line":481,"column":8},"end":{"line":483,"column":9}},"type":"if","locations":[{"start":{"line":481,"column":8},"end":{"line":483,"column":9}},{"start":{},"end":{}}],"line":481},"34":{"loc":{"start":{"line":498,"column":26},"end":{"line":498,"column":58}},"type":"binary-expr","locations":[{"start":{"line":498,"column":26},"end":{"line":498,"column":52}},{"start":{"line":498,"column":56},"end":{"line":498,"column":58}}],"line":498},"35":{"loc":{"start":{"line":516,"column":8},"end":{"line":518,"column":9}},"type":"if","locations":[{"start":{"line":516,"column":8},"end":{"line":518,"column":9}},{"start":{},"end":{}}],"line":516},"36":{"loc":{"start":{"line":530,"column":24},"end":{"line":530,"column":50}},"type":"binary-expr","locations":[{"start":{"line":530,"column":24},"end":{"line":530,"column":35}},{"start":{"line":530,"column":39},"end":{"line":530,"column":50}}],"line":530},"37":{"loc":{"start":{"line":547,"column":12},"end":{"line":549,"column":13}},"type":"if","locations":[{"start":{"line":547,"column":12},"end":{"line":549,"column":13}},{"start":{},"end":{}}],"line":547},"38":{"loc":{"start":{"line":574,"column":18},"end":{"line":574,"column":92}},"type":"cond-expr","locations":[{"start":{"line":574,"column":35},"end":{"line":574,"column":85}},{"start":{"line":574,"column":88},"end":{"line":574,"column":92}}],"line":574},"39":{"loc":{"start":{"line":575,"column":21},"end":{"line":575,"column":47}},"type":"binary-expr","locations":[{"start":{"line":575,"column":21},"end":{"line":575,"column":38}},{"start":{"line":575,"column":42},"end":{"line":575,"column":47}}],"line":575},"40":{"loc":{"start":{"line":586,"column":8},"end":{"line":588,"column":9}},"type":"if","locations":[{"start":{"line":586,"column":8},"end":{"line":588,"column":9}},{"start":{},"end":{}}],"line":586},"41":{"loc":{"start":{"line":586,"column":12},"end":{"line":586,"column":58}},"type":"binary-expr","locations":[{"start":{"line":586,"column":12},"end":{"line":586,"column":31}},{"start":{"line":586,"column":35},"end":{"line":586,"column":58}}],"line":586},"42":{"loc":{"start":{"line":616,"column":64},"end":{"line":616,"column":76}},"type":"default-arg","locations":[{"start":{"line":616,"column":74},"end":{"line":616,"column":76}}],"line":616},"43":{"loc":{"start":{"line":623,"column":14},"end":{"line":623,"column":32}},"type":"binary-expr","locations":[{"start":{"line":623,"column":14},"end":{"line":623,"column":26}},{"start":{"line":623,"column":30},"end":{"line":623,"column":32}}],"line":623},"44":{"loc":{"start":{"line":624,"column":17},"end":{"line":624,"column":45}},"type":"binary-expr","locations":[{"start":{"line":624,"column":17},"end":{"line":624,"column":32}},{"start":{"line":624,"column":36},"end":{"line":624,"column":45}}],"line":624},"45":{"loc":{"start":{"line":645,"column":0},"end":{"line":655,"column":1}},"type":"if","locations":[{"start":{"line":645,"column":0},"end":{"line":655,"column":1}},{"start":{"line":651,"column":7},"end":{"line":655,"column":1}}],"line":645},"46":{"loc":{"start":{"line":645,"column":4},"end":{"line":645,"column":51}},"type":"binary-expr","locations":[{"start":{"line":645,"column":4},"end":{"line":645,"column":33}},{"start":{"line":645,"column":37},"end":{"line":645,"column":51}}],"line":645},"47":{"loc":{"start":{"line":651,"column":7},"end":{"line":655,"column":1}},"type":"if","locations":[{"start":{"line":651,"column":7},"end":{"line":655,"column":1}},{"start":{},"end":{}}],"line":651}},"s":{"0":0,"1":0,"2":0,"3":0,"4":0,"5":0,"6":0,"7":0,"8":0,"9":0,"10":0,"11":0,"12":0,"13":0,"14":0,"15":0,"16":0,"17":0,"18":0,"19":0,"20":0,"21":0,"22":0,"23":0,"24":0,"25":0,"26":0,"27":0,"28":0,"29":0,"30":0,"31":0,"32":0,"33":0,"34":0,"35":0,"36":0,"37":0,"38":0,"39":0,"40":0,"41":0,"42":0,"43":0,"44":0,"45":0,"46":0,"47":0,"48":0,"49":0,"50":0,"51":0,"52":0,"53":0,"54":0,"55":0,"56":0,"57":0,"58":0,"59":0,"60":0,"61":0,"62":0,"63":0,"64":0,"65":0,"66":0,"67":0,"68":0,"69":0,"70":0,"71":0,"72":0,"73":0,"74":0,"75":0,"76":0,"77":0,"78":0,"79":0,"80":0,"81":0,"82":0,"83":0,"84":0,"85":0,"86":0,"87":0,"88":0,"89":0,"90":0,"91":0,"92":0,"93":0,"94":0,"95":0,"96":0,"97":0,"98":0,"99":0,"100":0,"101":0,"102":0,"103":0,"104":0,"105":0,"106":0,"107":0,"108":0,"109":0,"110":0,"111":0,"112":0,"113":0,"114":0,"115":0,"116":0,"117":0,"118":0,"119":0,"120":0,"121":0,"122":0,"123":0,"124":0,"125":0,"126":0,"127":0,"128":0,"129":0,"130":0,"131":0,"132":0,"133":0,"134":0,"135":0,"136":0,"137":0,"138":0,"139":0,"140":0,"141":0,"142":0,"143":0,"144":0,"145":0,"146":0,"147":0,"148":0,"149":0,"150":0,"151":0,"152":0,"153":0,"154":0,"155":0,"156":0,"157":0,"158":0,"159":0,"160":0,"161":0,"162":0},"f":{"0":0,"1":0,"2":0,"3":0,"4":0,"5":0,"6":0,"7":0,"8":0,"9":0,"10":0,"11":0,"12":0,"13":0,"14":0,"15":0,"16":0,"17":0,"18":0,"19":0,"20":0,"21":0,"22":0,"23":0,"24":0,"25":0,"26":0},"b":{"0":[0],"1":[0,0],"2":[0,0],"3":[0,0],"4":[0,0],"5":[0,0],"6":[0,0],"7":[0,0],"8":[0],"9":[0,0],"10":[0,0],"11":[0,0],"12":[0,0],"13":[0,0],"14":[0,0],"15":[0,0],"16":[0,0],"17":[0,0],"18":[0,0],"19":[0],"20":[0,0],"21":[0,0],"22":[0,0],"23":[0,0],"24":[0,0],"25":[0,0],"26":[0,0],"27":[0,0],"28":[0,0],"29":[0,0],"30":[0,0],"31":[0,0],"32":[0,0],"33":[0,0],"34":[0,0],"35":[0,0],"36":[0,0],"37":[0,0],"38":[0,0],"39":[0,0],"40":[0,0],"41":[0,0],"42":[0],"43":[0,0],"44":[0,0],"45":[0,0],"46":[0,0],"47":[0,0]}}
,"/home/hudson/blockchain-projects/xai/src/xai/browser_wallet_extension/hw-ui.js": {"path":"/home/hudson/blockchain-projects/xai/src/xai/browser_wallet_extension/hw-ui.js","statementMap":{"0":{"start":{"line":13,"column":4},"end":{"line":13,"column":31}},"1":{"start":{"line":14,"column":4},"end":{"line":14,"column":31}},"2":{"start":{"line":22,"column":4},"end":{"line":22,"column":35}},"3":{"start":{"line":22,"column":28},"end":{"line":22,"column":35}},"4":{"start":{"line":25,"column":4},"end":{"line":25,"column":30}},"5":{"start":{"line":28,"column":4},"end":{"line":28,"column":20}},"6":{"start":{"line":30,"column":4},"end":{"line":30,"column":30}},"7":{"start":{"line":38,"column":23},"end":{"line":38,"column":62}},"8":{"start":{"line":39,"column":4},"end":{"line":41,"column":5}},"9":{"start":{"line":40,"column":6},"end":{"line":40,"column":77}},"10":{"start":{"line":40,"column":49},"end":{"line":40,"column":75}},"11":{"start":{"line":44,"column":26},"end":{"line":44,"column":68}},"12":{"start":{"line":45,"column":4},"end":{"line":47,"column":5}},"13":{"start":{"line":46,"column":6},"end":{"line":46,"column":77}},"14":{"start":{"line":46,"column":52},"end":{"line":46,"column":75}},"15":{"start":{"line":50,"column":22},"end":{"line":50,"column":63}},"16":{"start":{"line":51,"column":4},"end":{"line":53,"column":5}},"17":{"start":{"line":52,"column":6},"end":{"line":52,"column":86}},"18":{"start":{"line":52,"column":48},"end":{"line":52,"column":84}},"19":{"start":{"line":55,"column":22},"end":{"line":55,"column":63}},"20":{"start":{"line":56,"column":4},"end":{"line":58,"column":5}},"21":{"start":{"line":57,"column":6},"end":{"line":57,"column":86}},"22":{"start":{"line":57,"column":48},"end":{"line":57,"column":84}},"23":{"start":{"line":61,"column":26},"end":{"line":61,"column":65}},"24":{"start":{"line":62,"column":4},"end":{"line":64,"column":5}},"25":{"start":{"line":63,"column":6},"end":{"line":63,"column":80}},"26":{"start":{"line":63,"column":52},"end":{"line":63,"column":78}},"27":{"start":{"line":67,"column":18},"end":{"line":67,"column":62}},"28":{"start":{"line":68,"column":4},"end":{"line":74,"column":5}},"29":{"start":{"line":69,"column":6},"end":{"line":73,"column":9}},"30":{"start":{"line":70,"column":8},"end":{"line":72,"column":9}},"31":{"start":{"line":71,"column":10},"end":{"line":71,"column":37}},"32":{"start":{"line":77,"column":4},"end":{"line":82,"column":7}},"33":{"start":{"line":78,"column":6},"end":{"line":81,"column":7}},"34":{"start":{"line":79,"column":8},"end":{"line":79,"column":35}},"35":{"start":{"line":80,"column":8},"end":{"line":80,"column":33}},"36":{"start":{"line":89,"column":18},"end":{"line":89,"column":43}},"37":{"start":{"line":90,"column":21},"end":{"line":90,"column":56}},"38":{"start":{"line":91,"column":23},"end":{"line":91,"column":62}},"39":{"start":{"line":92,"column":26},"end":{"line":92,"column":68}},"40":{"start":{"line":93,"column":22},"end":{"line":93,"column":65}},"41":{"start":{"line":95,"column":4},"end":{"line":130,"column":5}},"42":{"start":{"line":97,"column":6},"end":{"line":100,"column":7}},"43":{"start":{"line":98,"column":8},"end":{"line":98,"column":62}},"44":{"start":{"line":99,"column":8},"end":{"line":99,"column":100}},"45":{"start":{"line":102,"column":6},"end":{"line":102,"column":57}},"46":{"start":{"line":102,"column":22},"end":{"line":102,"column":57}},"47":{"start":{"line":103,"column":6},"end":{"line":103,"column":66}},"48":{"start":{"line":103,"column":25},"end":{"line":103,"column":66}},"49":{"start":{"line":105,"column":6},"end":{"line":108,"column":7}},"50":{"start":{"line":106,"column":8},"end":{"line":106,"column":83}},"51":{"start":{"line":107,"column":8},"end":{"line":107,"column":45}},"52":{"start":{"line":111,"column":33},"end":{"line":111,"column":73}},"53":{"start":{"line":112,"column":6},"end":{"line":116,"column":7}},"54":{"start":{"line":113,"column":8},"end":{"line":113,"column":49}},"55":{"start":{"line":115,"column":8},"end":{"line":115,"column":62}},"56":{"start":{"line":119,"column":6},"end":{"line":122,"column":7}},"57":{"start":{"line":120,"column":8},"end":{"line":120,"column":65}},"58":{"start":{"line":121,"column":8},"end":{"line":121,"column":52}},"59":{"start":{"line":124,"column":6},"end":{"line":124,"column":60}},"60":{"start":{"line":124,"column":22},"end":{"line":124,"column":60}},"61":{"start":{"line":125,"column":6},"end":{"line":125,"column":63}},"62":{"start":{"line":125,"column":25},"end":{"line":125,"column":63}},"63":{"start":{"line":127,"column":6},"end":{"line":129,"column":7}},"64":{"start":{"line":128,"column":8},"end":{"line":128,"column":42}},"65":{"start":{"line":137,"column":18},"end":{"line":137,"column":62}},"66":{"start":{"line":138,"column":4},"end":{"line":144,"column":5}},"67":{"start":{"line":139,"column":6},"end":{"line":139,"column":39}},"68":{"start":{"line":140,"column":6},"end":{"line":140,"column":49}},"69":{"start":{"line":143,"column":6},"end":{"line":143,"column":35}},"70":{"start":{"line":151,"column":18},"end":{"line":151,"column":62}},"71":{"start":{"line":152,"column":4},"end":{"line":158,"column":5}},"72":{"start":{"line":153,"column":6},"end":{"line":153,"column":36}},"73":{"start":{"line":154,"column":6},"end":{"line":154,"column":48}},"74":{"start":{"line":157,"column":6},"end":{"line":157,"column":29}},"75":{"start":{"line":165,"column":23},"end":{"line":165,"column":67}},"76":{"start":{"line":166,"column":27},"end":{"line":166,"column":75}},"77":{"start":{"line":167,"column":25},"end":{"line":167,"column":70}},"78":{"start":{"line":170,"column":4},"end":{"line":170,"column":55}},"79":{"start":{"line":170,"column":20},"end":{"line":170,"column":55}},"80":{"start":{"line":171,"column":4},"end":{"line":171,"column":63}},"81":{"start":{"line":171,"column":24},"end":{"line":171,"column":63}},"82":{"start":{"line":174,"column":4},"end":{"line":186,"column":5}},"83":{"start":{"line":176,"column":8},"end":{"line":176,"column":62}},"84":{"start":{"line":176,"column":24},"end":{"line":176,"column":62}},"85":{"start":{"line":177,"column":8},"end":{"line":177,"column":14}},"86":{"start":{"line":179,"column":8},"end":{"line":184,"column":9}},"87":{"start":{"line":180,"column":10},"end":{"line":180,"column":52}},"88":{"start":{"line":181,"column":10},"end":{"line":183,"column":11}},"89":{"start":{"line":182,"column":12},"end":{"line":182,"column":48}},"90":{"start":{"line":185,"column":8},"end":{"line":185,"column":14}},"91":{"start":{"line":193,"column":20},"end":{"line":193,"column":59}},"92":{"start":{"line":194,"column":4},"end":{"line":197,"column":5}},"93":{"start":{"line":195,"column":6},"end":{"line":195,"column":36}},"94":{"start":{"line":196,"column":6},"end":{"line":196,"column":41}},"95":{"start":{"line":204,"column":20},"end":{"line":204,"column":59}},"96":{"start":{"line":205,"column":4},"end":{"line":208,"column":5}},"97":{"start":{"line":206,"column":6},"end":{"line":206,"column":31}},"98":{"start":{"line":207,"column":6},"end":{"line":207,"column":38}},"99":{"start":{"line":215,"column":4},"end":{"line":215,"column":27}},"100":{"start":{"line":216,"column":4},"end":{"line":216,"column":37}},"101":{"start":{"line":218,"column":25},"end":{"line":218,"column":70}},"102":{"start":{"line":219,"column":4},"end":{"line":221,"column":5}},"103":{"start":{"line":220,"column":6},"end":{"line":220,"column":81}},"104":{"start":{"line":223,"column":4},"end":{"line":248,"column":5}},"105":{"start":{"line":224,"column":21},"end":{"line":224,"column":61}},"106":{"start":{"line":226,"column":6},"end":{"line":236,"column":7}},"107":{"start":{"line":228,"column":8},"end":{"line":228,"column":97}},"108":{"start":{"line":230,"column":8},"end":{"line":233,"column":17}},"109":{"start":{"line":231,"column":10},"end":{"line":231,"column":37}},"110":{"start":{"line":232,"column":10},"end":{"line":232,"column":26}},"111":{"start":{"line":235,"column":8},"end":{"line":235,"column":45}},"112":{"start":{"line":238,"column":6},"end":{"line":238,"column":64}},"113":{"start":{"line":241,"column":25},"end":{"line":241,"column":80}},"114":{"start":{"line":242,"column":6},"end":{"line":242,"column":40}},"115":{"start":{"line":245,"column":6},"end":{"line":247,"column":15}},"116":{"start":{"line":246,"column":8},"end":{"line":246,"column":37}},"117":{"start":{"line":255,"column":23},"end":{"line":255,"column":70}},"118":{"start":{"line":257,"column":4},"end":{"line":259,"column":5}},"119":{"start":{"line":258,"column":6},"end":{"line":258,"column":85}},"120":{"start":{"line":261,"column":4},"end":{"line":263,"column":5}},"121":{"start":{"line":262,"column":6},"end":{"line":262,"column":81}},"122":{"start":{"line":265,"column":4},"end":{"line":267,"column":5}},"123":{"start":{"line":266,"column":6},"end":{"line":266,"column":69}},"124":{"start":{"line":269,"column":4},"end":{"line":271,"column":5}},"125":{"start":{"line":270,"column":6},"end":{"line":270,"column":54}},"126":{"start":{"line":273,"column":4},"end":{"line":275,"column":5}},"127":{"start":{"line":274,"column":6},"end":{"line":274,"column":97}},"128":{"start":{"line":278,"column":4},"end":{"line":278,"column":58}},"129":{"start":{"line":285,"column":22},"end":{"line":285,"column":63}},"130":{"start":{"line":286,"column":4},"end":{"line":293,"column":5}},"131":{"start":{"line":287,"column":6},"end":{"line":287,"column":38}},"132":{"start":{"line":288,"column":6},"end":{"line":288,"column":43}},"133":{"start":{"line":290,"column":6},"end":{"line":292,"column":15}},"134":{"start":{"line":291,"column":8},"end":{"line":291,"column":42}},"135":{"start":{"line":300,"column":4},"end":{"line":300,"column":38}},"136":{"start":{"line":301,"column":4},"end":{"line":301,"column":20}},"137":{"start":{"line":308,"column":19},"end":{"line":308,"column":61}},"138":{"start":{"line":309,"column":4},"end":{"line":309,"column":24}},"139":{"start":{"line":309,"column":17},"end":{"line":309,"column":24}},"140":{"start":{"line":311,"column":21},"end":{"line":311,"column":63}},"141":{"start":{"line":312,"column":4},"end":{"line":314,"column":5}},"142":{"start":{"line":313,"column":6},"end":{"line":313,"column":77}},"143":{"start":{"line":316,"column":22},"end":{"line":316,"column":65}},"144":{"start":{"line":317,"column":4},"end":{"line":319,"column":5}},"145":{"start":{"line":318,"column":6},"end":{"line":318,"column":63}},"146":{"start":{"line":321,"column":4},"end":{"line":321,"column":38}},"147":{"start":{"line":322,"column":4},"end":{"line":322,"column":48}},"148":{"start":{"line":329,"column":19},"end":{"line":329,"column":61}},"149":{"start":{"line":330,"column":4},"end":{"line":333,"column":5}},"150":{"start":{"line":331,"column":6},"end":{"line":331,"column":37}},"151":{"start":{"line":332,"column":6},"end":{"line":332,"column":49}},"152":{"start":{"line":340,"column":21},"end":{"line":340,"column":63}},"153":{"start":{"line":341,"column":4},"end":{"line":344,"column":5}},"154":{"start":{"line":342,"column":6},"end":{"line":342,"column":76}},"155":{"start":{"line":343,"column":6},"end":{"line":343,"column":37}},"156":{"start":{"line":352,"column":4},"end":{"line":354,"column":5}},"157":{"start":{"line":353,"column":6},"end":{"line":353,"column":89}},"158":{"start":{"line":356,"column":18},"end":{"line":356,"column":43}},"159":{"start":{"line":358,"column":4},"end":{"line":388,"column":5}},"160":{"start":{"line":360,"column":6},"end":{"line":360,"column":56}},"161":{"start":{"line":361,"column":6},"end":{"line":361,"column":135}},"162":{"start":{"line":364,"column":24},"end":{"line":364,"column":69}},"163":{"start":{"line":367,"column":6},"end":{"line":367,"column":78}},"164":{"start":{"line":370,"column":6},"end":{"line":372,"column":15}},"165":{"start":{"line":371,"column":8},"end":{"line":371,"column":33}},"166":{"start":{"line":374,"column":6},"end":{"line":374,"column":23}},"167":{"start":{"line":376,"column":6},"end":{"line":376,"column":45}},"168":{"start":{"line":379,"column":28},"end":{"line":379,"column":89}},"169":{"start":{"line":380,"column":6},"end":{"line":380,"column":55}},"170":{"start":{"line":383,"column":6},"end":{"line":385,"column":15}},"171":{"start":{"line":384,"column":8},"end":{"line":384,"column":33}},"172":{"start":{"line":387,"column":6},"end":{"line":387,"column":18}},"173":{"start":{"line":395,"column":4},"end":{"line":395,"column":36}},"174":{"start":{"line":402,"column":18},"end":{"line":402,"column":43}},"175":{"start":{"line":403,"column":4},"end":{"line":403,"column":50}},"176":{"start":{"line":410,"column":18},"end":{"line":410,"column":43}},"177":{"start":{"line":411,"column":4},"end":{"line":411,"column":52}},"178":{"start":{"line":416,"column":0},"end":{"line":418,"column":1}},"179":{"start":{"line":417,"column":2},"end":{"line":417,"column":36}}},"fnMap":{"0":{"name":"(anonymous_0)","decl":{"start":{"line":12,"column":2},"end":{"line":12,"column":3}},"loc":{"start":{"line":12,"column":25},"end":{"line":15,"column":3}},"line":12},"1":{"name":"(anonymous_1)","decl":{"start":{"line":21,"column":2},"end":{"line":21,"column":3}},"loc":{"start":{"line":21,"column":15},"end":{"line":31,"column":3}},"line":21},"2":{"name":"(anonymous_2)","decl":{"start":{"line":36,"column":2},"end":{"line":36,"column":3}},"loc":{"start":{"line":36,"column":23},"end":{"line":83,"column":3}},"line":36},"3":{"name":"(anonymous_3)","decl":{"start":{"line":40,"column":43},"end":{"line":40,"column":44}},"loc":{"start":{"line":40,"column":49},"end":{"line":40,"column":75}},"line":40},"4":{"name":"(anonymous_4)","decl":{"start":{"line":46,"column":46},"end":{"line":46,"column":47}},"loc":{"start":{"line":46,"column":52},"end":{"line":46,"column":75}},"line":46},"5":{"name":"(anonymous_5)","decl":{"start":{"line":52,"column":42},"end":{"line":52,"column":43}},"loc":{"start":{"line":52,"column":48},"end":{"line":52,"column":84}},"line":52},"6":{"name":"(anonymous_6)","decl":{"start":{"line":57,"column":42},"end":{"line":57,"column":43}},"loc":{"start":{"line":57,"column":48},"end":{"line":57,"column":84}},"line":57},"7":{"name":"(anonymous_7)","decl":{"start":{"line":63,"column":46},"end":{"line":63,"column":47}},"loc":{"start":{"line":63,"column":52},"end":{"line":63,"column":78}},"line":63},"8":{"name":"(anonymous_8)","decl":{"start":{"line":69,"column":38},"end":{"line":69,"column":39}},"loc":{"start":{"line":69,"column":45},"end":{"line":73,"column":7}},"line":69},"9":{"name":"(anonymous_9)","decl":{"start":{"line":77,"column":41},"end":{"line":77,"column":42}},"loc":{"start":{"line":77,"column":48},"end":{"line":82,"column":5}},"line":77},"10":{"name":"(anonymous_10)","decl":{"start":{"line":88,"column":2},"end":{"line":88,"column":3}},"loc":{"start":{"line":88,"column":13},"end":{"line":131,"column":3}},"line":88},"11":{"name":"(anonymous_11)","decl":{"start":{"line":136,"column":2},"end":{"line":136,"column":3}},"loc":{"start":{"line":136,"column":24},"end":{"line":145,"column":3}},"line":136},"12":{"name":"(anonymous_12)","decl":{"start":{"line":150,"column":2},"end":{"line":150,"column":3}},"loc":{"start":{"line":150,"column":24},"end":{"line":159,"column":3}},"line":150},"13":{"name":"(anonymous_13)","decl":{"start":{"line":164,"column":2},"end":{"line":164,"column":3}},"loc":{"start":{"line":164,"column":23},"end":{"line":187,"column":3}},"line":164},"14":{"name":"(anonymous_14)","decl":{"start":{"line":192,"column":2},"end":{"line":192,"column":3}},"loc":{"start":{"line":192,"column":26},"end":{"line":198,"column":3}},"line":192},"15":{"name":"(anonymous_15)","decl":{"start":{"line":203,"column":2},"end":{"line":203,"column":3}},"loc":{"start":{"line":203,"column":20},"end":{"line":209,"column":3}},"line":203},"16":{"name":"(anonymous_16)","decl":{"start":{"line":214,"column":2},"end":{"line":214,"column":3}},"loc":{"start":{"line":214,"column":42},"end":{"line":249,"column":3}},"line":214},"17":{"name":"(anonymous_17)","decl":{"start":{"line":230,"column":19},"end":{"line":230,"column":20}},"loc":{"start":{"line":230,"column":25},"end":{"line":233,"column":9}},"line":230},"18":{"name":"(anonymous_18)","decl":{"start":{"line":245,"column":17},"end":{"line":245,"column":18}},"loc":{"start":{"line":245,"column":23},"end":{"line":247,"column":7}},"line":245},"19":{"name":"(anonymous_19)","decl":{"start":{"line":254,"column":2},"end":{"line":254,"column":3}},"loc":{"start":{"line":254,"column":45},"end":{"line":279,"column":3}},"line":254},"20":{"name":"(anonymous_20)","decl":{"start":{"line":284,"column":2},"end":{"line":284,"column":3}},"loc":{"start":{"line":284,"column":28},"end":{"line":294,"column":3}},"line":284},"21":{"name":"(anonymous_21)","decl":{"start":{"line":290,"column":17},"end":{"line":290,"column":18}},"loc":{"start":{"line":290,"column":23},"end":{"line":292,"column":7}},"line":290},"22":{"name":"(anonymous_22)","decl":{"start":{"line":299,"column":2},"end":{"line":299,"column":3}},"loc":{"start":{"line":299,"column":27},"end":{"line":302,"column":3}},"line":299},"23":{"name":"(anonymous_23)","decl":{"start":{"line":307,"column":2},"end":{"line":307,"column":3}},"loc":{"start":{"line":307,"column":41},"end":{"line":323,"column":3}},"line":307},"24":{"name":"(anonymous_24)","decl":{"start":{"line":328,"column":2},"end":{"line":328,"column":3}},"loc":{"start":{"line":328,"column":22},"end":{"line":334,"column":3}},"line":328},"25":{"name":"(anonymous_25)","decl":{"start":{"line":339,"column":2},"end":{"line":339,"column":3}},"loc":{"start":{"line":339,"column":39},"end":{"line":345,"column":3}},"line":339},"26":{"name":"(anonymous_26)","decl":{"start":{"line":351,"column":2},"end":{"line":351,"column":3}},"loc":{"start":{"line":351,"column":39},"end":{"line":389,"column":3}},"line":351},"27":{"name":"(anonymous_27)","decl":{"start":{"line":370,"column":17},"end":{"line":370,"column":18}},"loc":{"start":{"line":370,"column":23},"end":{"line":372,"column":7}},"line":370},"28":{"name":"(anonymous_28)","decl":{"start":{"line":383,"column":17},"end":{"line":383,"column":18}},"loc":{"start":{"line":383,"column":23},"end":{"line":385,"column":7}},"line":383},"29":{"name":"(anonymous_29)","decl":{"start":{"line":394,"column":2},"end":{"line":394,"column":3}},"loc":{"start":{"line":394,"column":28},"end":{"line":396,"column":3}},"line":394},"30":{"name":"(anonymous_30)","decl":{"start":{"line":401,"column":2},"end":{"line":401,"column":3}},"loc":{"start":{"line":401,"column":15},"end":{"line":404,"column":3}},"line":401},"31":{"name":"(anonymous_31)","decl":{"start":{"line":409,"column":2},"end":{"line":409,"column":3}},"loc":{"start":{"line":409,"column":17},"end":{"line":412,"column":3}},"line":409}},"branchMap":{"0":{"loc":{"start":{"line":22,"column":4},"end":{"line":22,"column":35}},"type":"if","locations":[{"start":{"line":22,"column":4},"end":{"line":22,"column":35}},{"start":{},"end":{}}],"line":22},"1":{"loc":{"start":{"line":39,"column":4},"end":{"line":41,"column":5}},"type":"if","locations":[{"start":{"line":39,"column":4},"end":{"line":41,"column":5}},{"start":{},"end":{}}],"line":39},"2":{"loc":{"start":{"line":45,"column":4},"end":{"line":47,"column":5}},"type":"if","locations":[{"start":{"line":45,"column":4},"end":{"line":47,"column":5}},{"start":{},"end":{}}],"line":45},"3":{"loc":{"start":{"line":51,"column":4},"end":{"line":53,"column":5}},"type":"if","locations":[{"start":{"line":51,"column":4},"end":{"line":53,"column":5}},{"start":{},"end":{}}],"line":51},"4":{"loc":{"start":{"line":56,"column":4},"end":{"line":58,"column":5}},"type":"if","locations":[{"start":{"line":56,"column":4},"end":{"line":58,"column":5}},{"start":{},"end":{}}],"line":56},"5":{"loc":{"start":{"line":62,"column":4},"end":{"line":64,"column":5}},"type":"if","locations":[{"start":{"line":62,"column":4},"end":{"line":64,"column":5}},{"start":{},"end":{}}],"line":62},"6":{"loc":{"start":{"line":68,"column":4},"end":{"line":74,"column":5}},"type":"if","locations":[{"start":{"line":68,"column":4},"end":{"line":74,"column":5}},{"start":{},"end":{}}],"line":68},"7":{"loc":{"start":{"line":70,"column":8},"end":{"line":72,"column":9}},"type":"if","locations":[{"start":{"line":70,"column":8},"end":{"line":72,"column":9}},{"start":{},"end":{}}],"line":70},"8":{"loc":{"start":{"line":78,"column":6},"end":{"line":81,"column":7}},"type":"if","locations":[{"start":{"line":78,"column":6},"end":{"line":81,"column":7}},{"start":{},"end":{}}],"line":78},"9":{"loc":{"start":{"line":95,"column":4},"end":{"line":130,"column":5}},"type":"if","locations":[{"start":{"line":95,"column":4},"end":{"line":130,"column":5}},{"start":{"line":117,"column":11},"end":{"line":130,"column":5}}],"line":95},"10":{"loc":{"start":{"line":97,"column":6},"end":{"line":100,"column":7}},"type":"if","locations":[{"start":{"line":97,"column":6},"end":{"line":100,"column":7}},{"start":{},"end":{}}],"line":97},"11":{"loc":{"start":{"line":102,"column":6},"end":{"line":102,"column":57}},"type":"if","locations":[{"start":{"line":102,"column":6},"end":{"line":102,"column":57}},{"start":{},"end":{}}],"line":102},"12":{"loc":{"start":{"line":103,"column":6},"end":{"line":103,"column":66}},"type":"if","locations":[{"start":{"line":103,"column":6},"end":{"line":103,"column":66}},{"start":{},"end":{}}],"line":103},"13":{"loc":{"start":{"line":105,"column":6},"end":{"line":108,"column":7}},"type":"if","locations":[{"start":{"line":105,"column":6},"end":{"line":108,"column":7}},{"start":{},"end":{}}],"line":105},"14":{"loc":{"start":{"line":112,"column":6},"end":{"line":116,"column":7}},"type":"if","locations":[{"start":{"line":112,"column":6},"end":{"line":116,"column":7}},{"start":{},"end":{}}],"line":112},"15":{"loc":{"start":{"line":112,"column":10},"end":{"line":112,"column":45}},"type":"binary-expr","locations":[{"start":{"line":112,"column":10},"end":{"line":112,"column":28}},{"start":{"line":112,"column":32},"end":{"line":112,"column":45}}],"line":112},"16":{"loc":{"start":{"line":119,"column":6},"end":{"line":122,"column":7}},"type":"if","locations":[{"start":{"line":119,"column":6},"end":{"line":122,"column":7}},{"start":{},"end":{}}],"line":119},"17":{"loc":{"start":{"line":124,"column":6},"end":{"line":124,"column":60}},"type":"if","locations":[{"start":{"line":124,"column":6},"end":{"line":124,"column":60}},{"start":{},"end":{}}],"line":124},"18":{"loc":{"start":{"line":125,"column":6},"end":{"line":125,"column":63}},"type":"if","locations":[{"start":{"line":125,"column":6},"end":{"line":125,"column":63}},{"start":{},"end":{}}],"line":125},"19":{"loc":{"start":{"line":127,"column":6},"end":{"line":129,"column":7}},"type":"if","locations":[{"start":{"line":127,"column":6},"end":{"line":129,"column":7}},{"start":{},"end":{}}],"line":127},"20":{"loc":{"start":{"line":138,"column":4},"end":{"line":144,"column":5}},"type":"if","locations":[{"start":{"line":138,"column":4},"end":{"line":144,"column":5}},{"start":{},"end":{}}],"line":138},"21":{"loc":{"start":{"line":152,"column":4},"end":{"line":158,"column":5}},"type":"if","locations":[{"start":{"line":152,"column":4},"end":{"line":158,"column":5}},{"start":{},"end":{}}],"line":152},"22":{"loc":{"start":{"line":170,"column":4},"end":{"line":170,"column":55}},"type":"if","locations":[{"start":{"line":170,"column":4},"end":{"line":170,"column":55}},{"start":{},"end":{}}],"line":170},"23":{"loc":{"start":{"line":171,"column":4},"end":{"line":171,"column":63}},"type":"if","locations":[{"start":{"line":171,"column":4},"end":{"line":171,"column":63}},{"start":{},"end":{}}],"line":171},"24":{"loc":{"start":{"line":174,"column":4},"end":{"line":186,"column":5}},"type":"switch","locations":[{"start":{"line":175,"column":6},"end":{"line":177,"column":14}},{"start":{"line":178,"column":6},"end":{"line":185,"column":14}}],"line":174},"25":{"loc":{"start":{"line":176,"column":8},"end":{"line":176,"column":62}},"type":"if","locations":[{"start":{"line":176,"column":8},"end":{"line":176,"column":62}},{"start":{},"end":{}}],"line":176},"26":{"loc":{"start":{"line":179,"column":8},"end":{"line":184,"column":9}},"type":"if","locations":[{"start":{"line":179,"column":8},"end":{"line":184,"column":9}},{"start":{},"end":{}}],"line":179},"27":{"loc":{"start":{"line":181,"column":10},"end":{"line":183,"column":11}},"type":"if","locations":[{"start":{"line":181,"column":10},"end":{"line":183,"column":11}},{"start":{},"end":{}}],"line":181},"28":{"loc":{"start":{"line":194,"column":4},"end":{"line":197,"column":5}},"type":"if","locations":[{"start":{"line":194,"column":4},"end":{"line":197,"column":5}},{"start":{},"end":{}}],"line":194},"29":{"loc":{"start":{"line":205,"column":4},"end":{"line":208,"column":5}},"type":"if","locations":[{"start":{"line":205,"column":4},"end":{"line":208,"column":5}},{"start":{},"end":{}}],"line":205},"30":{"loc":{"start":{"line":219,"column":4},"end":{"line":221,"column":5}},"type":"if","locations":[{"start":{"line":219,"column":4},"end":{"line":221,"column":5}},{"start":{},"end":{}}],"line":219},"31":{"loc":{"start":{"line":226,"column":6},"end":{"line":236,"column":7}},"type":"if","locations":[{"start":{"line":226,"column":6},"end":{"line":236,"column":7}},{"start":{"line":234,"column":13},"end":{"line":236,"column":7}}],"line":226},"32":{"loc":{"start":{"line":257,"column":4},"end":{"line":259,"column":5}},"type":"if","locations":[{"start":{"line":257,"column":4},"end":{"line":259,"column":5}},{"start":{},"end":{}}],"line":257},"33":{"loc":{"start":{"line":257,"column":8},"end":{"line":257,"column":66}},"type":"binary-expr","locations":[{"start":{"line":257,"column":8},"end":{"line":257,"column":35}},{"start":{"line":257,"column":39},"end":{"line":257,"column":66}}],"line":257},"34":{"loc":{"start":{"line":261,"column":4},"end":{"line":263,"column":5}},"type":"if","locations":[{"start":{"line":261,"column":4},"end":{"line":263,"column":5}},{"start":{},"end":{}}],"line":261},"35":{"loc":{"start":{"line":261,"column":8},"end":{"line":261,"column":60}},"type":"binary-expr","locations":[{"start":{"line":261,"column":8},"end":{"line":261,"column":32}},{"start":{"line":261,"column":36},"end":{"line":261,"column":60}}],"line":261},"36":{"loc":{"start":{"line":265,"column":4},"end":{"line":267,"column":5}},"type":"if","locations":[{"start":{"line":265,"column":4},"end":{"line":267,"column":5}},{"start":{},"end":{}}],"line":265},"37":{"loc":{"start":{"line":265,"column":8},"end":{"line":265,"column":62}},"type":"binary-expr","locations":[{"start":{"line":265,"column":8},"end":{"line":265,"column":29}},{"start":{"line":265,"column":33},"end":{"line":265,"column":62}}],"line":265},"38":{"loc":{"start":{"line":269,"column":4},"end":{"line":271,"column":5}},"type":"if","locations":[{"start":{"line":269,"column":4},"end":{"line":271,"column":5}},{"start":{},"end":{}}],"line":269},"39":{"loc":{"start":{"line":269,"column":8},"end":{"line":269,"column":62}},"type":"binary-expr","locations":[{"start":{"line":269,"column":8},"end":{"line":269,"column":34}},{"start":{"line":269,"column":38},"end":{"line":269,"column":62}}],"line":269},"40":{"loc":{"start":{"line":273,"column":4},"end":{"line":275,"column":5}},"type":"if","locations":[{"start":{"line":273,"column":4},"end":{"line":275,"column":5}},{"start":{},"end":{}}],"line":273},"41":{"loc":{"start":{"line":286,"column":4},"end":{"line":293,"column":5}},"type":"if","locations":[{"start":{"line":286,"column":4},"end":{"line":293,"column":5}},{"start":{},"end":{}}],"line":286},"42":{"loc":{"start":{"line":309,"column":4},"end":{"line":309,"column":24}},"type":"if","locations":[{"start":{"line":309,"column":4},"end":{"line":309,"column":24}},{"start":{},"end":{}}],"line":309},"43":{"loc":{"start":{"line":312,"column":4},"end":{"line":314,"column":5}},"type":"if","locations":[{"start":{"line":312,"column":4},"end":{"line":314,"column":5}},{"start":{},"end":{}}],"line":312},"44":{"loc":{"start":{"line":317,"column":4},"end":{"line":319,"column":5}},"type":"if","locations":[{"start":{"line":317,"column":4},"end":{"line":319,"column":5}},{"start":{},"end":{}}],"line":317},"45":{"loc":{"start":{"line":330,"column":4},"end":{"line":333,"column":5}},"type":"if","locations":[{"start":{"line":330,"column":4},"end":{"line":333,"column":5}},{"start":{},"end":{}}],"line":330},"46":{"loc":{"start":{"line":341,"column":4},"end":{"line":344,"column":5}},"type":"if","locations":[{"start":{"line":341,"column":4},"end":{"line":344,"column":5}},{"start":{},"end":{}}],"line":341},"47":{"loc":{"start":{"line":352,"column":4},"end":{"line":354,"column":5}},"type":"if","locations":[{"start":{"line":352,"column":4},"end":{"line":354,"column":5}},{"start":{},"end":{}}],"line":352},"48":{"loc":{"start":{"line":403,"column":11},"end":{"line":403,"column":49}},"type":"cond-expr","locations":[{"start":{"line":403,"column":29},"end":{"line":403,"column":42}},{"start":{"line":403,"column":45},"end":{"line":403,"column":49}}],"line":403},"49":{"loc":{"start":{"line":411,"column":11},"end":{"line":411,"column":51}},"type":"cond-expr","locations":[{"start":{"line":411,"column":29},"end":{"line":411,"column":44}},{"start":{"line":411,"column":47},"end":{"line":411,"column":51}}],"line":411},"50":{"loc":{"start":{"line":416,"column":0},"end":{"line":418,"column":1}},"type":"if","locations":[{"start":{"line":416,"column":0},"end":{"line":418,"column":1}},{"start":{},"end":{}}],"line":416},"51":{"loc":{"start":{"line":416,"column":4},"end":{"line":416,"column":51}},"type":"binary-expr","locations":[{"start":{"line":416,"column":4},"end":{"line":416,"column":33}},{"start":{"line":416,"column":37},"end":{"line":416,"column":51}}],"line":416}},"s":{"0":0,"1":0,"2":0,"3":0,"4":0,"5":0,"6":0,"7":0,"8":0,"9":0,"10":0,"11":0,"12":0,"13":0,"14":0,"15":0,"16":0,"17":0,"18":0,"19":0,"20":0,"21":0,"22":0,"23":0,"24":0,"25":0,"26":0,"27":0,"28":0,"29":0,"30":0,"31":0,"32":0,"33":0,"34":0,"35":0,"36":0,"37":0,"38":0,"39":0,"40":0,"41":0,"42":0,"43":0,"44":0,"45":0,"46":0,"47":0,"48":0,"49":0,"50":0,"51":0,"52":0,"53":0,"54":0,"55":0,"56":0,"57":0,"58":0,"59":0,"60":0,"61":0,"62":0,"63":0,"64":0,"65":0,"66":0,"67":0,"68":0,"69":0,"70":0,"71":0,"72":0,"73":0,"74":0,"75":0,"76":0,"77":0,"78":0,"79":0,"80":0,"81":0,"82":0,"83":0,"84":0,"85":0,"86":0,"87":0,"88":0,"89":0,"90":0,"91":0,"92":0,"93":0,"94":0,"95":0,"96":0,"97":0,"98":0,"99":0,"100":0,"101":0,"102":0,"103":0,"104":0,"105":0,"106":0,"107":0,"108":0,"109":0,"110":0,"111":0,"112":0,"113":0,"114":0,"115":0,"116":0,"117":0,"118":0,"119":0,"120":0,"121":0,"122":0,"123":0,"124":0,"125":0,"126":0,"127":0,"128":0,"129":0,"130":0,"131":0,"132":0,"133":0,"134":0,"135":0,"136":0,"137":0,"138":0,"139":0,"140":0,"141":0,"142":0,"143":0,"144":0,"145":0,"146":0,"147":0,"148":0,"149":0,"150":0,"151":0,"152":0,"153":0,"154":0,"155":0,"156":0,"157":0,"158":0,"159":0,"160":0,"161":0,"162":0,"163":0,"164":0,"165":0,"166":0,"167":0,"168":0,"169":0,"170":0,"171":0,"172":0,"173":0,"174":0,"175":0,"176":0,"177":0,"178":0,"179":0},"f":{"0":0,"1":0,"2":0,"3":0,"4":0,"5":0,"6":0,"7":0,"8":0,"9":0,"10":0,"11":0,"12":0,"13":0,"14":0,"15":0,"16":0,"17":0,"18":0,"19":0,"20":0,"21":0,"22":0,"23":0,"24":0,"25":0,"26":0,"27":0,"28":0,"29":0,"30":0,"31":0},"b":{"0":[0,0],"1":[0,0],"2":[0,0],"3":[0,0],"4":[0,0],"5":[0,0],"6":[0,0],"7":[0,0],"8":[0,0],"9":[0,0],"10":[0,0],"11":[0,0],"12":[0,0],"13":[0,0],"14":[0,0],"15":[0,0],"16":[0,0],"17":[0,0],"18":[0,0],"19":[0,0],"20":[0,0],"21":[0,0],"22":[0,0],"23":[0,0],"24":[0,0],"25":[0,0],"26":[0,0],"27":[0,0],"28":[0,0],"29":[0,0],"30":[0,0],"31":[0,0],"32":[0,0],"33":[0,0],"34":[0,0],"35":[0,0],"36":[0,0],"37":[0,0],"38":[0,0],"39":[0,0],"40":[0,0],"41":[0,0],"42":[0,0],"43":[0,0],"44":[0,0],"45":[0,0],"46":[0,0],"47":[0,0],"48":[0,0],"49":[0,0],"50":[0,0],"51":[0,0]}}
,"/home/hudson/blockchain-projects/xai/src/xai/browser_wallet_extension/ledger-hw.js": {"path":"/home/hudson/blockchain-projects/xai/src/xai/browser_wallet_extension/ledger-hw.js","statementMap":{"0":{"start":{"line":26,"column":25},"end":{"line":26,"column":31}},"1":{"start":{"line":29,"column":23},"end":{"line":29,"column":27}},"2":{"start":{"line":32,"column":27},"end":{"line":32,"column":46}},"3":{"start":{"line":35,"column":22},"end":{"line":35,"column":27}},"4":{"start":{"line":38,"column":17},"end":{"line":43,"column":1}},"5":{"start":{"line":46,"column":16},"end":{"line":51,"column":1}},"6":{"start":{"line":53,"column":16},"end":{"line":56,"column":1}},"7":{"start":{"line":59,"column":20},"end":{"line":67,"column":1}},"8":{"start":{"line":70,"column":25},"end":{"line":70,"column":28}},"9":{"start":{"line":73,"column":16},"end":{"line":73,"column":20}},"10":{"start":{"line":76,"column":23},"end":{"line":76,"column":28}},"11":{"start":{"line":83,"column":20},"end":{"line":83,"column":24}},"12":{"start":{"line":86,"column":23},"end":{"line":86,"column":27}},"13":{"start":{"line":89,"column":20},"end":{"line":89,"column":25}},"14":{"start":{"line":97,"column":4},"end":{"line":97,"column":19}},"15":{"start":{"line":98,"column":4},"end":{"line":98,"column":30}},"16":{"start":{"line":99,"column":4},"end":{"line":99,"column":21}},"17":{"start":{"line":100,"column":4},"end":{"line":100,"column":33}},"18":{"start":{"line":106,"column":4},"end":{"line":106,"column":102}},"19":{"start":{"line":107,"column":4},"end":{"line":107,"column":43}},"20":{"start":{"line":113,"column":4},"end":{"line":113,"column":47}},"21":{"start":{"line":114,"column":4},"end":{"line":114,"column":36}},"22":{"start":{"line":120,"column":4},"end":{"line":120,"column":38}},"23":{"start":{"line":121,"column":4},"end":{"line":121,"column":39}},"24":{"start":{"line":135,"column":2},"end":{"line":137,"column":14}},"25":{"start":{"line":136,"column":14},"end":{"line":136,"column":45}},"26":{"start":{"line":146,"column":19},"end":{"line":146,"column":60}},"27":{"start":{"line":147,"column":16},"end":{"line":147,"column":51}},"28":{"start":{"line":148,"column":2},"end":{"line":150,"column":3}},"29":{"start":{"line":148,"column":15},"end":{"line":148,"column":16}},"30":{"start":{"line":149,"column":4},"end":{"line":149,"column":55}},"31":{"start":{"line":151,"column":2},"end":{"line":151,"column":15}},"32":{"start":{"line":160,"column":19},"end":{"line":160,"column":34}},"33":{"start":{"line":161,"column":17},"end":{"line":161,"column":56}},"34":{"start":{"line":163,"column":2},"end":{"line":163,"column":30}},"35":{"start":{"line":165,"column":2},"end":{"line":179,"column":5}},"36":{"start":{"line":166,"column":16},"end":{"line":166,"column":54}},"37":{"start":{"line":169,"column":4},"end":{"line":171,"column":5}},"38":{"start":{"line":170,"column":6},"end":{"line":170,"column":26}},"39":{"start":{"line":174,"column":19},"end":{"line":174,"column":32}},"40":{"start":{"line":175,"column":4},"end":{"line":175,"column":42}},"41":{"start":{"line":176,"column":4},"end":{"line":176,"column":46}},"42":{"start":{"line":177,"column":4},"end":{"line":177,"column":45}},"43":{"start":{"line":178,"column":4},"end":{"line":178,"column":38}},"44":{"start":{"line":181,"column":2},"end":{"line":181,"column":16}},"45":{"start":{"line":193,"column":18},"end":{"line":193,"column":35}},"46":{"start":{"line":194,"column":20},"end":{"line":194,"column":40}},"47":{"start":{"line":198,"column":21},"end":{"line":198,"column":69}},"48":{"start":{"line":199,"column":2},"end":{"line":199,"column":33}},"49":{"start":{"line":210,"column":15},"end":{"line":210,"column":44}},"50":{"start":{"line":211,"column":21},"end":{"line":211,"column":36}},"51":{"start":{"line":214,"column":23},"end":{"line":214,"column":64}},"52":{"start":{"line":216,"column":27},"end":{"line":216,"column":29}},"53":{"start":{"line":217,"column":2},"end":{"line":224,"column":3}},"54":{"start":{"line":217,"column":15},"end":{"line":217,"column":16}},"55":{"start":{"line":218,"column":17},"end":{"line":218,"column":30}},"56":{"start":{"line":219,"column":4},"end":{"line":223,"column":5}},"57":{"start":{"line":220,"column":6},"end":{"line":220,"column":47}},"58":{"start":{"line":222,"column":6},"end":{"line":222,"column":47}},"59":{"start":{"line":226,"column":2},"end":{"line":226,"column":36}},"60":{"start":{"line":238,"column":17},"end":{"line":238,"column":48}},"61":{"start":{"line":239,"column":2},"end":{"line":239,"column":22}},"62":{"start":{"line":240,"column":2},"end":{"line":240,"column":18}},"63":{"start":{"line":241,"column":2},"end":{"line":241,"column":17}},"64":{"start":{"line":242,"column":2},"end":{"line":242,"column":17}},"65":{"start":{"line":243,"column":2},"end":{"line":243,"column":26}},"66":{"start":{"line":244,"column":2},"end":{"line":244,"column":22}},"67":{"start":{"line":245,"column":2},"end":{"line":245,"column":16}},"68":{"start":{"line":255,"column":2},"end":{"line":257,"column":3}},"69":{"start":{"line":256,"column":4},"end":{"line":256,"column":57}},"70":{"start":{"line":259,"column":21},"end":{"line":259,"column":89}},"71":{"start":{"line":260,"column":15},"end":{"line":260,"column":53}},"72":{"start":{"line":262,"column":2},"end":{"line":264,"column":3}},"73":{"start":{"line":263,"column":4},"end":{"line":263,"column":32}},"74":{"start":{"line":267,"column":2},"end":{"line":301,"column":3}},"75":{"start":{"line":269,"column":6},"end":{"line":269,"column":43}},"76":{"start":{"line":272,"column":6},"end":{"line":275,"column":8}},"77":{"start":{"line":278,"column":6},"end":{"line":281,"column":8}},"78":{"start":{"line":284,"column":6},"end":{"line":287,"column":8}},"79":{"start":{"line":291,"column":6},"end":{"line":294,"column":8}},"80":{"start":{"line":297,"column":6},"end":{"line":300,"column":8}},"81":{"start":{"line":315,"column":2},"end":{"line":317,"column":3}},"82":{"start":{"line":316,"column":4},"end":{"line":316,"column":58}},"83":{"start":{"line":319,"column":2},"end":{"line":381,"column":3}},"84":{"start":{"line":322,"column":20},"end":{"line":322,"column":26}},"85":{"start":{"line":323,"column":16},"end":{"line":323,"column":20}},"86":{"start":{"line":326,"column":19},"end":{"line":326,"column":37}},"87":{"start":{"line":327,"column":4},"end":{"line":327,"column":38}},"88":{"start":{"line":328,"column":4},"end":{"line":328,"column":31}},"89":{"start":{"line":329,"column":4},"end":{"line":329,"column":20}},"90":{"start":{"line":330,"column":4},"end":{"line":330,"column":21}},"91":{"start":{"line":331,"column":4},"end":{"line":331,"column":21}},"92":{"start":{"line":332,"column":4},"end":{"line":332,"column":42}},"93":{"start":{"line":333,"column":4},"end":{"line":333,"column":35}},"94":{"start":{"line":334,"column":4},"end":{"line":334,"column":24}},"95":{"start":{"line":337,"column":24},"end":{"line":339,"column":5}},"96":{"start":{"line":338,"column":12},"end":{"line":338,"column":34}},"97":{"start":{"line":341,"column":4},"end":{"line":343,"column":5}},"98":{"start":{"line":342,"column":6},"end":{"line":342,"column":62}},"99":{"start":{"line":346,"column":4},"end":{"line":346,"column":72}},"100":{"start":{"line":349,"column":23},"end":{"line":351,"column":5}},"101":{"start":{"line":350,"column":12},"end":{"line":350,"column":33}},"102":{"start":{"line":353,"column":4},"end":{"line":355,"column":5}},"103":{"start":{"line":354,"column":6},"end":{"line":354,"column":61}},"104":{"start":{"line":358,"column":27},"end":{"line":360,"column":6}},"105":{"start":{"line":359,"column":6},"end":{"line":359,"column":91}},"106":{"start":{"line":359,"column":23},"end":{"line":359,"column":73}},"107":{"start":{"line":362,"column":28},"end":{"line":362,"column":83}},"108":{"start":{"line":363,"column":19},"end":{"line":363,"column":72}},"109":{"start":{"line":365,"column":4},"end":{"line":367,"column":5}},"110":{"start":{"line":366,"column":6},"end":{"line":366,"column":69}},"111":{"start":{"line":370,"column":25},"end":{"line":370,"column":59}},"112":{"start":{"line":371,"column":27},"end":{"line":371,"column":67}},"113":{"start":{"line":372,"column":25},"end":{"line":372,"column":66}},"114":{"start":{"line":374,"column":4},"end":{"line":374,"column":24}},"115":{"start":{"line":377,"column":4},"end":{"line":379,"column":5}},"116":{"start":{"line":378,"column":6},"end":{"line":378,"column":18}},"117":{"start":{"line":380,"column":4},"end":{"line":380,"column":76}},"118":{"start":{"line":393,"column":15},"end":{"line":393,"column":44}},"119":{"start":{"line":394,"column":19},"end":{"line":394,"column":39}},"120":{"start":{"line":395,"column":17},"end":{"line":395,"column":44}},"121":{"start":{"line":396,"column":2},"end":{"line":396,"column":21}},"122":{"start":{"line":408,"column":2},"end":{"line":408,"column":81}},"123":{"start":{"line":421,"column":2},"end":{"line":423,"column":3}},"124":{"start":{"line":422,"column":4},"end":{"line":422,"column":70}},"125":{"start":{"line":425,"column":2},"end":{"line":430,"column":3}},"126":{"start":{"line":426,"column":4},"end":{"line":429,"column":6}},"127":{"start":{"line":432,"column":2},"end":{"line":432,"column":23}},"128":{"start":{"line":434,"column":2},"end":{"line":492,"column":3}},"129":{"start":{"line":436,"column":4},"end":{"line":438,"column":5}},"130":{"start":{"line":437,"column":6},"end":{"line":437,"column":31}},"131":{"start":{"line":441,"column":19},"end":{"line":443,"column":6}},"132":{"start":{"line":446,"column":4},"end":{"line":446,"column":24}},"133":{"start":{"line":449,"column":4},"end":{"line":451,"column":5}},"134":{"start":{"line":450,"column":6},"end":{"line":450,"column":42}},"135":{"start":{"line":454,"column":26},"end":{"line":456,"column":5}},"136":{"start":{"line":455,"column":15},"end":{"line":455,"column":64}},"137":{"start":{"line":458,"column":4},"end":{"line":460,"column":5}},"138":{"start":{"line":459,"column":6},"end":{"line":459,"column":80}},"139":{"start":{"line":463,"column":4},"end":{"line":463,"column":63}},"140":{"start":{"line":465,"column":4},"end":{"line":465,"column":27}},"141":{"start":{"line":466,"column":4},"end":{"line":466,"column":37}},"142":{"start":{"line":469,"column":4},"end":{"line":481,"column":5}},"143":{"start":{"line":470,"column":6},"end":{"line":470,"column":62}},"144":{"start":{"line":472,"column":6},"end":{"line":479,"column":7}},"145":{"start":{"line":474,"column":8},"end":{"line":474,"column":33}},"146":{"start":{"line":475,"column":8},"end":{"line":478,"column":10}},"147":{"start":{"line":480,"column":6},"end":{"line":480,"column":18}},"148":{"start":{"line":483,"column":4},"end":{"line":488,"column":6}},"149":{"start":{"line":491,"column":4},"end":{"line":491,"column":26}},"150":{"start":{"line":506,"column":2},"end":{"line":508,"column":3}},"151":{"start":{"line":507,"column":4},"end":{"line":507,"column":87}},"152":{"start":{"line":510,"column":2},"end":{"line":512,"column":3}},"153":{"start":{"line":511,"column":4},"end":{"line":511,"column":70}},"154":{"start":{"line":514,"column":2},"end":{"line":514,"column":23}},"155":{"start":{"line":516,"column":2},"end":{"line":550,"column":3}},"156":{"start":{"line":517,"column":22},"end":{"line":517,"column":47}},"157":{"start":{"line":518,"column":25},"end":{"line":523,"column":5}},"158":{"start":{"line":530,"column":4},"end":{"line":532,"column":5}},"159":{"start":{"line":531,"column":6},"end":{"line":531,"column":64}},"160":{"start":{"line":534,"column":25},"end":{"line":534,"column":40}},"161":{"start":{"line":535,"column":4},"end":{"line":537,"column":5}},"162":{"start":{"line":536,"column":6},"end":{"line":536,"column":66}},"163":{"start":{"line":540,"column":22},"end":{"line":540,"column":47}},"164":{"start":{"line":541,"column":25},"end":{"line":541,"column":47}},"165":{"start":{"line":544,"column":20},"end":{"line":544,"column":58}},"166":{"start":{"line":546,"column":4},"end":{"line":546,"column":19}},"167":{"start":{"line":549,"column":4},"end":{"line":549,"column":26}},"168":{"start":{"line":565,"column":2},"end":{"line":567,"column":3}},"169":{"start":{"line":566,"column":4},"end":{"line":566,"column":87}},"170":{"start":{"line":569,"column":2},"end":{"line":571,"column":3}},"171":{"start":{"line":570,"column":4},"end":{"line":570,"column":70}},"172":{"start":{"line":573,"column":2},"end":{"line":573,"column":23}},"173":{"start":{"line":575,"column":2},"end":{"line":631,"column":3}},"174":{"start":{"line":578,"column":4},"end":{"line":584,"column":5}},"175":{"start":{"line":579,"column":6},"end":{"line":579,"column":52}},"176":{"start":{"line":582,"column":23},"end":{"line":582,"column":79}},"177":{"start":{"line":583,"column":6},"end":{"line":583,"column":51}},"178":{"start":{"line":587,"column":25},"end":{"line":587,"column":71}},"179":{"start":{"line":588,"column":19},"end":{"line":588,"column":47}},"180":{"start":{"line":590,"column":22},"end":{"line":590,"column":47}},"181":{"start":{"line":593,"column":20},"end":{"line":593,"column":68}},"182":{"start":{"line":594,"column":4},"end":{"line":594,"column":30}},"183":{"start":{"line":595,"column":4},"end":{"line":595,"column":42}},"184":{"start":{"line":598,"column":25},"end":{"line":603,"column":5}},"185":{"start":{"line":610,"column":4},"end":{"line":612,"column":5}},"186":{"start":{"line":611,"column":6},"end":{"line":611,"column":65}},"187":{"start":{"line":617,"column":4},"end":{"line":625,"column":5}},"188":{"start":{"line":619,"column":6},"end":{"line":619,"column":50}},"189":{"start":{"line":620,"column":11},"end":{"line":625,"column":5}},"190":{"start":{"line":622,"column":6},"end":{"line":622,"column":57}},"191":{"start":{"line":624,"column":6},"end":{"line":624,"column":65}},"192":{"start":{"line":627,"column":4},"end":{"line":627,"column":21}},"193":{"start":{"line":630,"column":4},"end":{"line":630,"column":26}},"194":{"start":{"line":641,"column":15},"end":{"line":641,"column":16}},"195":{"start":{"line":643,"column":2},"end":{"line":645,"column":3}},"196":{"start":{"line":644,"column":4},"end":{"line":644,"column":82}},"197":{"start":{"line":647,"column":22},"end":{"line":647,"column":35}},"198":{"start":{"line":649,"column":2},"end":{"line":651,"column":3}},"199":{"start":{"line":650,"column":4},"end":{"line":650,"column":83}},"200":{"start":{"line":653,"column":18},"end":{"line":653,"column":31}},"201":{"start":{"line":654,"column":12},"end":{"line":654,"column":47}},"202":{"start":{"line":655,"column":2},"end":{"line":655,"column":20}},"203":{"start":{"line":657,"column":2},"end":{"line":659,"column":3}},"204":{"start":{"line":658,"column":4},"end":{"line":658,"column":83}},"205":{"start":{"line":661,"column":18},"end":{"line":661,"column":31}},"206":{"start":{"line":662,"column":12},"end":{"line":662,"column":47}},"207":{"start":{"line":665,"column":18},"end":{"line":665,"column":33}},"208":{"start":{"line":666,"column":18},"end":{"line":666,"column":33}},"209":{"start":{"line":668,"column":2},"end":{"line":668,"column":53}},"210":{"start":{"line":678,"column":14},"end":{"line":678,"column":15}},"211":{"start":{"line":679,"column":2},"end":{"line":681,"column":3}},"212":{"start":{"line":680,"column":4},"end":{"line":680,"column":12}},"213":{"start":{"line":683,"column":18},"end":{"line":683,"column":36}},"214":{"start":{"line":685,"column":2},"end":{"line":687,"column":3}},"215":{"start":{"line":686,"column":4},"end":{"line":686,"column":19}},"216":{"start":{"line":689,"column":2},"end":{"line":693,"column":3}},"217":{"start":{"line":690,"column":19},"end":{"line":690,"column":37}},"218":{"start":{"line":691,"column":4},"end":{"line":691,"column":45}},"219":{"start":{"line":692,"column":4},"end":{"line":692,"column":18}},"220":{"start":{"line":695,"column":2},"end":{"line":695,"column":73}},"221":{"start":{"line":710,"column":2},"end":{"line":712,"column":3}},"222":{"start":{"line":711,"column":4},"end":{"line":711,"column":87}},"223":{"start":{"line":714,"column":2},"end":{"line":716,"column":3}},"224":{"start":{"line":715,"column":4},"end":{"line":715,"column":70}},"225":{"start":{"line":718,"colu
[...]
,"column":1}},"line":643},"10":{"name":"mapTrezorErrorCode","decl":{"start":{"line":665,"column":9},"end":{"line":665,"column":27}},"loc":{"start":{"line":665,"column":37},"end":{"line":692,"column":1}},"line":665},"11":{"name":"deriveXaiAddress","decl":{"start":{"line":700,"column":15},"end":{"line":700,"column":31}},"loc":{"start":{"line":700,"column":46},"end":{"line":718,"column":1}},"line":700},"12":{"name":"parseSignature","decl":{"start":{"line":729,"column":9},"end":{"line":729,"column":23}},"loc":{"start":{"line":729,"column":40},"end":{"line":774,"column":1}},"line":729},"13":{"name":"canonicalizeS","decl":{"start":{"line":786,"column":9},"end":{"line":786,"column":22}},"loc":{"start":{"line":786,"column":29},"end":{"line":799,"column":1}},"line":786},"14":{"name":"bufferToHex","decl":{"start":{"line":807,"column":9},"end":{"line":807,"column":20}},"loc":{"start":{"line":807,"column":29},"end":{"line":812,"column":1}},"line":807},"15":{"name":"(anonymous_15)","decl":{"start":{"line":810,"column":9},"end":{"line":810,"column":10}},"loc":{"start":{"line":810,"column":19},"end":{"line":810,"column":53}},"line":810},"16":{"name":"hexToBytes","decl":{"start":{"line":820,"column":9},"end":{"line":820,"column":19}},"loc":{"start":{"line":820,"column":25},"end":{"line":826,"column":1}},"line":820},"17":{"name":"base64ToBytes","decl":{"start":{"line":834,"column":9},"end":{"line":834,"column":22}},"loc":{"start":{"line":834,"column":31},"end":{"line":841,"column":1}},"line":834},"18":{"name":"stableStringify","decl":{"start":{"line":853,"column":9},"end":{"line":853,"column":24}},"loc":{"start":{"line":853,"column":32},"end":{"line":866,"column":1}},"line":853},"19":{"name":"(anonymous_19)","decl":{"start":{"line":857,"column":25},"end":{"line":857,"column":26}},"loc":{"start":{"line":857,"column":35},"end":{"line":857,"column":56}},"line":857},"20":{"name":"(anonymous_20)","decl":{"start":{"line":862,"column":11},"end":{"line":862,"column":12}},"loc":{"start":{"line":862,"column":20},"end":{"line":862,"column":61}},"line":862}},"branchMap":{"0":{"loc":{"start":{"line":65,"column":29},"end":{"line":65,"column":49}},"type":"default-arg","locations":[{"start":{"line":65,"column":45},"end":{"line":65,"column":49}}],"line":65},"1":{"loc":{"start":{"line":92,"column":2},"end":{"line":95,"column":3}},"type":"if","locations":[{"start":{"line":92,"column":2},"end":{"line":95,"column":3}},{"start":{},"end":{}}],"line":92},"2":{"loc":{"start":{"line":98,"column":2},"end":{"line":101,"column":3}},"type":"if","locations":[{"start":{"line":98,"column":2},"end":{"line":101,"column":3}},{"start":{},"end":{}}],"line":98},"3":{"loc":{"start":{"line":98,"column":6},"end":{"line":98,"column":75}},"type":"binary-expr","locations":[{"start":{"line":98,"column":6},"end":{"line":98,"column":35}},{"start":{"line":98,"column":39},"end":{"line":98,"column":75}}],"line":98},"4":{"loc":{"start":{"line":139,"column":40},"end":{"line":139,"column":52}},"type":"default-arg","locations":[{"start":{"line":139,"column":50},"end":{"line":139,"column":52}}],"line":139},"5":{"loc":{"start":{"line":140,"column":2},"end":{"line":145,"column":3}},"type":"if","locations":[{"start":{"line":140,"column":2},"end":{"line":145,"column":3}},{"start":{},"end":{}}],"line":140},"6":{"loc":{"start":{"line":147,"column":2},"end":{"line":153,"column":3}},"type":"if","locations":[{"start":{"line":147,"column":2},"end":{"line":153,"column":3}},{"start":{},"end":{}}],"line":147},"7":{"loc":{"start":{"line":150,"column":15},"end":{"line":150,"column":49}},"type":"binary-expr","locations":[{"start":{"line":150,"column":15},"end":{"line":150,"column":36}},{"start":{"line":150,"column":40},"end":{"line":150,"column":49}}],"line":150},"8":{"loc":{"start":{"line":156,"column":21},"end":{"line":156,"column":53}},"type":"binary-expr","locations":[{"start":{"line":156,"column":21},"end":{"line":156,"column":37}},{"start":{"line":156,"column":41},"end":{"line":156,"column":53}}],"line":156},"9":{"loc":{"start":{"line":161,"column":13},"end":{"line":161,"column":35}},"type":"binary-expr","locations":[{"start":{"line":161,"column":13},"end":{"line":161,"column":26}},{"start":{"line":161,"column":30},"end":{"line":161,"column":35}}],"line":161},"10":{"loc":{"start":{"line":163,"column":18},"end":{"line":163,"column":49}},"type":"binary-expr","locations":[{"start":{"line":163,"column":18},"end":{"line":163,"column":36}},{"start":{"line":163,"column":40},"end":{"line":163,"column":49}}],"line":163},"11":{"loc":{"start":{"line":175,"column":15},"end":{"line":175,"column":49}},"type":"binary-expr","locations":[{"start":{"line":175,"column":15},"end":{"line":175,"column":36}},{"start":{"line":175,"column":40},"end":{"line":175,"column":49}}],"line":175},"12":{"loc":{"start":{"line":232,"column":4},"end":{"line":238,"column":5}},"type":"if","locations":[{"start":{"line":232,"column":4},"end":{"line":238,"column":5}},{"start":{},"end":{}}],"line":232},"13":{"loc":{"start":{"line":234,"column":8},"end":{"line":234,"column":68}},"type":"binary-expr","locations":[{"start":{"line":234,"column":8},"end":{"line":234,"column":28}},{"start":{"line":234,"column":32},"end":{"line":234,"column":68}}],"line":234},"14":{"loc":{"start":{"line":245,"column":12},"end":{"line":245,"column":43}},"type":"binary-expr","locations":[{"start":{"line":245,"column":12},"end":{"line":245,"column":30}},{"start":{"line":245,"column":34},"end":{"line":245,"column":43}}],"line":245},"15":{"loc":{"start":{"line":246,"column":15},"end":{"line":246,"column":41}},"type":"binary-expr","locations":[{"start":{"line":246,"column":15},"end":{"line":246,"column":29}},{"start":{"line":246,"column":33},"end":{"line":246,"column":41}}],"line":246},"16":{"loc":{"start":{"line":247,"column":15},"end":{"line":247,"column":42}},"type":"binary-expr","locations":[{"start":{"line":247,"column":15},"end":{"line":247,"column":29}},{"start":{"line":247,"column":33},"end":{"line":247,"column":42}}],"line":247},"17":{"loc":{"start":{"line":249,"column":18},"end":{"line":249,"column":45}},"type":"binary-expr","locations":[{"start":{"line":249,"column":18},"end":{"line":249,"column":39}},{"start":{"line":249,"column":43},"end":{"line":249,"column":45}}],"line":249},"18":{"loc":{"start":{"line":250,"column":21},"end":{"line":250,"column":50}},"type":"binary-expr","locations":[{"start":{"line":250,"column":21},"end":{"line":250,"column":41}},{"start":{"line":250,"column":45},"end":{"line":250,"column":50}}],"line":250},"19":{"loc":{"start":{"line":251,"column":23},"end":{"line":251,"column":55}},"type":"binary-expr","locations":[{"start":{"line":251,"column":23},"end":{"line":251,"column":46}},{"start":{"line":251,"column":50},"end":{"line":251,"column":55}}],"line":251},"20":{"loc":{"start":{"line":252,"column":30},"end":{"line":252,"column":69}},"type":"binary-expr","locations":[{"start":{"line":252,"column":30},"end":{"line":252,"column":60}},{"start":{"line":252,"column":64},"end":{"line":252,"column":69}}],"line":252},"21":{"loc":{"start":{"line":256,"column":4},"end":{"line":258,"column":5}},"type":"if","locations":[{"start":{"line":256,"column":4},"end":{"line":258,"column":5}},{"start":{},"end":{}}],"line":256},"22":{"loc":{"start":{"line":308,"column":39},"end":{"line":308,"column":67}},"type":"default-arg","locations":[{"start":{"line":308,"column":51},"end":{"line":308,"column":67}}],"line":308},"23":{"loc":{"start":{"line":308,"column":69},"end":{"line":308,"column":81}},"type":"default-arg","locations":[{"start":{"line":308,"column":79},"end":{"line":308,"column":81}}],"line":308},"24":{"loc":{"start":{"line":317,"column":20},"end":{"line":317,"column":49}},"type":"binary-expr","locations":[{"start":{"line":317,"column":20},"end":{"line":317,"column":40}},{"start":{"line":317,"column":44},"end":{"line":317,"column":49}}],"line":317},"25":{"loc":{"start":{"line":320,"column":4},"end":{"line":326,"column":5}},"type":"if","locations":[{"start":{"line":320,"column":4},"end":{"line":326,"column":5}},{"start":{},"end":{}}],"line":320},"26":{"loc":{"start":{"line":322,"column":8},"end":{"line":322,"column":67}},"type":"binary-expr","locations":[{"start":{"line":322,"column":8},"end":{"line":322,"column":28}},{"start":{"line":322,"column":32},"end":{"line":322,"column":67}}],"line":322},"27":{"loc":{"start":{"line":341,"column":4},"end":{"line":343,"column":5}},"type":"if","locations":[{"start":{"line":341,"column":4},"end":{"line":343,"column":5}},{"start":{},"end":{}}],"line":341},"28":{"loc":{"start":{"line":414,"column":59},"end":{"line":414,"column":71}},"type":"default-arg","locations":[{"start":{"line":414,"column":69},"end":{"line":414,"column":71}}],"line":414},"29":{"loc":{"start":{"line":418,"column":2},"end":{"line":420,"column":3}},"type":"if","locations":[{"start":{"line":418,"column":2},"end":{"line":420,"column":3}},{"start":{},"end":{}}],"line":418},"30":{"loc":{"start":{"line":418,"column":6},"end":{"line":418,"column":49}},"type":"binary-expr","locations":[{"start":{"line":418,"column":6},"end":{"line":418,"column":16}},{"start":{"line":418,"column":20},"end":{"line":418,"column":49}}],"line":418},"31":{"loc":{"start":{"line":441,"column":4},"end":{"line":447,"column":5}},"type":"if","locations":[{"start":{"line":441,"column":4},"end":{"line":447,"column":5}},{"start":{},"end":{}}],"line":441},"32":{"loc":{"start":{"line":443,"column":8},"end":{"line":443,"column":60}},"type":"binary-expr","locations":[{"start":{"line":443,"column":8},"end":{"line":443,"column":28}},{"start":{"line":443,"column":32},"end":{"line":443,"column":60}}],"line":443},"33":{"loc":{"start":{"line":458,"column":23},"end":{"line":458,"column":73}},"type":"cond-expr","locations":[{"start":{"line":458,"column":53},"end":{"line":458,"column":69}},{"start":{"line":458,"column":72},"end":{"line":458,"column":73}}],"line":458},"34":{"loc":{"start":{"line":473,"column":4},"end":{"line":475,"column":5}},"type":"if","locations":[{"start":{"line":473,"column":4},"end":{"line":475,"column":5}},{"start":{},"end":{}}],"line":473},"35":{"loc":{"start":{"line":522,"column":44},"end":{"line":522,"column":72}},"type":"default-arg","locations":[{"start":{"line":522,"column":56},"end":{"line":522,"column":72}}],"line":522},"36":{"loc":{"start":{"line":534,"column":4},"end":{"line":540,"column":5}},"type":"if","locations":[{"start":{"line":534,"column":4},"end":{"line":540,"column":5}},{"start":{},"end":{}}],"line":534},"37":{"loc":{"start":{"line":536,"column":8},"end":{"line":536,"column":61}},"type":"binary-expr","locations":[{"start":{"line":536,"column":8},"end":{"line":536,"column":28}},{"start":{"line":536,"column":32},"end":{"line":536,"column":61}}],"line":536},"38":{"loc":{"start":{"line":555,"column":4},"end":{"line":557,"column":5}},"type":"if","locations":[{"start":{"line":555,"column":4},"end":{"line":557,"column":5}},{"start":{},"end":{}}],"line":555},"39":{"loc":{"start":{"line":584,"column":2},"end":{"line":589,"column":3}},"type":"if","locations":[{"start":{"line":584,"column":2},"end":{"line":589,"column":3}},{"start":{},"end":{}}],"line":584},"40":{"loc":{"start":{"line":593,"column":4},"end":{"line":595,"column":5}},"type":"if","locations":[{"start":{"line":593,"column":4},"end":{"line":595,"column":5}},{"start":{},"end":{}}],"line":593},"41":{"loc":{"start":{"line":593,"column":8},"end":{"line":593,"column":68}},"type":"binary-expr","locations":[{"start":{"line":593,"column":8},"end":{"line":593,"column":21}},{"start":{"line":593,"column":25},"end":{"line":593,"column":68}}],"line":593},"42":{"loc":{"start":{"line":629,"column":2},"end":{"line":634,"column":3}},"type":"if","locations":[{"start":{"line":629,"column":2},"end":{"line":634,"column":3}},{"start":{},"end":{}}],"line":629},"43":{"loc":{"start":{"line":644,"column":2},"end":{"line":646,"column":3}},"type":"if","locations":[{"start":{"line":644,"column":2},"end":{"line":646,"column":3}},{"start":{},"end":{}}],"line":644},"44":{"loc":{"start":{"line":644,"column":6},"end":{"line":644,"column":39}},"type":"binary-expr","locations":[{"start":{"line":644,"column":6},"end":{"line":644,"column":11}},{"start":{"line":644,"column":15},"end":{"line":644,"column":39}}],"line":644},"45":{"loc":{"start":{"line":651,"column":2},"end":{"line":656,"column":3}},"type":"if","locations":[{"start":{"line":651,"column":2},"end":{"line":656,"column":3}},{"start":{},"end":{}}],"line":651},"46":{"loc":{"start":{"line":666,"column":2},"end":{"line":668,"column":3}},"type":"if","locations":[{"start":{"line":666,"column":2},"end":{"line":668,"column":3}},{"start":{},"end":{}}],"line":666},"47":{"loc":{"start":{"line":666,"column":6},"end":{"line":666,"column":32}},"type":"binary-expr","locations":[{"start":{"line":666,"column":6},"end":{"line":666,"column":14}},{"start":{"line":666,"column":18},"end":{"line":666,"column":32}}],"line":666},"48":{"loc":{"start":{"line":672,"column":2},"end":{"line":674,"column":3}},"type":"if","locations":[{"start":{"line":672,"column":2},"end":{"line":674,"column":3}},{"start":{},"end":{}}],"line":672},"49":{"loc":{"start":{"line":672,"column":6},"end":{"line":672,"column":71}},"type":"binary-expr","locations":[{"start":{"line":672,"column":6},"end":{"line":672,"column":33}},{"start":{"line":672,"column":37},"end":{"line":672,"column":71}}],"line":672},"50":{"loc":{"start":{"line":675,"column":2},"end":{"line":677,"column":3}},"type":"if","locations":[{"start":{"line":675,"column":2},"end":{"line":677,"column":3}},{"start":{},"end":{}}],"line":675},"51":{"loc":{"start":{"line":675,"column":6},"end":{"line":675,"column":81}},"type":"binary-expr","locations":[{"start":{"line":675,"column":6},"end":{"line":675,"column":40}},{"start":{"line":675,"column":44},"end":{"line":675,"column":81}}],"line":675},"52":{"loc":{"start":{"line":678,"column":2},"end":{"line":680,"column":3}},"type":"if","locations":[{"start":{"line":678,"column":2},"end":{"line":680,"column":3}},{"start":{},"end":{}}],"line":678},"53":{"loc":{"start":{"line":678,"column":6},"end":{"line":678,"column":72}},"type":"binary-expr","locations":[{"start":{"line":678,"column":6},"end":{"line":678,"column":34}},{"start":{"line":678,"column":38},"end":{"line":678,"column":72}}],"line":678},"54":{"loc":{"start":{"line":681,"column":2},"end":{"line":683,"column":3}},"type":"if","locations":[{"start":{"line":681,"column":2},"end":{"line":683,"column":3}},{"start":{},"end":{}}],"line":681},"55":{"loc":{"start":{"line":681,"column":6},"end":{"line":681,"column":58}},"type":"binary-expr","locations":[{"start":{"line":681,"column":6},"end":{"line":681,"column":29}},{"start":{"line":681,"column":33},"end":{"line":681,"column":58}}],"line":681},"56":{"loc":{"start":{"line":684,"column":2},"end":{"line":686,"column":3}},"type":"if","locations":[{"start":{"line":684,"column":2},"end":{"line":686,"column":3}},{"start":{},"end":{}}],"line":684},"57":{"loc":{"start":{"line":684,"column":6},"end":{"line":684,"column":62}},"type":"binary-expr","locations":[{"start":{"line":684,"column":6},"end":{"line":684,"column":32}},{"start":{"line":684,"column":36},"end":{"line":684,"column":62}}],"line":684},"58":{"loc":{"start":{"line":687,"column":2},"end":{"line":689,"column":3}},"type":"if","locations":[{"start":{"line":687,"column":2},"end":{"line":689,"column":3}},{"start":{},"end":{}}],"line":687},"59":{"loc":{"start":{"line":687,"column":6},"end":{"line":687,"column":77}},"type":"binary-expr","locations":[{"start":{"line":687,"column":6},"end":{"line":687,"column":35}},{"start":{"line":687,"column":39},"end":{"line":687,"column":77}}],"line":687},"60":{"loc":{"start":{"line":703,"column":2},"end":{"line":705,"column":3}},"type":"if","locations":[{"start":{"line":703,"column":2},"end":{"line":705,"column":3}},{"start":{},"end":{}}],"line":703},"61":{"loc":{"start":{"line":736,"column":2},"end":{"line":738,"column":3}},"type":"if","locations":[{"start":{"line":736,"column":2},"end":{"line":738,"column":3}},{"start":{},"end":{}}],"line":736},"62":{"loc":{"start":{"line":745,"column":2},"end":{"line":747,"column":3}},"type":"if","locations":[{"start":{"line":745,"column":2},"end":{"line":747,"column":3}},{"start":{},"end":{}}],"line":745},"63":{"loc":{"start":{"line":758,"column":2},"end":{"line":760,"column":3}},"type":"if","locations":[{"start":{"line":758,"column":2},"end":{"line":760,"column":3}},{"start":{},"end":{}}],"line":758},"64":{"loc":{"start":{"line":793,"column":2},"end":{"line":796,"column":3}},"type":"if","locations":[{"start":{"line":793,"column":2},"end":{"line":796,"column":3}},{"start":{},"end":{}}],"line":793},"65":{"loc":{"start":{"line":808,"column":16},"end":{"line":808,"column":78}},"type":"cond-expr","locations":[{"start":{"line":808,"column":47},"end":{"line":808,"column":53}},{"start":{"line":808,"column":56},"end":{"line":808,"column":78}}],"line":808},"66":{"loc":{"start":{"line":854,"column":2},"end":{"line":854,"column":36}},"type":"if","locations":[{"start":{"line":854,"column":2},"end":{"line":854,"column":36}},{"start":{},"end":{}}],"line":854},"67":{"loc":{"start":{"line":855,"column":2},"end":{"line":855,"column":46}},"type":"if","locations":[{"start":{"line":855,"column":2},"end":{"line":855,"column":46}},{"start":{},"end":{}}],"line":855},"68":{"loc":{"start":{"line":856,"column":2},"end":{"line":858,"column":3}},"type":"if","locations":[{"start":{"line":856,"column":2},"end":{"line":858,"column":3}},{"start":{},"end":{}}],"line":856},"69":{"loc":{"start":{"line":859,"column":2},"end":{"line":864,"column":3}},"type":"if","locations":[{"start":{"line":859,"column":2},"end":{"line":864,"column":3}},{"start":{},"end":{}}],"line":859}},"s":{"0":0,"1":0,"2":0,"3":0,"4":0,"5":0,"6":0,"7":0,"8":0,"9":0,"10":0,"11":0,"12":0,"13":0,"14":0,"15":0,"16":0,"17":0,"18":0,"19":0,"20":0,"21":0,"22":0,"23":0,"24":0,"25":0,"26":0,"27":0,"28":0,"29":0,"30":0,"31":0,"32":0,"33":0,"34":0,"35":0,"36":0,"37":0,"38":0,"39":0,"40":0,"41":0,"42":0,"43":0,"44":0,"45":0,"46":0,"47":0,"48":0,"49":0,"50":0,"51":0,"52":0,"53":0,"54":0,"55":0,"56":0,"57":0,"58":0,"59":0,"60":0,"61":0,"62":0,"63":0,"64":0,"65":0,"66":0,"67":0,"68":0,"69":0,"70":0,"71":0,"72":0,"73":0,"74":0,"75":0,"76":0,"77":0,"78":0,"79":0,"80":0,"81":0,"82":0,"83":0,"84":0,"85":0,"86":0,"87":0,"88":0,"89":0,"90":0,"91":0,"92":0,"93":0,"94":0,"95":0,"96":0,"97":0,"98":0,"99":0,"100":0,"101":0,"102":0,"103":0,"104":0,"105":0,"106":0,"107":0,"108":0,"109":0,"110":0,"111":0,"112":0,"113":0,"114":0,"115":0,"116":0,"117":0,"118":0,"119":0,"120":0,"121":0,"122":0,"123":0,"124":0,"125":0,"126":0,"127":0,"128":0,"129":0,"130":0,"131":0,"132":0,"133":0,"134":0,"135":0,"136":0,"137":0,"138":0,"139":0,"140":0,"141":0,"142":0,"143":0,"144":0,"145":0,"146":0,"147":0,"148":0,"149":0,"150":0,"151":0,"152":0,"153":0,"154":0,"155":0,"156":0,"157":0,"158":0,"159":0,"160":0,"161":0,"162":0,"163":0,"164":0,"165":0,"166":0,"167":0,"168":0,"169":0,"170":0,"171":0,"172":0,"173":0,"174":0,"175":0,"176":0,"177":0,"178":0,"179":0,"180":0,"181":0,"182":0,"183":0,"184":0,"185":0,"186":0,"187":0,"188":0,"189":0,"190":0},"f":{"0":0,"1":0,"2":0,"3":0,"4":0,"5":0,"6":0,"7":0,"8":0,"9":0,"10":0,"11":0,"12":0,"13":0,"14":0,"15":0,"16":0,"17":0,"18":0,"19":0,"20":0},"b":{"0":[0],"1":[0,0],"2":[0,0],"3":[0,0],"4":[0],"5":[0,0],"6":[0,0],"7":[0,0],"8":[0,0],"9":[0,0],"10":[0,0],"11":[0,0],"12":[0,0],"13":[0,0],"14":[0,0],"15":[0,0],"16":[0,0],"17":[0,0],"18":[0,0],"19":[0,0],"20":[0,0],"21":[0,0],"22":[0],"23":[0],"24":[0,0],"25":[0,0],"26":[0,0],"27":[0,0],"28":[0],"29":[0,0],"30":[0,0],"31":[0,0],"32":[0,0],"33":[0,0],"34":[0,0],"35":[0],"36":[0,0],"37":[0,0],"38":[0,0],"39":[0,0],"40":[0,0],"41":[0,0],"42":[0,0],"43":[0,0],"44":[0,0],"45":[0,0],"46":[0,0],"47":[0,0],"48":[0,0],"49":[0,0],"50":[0,0],"51":[0,0],"52":[0,0],"53":[0,0],"54":[0,0],"55":[0,0],"56":[0,0],"57":[0,0],"58":[0,0],"59":[0,0],"60":[0,0],"61":[0,0],"62":[0,0],"63":[0,0],"64":[0,0],"65":[0,0],"66":[0,0],"67":[0,0],"68":[0,0],"69":[0,0]}}
}
