TN:
SF:background.js
FN:3,(anonymous_0)
FN:4,(anonymous_1)
FN:9,(anonymous_2)
FN:11,(anonymous_3)
FN:17,(anonymous_4)
FNF:5
FNH:0
FNDA:0,(anonymous_0)
FNDA:0,(anonymous_1)
FNDA:0,(anonymous_2)
FNDA:0,(anonymous_3)
FNDA:0,(anonymous_4)
DA:1,0
DA:3,0
DA:4,0
DA:5,0
DA:9,0
DA:10,0
DA:11,0
DA:12,0
DA:14,0
DA:16,0
DA:17,0
DA:18,0
DA:20,0
LF:13
LH:0
BRDA:10,0,0,0
BRDA:10,0,1,0
BRDA:12,1,0,0
BRDA:12,1,1,0
BRDA:16,2,0,0
BRDA:16,2,1,0
BRF:6
BRH:0
end_of_record
TN:
SF:hw-manager.js
FN:86,(anonymous_0)
FN:104,(anonymous_1)
FN:127,(anonymous_2)
FN:144,(anonymous_3)
FN:218,(anonymous_4)
FN:249,(anonymous_5)
FN:258,(anonymous_6)
FN:269,(anonymous_7)
FN:292,(anonymous_8)
FN:322,(anonymous_9)
FN:349,(anonymous_10)
FN:365,(anonymous_11)
FN:384,(anonymous_12)
FN:419,(anonymous_13)
FN:422,(anonymous_14)
FN:435,(anonymous_15)
FN:462,(anonymous_16)
FN:480,(anonymous_17)
FN:486,(anonymous_18)
FN:497,(anonymous_19)
FN:515,(anonymous_20)
FN:529,(anonymous_21)
FN:563,(anonymous_22)
FN:585,(anonymous_23)
FN:594,(anonymous_24)
FN:616,buildUnsignedTransaction
FN:639,combineSignature
FNF:27
FNH:0
FNDA:0,(anonymous_0)
FNDA:0,(anonymous_1)
FNDA:0,(anonymous_2)
FNDA:0,(anonymous_3)
FNDA:0,(anonymous_4)
FNDA:0,(anonymous_5)
FNDA:0,(anonymous_6)
FNDA:0,(anonymous_7)
FNDA:0,(anonymous_8)
FNDA:0,(anonymous_9)
FNDA:0,(anonymous_10)
FNDA:0,(anonymous_11)
FNDA:0,(anonymous_12)
FNDA:0,(anonymous_13)
FNDA:0,(anonymous_14)
FNDA:0,(anonymous_15)
FNDA:0,(anonymous_16)
FNDA:0,(anonymous_17)
FNDA:0,(anonymous_18)
FNDA:0,(anonymous_19)
FNDA:0,(anonymous_20)
FNDA:0,(anonymous_21)
FNDA:0,(anonymous_22)
FNDA:0,(anonymous_23)
FNDA:0,(anonymous_24)
FNDA:0,buildUnsignedTransaction
FNDA:0,combineSignature
DA:87,0
DA:88,0
DA:89,0
DA:91,0
DA:92,0
DA:93,0
DA:94,0
DA:95,0
DA:105,0
DA:108,0
DA:109,0
DA:110,0
DA:114,0
DA:117,0
DA:128,0
DA:132,0
DA:146,0
DA:147,0
DA:148,0
DA:155,0
DA:156,0
DA:159,0
DA:161,0
DA:162,0
DA:165,0
DA:167,0
DA:168,0
DA:170,0
DA:171,0
DA:173,0
DA:174,0
DA:176,0
DA:178,0
DA:182,0
DA:185,0
DA:186,0
DA:189,0
DA:190,0
DA:198,0
DA:200,0
DA:202,0
DA:203,0
DA:204,0
DA:206,0
DA:207,0
DA:209,0
DA:220,0
DA:221,0
DA:222,0
DA:225,0
DA:226,0
DA:229,0
DA:230,0
DA:232,0
DA:234,0
DA:236,0
DA:237,0
DA:238,0
DA:240,0
DA:250,0
DA:259,0
DA:270,0
DA:272,0
DA:273,0
DA:275,0
DA:276,0
DA:279,0
DA:281,0
DA:293,0
DA:295,0
DA:297,0
DA:299,0
DA:302,0
DA:307,0
DA:309,0
DA:310,0
DA:313,0
DA:314,0
DA:315,0
DA:317,0
DA:321,0
DA:322,0
DA:326,0
DA:332,0
DA:334,0
DA:336,0
DA:337,0
DA:338,0
DA:350,0
DA:352,0
DA:354,0
DA:356,0
DA:361,0
DA:364,0
DA:365,0
DA:368,0
DA:370,0
DA:372,0
DA:373,0
DA:374,0
DA:386,0
DA:387,0
DA:388,0
DA:389,0
DA:390,0
DA:393,0
DA:407,0
DA:408,0
DA:411,0
DA:413,0
DA:420,0
DA:421,0
DA:422,0
DA:437,0
DA:439,0
DA:463,0
DA:464,0
DA:467,0
DA:468,0
DA:471,0
DA:481,0
DA:482,0
DA:485,0
DA:486,0
DA:498,0
DA:500,0
DA:501,0
DA:502,0
DA:504,0
DA:516,0
DA:517,0
DA:530,0
DA:533,0
DA:546,0
DA:547,0
DA:548,0
DA:553,0
DA:565,0
DA:566,0
DA:568,0
DA:586,0
DA:587,0
DA:590,0
DA:591,0
DA:594,0
DA:595,0
DA:617,0
DA:627,0
DA:628,0
DA:640,0
DA:641,0
DA:645,0
DA:646,0
DA:651,0
DA:652,0
DA:653,0
DA:654,0
LF:157
LH:0
BRDA:86,0,0,0
BRDA:87,1,0,0
BRDA:87,1,1,0
BRDA:88,2,0,0
BRDA:88,2,1,0
BRDA:89,3,0,0
BRDA:89,3,1,0
BRDA:108,4,0,0
BRDA:108,4,1,0
BRDA:109,5,0,0
BRDA:109,5,1,0
BRDA:109,6,0,0
BRDA:109,6,1,0
BRDA:132,7,0,0
BRDA:132,7,1,0
BRDA:144,8,0,0
BRDA:147,9,0,0
BRDA:147,9,1,0
BRDA:155,10,0,0
BRDA:155,10,1,0
BRDA:159,11,0,0
BRDA:159,11,1,0
BRDA:165,12,0,0
BRDA:165,12,1,0
BRDA:167,13,0,0
BRDA:167,13,1,0
BRDA:171,14,0,0
BRDA:171,14,1,0
BRDA:173,15,0,0
BRDA:173,15,1,0
BRDA:220,16,0,0
BRDA:220,16,1,0
BRDA:225,17,0,0
BRDA:225,17,1,0
BRDA:250,18,0,0
BRDA:250,18,1,0
BRDA:269,19,0,0
BRDA:275,20,0,0
BRDA:275,20,1,0
BRDA:307,21,0,0
BRDA:307,21,1,0
BRDA:310,22,0,0
BRDA:310,22,1,0
BRDA:356,23,0,0
BRDA:356,23,1,0
BRDA:386,24,0,0
BRDA:386,24,1,0
BRDA:387,25,0,0
BRDA:387,25,1,0
BRDA:388,26,0,0
BRDA:388,26,1,0
BRDA:389,27,0,0
BRDA:389,27,1,0
BRDA:390,28,0,0
BRDA:390,28,1,0
BRDA:401,29,0,0
BRDA:401,29,1,0
BRDA:402,30,0,0
BRDA:402,30,1,0
BRDA:463,31,0,0
BRDA:463,31,1,0
BRDA:467,32,0,0
BRDA:467,32,1,0
BRDA:481,33,0,0
BRDA:481,33,1,0
BRDA:498,34,0,0
BRDA:498,34,1,0
BRDA:516,35,0,0
BRDA:516,35,1,0
BRDA:530,36,0,0
BRDA:530,36,1,0
BRDA:547,37,0,0
BRDA:547,37,1,0
BRDA:574,38,0,0
BRDA:574,38,1,0
BRDA:575,39,0,0
BRDA:575,39,1,0
BRDA:586,40,0,0
BRDA:586,40,1,0
BRDA:586,41,0,0
BRDA:586,41,1,0
BRDA:616,42,0,0
BRDA:623,43,0,0
BRDA:623,43,1,0
BRDA:624,44,0,0
BRDA:624,44,1,0
BRDA:645,45,0,0
BRDA:645,45,1,0
BRDA:645,46,0,0
BRDA:645,46,1,0
BRDA:651,47,0,0
BRDA:651,47,1,0
BRF:92
BRH:0
end_of_record
TN:
SF:hw-ui.js
FN:12,(anonymous_0)
FN:21,(anonymous_1)
FN:36,(anonymous_2)
FN:40,(anonymous_3)
FN:46,(anonymous_4)
FN:52,(anonymous_5)
FN:57,(anonymous_6)
FN:63,(anonymous_7)
FN:69,(anonymous_8)
FN:77,(anonymous_9)
FN:88,(anonymous_10)
FN:136,(anonymous_11)
FN:150,(anonymous_12)
FN:164,(anonymous_13)
FN:192,(anonymous_14)
FN:203,(anonymous_15)
FN:214,(anonymous_16)
FN:230,(anonymous_17)
FN:245,(anonymous_18)
FN:254,(anonymous_19)
FN:284,(anonymous_20)
FN:290,(anonymous_21)
FN:299,(anonymous_22)
FN:307,(anonymous_23)
FN:328,(anonymous_24)
FN:339,(anonymous_25)
FN:351,(anonymous_26)
FN:370,(anonymous_27)
FN:383,(anonymous_28)
FN:394,(anonymous_29)
FN:401,(anonymous_30)
FN:409,(anonymous_31)
FNF:32
FNH:0
FNDA:0,(anonymous_0)
FNDA:0,(anonymous_1)
FNDA:0,(anonymous_2)
FNDA:0,(anonymous_3)
FNDA:0,(anonymous_4)
FNDA:0,(anonymous_5)
FNDA:0,(anonymous_6)
FNDA:0,(anonymous_7)
FNDA:0,(anonymous_8)
FNDA:0,(anonymous_9)
FNDA:0,(anonymous_10)
FNDA:0,(anonymous_11)
FNDA:0,(anonymous_12)
FNDA:0,(anonymous_13)
FNDA:0,(anonymous_14)
FNDA:0,(anonymous_15)
FNDA:0,(anonymous_16)
FNDA:0,(anonymous_17)
FNDA:0,(anonymous_18)
FNDA:0,(anonymous_19)
FNDA:0,(anonymous_20)
FNDA:0,(anonymous_21)
FNDA:0,(anonymous_22)
FNDA:0,(anonymous_23)
FNDA:0,(anonymous_24)
FNDA:0,(anonymous_25)
FNDA:0,(anonymous_26)
FNDA:0,(anonymous_27)
FNDA:0,(anonymous_28)
FNDA:0,(anonymous_29)
FNDA:0,(anonymous_30)
FNDA:0,(anonymous_31)
DA:13,0
DA:14,0
DA:22,0
DA:25,0
DA:28,0
DA:30,0
DA:38,0
DA:39,0
DA:40,0
DA:44,0
DA:45,0
DA:46,0
DA:50,0
DA:51,0
DA:52,0
DA:55,0
DA:56,0
DA:57,0
DA:61,0
DA:62,0
DA:63,0
DA:67,0
DA:68,0
DA:69,0
DA:70,0
DA:71,0
DA:77,0
DA:78,0
DA:79,0
DA:80,0
DA:89,0
DA:90,0
DA:91,0
DA:92,0
DA:93,0
DA:95,0
DA:97,0
DA:98,0
DA:99,0
DA:102,0
DA:103,0
DA:105,0
DA:106,0
DA:107,0
DA:111,0
DA:112,0
DA:113,0
DA:115,0
DA:119,0
DA:120,0
DA:121,0
DA:124,0
DA:125,0
DA:127,0
DA:128,0
DA:137,0
DA:138,0
DA:139,0
DA:140,0
DA:143,0
DA:151,0
DA:152,0
DA:153,0
DA:154,0
DA:157,0
DA:165,0
DA:166,0
DA:167,0
DA:170,0
DA:171,0
DA:174,0
DA:176,0
DA:177,0
DA:179,0
DA:180,0
DA:181,0
DA:182,0
DA:185,0
DA:193,0
DA:194,0
DA:195,0
DA:196,0
DA:204,0
DA:205,0
DA:206,0
DA:207,0
DA:215,0
DA:216,0
DA:218,0
DA:219,0
DA:220,0
DA:223,0
DA:224,0
DA:226,0
DA:228,0
DA:230,0
DA:231,0
DA:232,0
DA:235,0
DA:238,0
DA:241,0
DA:242,0
DA:245,0
DA:246,0
DA:255,0
DA:257,0
DA:258,0
DA:261,0
DA:262,0
DA:265,0
DA:266,0
DA:269,0
DA:270,0
DA:273,0
DA:274,0
DA:278,0
DA:285,0
DA:286,0
DA:287,0
DA:288,0
DA:290,0
DA:291,0
DA:300,0
DA:301,0
DA:308,0
DA:309,0
DA:311,0
DA:312,0
DA:313,0
DA:316,0
DA:317,0
DA:318,0
DA:321,0
DA:322,0
DA:329,0
DA:330,0
DA:331,0
DA:332,0
DA:340,0
DA:341,0
DA:342,0
DA:343,0
DA:352,0
DA:353,0
DA:356,0
DA:358,0
DA:360,0
DA:361,0
DA:364,0
DA:367,0
DA:370,0
DA:371,0
DA:374,0
DA:376,0
DA:379,0
DA:380,0
DA:383,0
DA:384,0
DA:387,0
DA:395,0
DA:402,0
DA:403,0
DA:410,0
DA:411,0
DA:416,0
DA:417,0
LF:166
LH:0
BRDA:22,0,0,0
BRDA:22,0,1,0
BRDA:39,1,0,0
BRDA:39,1,1,0
BRDA:45,2,0,0
BRDA:45,2,1,0
BRDA:51,3,0,0
BRDA:51,3,1,0
BRDA:56,4,0,0
BRDA:56,4,1,0
BRDA:62,5,0,0
BRDA:62,5,1,0
BRDA:68,6,0,0
BRDA:68,6,1,0
BRDA:70,7,0,0
BRDA:70,7,1,0
BRDA:78,8,0,0
BRDA:78,8,1,0
BRDA:95,9,0,0
BRDA:95,9,1,0
BRDA:97,10,0,0
BRDA:97,10,1,0
BRDA:102,11,0,0
BRDA:102,11,1,0
BRDA:103,12,0,0
BRDA:103,12,1,0
BRDA:105,13,0,0
BRDA:105,13,1,0
BRDA:112,14,0,0
BRDA:112,14,1,0
BRDA:112,15,0,0
BRDA:112,15,1,0
BRDA:119,16,0,0
BRDA:119,16,1,0
BRDA:124,17,0,0
BRDA:124,17,1,0
BRDA:125,18,0,0
BRDA:125,18,1,0
BRDA:127,19,0,0
BRDA:127,19,1,0
BRDA:138,20,0,0
BRDA:138,20,1,0
BRDA:152,21,0,0
BRDA:152,21,1,0
BRDA:170,22,0,0
BRDA:170,22,1,0
BRDA:171,23,0,0
BRDA:171,23,1,0
BRDA:174,24,0,0
BRDA:174,24,1,0
BRDA:176,25,0,0
BRDA:176,25,1,0
BRDA:179,26,0,0
BRDA:179,26,1,0
BRDA:181,27,0,0
BRDA:181,27,1,0
BRDA:194,28,0,0
BRDA:194,28,1,0
BRDA:205,29,0,0
BRDA:205,29,1,0
BRDA:219,30,0,0
BRDA:219,30,1,0
BRDA:226,31,0,0
BRDA:226,31,1,0
BRDA:257,32,0,0
BRDA:257,32,1,0
BRDA:257,33,0,0
BRDA:257,33,1,0
BRDA:261,34,0,0
BRDA:261,34,1,0
BRDA:261,35,0,0
BRDA:261,35,1,0
BRDA:265,36,0,0
BRDA:265,36,1,0
BRDA:265,37,0,0
BRDA:265,37,1,0
BRDA:269,38,0,0
BRDA:269,38,1,0
BRDA:269,39,0,0
BRDA:269,39,1,0
BRDA:273,40,0,0
BRDA:273,40,1,0
BRDA:286,41,0,0
BRDA:286,41,1,0
BRDA:309,42,0,0
BRDA:309,42,1,0
BRDA:312,43,0,0
BRDA:312,43,1,0
BRDA:317,44,0,0
BRDA:317,44,1,0
BRDA:330,45,0,0
BRDA:330,45,1,0
BRDA:341,46,0,0
BRDA:341,46,1,0
BRDA:352,47,0,0
BRDA:352,47,1,0
BRDA:403,48,0,0
BRDA:403,48,1,0
BRDA:411,49,0,0
BRDA:411,49,1,0
BRDA:416,50,0,0
BRDA:416,50,1,0
BRDA:416,51,0,0
BRDA:416,51,1,0
BRF:104
BRH:0
end_of_record
TN:
SF:ledger-hw.js
FN:96,(anonymous_0)
FN:105,(anonymous_1)
FN:112,(anonymous_2)
FN:119,(anonymous_3)
FN:134,bufferToHex
FN:136,(anonymous_5)
FN:145,hexToBytes
FN:159,parseBIP32Path
FN:165,(anonymous_8)
FN:190,keccak256
FN:207,publicKeyToAddress
FN:237,createAPDU
FN:254,parseAPDUResponse
FN:314,sendAPDU
FN:338,(anonymous_14)
FN:350,(anonymous_15)
FN:358,(anonymous_16)
FN:359,(anonymous_17)
FN:392,exchangeAPDU
FN:407,isLedgerSupported
FN:420,connectLedger
FN:455,(anonymous_21)
FN:505,getLedgerAddress
FN:564,signWithLedger
FN:639,parseDERSignature
FN:676,padTo32Bytes
FN:709,verifyAddressOnDevice
FN:761,disconnectLedger
FN:783,isConnected
FN:796,getLedgerPublicKey
FNF:30
FNH:0
FNDA:0,(anonymous_0)
FNDA:0,(anonymous_1)
FNDA:0,(anonymous_2)
FNDA:0,(anonymous_3)
FNDA:0,bufferToHex
FNDA:0,(anonymous_5)
FNDA:0,hexToBytes
FNDA:0,parseBIP32Path
FNDA:0,(anonymous_8)
FNDA:0,keccak256
FNDA:0,publicKeyToAddress
FNDA:0,createAPDU
FNDA:0,parseAPDUResponse
FNDA:0,sendAPDU
FNDA:0,(anonymous_14)
FNDA:0,(anonymous_15)
FNDA:0,(anonymous_16)
FNDA:0,(anonymous_17)
FNDA:0,exchangeAPDU
FNDA:0,isLedgerSupported
FNDA:0,connectLedger
FNDA:0,(anonymous_21)
FNDA:0,getLedgerAddress
FNDA:0,signWithLedger
FNDA:0,parseDERSignature
FNDA:0,padTo32Bytes
FNDA:0,verifyAddressOnDevice
FNDA:0,disconnectLedger
FNDA:0,isConnected
FNDA:0,getLedgerPublicKey
DA:26,0
DA:29,0
DA:32,0
DA:35,0
DA:38,0
DA:46,0
DA:53,0
DA:59,0
DA:70,0
DA:73,0
DA:76,0
DA:83,0
DA:86,0
DA:89,0
DA:97,0
DA:98,0
DA:99,0
DA:100,0
DA:106,0
DA:107,0
DA:113,0
DA:114,0
DA:120,0
DA:121,0
DA:135,0
DA:136,0
DA:146,0
DA:147,0
DA:148,0
DA:149,0
DA:151,0
DA:160,0
DA:161,0
DA:163,0
DA:165,0
DA:166,0
DA:169,0
DA:170,0
DA:174,0
DA:175,0
DA:176,0
DA:177,0
DA:178,0
DA:181,0
DA:193,0
DA:194,0
DA:198,0
DA:199,0
DA:210,0
DA:211,0
DA:214,0
DA:216,0
DA:217,0
DA:218,0
DA:219,0
DA:220,0
DA:222,0
DA:226,0
DA:238,0
DA:239,0
DA:240,0
DA:241,0
DA:242,0
DA:243,0
DA:244,0
DA:245,0
DA:255,0
DA:256,0
DA:259,0
DA:260,0
DA:262,0
DA:263,0
DA:267,0
DA:269,0
DA:272,0
DA:278,0
DA:284,0
DA:291,0
DA:297,0
DA:315,0
DA:316,0
DA:319,0
DA:322,0
DA:323,0
DA:326,0
DA:327,0
DA:328,0
DA:329,0
DA:330,0
DA:331,0
DA:332,0
DA:333,0
DA:334,0
DA:337,0
DA:338,0
DA:341,0
DA:342,0
DA:346,0
DA:349,0
DA:350,0
DA:353,0
DA:354,0
DA:358,0
DA:359,0
DA:362,0
DA:363,0
DA:365,0
DA:366,0
DA:370,0
DA:371,0
DA:372,0
DA:374,0
DA:377,0
DA:378,0
DA:380,0
DA:393,0
DA:394,0
DA:395,0
DA:396,0
DA:408,0
DA:421,0
DA:422,0
DA:425,0
DA:426,0
DA:432,0
DA:434,0
DA:436,0
DA:437,0
DA:441,0
DA:446,0
DA:449,0
DA:450,0
DA:454,0
DA:455,0
DA:458,0
DA:459,0
DA:463,0
DA:465,0
DA:466,0
DA:469,0
DA:470,0
DA:472,0
DA:474,0
DA:475,0
DA:480,0
DA:483,0
DA:491,0
DA:506,0
DA:507,0
DA:510,0
DA:511,0
DA:514,0
DA:516,0
DA:517,0
DA:518,0
DA:530,0
DA:531,0
DA:534,0
DA:535,0
DA:536,0
DA:540,0
DA:541,0
DA:544,0
DA:546,0
DA:549,0
DA:565,0
DA:566,0
DA:569,0
DA:570,0
DA:573,0
DA:575,0
DA:578,0
DA:579,0
DA:582,0
DA:583,0
DA:587,0
DA:588,0
DA:590,0
DA:593,0
DA:594,0
DA:595,0
DA:598,0
DA:610,0
DA:611,0
DA:617,0
DA:619,0
DA:620,0
DA:622,0
DA:624,0
DA:627,0
DA:630,0
DA:641,0
DA:643,0
DA:644,0
DA:647,0
DA:649,0
DA:650,0
DA:653,0
DA:654,0
DA:655,0
DA:657,0
DA:658,0
DA:661,0
DA:662,0
DA:665,0
DA:666,0
DA:668,0
DA:678,0
DA:679,0
DA:680,0
DA:683,0
DA:685,0
DA:686,0
DA:689,0
DA:690,0
DA:691,0
DA:692,0
DA:695,0
DA:710,0
DA:711,0
DA:714,0
DA:715,0
DA:718,0
DA:720,0
DA:721,0
DA:724,0
DA:731,0
DA:732,0
DA:735,0
DA:736,0
DA:737,0
DA:741,0
DA:742,0
DA:745,0
DA:747,0
DA:750,0
DA:762,0
DA:763,0
DA:764,0
DA:765,0
DA:767,0
DA:770,0
DA:772,0
DA:773,0
DA:774,0
DA:784,0
DA:797,0
DA:798,0
DA:801,0
DA:802,0
DA:805,0
DA:807,0
DA:808,0
DA:809,0
DA:816,0
DA:817,0
DA:820,0
DA:821,0
DA:822,0
DA:826,0
DA:827,0
DA:830,0
LF:262
LH:0
BRDA:96,0,0,0
BRDA:96,1,0,0
BRDA:146,2,0,0
BRDA:146,2,1,0
BRDA:169,3,0,0
BRDA:169,3,1,0
BRDA:219,4,0,0
BRDA:219,4,1,0
BRDA:237,5,0,0
BRDA:255,6,0,0
BRDA:255,6,1,0
BRDA:262,7,0,0
BRDA:262,7,1,0
BRDA:267,8,0,0
BRDA:267,8,1,0
BRDA:267,8,2,0
BRDA:267,8,3,0
BRDA:267,8,4,0
BRDA:267,8,5,0
BRDA:267,8,6,0
BRDA:315,9,0,0
BRDA:315,9,1,0
BRDA:315,10,0,0
BRDA:315,10,1,0
BRDA:341,11,0,0
BRDA:341,11,1,0
BRDA:353,12,0,0
BRDA:353,12,1,0
BRDA:365,13,0,0
BRDA:365,13,1,0
BRDA:377,14,0,0
BRDA:377,14,1,0
BRDA:392,15,0,0
BRDA:408,16,0,0
BRDA:408,16,1,0
BRDA:421,17,0,0
BRDA:421,17,1,0
BRDA:425,18,0,0
BRDA:425,18,1,0
BRDA:436,19,0,0
BRDA:436,19,1,0
BRDA:449,20,0,0
BRDA:449,20,1,0
BRDA:458,21,0,0
BRDA:458,21,1,0
BRDA:472,22,0,0
BRDA:472,22,1,0
BRDA:472,23,0,0
BRDA:472,23,1,0
BRDA:505,24,0,0
BRDA:506,25,0,0
BRDA:506,25,1,0
BRDA:510,26,0,0
BRDA:510,26,1,0
BRDA:530,27,0,0
BRDA:530,27,1,0
BRDA:535,28,0,0
BRDA:535,28,1,0
BRDA:564,29,0,0
BRDA:565,30,0,0
BRDA:565,30,1,0
BRDA:569,31,0,0
BRDA:569,31,1,0
BRDA:578,32,0,0
BRDA:578,32,1,0
BRDA:610,33,0,0
BRDA:610,33,1,0
BRDA:617,34,0,0
BRDA:617,34,1,0
BRDA:620,35,0,0
BRDA:620,35,1,0
BRDA:643,36,0,0
BRDA:643,36,1,0
BRDA:649,37,0,0
BRDA:649,37,1,0
BRDA:657,38,0,0
BRDA:657,38,1,0
BRDA:679,39,0,0
BRDA:679,39,1,0
BRDA:679,39,2,0
BRDA:685,40,0,0
BRDA:685,40,1,0
BRDA:689,41,0,0
BRDA:689,41,1,0
BRDA:709,42,0,0
BRDA:710,43,0,0
BRDA:710,43,1,0
BRDA:714,44,0,0
BRDA:714,44,1,0
BRDA:731,45,0,0
BRDA:731,45,1,0
BRDA:736,46,0,0
BRDA:736,46,1,0
BRDA:762,47,0,0
BRDA:762,47,1,0
BRDA:764,48,0,0
BRDA:764,48,1,0
BRDA:784,49,0,0
BRDA:784,49,1,0
BRDA:796,50,0,0
BRDA:797,51,0,0
BRDA:797,51,1,0
BRDA:801,52,0,0
BRDA:801,52,1,0
BRDA:816,53,0,0
BRDA:816,53,1,0
BRDA:821,54,0,0
BRDA:821,54,1,0
BRF:108
BRH:0
end_of_record
TN:
SF:popup-hw-integration.js
FN:16,signPayloadWithHardwareSupport
FN:43,submitOrderWithHardwareSupport
FN:202,(anonymous_2)
FNF:3
FNH:0
FNDA:0,signPayloadWithHardwareSupport
FNDA:0,submitOrderWithHardwareSupport
FNDA:0,(anonymous_2)
DA:10,0
DA:18,0
DA:19,0
DA:21,0
DA:24,0
DA:26,0
DA:28,0
DA:29,0
DA:33,0
DA:38,0
DA:44,0
DA:45,0
DA:46,0
DA:49,0
DA:55,0
DA:57,0
DA:58,0
DA:60,0
DA:61,0
DA:62,0
DA:65,0
DA:68,0
DA:69,0
DA:71,0
DA:72,0
DA:73,0
DA:76,0
DA:77,0
DA:78,0
DA:81,0
DA:82,0
DA:83,0
DA:87,0
DA:88,0
DA:91,0
DA:92,0
DA:93,0
DA:99,0
DA:100,0
DA:103,0
DA:104,0
DA:105,0
DA:108,0
DA:112,0
DA:128,0
DA:131,0
DA:132,0
DA:133,0
DA:134,0
DA:135,0
DA:140,0
DA:145,0
DA:147,0
DA:150,0
DA:154,0
DA:157,0
DA:158,0
DA:164,0
DA:166,0
DA:167,0
DA:170,0
DA:171,0
DA:174,0
DA:175,0
DA:176,0
DA:178,0
DA:180,0
DA:183,0
DA:184,0
DA:189,0
DA:191,0
DA:192,0
DA:195,0
DA:196,0
DA:198,0
DA:202,0
DA:203,0
DA:204,0
DA:206,0
DA:207,0
DA:210,0
LF:81
LH:0
BRDA:10,0,0,0
BRDA:10,0,1,0
BRDA:18,1,0,0
BRDA:18,1,1,0
BRDA:18,2,0,0
BRDA:18,2,1,0
BRDA:38,3,0,0
BRDA:38,3,1,0
BRDA:49,4,0,0
BRDA:49,4,1,0
BRDA:55,5,0,0
BRDA:55,5,1,0
BRDA:60,6,0,0
BRDA:60,6,1,0
BRDA:60,7,0,0
BRDA:60,7,1,0
BRDA:71,8,0,0
BRDA:71,8,1,0
BRDA:76,9,0,0
BRDA:76,9,1,0
BRDA:81,10,0,0
BRDA:81,10,1,0
BRDA:91,11,0,0
BRDA:91,11,1,0
BRDA:99,12,0,0
BRDA:99,12,1,0
BRDA:104,13,0,0
BRDA:104,13,1,0
BRDA:104,14,0,0
BRDA:104,14,1,0
BRDA:105,15,0,0
BRDA:105,15,1,0
BRDA:131,16,0,0
BRDA:131,16,1,0
BRDA:133,17,0,0
BRDA:133,17,1,0
BRDA:140,18,0,0
BRDA:140,18,1,0
BRDA:145,19,0,0
BRDA:145,19,1,0
BRDA:166,20,0,0
BRDA:166,20,1,0
BRDA:167,21,0,0
BRDA:167,21,1,0
BRDA:170,22,0,0
BRDA:170,22,1,0
BRDA:175,23,0,0
BRDA:175,23,1,0
BRDA:180,24,0,0
BRDA:180,24,1,0
BRDA:180,24,2,0
BRDA:189,25,0,0
BRDA:189,25,1,0
BRDA:204,26,0,0
BRDA:204,26,1,0
BRF:55
BRH:0
end_of_record
TN:
SF:popup.js
FN:7,bufferToHex
FN:9,(anonymous_1)
FN:13,hexToBytes
FN:21,bufferToBase64
FN:25,base64ToBytes
FN:34,stableStringify
FN:37,(anonymous_6)
FN:42,(anonymous_7)
FN:79,signPayload
FN:131,saveSession
FN:132,(anonymous_10)
FN:139,(anonymous_11)
FN:144,getSession
FN:145,(anonymous_13)
FN:148,(anonymous_14)
FN:159,registerSession
FN:182,beginWalletConnectHandshake
FN:193,confirmWalletConnectHandshake
FN:256,ensureSession
FN:271,getApiHost
FN:272,(anonymous_20)
FN:273,(anonymous_21)
FN:279,setApiHost
FN:283,$
FN:287,presentSigningPreview
FN:310,(anonymous_25)
FN:311,(anonymous_26)
FN:315,(anonymous_27)
FN:324,(anonymous_28)
FN:329,(anonymous_29)
FN:334,(anonymous_30)
FN:348,updateMiningStatus
FN:371,startMining
FN:388,stopMining
FN:402,refreshOrders
FN:410,(anonymous_35)
FN:423,refreshMatches
FN:431,(anonymous_37)
FN:444,refreshTradeHistory
FN:458,(anonymous_39)
FN:471,refreshMinerStats
FN:492,submitOrder
FN:597,setAiStatus
FN:603,setKeyDeletionNotice
FN:607,clearAiKeyField
FN:613,runPersonalAiSwap
FN:679,getStoredAiKey
FN:680,(anonymous_47)
FN:681,(anonymous_48)
FN:687,storeAiKey
FN:691,clearStoredAiKey
FN:697,bindActions
FN:706,(anonymous_52)
FN:711,restoreSettings
FN:712,(anonymous_54)
FN:721,(anonymous_55)
FN:727,(anonymous_56)
FNF:57
FNH:0
FNDA:0,bufferToHex
FNDA:0,(anonymous_1)
FNDA:0,hexToBytes
FNDA:0,bufferToBase64
FNDA:0,base64ToBytes
FNDA:0,stableStringify
FNDA:0,(anonymous_6)
FNDA:0,(anonymous_7)
FNDA:0,signPayload
FNDA:0,saveSession
FNDA:0,(anonymous_10)
FNDA:0,(anonymous_11)
FNDA:0,getSession
FNDA:0,(anonymous_13)
FNDA:0,(anonymous_14)
FNDA:0,registerSession
FNDA:0,beginWalletConnectHandshake
FNDA:0,confirmWalletConnectHandshake
FNDA:0,ensureSession
FNDA:0,getApiHost
FNDA:0,(anonymous_20)
FNDA:0,(anonymous_21)
FNDA:0,setApiHost
FNDA:0,$
FNDA:0,presentSigningPreview
FNDA:0,(anonymous_25)
FNDA:0,(anonymous_26)
FNDA:0,(anonymous_27)
FNDA:0,(anonymous_28)
FNDA:0,(anonymous_29)
FNDA:0,(anonymous_30)
FNDA:0,updateMiningStatus
FNDA:0,startMining
FNDA:0,stopMining
FNDA:0,refreshOrders
FNDA:0,(anonymous_35)
FNDA:0,refreshMatches
FNDA:0,(anonymous_37)
FNDA:0,refreshTradeHistory
FNDA:0,(anonymous_39)
FNDA:0,refreshMinerStats
FNDA:0,submitOrder
FNDA:0,setAiStatus
FNDA:0,setKeyDeletionNotice
FNDA:0,clearAiKeyField
FNDA:0,runPersonalAiSwap
FNDA:0,getStoredAiKey
FNDA:0,(anonymous_47)
FNDA:0,(anonymous_48)
FNDA:0,storeAiKey
FNDA:0,clearStoredAiKey
FNDA:0,bindActions
FNDA:0,(anonymous_52)
FNDA:0,restoreSettings
FNDA:0,(anonymous_54)
FNDA:0,(anonymous_55)
FNDA:0,(anonymous_56)
DA:1,0
DA:2,0
DA:3,0
DA:4,0
DA:5,0
DA:8,0
DA:9,0
DA:14,0
DA:15,0
DA:16,0
DA:18,0
DA:22,0
DA:26,0
DA:27,0
DA:28,0
DA:29,0
DA:31,0
DA:35,0
DA:36,0
DA:37,0
DA:39,0
DA:40,0
DA:41,0
DA:42,0
DA:45,0
DA:81,0
DA:82,0
DA:85,0
DA:86,0
DA:92,0
DA:94,0
DA:95,0
DA:96,0
DA:97,0
DA:101,0
DA:102,0
DA:111,0
DA:112,0
DA:113,0
DA:116,0
DA:118,0
DA:119,0
DA:124,0
DA:126,0
DA:127,0
DA:132,0
DA:133,0
DA:139,0
DA:145,0
DA:146,0
DA:149,0
DA:160,0
DA:161,0
DA:166,0
DA:167,0
DA:168,0
DA:173,0
DA:179,0
DA:183,0
DA:184,0
DA:189,0
DA:190,0
DA:194,0
DA:195,0
DA:200,0
DA:201,0
DA:202,0
DA:209,0
DA:214,0
DA:221,0
DA:231,0
DA:232,0
DA:233,0
DA:239,0
DA:240,0
DA:241,0
DA:242,0
DA:245,0
DA:250,0
DA:251,0
DA:252,0
DA:253,0
DA:257,0
DA:258,0
DA:259,0
DA:260,0
DA:266,0
DA:268,0
DA:272,0
DA:273,0
DA:274,0
DA:280,0
DA:284,0
DA:288,0
DA:289,0
DA:290,0
DA:293,0
DA:294,0
DA:295,0
DA:296,0
DA:297,0
DA:299,0
DA:300,0
DA:301,0
DA:302,0
DA:303,0
DA:304,0
DA:306,0
DA:307,0
DA:308,0
DA:310,0
DA:311,0
DA:312,0
DA:315,0
DA:316,0
DA:317,0
DA:318,0
DA:319,0
DA:320,0
DA:321,0
DA:324,0
DA:325,0
DA:326,0
DA:329,0
DA:330,0
DA:331,0
DA:334,0
DA:335,0
DA:336,0
DA:337,0
DA:341,0
DA:342,0
DA:343,0
DA:344,0
DA:349,0
DA:350,0
DA:351,0
DA:352,0
DA:353,0
DA:356,0
DA:357,0
DA:358,0
DA:359,0
DA:362,0
DA:363,0
DA:366,0
DA:372,0
DA:373,0
DA:374,0
DA:375,0
DA:376,0
DA:379,0
DA:384,0
DA:385,0
DA:389,0
DA:390,0
DA:391,0
DA:393,0
DA:398,0
DA:399,0
DA:403,0
DA:404,0
DA:405,0
DA:406,0
DA:407,0
DA:408,0
DA:410,0
DA:419,0
DA:424,0
DA:425,0
DA:426,0
DA:427,0
DA:428,0
DA:429,0
DA:431,0
DA:440,0
DA:445,0
DA:446,0
DA:447,0
DA:448,0
DA:449,0
DA:451,0
DA:452,0
DA:453,0
DA:454,0
DA:458,0
DA:467,0
DA:472,0
DA:473,0
DA:474,0
DA:475,0
DA:476,0
DA:478,0
DA:479,0
DA:480,0
DA:481,0
DA:483,0
DA:484,0
DA:487,0
DA:493,0
DA:494,0
DA:495,0
DA:498,0
DA:499,0
DA:501,0
DA:502,0
DA:503,0
DA:506,0
DA:507,0
DA:508,0
DA:511,0
DA:512,0
DA:513,0
DA:516,0
DA:517,0
DA:520,0
DA:521,0
DA:527,0
DA:528,0
DA:531,0
DA:532,0
DA:533,0
DA:536,0
DA:539,0
DA:555,0
DA:556,0
DA:557,0
DA:558,0
DA:559,0
DA:563,0
DA:564,0
DA:567,0
DA:570,0
DA:571,0
DA:577,0
DA:579,0
DA:580,0
DA:582,0
DA:583,0
DA:584,0
DA:585,0
DA:587,0
DA:589,0
DA:592,0
DA:593,0
DA:598,0
DA:599,0
DA:600,0
DA:604,0
DA:608,0
DA:609,0
DA:610,0
DA:614,0
DA:615,0
DA:616,0
DA:617,0
DA:618,0
DA:619,0
DA:620,0
DA:627,0
DA:628,0
DA:629,0
DA:631,0
DA:632,0
DA:634,0
DA:635,0
DA:636,0
DA:638,0
DA:639,0
DA:641,0
DA:642,0
DA:643,0
DA:646,0
DA:648,0
DA:649,0
DA:660,0
DA:661,0
DA:662,0
DA:663,0
DA:664,0
DA:666,0
DA:669,0
DA:671,0
DA:672,0
DA:673,0
DA:674,0
DA:680,0
DA:681,0
DA:682,0
DA:688,0
DA:692,0
DA:693,0
DA:694,0
DA:698,0
DA:699,0
DA:700,0
DA:701,0
DA:702,0
DA:703,0
DA:704,0
DA:706,0
DA:707,0
DA:712,0
DA:713,0
DA:714,0
DA:716,0
DA:717,0
DA:721,0
DA:722,0
DA:723,0
DA:727,0
DA:728,0
DA:729,0
DA:730,0
DA:731,0
DA:732,0
DA:733,0
DA:734,0
DA:735,0
DA:736,0
LF:320
LH:0
BRDA:35,0,0,0
BRDA:35,0,1,0
BRDA:36,1,0,0
BRDA:36,1,1,0
BRDA:39,2,0,0
BRDA:39,2,1,0
BRDA:81,3,0,0
BRDA:81,3,1,0
BRDA:85,4,0,0
BRDA:85,4,1,0
BRDA:85,5,0,0
BRDA:85,5,1,0
BRDA:111,6,0,0
BRDA:111,6,1,0
BRDA:118,7,0,0
BRDA:118,7,1,0
BRDA:118,8,0,0
BRDA:118,8,1,0
BRDA:119,9,0,0
BRDA:119,9,1,0
BRDA:167,10,0,0
BRDA:167,10,1,0
BRDA:190,11,0,0
BRDA:190,11,1,0
BRDA:241,12,0,0
BRDA:241,12,1,0
BRDA:251,13,0,0
BRDA:251,13,1,0
BRDA:258,14,0,0
BRDA:258,14,1,0
BRDA:260,15,0,0
BRDA:260,15,1,0
BRDA:261,16,0,0
BRDA:261,16,1,0
BRDA:261,16,2,0
BRDA:261,16,3,0
BRDA:274,17,0,0
BRDA:274,17,1,0
BRDA:289,18,0,0
BRDA:289,18,1,0
BRDA:335,19,0,0
BRDA:335,19,1,0
BRDA:351,20,0,0
BRDA:351,20,1,0
BRDA:357,21,0,0
BRDA:357,21,1,0
BRDA:363,22,0,0
BRDA:363,22,1,0
BRDA:364,23,0,0
BRDA:364,23,1,0
BRDA:366,24,0,0
BRDA:366,24,1,0
BRDA:374,25,0,0
BRDA:374,25,1,0
BRDA:391,26,0,0
BRDA:391,26,1,0
BRDA:407,27,0,0
BRDA:407,27,1,0
BRDA:428,28,0,0
BRDA:428,28,1,0
BRDA:447,29,0,0
BRDA:447,29,1,0
BRDA:453,30,0,0
BRDA:453,30,1,0
BRDA:460,31,0,0
BRDA:460,31,1,0
BRDA:462,32,0,0
BRDA:462,32,1,0
BRDA:462,33,0,0
BRDA:462,33,1,0
BRDA:474,34,0,0
BRDA:474,34,1,0
BRDA:479,35,0,0
BRDA:479,35,1,0
BRDA:484,36,0,0
BRDA:484,36,1,0
BRDA:485,37,0,0
BRDA:485,37,1,0
BRDA:487,38,0,0
BRDA:487,38,1,0
BRDA:488,39,0,0
BRDA:488,39,1,0
BRDA:488,40,0,0
BRDA:488,40,1,0
BRDA:501,41,0,0
BRDA:501,41,1,0
BRDA:506,42,0,0
BRDA:506,42,1,0
BRDA:511,43,0,0
BRDA:511,43,1,0
BRDA:527,44,0,0
BRDA:527,44,1,0
BRDA:532,45,0,0
BRDA:532,45,1,0
BRDA:532,46,0,0
BRDA:532,46,1,0
BRDA:533,47,0,0
BRDA:533,47,1,0
BRDA:557,48,0,0
BRDA:557,48,1,0
BRDA:579,49,0,0
BRDA:579,49,1,0
BRDA:580,50,0,0
BRDA:580,50,1,0
BRDA:584,51,0,0
BRDA:584,51,1,0
BRDA:589,52,0,0
BRDA:589,52,1,0
BRDA:589,52,2,0
BRDA:597,53,0,0
BRDA:618,54,0,0
BRDA:618,54,1,0
BRDA:619,55,0,0
BRDA:619,55,1,0
BRDA:621,56,0,0
BRDA:621,56,1,0
BRDA:622,57,0,0
BRDA:622,57,1,0
BRDA:623,58,0,0
BRDA:623,58,1,0
BRDA:624,59,0,0
BRDA:624,59,1,0
BRDA:627,60,0,0
BRDA:627,60,1,0
BRDA:631,61,0,0
BRDA:631,61,1,0
BRDA:632,62,0,0
BRDA:632,62,1,0
BRDA:634,63,0,0
BRDA:634,63,1,0
BRDA:638,64,0,0
BRDA:638,64,1,0
BRDA:641,65,0,0
BRDA:641,65,1,0
BRDA:661,66,0,0
BRDA:661,66,1,0
BRDA:662,67,0,0
BRDA:662,67,1,0
BRDA:666,68,0,0
BRDA:666,68,1,0
BRDA:671,69,0,0
BRDA:671,69,1,0
BRDA:671,70,0,0
BRDA:671,70,1,0
BRDA:673,71,0,0
BRDA:673,71,1,0
BRDA:682,72,0,0
BRDA:682,72,1,0
BRDA:713,73,0,0
BRDA:713,73,1,0
BRDA:716,74,0,0
BRDA:716,74,1,0
BRF:152
BRH:0
end_of_record
TN:
SF:secure-storage.js
FN:32,deriveKey
FN:67,encryptData
FN:109,decryptData
FN:114,(anonymous_3)
FN:155,(anonymous_4)
FN:167,(anonymous_5)
FN:179,(anonymous_6)
FN:180,(anonymous_7)
FN:181,(anonymous_8)
FN:196,(anonymous_9)
FN:225,(anonymous_10)
FN:235,(anonymous_11)
FN:236,(anonymous_12)
FN:271,(anonymous_13)
FN:279,(anonymous_14)
FN:280,(anonymous_15)
FN:302,(anonymous_16)
FN:316,(anonymous_17)
FN:321,(anonymous_18)
FN:332,(anonymous_19)
FN:344,(anonymous_20)
FN:347,(anonymous_21)
FN:348,(anonymous_22)
FN:371,(anonymous_23)
FN:374,(anonymous_24)
FN:375,(anonymous_25)
FN:387,(anonymous_26)
FN:388,(anonymous_27)
FN:417,(anonymous_28)
FN:420,(anonymous_29)
FN:421,(anonymous_30)
FN:427,(anonymous_31)
FN:428,(anonymous_32)
FN:439,(anonymous_33)
FN:468,(anonymous_34)
FN:469,(anonymous_35)
FN:511,(anonymous_36)
FN:540,(anonymous_37)
FN:541,(anonymous_38)
FNF:39
FNH:0
FNDA:0,deriveKey
FNDA:0,encryptData
FNDA:0,decryptData
FNDA:0,(anonymous_3)
FNDA:0,(anonymous_4)
FNDA:0,(anonymous_5)
FNDA:0,(anonymous_6)
FNDA:0,(anonymous_7)
FNDA:0,(anonymous_8)
FNDA:0,(anonymous_9)
FNDA:0,(anonymous_10)
FNDA:0,(anonymous_11)
FNDA:0,(anonymous_12)
FNDA:0,(anonymous_13)
FNDA:0,(anonymous_14)
FNDA:0,(anonymous_15)
FNDA:0,(anonymous_16)
FNDA:0,(anonymous_17)
FNDA:0,(anonymous_18)
FNDA:0,(anonymous_19)
FNDA:0,(anonymous_20)
FNDA:0,(anonymous_21)
FNDA:0,(anonymous_22)
FNDA:0,(anonymous_23)
FNDA:0,(anonymous_24)
FNDA:0,(anonymous_25)
FNDA:0,(anonymous_26)
FNDA:0,(anonymous_27)
FNDA:0,(anonymous_28)
FNDA:0,(anonymous_29)
FNDA:0,(anonymous_30)
FNDA:0,(anonymous_31)
FNDA:0,(anonymous_32)
FNDA:0,(anonymous_33)
FNDA:0,(anonymous_34)
FNDA:0,(anonymous_35)
FNDA:0,(anonymous_36)
FNDA:0,(anonymous_37)
FNDA:0,(anonymous_38)
DA:19,0
DA:20,0
DA:21,0
DA:22,0
DA:23,0
DA:33,0
DA:34,0
DA:42,0
DA:68,0
DA:70,0
DA:71,0
DA:74,0
DA:77,0
DA:78,0
DA:79,0
DA:86,0
DA:89,0
DA:90,0
DA:91,0
DA:94,0
DA:96,0
DA:97,0
DA:110,0
DA:112,0
DA:114,0
DA:118,0
DA:119,0
DA:120,0
DA:123,0
DA:126,0
DA:133,0
DA:134,0
DA:136,0
DA:137,0
DA:156,0
DA:157,0
DA:158,0
DA:159,0
DA:168,0
DA:169,0
DA:170,0
DA:180,0
DA:181,0
DA:182,0
DA:197,0
DA:198,0
DA:204,0
DA:205,0
DA:208,0
DA:211,0
DA:212,0
DA:215,0
DA:226,0
DA:235,0
DA:236,0
DA:237,0
DA:240,0
DA:241,0
DA:242,0
DA:243,0
DA:244,0
DA:246,0
DA:255,0
DA:258,0
DA:260,0
DA:272,0
DA:273,0
DA:276,0
DA:278,0
DA:279,0
DA:280,0
DA:283,0
DA:285,0
DA:289,0
DA:290,0
DA:291,0
DA:292,0
DA:294,0
DA:295,0
DA:303,0
DA:304,0
DA:305,0
DA:306,0
DA:307,0
DA:317,0
DA:318,0
DA:321,0
DA:322,0
DA:323,0
DA:333,0
DA:345,0
DA:347,0
DA:348,0
DA:352,0
DA:353,0
DA:357,0
DA:358,0
DA:361,0
DA:372,0
DA:374,0
DA:375,0
DA:376,0
DA:381,0
DA:382,0
DA:386,0
DA:387,0
DA:388,0
DA:391,0
DA:392,0
DA:395,0
DA:396,0
DA:402,0
DA:404,0
DA:406,0
DA:407,0
DA:418,0
DA:420,0
DA:421,0
DA:426,0
DA:427,0
DA:428,0
DA:440,0
DA:441,0
DA:444,0
DA:445,0
DA:448,0
DA:450,0
DA:451,0
DA:452,0
DA:456,0
DA:465,0
DA:466,0
DA:467,0
DA:468,0
DA:469,0
DA:472,0
DA:473,0
DA:475,0
DA:481,0
DA:482,0
DA:484,0
DA:485,0
DA:491,0
DA:494,0
DA:496,0
DA:498,0
DA:499,0
DA:512,0
DA:513,0
DA:516,0
DA:518,0
DA:519,0
DA:520,0
DA:524,0
DA:533,0
DA:534,0
DA:536,0
DA:537,0
DA:538,0
DA:540,0
DA:541,0
DA:544,0
DA:545,0
DA:546,0
DA:550,0
DA:552,0
DA:558,0
DA:561,0
DA:564,0
DA:567,0
DA:568,0
DA:570,0
DA:572,0
DA:573,0
DA:580,0
LF:175
LH:0
BRDA:183,0,0,0
BRDA:183,0,1,0
BRDA:197,1,0,0
BRDA:197,1,1,0
BRDA:197,2,0,0
BRDA:197,2,1,0
BRDA:241,3,0,0
BRDA:241,3,1,0
BRDA:272,4,0,0
BRDA:272,4,1,0
BRDA:283,5,0,0
BRDA:283,5,1,0
BRDA:305,6,0,0
BRDA:305,6,1,0
BRDA:317,7,0,0
BRDA:317,7,1,0
BRDA:345,8,0,0
BRDA:345,8,1,0
BRDA:352,9,0,0
BRDA:352,9,1,0
BRDA:372,10,0,0
BRDA:372,10,1,0
BRDA:376,11,0,0
BRDA:376,11,1,0
BRDA:381,12,0,0
BRDA:381,12,1,0
BRDA:391,13,0,0
BRDA:391,13,1,0
BRDA:418,14,0,0
BRDA:418,14,1,0
BRDA:440,15,0,0
BRDA:440,15,1,0
BRDA:444,16,0,0
BRDA:444,16,1,0
BRDA:451,17,0,0
BRDA:451,17,1,0
BRDA:472,18,0,0
BRDA:472,18,1,0
BRDA:512,19,0,0
BRDA:512,19,1,0
BRDA:519,20,0,0
BRDA:519,20,1,0
BRDA:544,21,0,0
BRDA:544,21,1,0
BRF:44
BRH:0
end_of_record
TN:
SF:trezor-hw-example.js
FN:30,example1_InitializeTrezor
FN:61,example2_ConnectDevice
FN:92,example3_GetAddress
FN:114,example4_VerifyAddress
FN:141,example5_SignTransaction
FN:186,example6_MultipleAccounts
FN:207,example7_CompleteWorkflow
FN:267,example8_ErrorHandling
FNF:8
FNH:0
FNDA:0,example1_InitializeTrezor
FNDA:0,example2_ConnectDevice
FNDA:0,example3_GetAddress
FNDA:0,example4_VerifyAddress
FNDA:0,example5_SignTransaction
FNDA:0,example6_MultipleAccounts
FNDA:0,example7_CompleteWorkflow
FNDA:0,example8_ErrorHandling
DA:31,0
DA:34,0
DA:35,0
DA:36,0
DA:39,0
DA:41,0
DA:45,0
DA:46,0
DA:47,0
DA:49,0
DA:50,0
DA:51,0
DA:53,0
DA:62,0
DA:64,0
DA:65,0
DA:67,0
DA:68,0
DA:69,0
DA:70,0
DA:71,0
DA:72,0
DA:73,0
DA:75,0
DA:76,0
DA:77,0
DA:78,0
DA:79,0
DA:81,0
DA:84,0
DA:93,0
DA:95,0
DA:97,0
DA:99,0
DA:100,0
DA:101,0
DA:103,0
DA:104,0
DA:106,0
DA:115,0
DA:117,0
DA:119,0
DA:123,0
DA:124,0
DA:126,0
DA:127,0
DA:128,0
DA:130,0
DA:133,0
DA:142,0
DA:144,0
DA:146,0
DA:155,0
DA:156,0
DA:159,0
DA:161,0
DA:162,0
DA:163,0
DA:164,0
DA:169,0
DA:170,0
DA:171,0
DA:172,0
DA:173,0
DA:175,0
DA:178,0
DA:187,0
DA:189,0
DA:191,0
DA:192,0
DA:193,0
DA:195,0
DA:196,0
DA:197,0
DA:200,0
DA:208,0
DA:210,0
DA:212,0
DA:213,0
DA:217,0
DA:218,0
DA:221,0
DA:222,0
DA:223,0
DA:226,0
DA:227,0
DA:228,0
DA:231,0
DA:232,0
DA:235,0
DA:236,0
DA:244,0
DA:245,0
DA:246,0
DA:249,0
DA:250,0
DA:251,0
DA:253,0
DA:254,0
DA:256,0
DA:260,0
DA:268,0
DA:270,0
DA:271,0
DA:272,0
DA:274,0
DA:276,0
DA:278,0
DA:280,0
DA:281,0
DA:284,0
DA:286,0
DA:289,0
DA:291,0
DA:294,0
DA:296,0
DA:299,0
DA:301,0
DA:304,0
DA:306,0
DA:309,0
DA:312,0
DA:330,0
DA:331,0
DA:342,0
DA:343,0
DA:344,0
LF:127
LH:0
BRDA:34,0,0,0
BRDA:34,0,1,0
BRDA:49,1,0,0
BRDA:49,1,1,0
BRDA:75,2,0,0
BRDA:75,2,1,0
BRDA:76,3,0,0
BRDA:76,3,1,0
BRDA:78,4,0,0
BRDA:78,4,1,0
BRDA:103,5,0,0
BRDA:103,5,1,0
BRDA:126,6,0,0
BRDA:126,6,1,0
BRDA:127,7,0,0
BRDA:127,7,1,0
BRDA:169,8,0,0
BRDA:169,8,1,0
BRDA:170,9,0,0
BRDA:170,9,1,0
BRDA:172,10,0,0
BRDA:172,10,1,0
BRDA:212,11,0,0
BRDA:212,11,1,0
BRDA:253,12,0,0
BRDA:253,12,1,0
BRDA:274,13,0,0
BRDA:274,13,1,0
BRDA:276,14,0,0
BRDA:276,14,1,0
BRDA:276,14,2,0
BRDA:276,14,3,0
BRDA:276,14,4,0
BRDA:276,14,5,0
BRDA:276,14,6,0
BRDA:330,15,0,0
BRDA:330,15,1,0
BRF:37
BRH:0
end_of_record
TN:
SF:trezor-hw.js
FN:65,(anonymous_0)
FN:90,isTrezorSupported
FN:139,initTrezorConnect
FN:225,connectTrezor
FN:308,getTrezorAddress
FN:414,signWithTrezor
FN:522,verifyAddressOnDevice
FN:583,disconnectTrezor
FN:628,ensureInitialized
FN:643,validateBip32Path
FN:665,mapTrezorErrorCode
FN:700,deriveXaiAddress
FN:729,parseSignature
FN:786,canonicalizeS
FN:807,bufferToHex
FN:810,(anonymous_15)
FN:820,hexToBytes
FN:834,base64ToBytes
FN:853,stableStringify
FN:857,(anonymous_19)
FN:862,(anonymous_20)
FNF:21
FNH:0
FNDA:0,(anonymous_0)
FNDA:0,isTrezorSupported
FNDA:0,initTrezorConnect
FNDA:0,connectTrezor
FNDA:0,getTrezorAddress
FNDA:0,signWithTrezor
FNDA:0,verifyAddressOnDevice
FNDA:0,disconnectTrezor
FNDA:0,ensureInitialized
FNDA:0,validateBip32Path
FNDA:0,mapTrezorErrorCode
FNDA:0,deriveXaiAddress
FNDA:0,parseSignature
FNDA:0,canonicalizeS
FNDA:0,bufferToHex
FNDA:0,(anonymous_15)
FNDA:0,hexToBytes
FNDA:0,base64ToBytes
FNDA:0,stableStringify
FNDA:0,(anonymous_19)
FNDA:0,(anonymous_20)
DA:28,0
DA:29,0
DA:30,0
DA:36,0
DA:37,0
DA:42,0
DA:66,0
DA:67,0
DA:68,0
DA:69,0
DA:92,0
DA:93,0
DA:94,0
DA:98,0
DA:99,0
DA:100,0
DA:103,0
DA:140,0
DA:141,0
DA:147,0
DA:148,0
DA:155,0
DA:156,0
DA:159,0
DA:168,0
DA:169,0
DA:171,0
DA:173,0
DA:179,0
DA:180,0
DA:226,0
DA:228,0
DA:230,0
DA:232,0
DA:233,0
DA:240,0
DA:242,0
DA:256,0
DA:257,0
DA:260,0
DA:261,0
DA:309,0
DA:310,0
DA:312,0
DA:314,0
DA:320,0
DA:321,0
DA:328,0
DA:332,0
DA:334,0
DA:341,0
DA:342,0
DA:345,0
DA:346,0
DA:415,0
DA:416,0
DA:418,0
DA:419,0
DA:422,0
DA:424,0
DA:425,0
DA:426,0
DA:429,0
DA:430,0
DA:434,0
DA:441,0
DA:442,0
DA:451,0
DA:452,0
DA:455,0
DA:458,0
DA:461,0
DA:463,0
DA:465,0
DA:473,0
DA:474,0
DA:477,0
DA:478,0
DA:523,0
DA:524,0
DA:526,0
DA:528,0
DA:534,0
DA:535,0
DA:543,0
DA:544,0
DA:546,0
DA:548,0
DA:555,0
DA:556,0
DA:559,0
DA:560,0
DA:584,0
DA:585,0
DA:591,0
DA:593,0
DA:594,0
DA:597,0
DA:598,0
DA:600,0
DA:602,0
DA:607,0
DA:609,0
DA:610,0
DA:612,0
DA:629,0
DA:630,0
DA:644,0
DA:645,0
DA:649,0
DA:651,0
DA:652,0
DA:666,0
DA:667,0
DA:670,0
DA:672,0
DA:673,0
DA:675,0
DA:676,0
DA:678,0
DA:679,0
DA:681,0
DA:682,0
DA:684,0
DA:685,0
DA:687,0
DA:688,0
DA:691,0
DA:702,0
DA:703,0
DA:704,0
DA:708,0
DA:711,0
DA:712,0
DA:715,0
DA:717,0
DA:733,0
DA:736,0
DA:737,0
DA:739,0
DA:742,0
DA:745,0
DA:746,0
DA:748,0
DA:750,0
DA:751,0
DA:753,0
DA:754,0
DA:755,0
DA:758,0
DA:759,0
DA:761,0
DA:763,0
DA:764,0
DA:766,0
DA:767,0
DA:771,0
DA:773,0
DA:787,0
DA:788,0
DA:790,0
DA:793,0
DA:794,0
DA:795,0
DA:798,0
DA:808,0
DA:809,0
DA:810,0
DA:821,0
DA:822,0
DA:823,0
DA:825,0
DA:835,0
DA:836,0
DA:837,0
DA:838,0
DA:840,0
DA:854,0
DA:855,0
DA:856,0
DA:857,0
DA:859,0
DA:860,0
DA:861,0
DA:862,0
DA:865,0
LF:186
LH:0
BRDA:65,0,0,0
BRDA:92,1,0,0
BRDA:92,1,1,0
BRDA:98,2,0,0
BRDA:98,2,1,0
BRDA:98,3,0,0
BRDA:98,3,1,0
BRDA:139,4,0,0
BRDA:140,5,0,0
BRDA:140,5,1,0
BRDA:147,6,0,0
BRDA:147,6,1,0
BRDA:150,7,0,0
BRDA:150,7,1,0
BRDA:156,8,0,0
BRDA:156,8,1,0
BRDA:161,9,0,0
BRDA:161,9,1,0
BRDA:163,10,0,0
BRDA:163,10,1,0
BRDA:175,11,0,0
BRDA:175,11,1,0
BRDA:232,12,0,0
BRDA:232,12,1,0
BRDA:234,13,0,0
BRDA:234,13,1,0
BRDA:245,14,0,0
BRDA:245,14,1,0
BRDA:246,15,0,0
BRDA:246,15,1,0
BRDA:247,16,0,0
BRDA:247,16,1,0
BRDA:249,17,0,0
BRDA:249,17,1,0
BRDA:250,18,0,0
BRDA:250,18,1,0
BRDA:251,19,0,0
BRDA:251,19,1,0
BRDA:252,20,0,0
BRDA:252,20,1,0
BRDA:256,21,0,0
BRDA:256,21,1,0
BRDA:308,22,0,0
BRDA:308,23,0,0
BRDA:317,24,0,0
BRDA:317,24,1,0
BRDA:320,25,0,0
BRDA:320,25,1,0
BRDA:322,26,0,0
BRDA:322,26,1,0
BRDA:341,27,0,0
BRDA:341,27,1,0
BRDA:414,28,0,0
BRDA:418,29,0,0
BRDA:418,29,1,0
BRDA:418,30,0,0
BRDA:418,30,1,0
BRDA:441,31,0,0
BRDA:441,31,1,0
BRDA:443,32,0,0
BRDA:443,32,1,0
BRDA:458,33,0,0
BRDA:458,33,1,0
BRDA:473,34,0,0
BRDA:473,34,1,0
BRDA:522,35,0,0
BRDA:534,36,0,0
BRDA:534,36,1,0
BRDA:536,37,0,0
BRDA:536,37,1,0
BRDA:555,38,0,0
BRDA:555,38,1,0
BRDA:584,39,0,0
BRDA:584,39,1,0
BRDA:593,40,0,0
BRDA:593,40,1,0
BRDA:593,41,0,0
BRDA:593,41,1,0
BRDA:629,42,0,0
BRDA:629,42,1,0
BRDA:644,43,0,0
BRDA:644,43,1,0
BRDA:644,44,0,0
BRDA:644,44,1,0
BRDA:651,45,0,0
BRDA:651,45,1,0
BRDA:666,46,0,0
BRDA:666,46,1,0
BRDA:666,47,0,0
BRDA:666,47,1,0
BRDA:672,48,0,0
BRDA:672,48,1,0
BRDA:672,49,0,0
BRDA:672,49,1,0
BRDA:675,50,0,0
BRDA:675,50,1,0
BRDA:675,51,0,0
BRDA:675,51,1,0
BRDA:678,52,0,0
BRDA:678,52,1,0
BRDA:678,53,0,0
BRDA:678,53,1,0
BRDA:681,54,0,0
BRDA:681,54,1,0
BRDA:681,55,0,0
BRDA:681,55,1,0
BRDA:684,56,0,0
BRDA:684,56,1,0
BRDA:684,57,0,0
BRDA:684,57,1,0
BRDA:687,58,0,0
BRDA:687,58,1,0
BRDA:687,59,0,0
BRDA:687,59,1,0
BRDA:703,60,0,0
BRDA:703,60,1,0
BRDA:736,61,0,0
BRDA:736,61,1,0
BRDA:745,62,0,0
BRDA:745,62,1,0
BRDA:758,63,0,0
BRDA:758,63,1,0
BRDA:793,64,0,0
BRDA:793,64,1,0
BRDA:808,65,0,0
BRDA:808,65,1,0
BRDA:854,66,0,0
BRDA:854,66,1,0
BRDA:855,67,0,0
BRDA:855,67,1,0
BRDA:856,68,0,0
BRDA:856,68,1,0
BRDA:859,69,0,0
BRDA:859,69,1,0
BRF:134
BRH:0
end_of_record
