{"/home/hudson/blockchain-projects/xai/src/xai/sdk/typescript/src/client.ts": {"path":"/home/hudson/blockchain-projects/xai/src/xai/sdk/typescript/src/client.ts","statementMap":{"0":{"start":{"line":8,"column":0},"end":{"line":8,"column":49}},"1":{"start":{"line":9,"column":0},"end":{"line":9,"column":59}},"2":{"start":{"line":10,"column":0},"end":{"line":10,"column":47}},"3":{"start":{"line":11,"column":0},"end":{"line":11,"column":55}},"4":{"start":{"line":12,"column":0},"end":{"line":12,"column":65}},"5":{"start":{"line":13,"column":0},"end":{"line":13,"column":63}},"6":{"start":{"line":14,"column":0},"end":{"line":14,"column":55}},"7":{"start":{"line":15,"column":0},"end":{"line":15,"column":63}},"8":{"start":{"line":65,"column":20},"end":{"line":65,"column":61}},"9":{"start":{"line":66,"column":20},"end":{"line":66,"column":43}},"10":{"start":{"line":67,"column":23},"end":{"line":67,"column":45}},"11":{"start":{"line":68,"column":23},"end":{"line":68,"column":47}},"12":{"start":{"line":71,"column":4},"end":{"line":77,"column":7}},"13":{"start":{"line":80,"column":4},"end":{"line":80,"column":52}},"14":{"start":{"line":81,"column":4},"end":{"line":81,"column":62}},"15":{"start":{"line":82,"column":4},"end":{"line":82,"column":60}},"16":{"start":{"line":83,"column":4},"end":{"line":83,"column":52}},"17":{"start":{"line":84,"column":4},"end":{"line":84,"column":60}},"18":{"start":{"line":85,"column":4},"end":{"line":85,"column":44}},"19":{"start":{"line":102,"column":4},"end":{"line":104,"column":5}},"20":{"start":{"line":103,"column":6},"end":{"line":103,"column":13}},"21":{"start":{"line":107,"column":6},"end":{"line":109,"column":30}},"22":{"start":{"line":111,"column":4},"end":{"line":114,"column":7}},"23":{"start":{"line":116,"column":4},"end":{"line":116,"column":28}},"24":{"start":{"line":123,"column":4},"end":{"line":126,"column":5}},"25":{"start":{"line":124,"column":6},"end":{"line":124,"column":33}},"26":{"start":{"line":125,"column":6},"end":{"line":125,"column":32}},"27":{"start":{"line":143,"column":4},"end":{"line":145,"column":5}},"28":{"start":{"line":144,"column":6},"end":{"line":144,"column":81}},"29":{"start":{"line":146,"column":4},"end":{"line":146,"column":38}},"30":{"start":{"line":156,"column":4},"end":{"line":158,"column":5}},"31":{"start":{"line":157,"column":6},"end":{"line":157,"column":13}},"32":{"start":{"line":159,"column":4},"end":{"line":159,"column":39}},"33":{"start":{"line":176,"column":4},"end":{"line":176,"column":39}},"34":{"start":{"line":191,"column":4},"end":{"line":191,"column":41}},"35":{"start":{"line":203,"column":4},"end":{"line":203,"column":28}},"36":{"start":{"line":204,"column":4},"end":{"line":204,"column":31}},"37":{"start":{"line":213,"column":4},"end":{"line":213,"column":49}},"38":{"start":{"line":53,"column":0},"end":{"line":53,"column":13}},"39":{"start":{"line":218,"column":0},"end":{"line":218,"column":25}}},"fnMap":{"0":{"name":"(anonymous_0)","decl":{"start":{"line":64,"column":2},"end":{"line":64,"column":14}},"loc":{"start":{"line":64,"column":42},"end":{"line":86,"column":3}}},"1":{"name":"(anonymous_1)","decl":{"start":{"line":101,"column":2},"end":{"line":101,"column":18}},"loc":{"start":{"line":101,"column":33},"end":{"line":117,"column":3}}},"2":{"name":"(anonymous_2)","decl":{"start":{"line":122,"column":2},"end":{"line":122,"column":21}},"loc":{"start":{"line":122,"column":21},"end":{"line":127,"column":3}}},"3":{"name":"(anonymous_3)","decl":{"start":{"line":142,"column":2},"end":{"line":142,"column":4}},"loc":{"start":{"line":142,"column":58},"end":{"line":147,"column":3}}},"4":{"name":"(anonymous_4)","decl":{"start":{"line":155,"column":2},"end":{"line":155,"column":5}},"loc":{"start":{"line":155,"column":59},"end":{"line":160,"column":3}}},"5":{"name":"(anonymous_5)","decl":{"start":{"line":175,"column":2},"end":{"line":175,"column":7}},"loc":{"start":{"line":175,"column":19},"end":{"line":177,"column":3}}},"6":{"name":"(anonymous_6)","decl":{"start":{"line":190,"column":2},"end":{"line":190,"column":7}},"loc":{"start":{"line":190,"column":15},"end":{"line":192,"column":3}}},"7":{"name":"(anonymous_7)","decl":{"start":{"line":202,"column":2},"end":{"line":202,"column":7}},"loc":{"start":{"line":202,"column":7},"end":{"line":205,"column":3}}},"8":{"name":"(anonymous_8)","decl":{"start":{"line":212,"column":2},"end":{"line":212,"column":22}},"loc":{"start":{"line":212,"column":22},"end":{"line":214,"column":3}}}},"branchMap":{"0":{"loc":{"start":{"line":64,"column":14},"end":{"line":64,"column":42}},"type":"default-arg","locations":[{"start":{"line":64,"column":40},"end":{"line":64,"column":42}}]},"1":{"loc":{"start":{"line":65,"column":20},"end":{"line":65,"column":61}},"type":"binary-expr","locations":[{"start":{"line":65,"column":20},"end":{"line":65,"column":34}},{"start":{"line":65,"column":38},"end":{"line":65,"column":61}}]},"2":{"loc":{"start":{"line":66,"column":20},"end":{"line":66,"column":43}},"type":"binary-expr","locations":[{"start":{"line":66,"column":20},"end":{"line":66,"column":34}},{"start":{"line":66,"column":38},"end":{"line":66,"column":43}}]},"3":{"loc":{"start":{"line":67,"column":23},"end":{"line":67,"column":45}},"type":"binary-expr","locations":[{"start":{"line":67,"column":23},"end":{"line":67,"column":40}},{"start":{"line":67,"column":44},"end":{"line":67,"column":45}}]},"4":{"loc":{"start":{"line":68,"column":23},"end":{"line":68,"column":47}},"type":"binary-expr","locations":[{"start":{"line":68,"column":23},"end":{"line":68,"column":40}},{"start":{"line":68,"column":44},"end":{"line":68,"column":47}}]},"5":{"loc":{"start":{"line":102,"column":4},"end":{"line":104,"column":5}},"type":"if","locations":[{"start":{"line":102,"column":4},"end":{"line":104,"column":5}}]},"6":{"loc":{"start":{"line":102,"column":8},"end":{"line":102,"column":52}},"type":"binary-expr","locations":[{"start":{"line":102,"column":8},"end":{"line":102,"column":21}},{"start":{"line":102,"column":25},"end":{"line":102,"column":52}}]},"7":{"loc":{"start":{"line":107,"column":6},"end":{"line":109,"column":30}},"type":"binary-expr","locations":[{"start":{"line":107,"column":6},"end":{"line":107,"column":11}},{"start":{"line":108,"column":6},"end":{"line":108,"column":80}},{"start":{"line":109,"column":6},"end":{"line":109,"column":30}}]},"8":{"loc":{"start":{"line":123,"column":4},"end":{"line":126,"column":5}},"type":"if","locations":[{"start":{"line":123,"column":4},"end":{"line":126,"column":5}}]},"9":{"loc":{"start":{"line":143,"column":4},"end":{"line":145,"column":5}},"type":"if","locations":[{"start":{"line":143,"column":4},"end":{"line":145,"column":5}}]},"10":{"loc":{"start":{"line":156,"column":4},"end":{"line":158,"column":5}},"type":"if","locations":[{"start":{"line":156,"column":4},"end":{"line":158,"column":5}}]},"11":{"loc":{"start":{"line":213,"column":11},"end":{"line":213,"column":48}},"type":"binary-expr","locations":[{"start":{"line":213,"column":11},"end":{"line":213,"column":39}},{"start":{"line":213,"column":43},"end":{"line":213,"column":48}}]}},"s":{"0":2,"1":2,"2":2,"3":2,"4":2,"5":2,"6":2,"7":2,"8":25,"9":25,"10":25,"11":25,"12":25,"13":25,"14":25,"15":25,"16":25,"17":25,"18":25,"19":9,"20":1,"21":8,"22":8,"23":8,"24":29,"25":8,"26":8,"27":2,"28":1,"29":1,"30":2,"31":1,"32":1,"33":2,"34":2,"35":27,"36":27,"37":2,"38":2,"39":2},"f":{"0":25,"1":9,"2":29,"3":2,"4":2,"5":2,"6":2,"7":27,"8":2},"b":{"0":[13],"1":[25,13],"2":[25,24],"3":[25,24],"4":[25,24],"5":[1],"6":[9,1],"7":[8,7,0],"8":[8],"9":[1],"10":[1],"11":[2,1]}}
,"/home/hudson/blockchain-projects/xai/src/xai/sdk/typescript/src/index.ts": {"path":"/home/hudson/blockchain-projects/xai/src/xai/sdk/typescript/src/index.ts","statementMap":{"0":{"start":{"line":8,"column":0},"end":{"line":8,"column":9}},"1":{"start":{"line":8,"column":9},"end":{"line":8,"column":37}},"2":{"start":{"line":9,"column":0},"end":{"line":9,"column":9}},"3":{"start":{"line":9,"column":9},"end":{"line":9,"column":35}},"4":{"start":{"line":12,"column":0},"end":{"line":12,"column":9}},"5":{"start":{"line":12,"column":9},"end":{"line":12,"column":55}},"6":{"start":{"line":13,"column":0},"end":{"line":13,"column":9}},"7":{"start":{"line":13,"column":9},"end":{"line":13,"column":65}},"8":{"start":{"line":14,"column":0},"end":{"line":14,"column":9}},"9":{"start":{"line":14,"column":9},"end":{"line":14,"column":63}},"10":{"start":{"line":15,"column":0},"end":{"line":15,"column":9}},"11":{"start":{"line":15,"column":9},"end":{"line":15,"column":55}},"12":{"start":{"line":16,"column":0},"end":{"line":16,"column":9}},"13":{"start":{"line":16,"column":9},"end":{"line":16,"column":63}},"14":{"start":{"line":17,"column":0},"end":{"line":17,"column":9}},"15":{"start":{"line":17,"column":9},"end":{"line":17,"column":47}},"16":{"start":{"line":20,"column":0},"end":{"line":20,"column":9}},"17":{"start":{"line":20,"column":9},"end":{"line":20,"column":49}},"18":{"start":{"line":21,"column":0},"end":{"line":21,"column":9}},"19":{"start":{"line":21,"column":9},"end":{"line":21,"column":59}},"20":{"start":{"line":24,"column":0},"end":{"line":24,"column":24}},"21":{"start":{"line":27,"column":0},"end":{"line":27,"column":25}}},"fnMap":{"0":{"name":"(anonymous_5)","decl":{"start":{"line":8,"column":9},"end":{"line":8,"column":18}},"loc":{"start":{"line":8,"column":9},"end":{"line":8,"column":37}}},"1":{"name":"(anonymous_6)","decl":{"start":{"line":9,"column":9},"end":{"line":9,"column":16}},"loc":{"start":{"line":9,"column":9},"end":{"line":9,"column":35}}},"2":{"name":"(anonymous_7)","decl":{"start":{"line":12,"column":9},"end":{"line":12,"column":21}},"loc":{"start":{"line":12,"column":9},"end":{"line":12,"column":55}}},"3":{"name":"(anonymous_8)","decl":{"start":{"line":13,"column":9},"end":{"line":13,"column":26}},"loc":{"start":{"line":13,"column":9},"end":{"line":13,"column":65}}},"4":{"name":"(anonymous_9)","decl":{"start":{"line":14,"column":9},"end":{"line":14,"column":25}},"loc":{"start":{"line":14,"column":9},"end":{"line":14,"column":63}}},"5":{"name":"(anonymous_10)","decl":{"start":{"line":15,"column":9},"end":{"line":15,"column":21}},"loc":{"start":{"line":15,"column":9},"end":{"line":15,"column":55}}},"6":{"name":"(anonymous_11)","decl":{"start":{"line":16,"column":9},"end":{"line":16,"column":25}},"loc":{"start":{"line":16,"column":9},"end":{"line":16,"column":63}}},"7":{"name":"(anonymous_12)","decl":{"start":{"line":17,"column":9},"end":{"line":17,"column":17}},"loc":{"start":{"line":17,"column":9},"end":{"line":17,"column":47}}},"8":{"name":"(anonymous_13)","decl":{"start":{"line":20,"column":9},"end":{"line":20,"column":19}},"loc":{"start":{"line":20,"column":9},"end":{"line":20,"column":49}}},"9":{"name":"(anonymous_14)","decl":{"start":{"line":21,"column":9},"end":{"line":21,"column":24}},"loc":{"start":{"line":21,"column":9},"end":{"line":21,"column":59}}}},"branchMap":{},"s":{"0":1,"1":3,"2":1,"3":3,"4":1,"5":3,"6":1,"7":3,"8":1,"9":3,"10":1,"11":3,"12":1,"13":3,"14":1,"15":3,"16":1,"17":3,"18":1,"19":3,"20":1,"21":1},"f":{"0":2,"1":2,"2":2,"3":2,"4":2,"5":2,"6":2,"7":2,"8":2,"9":2},"b":{}}
,"/home/hudson/blockchain-projects/xai/src/xai/sdk/typescript/src/clients/ai-client.ts": {"path":"/home/hudson/blockchain-projects/xai/src/xai/sdk/typescript/src/clients/ai-client.ts","statementMap":{"0":{"start":{"line":13,"column":0},"end":{"line":13,"column":36}},"1":{"start":{"line":91,"column":22},"end":{"line":91,"column":44}},"2":{"start":{"line":110,"column":4},"end":{"line":119,"column":5}},"3":{"start":{"line":111,"column":6},"end":{"line":116,"column":9}},"4":{"start":{"line":118,"column":6},"end":{"line":118,"column":56}},"5":{"start":{"line":138,"column":4},"end":{"line":149,"column":5}},"6":{"start":{"line":139,"column":47},"end":{"line":142,"column":8}},"7":{"start":{"line":143,"column":6},"end":{"line":145,"column":7}},"8":{"start":{"line":144,"column":8},"end":{"line":144,"column":49}},"9":{"start":{"line":146,"column":6},"end":{"line":146,"column":87}},"10":{"start":{"line":148,"column":6},"end":{"line":148,"column":62}},"11":{"start":{"line":169,"column":4},"end":{"line":182,"column":5}},"12":{"start":{"line":170,"column":47},"end":{"line":172,"column":8}},"13":{"start":{"line":173,"column":6},"end":{"line":175,"column":7}},"14":{"start":{"line":174,"column":8},"end":{"line":174,"column":58}},"15":{"start":{"line":176,"column":6},"end":{"line":178,"column":7}},"16":{"start":{"line":177,"column":8},"end":{"line":177,"column":44}},"17":{"start":{"line":179,"column":6},"end":{"line":179,"column":87}},"18":{"start":{"line":181,"column":6},"end":{"line":181,"column":64}},"19":{"start":{"line":200,"column":4},"end":{"line":210,"column":5}},"20":{"start":{"line":201,"column":47},"end":{"line":203,"column":8}},"21":{"start":{"line":204,"column":6},"end":{"line":206,"column":7}},"22":{"start":{"line":205,"column":8},"end":{"line":205,"column":62}},"23":{"start":{"line":207,"column":6},"end":{"line":207,"column":86}},"24":{"start":{"line":209,"column":6},"end":{"line":209,"column":69}},"25":{"start":{"line":227,"column":4},"end":{"line":235,"column":5}},"26":{"start":{"line":228,"column":47},"end":{"line":228,"column":70}},"27":{"start":{"line":229,"column":6},"end":{"line":231,"column":7}},"28":{"start":{"line":230,"column":8},"end":{"line":230,"column":41}},"29":{"start":{"line":232,"column":6},"end":{"line":232,"column":73}},"30":{"start":{"line":234,"column":6},"end":{"line":234,"column":64}},"31":{"start":{"line":251,"column":4},"end":{"line":255,"column":5}},"32":{"start":{"line":252,"column":6},"end":{"line":252,"column":84}},"33":{"start":{"line":254,"column":6},"end":{"line":254,"column":60}},"34":{"start":{"line":273,"column":4},"end":{"line":277,"column":5}},"35":{"start":{"line":274,"column":6},"end":{"line":274,"column":85}},"36":{"start":{"line":276,"column":6},"end":{"line":276,"column":67}},"37":{"start":{"line":299,"column":4},"end":{"line":310,"column":5}},"38":{"start":{"line":300,"column":47},"end":{"line":300,"column":49}},"39":{"start":{"line":301,"column":6},"end":{"line":303,"column":7}},"40":{"start":{"line":302,"column":8},"end":{"line":302,"column":47}},"41":{"start":{"line":304,"column":6},"end":{"line":306,"column":7}},"42":{"start":{"line":305,"column":8},"end":{"line":305,"column":35}},"43":{"start":{"line":307,"column":6},"end":{"line":307,"column":76}},"44":{"start":{"line":309,"column":6},"end":{"line":309,"column":71}},"45":{"start":{"line":329,"column":4},"end":{"line":340,"column":5}},"46":{"start":{"line":330,"column":47},"end":{"line":333,"column":8}},"47":{"start":{"line":334,"column":6},"end":{"line":336,"column":7}},"48":{"start":{"line":335,"column":8},"end":{"line":335,"column":45}},"49":{"start":{"line":337,"column":6},"end":{"line":337,"column":81}},"50":{"start":{"line":339,"column":6},"end":{"line":339,"column":66}},"51":{"start":{"line":355,"column":4},"end":{"line":360,"column":5}},"52":{"start":{"line":356,"column":23},"end":{"line":356,"column":106}},"53":{"start":{"line":357,"column":6},"end":{"line":357,"column":39}},"54":{"start":{"line":359,"column":6},"end":{"line":359,"column":63}},"55":{"start":{"line":90,"column":0},"end":{"line":90,"column":13}}},"fnMap":{"0":{"name":"(anonymous_0)","decl":{"start":{"line":91,"column":2},"end":{"line":91,"column":22}},"loc":{"start":{"line":91,"column":44},"end":{"line":91,"column":48}}},"1":{"name":"(anonymous_1)","decl":{"start":{"line":109,"column":2},"end":{"line":109,"column":7}},"loc":{"start":{"line":109,"column":43},"end":{"line":120,"column":3}}},"2":{"name":"(anonymous_2)","decl":{"start":{"line":137,"column":2},"end":{"line":137,"column":7}},"loc":{"start":{"line":137,"column":51},"end":{"line":150,"column":3}}},"3":{"name":"(anonymous_3)","decl":{"start":{"line":168,"column":2},"end":{"line":168,"column":7}},"loc":{"start":{"line":168,"column":51},"end":{"line":183,"column":3}}},"4":{"name":"(anonymous_4)","decl":{"start":{"line":199,"column":2},"end":{"line":199,"column":7}},"loc":{"start":{"line":199,"column":61},"end":{"line":211,"column":3}}},"5":{"name":"(anonymous_5)","decl":{"start":{"line":226,"column":2},"end":{"line":226,"column":7}},"loc":{"start":{"line":226,"column":57},"end":{"line":236,"column":3}}},"6":{"name":"(anonymous_6)","decl":{"start":{"line":250,"column":2},"end":{"line":250,"column":7}},"loc":{"start":{"line":250,"column":37},"end":{"line":256,"column":3}}},"7":{"name":"(anonymous_7)","decl":{"start":{"line":272,"column":2},"end":{"line":272,"column":7}},"loc":{"start":{"line":272,"column":65},"end":{"line":278,"column":3}}},"8":{"name":"(anonymous_8)","decl":{"start":{"line":295,"column":2},"end":{"line":295,"column":7}},"loc":{"start":{"line":297,"column":20},"end":{"line":311,"column":3}}},"9":{"name":"(anonymous_9)","decl":{"start":{"line":328,"column":2},"end":{"line":328,"column":7}},"loc":{"start":{"line":328,"column":51},"end":{"line":341,"column":3}}},"10":{"name":"(anonymous_10)","decl":{"start":{"line":354,"column":2},"end":{"line":354,"column":7}},"loc":{"start":{"line":354,"column":22},"end":{"line":361,"column":3}}}},"branchMap":{"0":{"loc":{"start":{"line":143,"column":6},"end":{"line":145,"column":7}},"type":"if","locations":[{"start":{"line":143,"column":6},"end":{"line":145,"column":7}}]},"1":{"loc":{"start":{"line":173,"column":6},"end":{"line":175,"column":7}},"type":"if","locations":[{"start":{"line":173,"column":6},"end":{"line":175,"column":7}}]},"2":{"loc":{"start":{"line":176,"column":6},"end":{"line":178,"column":7}},"type":"if","locations":[{"start":{"line":176,"column":6},"end":{"line":178,"column":7}}]},"3":{"loc":{"start":{"line":204,"column":6},"end":{"line":206,"column":7}},"type":"if","locations":[{"start":{"line":204,"column":6},"end":{"line":206,"column":7}}]},"4":{"loc":{"start":{"line":229,"column":6},"end":{"line":231,"column":7}},"type":"if","locations":[{"start":{"line":229,"column":6},"end":{"line":231,"column":7}}]},"5":{"loc":{"start":{"line":301,"column":6},"end":{"line":303,"column":7}},"type":"if","locations":[{"start":{"line":301,"column":6},"end":{"line":303,"column":7}}]},"6":{"loc":{"start":{"line":304,"column":6},"end":{"line":306,"column":7}},"type":"if","locations":[{"start":{"line":304,"column":6},"end":{"line":306,"column":7}}]},"7":{"loc":{"start":{"line":334,"column":6},"end":{"line":336,"column":7}},"type":"if","locations":[{"start":{"line":334,"column":6},"end":{"line":336,"column":7}}]},"8":{"loc":{"start":{"line":357,"column":13},"end":{"line":357,"column":38}},"type":"binary-expr","locations":[{"start":{"line":357,"column":13},"end":{"line":357,"column":32}},{"start":{"line":357,"column":36},"end":{"line":357,"column":38}}]}},"s":{"0":3,"1":55,"2":3,"3":3,"4":2,"5":4,"6":4,"7":4,"8":1,"9":4,"10":2,"11":4,"12":4,"13":4,"14":1,"15":4,"16":1,"17":4,"18":2,"19":4,"20":4,"21":4,"22":1,"23":4,"24":2,"25":4,"26":4,"27":4,"28":1,"29":4,"30":2,"31":3,"32":3,"33":2,"34":3,"35":3,"36":2,"37":6,"38":6,"39":6,"40":2,"41":6,"42":2,"43":6,"44":2,"45":5,"46":5,"47":5,"48":2,"49":5,"50":2,"51":4,"52":4,"53":2,"54":2,"55":3},"f":{"0":55,"1":3,"2":4,"3":4,"4":4,"5":4,"6":3,"7":3,"8":6,"9":5,"10":4},"b":{"0":[1],"1":[1],"2":[1],"3":[1],"4":[1],"5":[2],"6":[2],"7":[2],"8":[2,1]}}
,"/home/hudson/blockchain-projects/xai/src/xai/sdk/typescript/src/clients/blockchain-client.ts": {"path":"/home/hudson/blockchain-projects/xai/src/xai/sdk/typescript/src/clients/blockchain-client.ts","statementMap":{"0":{"start":{"line":18,"column":0},"end":{"line":18,"column":54}},"1":{"start":{"line":24,"column":22},"end":{"line":24,"column":44}},"2":{"start":{"line":40,"column":4},"end":{"line":42,"column":5}},"3":{"start":{"line":41,"column":6},"end":{"line":41,"column":68}},"4":{"start":{"line":44,"column":4},"end":{"line":75,"column":5}},"5":{"start":{"line":45,"column":23},"end":{"line":56,"column":45}},"6":{"start":{"line":58,"column":6},"end":{"line":69,"column":8}},"7":{"start":{"line":71,"column":6},"end":{"line":73,"column":7}},"8":{"start":{"line":72,"column":8},"end":{"line":72,"column":20}},"9":{"start":{"line":74,"column":6},"end":{"line":74,"column":58}},"10":{"start":{"line":92,"column":18},"end":{"line":92,"column":51}},"11":{"start":{"line":93,"column":19},"end":{"line":93,"column":37}},"12":{"start":{"line":95,"column":4},"end":{"line":139,"column":5}},"13":{"start":{"line":96,"column":23},"end":{"line":114,"column":8}},"14":{"start":{"line":116,"column":21},"end":{"line":126,"column":9}},"15":{"start":{"line":116,"column":57},"end":{"line":126,"column":8}},"16":{"start":{"line":128,"column":6},"end":{"line":133,"column":8}},"17":{"start":{"line":135,"column":6},"end":{"line":137,"column":7}},"18":{"start":{"line":136,"column":8},"end":{"line":136,"column":20}},"19":{"start":{"line":138,"column":6},"end":{"line":138,"column":60}},"20":{"start":{"line":155,"column":4},"end":{"line":157,"column":5}},"21":{"start":{"line":156,"column":6},"end":{"line":156,"column":68}},"22":{"start":{"line":159,"column":4},"end":{"line":170,"column":5}},"23":{"start":{"line":160,"column":23},"end":{"line":162,"column":58}},"24":{"start":{"line":164,"column":6},"end":{"line":164,"column":41}},"25":{"start":{"line":166,"column":6},"end":{"line":168,"column":7}},"26":{"start":{"line":167,"column":8},"end":{"line":167,"column":20}},"27":{"start":{"line":169,"column":6},"end":{"line":169,"column":71}},"28":{"start":{"line":187,"column":4},"end":{"line":210,"column":5}},"29":{"start":{"line":188,"column":23},"end":{"line":193,"column":28}},"30":{"start":{"line":195,"column":6},"end":{"line":204,"column":8}},"31":{"start":{"line":206,"column":6},"end":{"line":208,"column":7}},"32":{"start":{"line":207,"column":8},"end":{"line":207,"column":20}},"33":{"start":{"line":209,"column":6},"end":{"line":209,"column":64}},"34":{"start":{"line":227,"column":4},"end":{"line":235,"column":5}},"35":{"start":{"line":228,"column":21},"end":{"line":228,"column":47}},"36":{"start":{"line":229,"column":6},"end":{"line":229,"column":29}},"37":{"start":{"line":231,"column":6},"end":{"line":233,"column":7}},"38":{"start":{"line":232,"column":8},"end":{"line":232,"column":20}},"39":{"start":{"line":234,"column":6},"end":{"line":234,"column":66}},"40":{"start":{"line":252,"column":4},"end":{"line":279,"column":5}},"41":{"start":{"line":253,"column":23},"end":{"line":262,"column":18}},"42":{"start":{"line":264,"column":6},"end":{"line":273,"column":8}},"43":{"start":{"line":275,"column":6},"end":{"line":277,"column":7}},"44":{"start":{"line":276,"column":8},"end":{"line":276,"column":20}},"45":{"start":{"line":278,"column":6},"end":{"line":278,"column":69}},"46":{"start":{"line":295,"column":4},"end":{"line":302,"column":5}},"47":{"start":{"line":296,"column":6},"end":{"line":296,"column":54}},"48":{"start":{"line":298,"column":6},"end":{"line":300,"column":7}},"49":{"start":{"line":299,"column":8},"end":{"line":299,"column":20}},"50":{"start":{"line":301,"column":6},"end":{"line":301,"column":62}},"51":{"start":{"line":319,"column":4},"end":{"line":326,"column":5}},"52":{"start":{"line":320,"column":6},"end":{"line":320,"column":71}},"53":{"start":{"line":322,"column":6},"end":{"line":324,"column":7}},"54":{"start":{"line":323,"column":8},"end":{"line":323,"column":20}},"55":{"start":{"line":325,"column":6},"end":{"line":325,"column":66}},"56":{"start":{"line":23,"column":0},"end":{"line":23,"column":13}}},"fnMap":{"0":{"name":"(anonymous_0)","decl":{"start":{"line":24,"column":2},"end":{"line":24,"column":22}},"loc":{"start":{"line":24,"column":44},"end":{"line":24,"column":48}}},"1":{"name":"(anonymous_1)","decl":{"start":{"line":39,"column":2},"end":{"line":39,"column":7}},"loc":{"start":{"line":39,"column":36},"end":{"line":76,"column":3}}},"2":{"name":"(anonymous_2)","decl":{"start":{"line":91,"column":2},"end":{"line":91,"column":7}},"loc":{"start":{"line":91,"column":48},"end":{"line":140,"column":3}}},"3":{"name":"(anonymous_3)","decl":{"start":{"line":116,"column":49},"end":{"line":116,"column":50}},"loc":{"start":{"line":116,"column":57},"end":{"line":126,"column":8}}},"4":{"name":"(anonymous_4)","decl":{"start":{"line":154,"column":2},"end":{"line":154,"column":7}},"loc":{"start":{"line":154,"column":48},"end":{"line":171,"column":3}}},"5":{"name":"(anonymous_5)","decl":{"start":{"line":186,"column":2},"end":{"line":186,"column":7}},"loc":{"start":{"line":186,"column":21},"end":{"line":211,"column":3}}},"6":{"name":"(anonymous_6)","decl":{"start":{"line":226,"column":2},"end":{"line":226,"column":7}},"loc":{"start":{"line":226,"column":16},"end":{"line":236,"column":3}}},"7":{"name":"(anonymous_7)","decl":{"start":{"line":251,"column":2},"end":{"line":251,"column":7}},"loc":{"start":{"line":251,"column":16},"end":{"line":280,"column":3}}},"8":{"name":"(anonymous_8)","decl":{"start":{"line":294,"column":2},"end":{"line":294,"column":7}},"loc":{"start":{"line":294,"column":19},"end":{"line":303,"column":3}}},"9":{"name":"(anonymous_9)","decl":{"start":{"line":318,"column":2},"end":{"line":318,"column":7}},"loc":{"start":{"line":318,"column":17},"end":{"line":327,"column":3}}}},"branchMap":{"0":{"loc":{"start":{"line":40,"column":4},"end":{"line":42,"column":5}},"type":"if","locations":[{"start":{"line":40,"column":4},"end":{"line":42,"column":5}}]},"1":{"loc":{"start":{"line":65,"column":18},"end":{"line":65,"column":43}},"type":"binary-expr","locations":[{"start":{"line":65,"column":18},"end":{"line":65,"column":36}},{"start":{"line":65,"column":40},"end":{"line":65,"column":43}}]},"2":{"loc":{"start":{"line":66,"column":17},"end":{"line":66,"column":41}},"type":"binary-expr","locations":[{"start":{"line":66,"column":17},"end":{"line":66,"column":34}},{"start":{"line":66,"column":38},"end":{"line":66,"column":41}}]},"3":{"loc":{"start":{"line":67,"column":22},"end":{"line":67,"column":53}},"type":"binary-expr","locations":[{"start":{"line":67,"column":22},"end":{"line":67,"column":48}},{"start":{"line":67,"column":52},"end":{"line":67,"column":53}}]},"4":{"loc":{"start":{"line":68,"column":27},"end":{"line":68,"column":54}},"type":"binary-expr","locations":[{"start":{"line":68,"column":27},"end":{"line":68,"column":48}},{"start":{"line":68,"column":52},"end":{"line":68,"column":54}}]},"5":{"loc":{"start":{"line":71,"column":6},"end":{"line":73,"column":7}},"type":"if","locations":[{"start":{"line":71,"column":6},"end":{"line":73,"column":7}}]},"6":{"loc":{"start":{"line":91,"column":19},"end":{"line":91,"column":48}},"type":"default-arg","locations":[{"start":{"line":91,"column":46},"end":{"line":91,"column":48}}]},"7":{"loc":{"start":{"line":92,"column":27},"end":{"line":92,"column":45}},"type":"binary-expr","locations":[{"start":{"line":92,"column":27},"end":{"line":92,"column":39}},{"start":{"line":92,"column":43},"end":{"line":92,"column":45}}]},"8":{"loc":{"start":{"line":93,"column":19},"end":{"line":93,"column":37}},"type":"binary-expr","locations":[{"start":{"line":93,"column":19},"end":{"line":93,"column":32}},{"start":{"line":93,"column":36},"end":{"line":93,"column":37}}]},"9":{"loc":{"start":{"line":116,"column":22},"end":{"line":116,"column":43}},"type":"binary-expr","locations":[{"start":{"line":116,"column":22},"end":{"line":116,"column":37}},{"start":{"line":116,"column":41},"end":{"line":116,"column":43}}]},"10":{"loc":{"start":{"line":122,"column":20},"end":{"line":122,"column":39}},"type":"binary-expr","locations":[{"start":{"line":122,"column":20},"end":{"line":122,"column":32}},{"start":{"line":122,"column":36},"end":{"line":122,"column":39}}]},"11":{"loc":{"start":{"line":123,"column":18},"end":{"line":123,"column":36}},"type":"binary-expr","locations":[{"start":{"line":123,"column":18},"end":{"line":123,"column":29}},{"start":{"line":123,"column":33},"end":{"line":123,"column":36}}]},"12":{"loc":{"start":{"line":124,"column":17},"end":{"line":124,"column":34}},"type":"binary-expr","locations":[{"start":{"line":124,"column":17},"end":{"line":124,"column":27}},{"start":{"line":124,"column":31},"end":{"line":124,"column":34}}]},"13":{"loc":{"start":{"line":125,"column":22},"end":{"line":125,"column":46}},"type":"binary-expr","locations":[{"start":{"line":125,"column":22},"end":{"line":125,"column":41}},{"start":{"line":125,"column":45},"end":{"line":125,"column":46}}]},"14":{"loc":{"start":{"line":130,"column":15},"end":{"line":130,"column":34}},"type":"binary-expr","locations":[{"start":{"line":130,"column":15},"end":{"line":130,"column":29}},{"start":{"line":130,"column":33},"end":{"line":130,"column":34}}]},"15":{"loc":{"start":{"line":131,"column":15},"end":{"line":131,"column":38}},"type":"binary-expr","locations":[{"start":{"line":131,"column":15},"end":{"line":131,"column":29}},{"start":{"line":131,"column":33},"end":{"line":131,"column":38}}]},"16":{"loc":{"start":{"line":132,"column":16},"end":{"line":132,"column":41}},"type":"binary-expr","locations":[{"start":{"line":132,"column":16},"end":{"line":132,"column":31}},{"start":{"line":132,"column":35},"end":{"line":132,"column":41}}]},"17":{"loc":{"start":{"line":135,"column":6},"end":{"line":137,"column":7}},"type":"if","locations":[{"start":{"line":135,"column":6},"end":{"line":137,"column":7}}]},"18":{"loc":{"start":{"line":155,"column":4},"end":{"line":157,"column":5}},"type":"if","locations":[{"start":{"line":155,"column":4},"end":{"line":157,"column":5}}]},"19":{"loc":{"start":{"line":164,"column":13},"end":{"line":164,"column":40}},"type":"binary-expr","locations":[{"start":{"line":164,"column":13},"end":{"line":164,"column":34}},{"start":{"line":164,"column":38},"end":{"line":164,"column":40}}]},"20":{"loc":{"start":{"line":166,"column":6},"end":{"line":168,"column":7}},"type":"if","locations":[{"start":{"line":166,"column":6},"end":{"line":168,"column":7}}]},"21":{"loc":{"start":{"line":201,"column":10},"end":{"line":203,"column":23}},"type":"cond-expr","locations":[{"start":{"line":202,"column":14},"end":{"line":202,"column":69}},{"start":{"line":203,"column":14},"end":{"line":203,"column":23}}]},"22":{"loc":{"start":{"line":201,"column":10},"end":{"line":201,"column":58}},"type":"binary-expr","locations":[{"start":{"line":201,"column":10},"end":{"line":201,"column":32}},{"start":{"line":201,"column":36},"end":{"line":201,"column":58}}]},"23":{"loc":{"start":{"line":206,"column":6},"end":{"line":208,"column":7}},"type":"if","locations":[{"start":{"line":206,"column":6},"end":{"line":208,"column":7}}]},"24":{"loc":{"start":{"line":231,"column":6},"end":{"line":233,"column":7}},"type":"if","locations":[{"start":{"line":231,"column":6},"end":{"line":233,"column":7}}]},"25":{"loc":{"start":{"line":270,"column":26},"end":{"line":270,"column":58}},"type":"binary-expr","locations":[{"start":{"line":270,"column":26},"end":{"line":270,"column":53}},{"start":{"line":270,"column":57},"end":{"line":270,"column":58}}]},"26":{"loc":{"start":{"line":272,"column":17},"end":{"line":272,"column":46}},"type":"binary-expr","locations":[{"start":{"line":272,"column":17},"end":{"line":272,"column":33}},{"start":{"line":272,"column":37},"end":{"line":272,"column":46}}]},"27":{"loc":{"start":{"line":275,"column":6},"end":{"line":277,"column":7}},"type":"if","locations":[{"start":{"line":275,"column":6},"end":{"line":277,"column":7}}]},"28":{"loc":{"start":{"line":298,"column":6},"end":{"line":300,"column":7}},"type":"if","locations":[{"start":{"line":298,"column":6},"end":{"line":300,"column":7}}]},"29":{"loc":{"start":{"line":322,"column":6},"end":{"line":324,"column":7}},"type":"if","locations":[{"start":{"line":322,"column":6},"end":{"line":324,"column":7}}]}},"s":{"0":3,"1":55,"2":7,"3":2,"4":5,"5":5,"6":2,"7":3,"8":1,"9":2,"10":7,"11":7,"12":7,"13":7,"14":5,"15":3,"16":5,"17":2,"18":0,"19":2,"20":6,"21":2,"22":4,"23":4,"24":2,"25":2,"26":0,"27":2,"28":9,"29":9,"30":5,"31":4,"32":0,"33":4,"34":4,"35":4,"36":2,"37":2,"38":2,"39":0,"40":4,"41":4,"42":2,"43":2,"44":0,"45":2,"46":3,"47":3,"48":2,"49":0,"50":2,"51":4,"52":4,"53":2,"54":0,"55":2,"56":3},"f":{"0":55,"1":7,"2":7,"3":3,"4":6,"5":9,"6":4,"7":4,"8":3,"9":4},"b":{"0":[2],"1":[2,1],"2":[2,1],"3":[2,1],"4":[2,1],"5":[1],"6":[5],"7":[7,5],"8":[7,6],"9":[5,1],"10":[3,1],"11":[3,3],"12":[3,3],"13":[3,1],"14":[5,2],"15":[5,1],"16":[5,4],"17":[0],"18":[2],"19":[2,1],"20":[0],"21":[3,2],"22":[5,3],"23":[0],"24":[2],"25":[2,1],"26":[2,1],"27":[0],"28":[0],"29":[0]}}
,"/home/hudson/blockchain-projects/xai/src/xai/sdk/typescript/src/clients/governance-client.ts": {"path":"/home/hudson/blockchain-projects/xai/src/xai/sdk/typescript/src/clients/governance-client.ts","statementMap":{"0":{"start":{"line":8,"column":0},"end":{"line":8,"column":null}},"1":{"start":{"line":16,"column":0},"end":{"line":16,"column":61}},"2":{"start":{"line":22,"column":22},"end":{"line":22,"column":44}},"3":{"start":{"line":40,"column":18},"end":{"line":40,"column":51}},"4":{"start":{"line":41,"column":19},"end":{"line":41,"column":37}},"5":{"start":{"line":43,"column":4},"end":{"line":91,"column":5}},"6":{"start":{"line":44,"column":51},"end":{"line":44,"column":68}},"7":{"start":{"line":45,"column":6},"end":{"line":47,"column":7}},"8":{"start":{"line":46,"column":8},"end":{"line":46,"column":43}},"9":{"start":{"line":49,"column":23},"end":{"line":65,"column":46}},"10":{"start":{"line":67,"column":24},"end":{"line":78,"column":9}},"11":{"start":{"line":67,"column":63},"end":{"line":78,"column":8}},"12":{"start":{"line":80,"column":6},"end":{"line":85,"column":8}},"13":{"start":{"line":87,"column":6},"end":{"line":89,"column":7}},"14":{"start":{"line":88,"column":8},"end":{"line":88,"column":20}},"15":{"start":{"line":90,"column":6},"end":{"line":90,"column":70}},"16":{"start":{"line":109,"column":4},"end":{"line":111,"column":5}},"17":{"start":{"line":110,"column":6},"end":{"line":110,"column":67}},"18":{"start":{"line":113,"column":4},"end":{"line":146,"column":5}},"19":{"start":{"line":114,"column":23},"end":{"line":126,"column":47}},"20":{"start":{"line":128,"column":6},"end":{"line":140,"column":8}},"21":{"start":{"line":142,"column":6},"end":{"line":144,"column":7}},"22":{"start":{"line":143,"column":8},"end":{"line":143,"column":20}},"23":{"start":{"line":145,"column":6},"end":{"line":145,"column":68}},"24":{"start":{"line":167,"column":4},"end":{"line":169,"column":5}},"25":{"start":{"line":168,"column":6},"end":{"line":168,"column":81}},"26":{"start":{"line":171,"column":4},"end":{"line":211,"column":5}},"27":{"start":{"line":172,"column":47},"end":{"line":176,"column":8}},"28":{"start":{"line":178,"column":6},"end":{"line":180,"column":7}},"29":{"start":{"line":179,"column":8},"end":{"line":179,"column":43}},"30":{"start":{"line":181,"column":6},"end":{"line":183,"column":7}},"31":{"start":{"line":182,"column":8},"end":{"line":182,"column":43}},"32":{"start":{"line":185,"column":23},"end":{"line":194,"column":42}},"33":{"start":{"line":196,"column":6},"end":{"line":205,"column":8}},"34":{"start":{"line":207,"column":6},"end":{"line":209,"column":7}},"35":{"start":{"line":208,"column":8},"end":{"line":208,"column":20}},"36":{"start":{"line":210,"column":6},"end":{"line":210,"column":71}},"37":{"start":{"line":233,"column":4},"end":{"line":235,"column":5}},"38":{"start":{"line":234,"column":6},"end":{"line":234,"column":67}},"39":{"start":{"line":237,"column":4},"end":{"line":239,"column":5}},"40":{"start":{"line":238,"column":6},"end":{"line":238,"column":53}},"41":{"start":{"line":241,"column":4},"end":{"line":243,"column":5}},"42":{"start":{"line":242,"column":6},"end":{"line":242,"column":76}},"43":{"start":{"line":245,"column":4},"end":{"line":257,"column":5}},"44":{"start":{"line":246,"column":22},"end":{"line":249,"column":8}},"45":{"start":{"line":251,"column":6},"end":{"line":251,"column":93}},"46":{"start":{"line":253,"column":6},"end":{"line":255,"column":7}},"47":{"start":{"line":254,"column":8},"end":{"line":254,"column":20}},"48":{"start":{"line":256,"column":6},"end":{"line":256,"column":60}},"49":{"start":{"line":272,"column":4},"end":{"line":280,"column":5}},"50":{"start":{"line":273,"column":21},"end":{"line":273,"column":67}},"51":{"start":{"line":274,"column":6},"end":{"line":274,"column":25}},"52":{"start":{"line":276,"column":6},"end":{"line":278,"column":7}},"53":{"start":{"line":277,"column":8},"end":{"line":277,"column":20}},"54":{"start":{"line":279,"column":6},"end":{"line":279,"column":76}},"55":{"start":{"line":304,"column":4},"end":{"line":321,"column":5}},"56":{"start":{"line":305,"column":23},"end":{"line":305,"column":57}},"57":{"start":{"line":306,"column":6},"end":{"line":315,"column":8}},"58":{"start":{"line":317,"column":6},"end":{"line":319,"column":7}},"59":{"start":{"line":318,"column":8},"end":{"line":318,"column":20}},"60":{"start":{"line":320,"column":6},"end":{"line":320,"column":74}},"61":{"start":{"line":21,"column":0},"end":{"line":21,"column":13}}},"fnMap":{"0":{"name":"(anonymous_0)","decl":{"start":{"line":22,"column":2},"end":{"line":22,"column":22}},"loc":{"start":{"line":22,"column":44},"end":{"line":22,"column":48}}},"1":{"name":"(anonymous_1)","decl":{"start":{"line":39,"column":2},"end":{"line":39,"column":7}},"loc":{"start":{"line":39,"column":54},"end":{"line":92,"column":3}}},"2":{"name":"(anonymous_2)","decl":{"start":{"line":67,"column":55},"end":{"line":67,"column":56}},"loc":{"start":{"line":67,"column":63},"end":{"line":78,"column":8}}},"3":{"name":"(anonymous_3)","decl":{"start":{"line":108,"column":2},"end":{"line":108,"column":7}},"loc":{"start":{"line":108,"column":38},"end":{"line":147,"column":3}}},"4":{"name":"(anonymous_4)","decl":{"start":{"line":166,"column":2},"end":{"line":166,"column":7}},"loc":{"start":{"line":166,"column":51},"end":{"line":212,"column":3}}},"5":{"name":"(anonymous_5)","decl":{"start":{"line":228,"column":2},"end":{"line":228,"column":7}},"loc":{"start":{"line":231,"column":22},"end":{"line":258,"column":3}}},"6":{"name":"(anonymous_6)","decl":{"start":{"line":271,"column":2},"end":{"line":271,"column":7}},"loc":{"start":{"line":271,"column":26},"end":{"line":281,"column":3}}},"7":{"name":"(anonymous_7)","decl":{"start":{"line":297,"column":2},"end":{"line":297,"column":7}},"loc":{"start":{"line":297,"column":43},"end":{"line":322,"column":3}}}},"branchMap":{"0":{"loc":{"start":{"line":39,"column":22},"end":{"line":39,"column":54}},"type":"default-arg","locations":[{"start":{"line":39,"column":52},"end":{"line":39,"column":54}}]},"1":{"loc":{"start":{"line":40,"column":27},"end":{"line":40,"column":45}},"type":"binary-expr","locations":[{"start":{"line":40,"column":27},"end":{"line":40,"column":39}},{"start":{"line":40,"column":43},"end":{"line":40,"column":45}}]},"2":{"loc":{"start":{"line":41,"column":19},"end":{"line":41,"column":37}},"type":"binary-expr","locations":[{"start":{"line":41,"column":19},"end":{"line":41,"column":32}},{"start":{"line":41,"column":36},"end":{"line":41,"column":37}}]},"3":{"loc":{"start":{"line":45,"column":6},"end":{"line":47,"column":7}},"type":"if","locations":[{"start":{"line":45,"column":6},"end":{"line":47,"column":7}}]},"4":{"loc":{"start":{"line":67,"column":25},"end":{"line":67,"column":49}},"type":"binary-expr","locations":[{"start":{"line":67,"column":25},"end":{"line":67,"column":43}},{"start":{"line":67,"column":47},"end":{"line":67,"column":49}}]},"5":{"loc":{"start":{"line":72,"column":17},"end":{"line":72,"column":70}},"type":"binary-expr","locations":[{"start":{"line":72,"column":17},"end":{"line":72,"column":44}},{"start":{"line":72,"column":48},"end":{"line":72,"column":70}}]},"6":{"loc":{"start":{"line":75,"column":18},"end":{"line":75,"column":34}},"type":"binary-expr","locations":[{"start":{"line":75,"column":18},"end":{"line":75,"column":29}},{"start":{"line":75,"column":33},"end":{"line":75,"column":34}}]},"7":{"loc":{"start":{"line":76,"column":22},"end":{"line":76,"column":42}},"type":"binary-expr","locations":[{"start":{"line":76,"column":22},"end":{"line":76,"column":37}},{"start":{"line":76,"column":41},"end":{"line":76,"column":42}}]},"8":{"loc":{"start":{"line":77,"column":22},"end":{"line":77,"column":42}},"type":"binary-expr","locations":[{"start":{"line":77,"column":22},"end":{"line":77,"column":37}},{"start":{"line":77,"column":41},"end":{"line":77,"column":42}}]},"9":{"loc":{"start":{"line":82,"column":15},"end":{"line":82,"column":34}},"type":"binary-expr","locations":[{"start":{"line":82,"column":15},"end":{"line":82,"column":29}},{"start":{"line":82,"column":33},"end":{"line":82,"column":34}}]},"10":{"loc":{"start":{"line":83,"column":15},"end":{"line":83,"column":38}},"type":"binary-expr","locations":[{"start":{"line":83,"column":15},"end":{"line":83,"column":29}},{"start":{"line":83,"column":33},"end":{"line":83,"column":38}}]},"11":{"loc":{"start":{"line":84,"column":16},"end":{"line":84,"column":41}},"type":"binary-expr","locations":[{"start":{"line":84,"column":16},"end":{"line":84,"column":31}},{"start":{"line":84,"column":35},"end":{"line":84,"column":41}}]},"12":{"loc":{"start":{"line":87,"column":6},"end":{"line":89,"column":7}},"type":"if","locations":[{"start":{"line":87,"column":6},"end":{"line":89,"column":7}}]},"13":{"loc":{"start":{"line":109,"column":4},"end":{"line":111,"column":5}},"type":"if","locations":[{"start":{"line":109,"column":4},"end":{"line":111,"column":5}}]},"14":{"loc":{"start":{"line":133,"column":17},"end":{"line":133,"column":77}},"type":"binary-expr","locations":[{"start":{"line":133,"column":17},"end":{"line":133,"column":51}},{"start":{"line":133,"column":55},"end":{"line":133,"column":77}}]},"15":{"loc":{"start":{"line":137,"column":18},"end":{"line":137,"column":41}},"type":"binary-expr","locations":[{"start":{"line":137,"column":18},"end":{"line":137,"column":36}},{"start":{"line":137,"column":40},"end":{"line":137,"column":41}}]},"16":{"loc":{"start":{"line":138,"column":22},"end":{"line":138,"column":49}},"type":"binary-expr","locations":[{"start":{"line":138,"column":22},"end":{"line":138,"column":44}},{"start":{"line":138,"column":48},"end":{"line":138,"column":49}}]},"17":{"loc":{"start":{"line":139,"column":22},"end":{"line":139,"column":49}},"type":"binary-expr","locations":[{"start":{"line":139,"column":22},"end":{"line":139,"column":44}},{"start":{"line":139,"column":48},"end":{"line":139,"column":49}}]},"18":{"loc":{"start":{"line":142,"column":6},"end":{"line":144,"column":7}},"type":"if","locations":[{"start":{"line":142,"column":6},"end":{"line":144,"column":7}}]},"19":{"loc":{"start":{"line":167,"column":4},"end":{"line":169,"column":5}},"type":"if","locations":[{"start":{"line":167,"column":4},"end":{"line":169,"column":5}}]},"20":{"loc":{"start":{"line":167,"column":8},"end":{"line":167,"column":64}},"type":"binary-expr","locations":[{"start":{"line":167,"column":8},"end":{"line":167,"column":21}},{"start":{"line":167,"column":25},"end":{"line":167,"column":44}},{"start":{"line":167,"column":48},"end":{"line":167,"column":64}}]},"21":{"loc":{"start":{"line":178,"column":6},"end":{"line":180,"column":7}},"type":"if","locations":[{"start":{"line":178,"column":6},"end":{"line":180,"column":7}}]},"22":{"loc":{"start":{"line":181,"column":6},"end":{"line":183,"column":7}},"type":"if","locations":[{"start":{"line":181,"column":6},"end":{"line":183,"column":7}}]},"23":{"loc":{"start":{"line":201,"column":17},"end":{"line":201,"column":77}},"type":"binary-expr","locations":[{"start":{"line":201,"column":17},"end":{"line":201,"column":51}},{"start":{"line":201,"column":55},"end":{"line":201,"column":77}}]},"24":{"loc":{"start":{"line":203,"column":18},"end":{"line":203,"column":41}},"type":"binary-expr","locations":[{"start":{"line":203,"column":18},"end":{"line":203,"column":36}},{"start":{"line":203,"column":40},"end":{"line":203,"column":41}}]},"25":{"loc":{"start":{"line":204,"column":22},"end":{"line":204,"column":49}},"type":"binary-expr","locations":[{"start":{"line":204,"column":22},"end":{"line":204,"column":44}},{"start":{"line":204,"column":48},"end":{"line":204,"column":49}}]},"26":{"loc":{"start":{"line":207,"column":6},"end":{"line":209,"column":7}},"type":"if","locations":[{"start":{"line":207,"column":6},"end":{"line":209,"column":7}}]},"27":{"loc":{"start":{"line":233,"column":4},"end":{"line":235,"column":5}},"type":"if","locations":[{"start":{"line":233,"column":4},"end":{"line":235,"column":5}}]},"28":{"loc":{"start":{"line":237,"column":4},"end":{"line":239,"column":5}},"type":"if","locations":[{"start":{"line":237,"column":4},"end":{"line":239,"column":5}}]},"29":{"loc":{"start":{"line":241,"column":4},"end":{"line":243,"column":5}},"type":"if","locations":[{"start":{"line":241,"column":4},"end":{"line":243,"column":5}}]},"30":{"loc":{"start":{"line":253,"column":6},"end":{"line":255,"column":7}},"type":"if","locations":[{"start":{"line":253,"column":6},"end":{"line":255,"column":7}}]},"31":{"loc":{"start":{"line":276,"column":6},"end":{"line":278,"column":7}},"type":"if","locations":[{"start":{"line":276,"column":6},"end":{"line":278,"column":7}}]},"32":{"loc":{"start":{"line":308,"column":18},"end":{"line":308,"column":40}},"type":"binary-expr","locations":[{"start":{"line":308,"column":18},"end":{"line":308,"column":35}},{"start":{"line":308,"column":39},"end":{"line":308,"column":40}}]},"33":{"loc":{"start":{"line":309,"column":22},"end":{"line":309,"column":48}},"type":"binary-expr","locations":[{"start":{"line":309,"column":22},"end":{"line":309,"column":43}},{"start":{"line":309,"column":47},"end":{"line":309,"column":48}}]},"34":{"loc":{"start":{"line":310,"column":22},"end":{"line":310,"column":48}},"type":"binary-expr","locations":[{"start":{"line":310,"column":22},"end":{"line":310,"column":43}},{"start":{"line":310,"column":47},"end":{"line":310,"column":48}}]},"35":{"loc":{"start":{"line":312,"column":11},"end":{"line":312,"column":33}},"type":"binary-expr","locations":[{"start":{"line":312,"column":11},"end":{"line":312,"column":28}},{"start":{"line":312,"column":32},"end":{"line":312,"column":33}}]},"36":{"loc":{"start":{"line":313,"column":11},"end":{"line":313,"column":37}},"type":"binary-expr","locations":[{"start":{"line":313,"column":11},"end":{"line":313,"column":32}},{"start":{"line":313,"column":36},"end":{"line":313,"column":37}}]},"37":{"loc":{"start":{"line":314,"column":11},"end":{"line":314,"column":37}},"type":"binary-expr","locations":[{"start":{"line":314,"column":11},"end":{"line":314,"column":32}},{"start":{"line":314,"column":36},"end":{"line":314,"column":37}}]},"38":{"loc":{"start":{"line":317,"column":6},"end":{"line":319,"column":7}},"type":"if","locations":[{"start":{"line":317,"column":6},"end":{"line":319,"column":7}}]}},"s":{"0":3,"1":3,"2":55,"3":12,"4":12,"5":12,"6":12,"7":12,"8":5,"9":12,"10":8,"11":4,"12":8,"13":4,"14":0,"15":4,"16":10,"17":2,"18":8,"19":8,"20":4,"21":4,"22":0,"23":4,"24":8,"25":4,"26":4,"27":4,"28":4,"29":1,"30":4,"31":1,"32":4,"33":2,"34":2,"35":0,"36":2,"37":11,"38":2,"39":9,"40":2,"41":7,"42":2,"43":5,"44":5,"45":5,"46":2,"47":0,"48":2,"49":4,"50":4,"51":2,"52":2,"53":2,"54":0,"55":4,"56":4,"57":2,"58":2,"59":2,"60":0,"61":3},"f":{"0":55,"1":12,"2":4,"3":10,"4":8,"5":11,"6":4,"7":4},"b":{"0":[5],"1":[12,10],"2":[12,11],"3":[5],"4":[8,1],"5":[4,1],"6":[4,3],"7":[4,3],"8":[4,3],"9":[8,4],"10":[8,1],"11":[8,7],"12":[0],"13":[2],"14":[4,2],"15":[4,2],"16":[4,2],"17":[4,2],"18":[0],"19":[4],"20":[8,6,5],"21":[1],"22":[1],"23":[2,1],"24":[2,2],"25":[2,2],"26":[0],"27":[2],"28":[2],"29":[2],"30":[0],"31":[2],"32":[2,1],"33":[2,1],"34":[2,1],"35":[2,1],"36":[2,1],"37":[2,1],"38":[2]}}
,"/home/hudson/blockchain-projects/xai/src/xai/sdk/typescript/src/clients/mining-client.ts": {"path":"/home/hudson/blockchain-projects/xai/src/xai/sdk/typescript/src/clients/mining-client.ts","statementMap":{"0":{"start":{"line":9,"column":0},"end":{"line":9,"column":57}},"1":{"start":{"line":15,"column":22},"end":{"line":15,"column":44}},"2":{"start":{"line":30,"column":4},"end":{"line":32,"column":5}},"3":{"start":{"line":31,"column":6},"end":{"line":31,"column":68}},"4":{"start":{"line":34,"column":4},"end":{"line":42,"column":5}},"5":{"start":{"line":35,"column":22},"end":{"line":35,"column":33}},"6":{"start":{"line":36,"column":6},"end":{"line":36,"column":66}},"7":{"start":{"line":38,"column":6},"end":{"line":40,"column":7}},"8":{"start":{"line":39,"column":8},"end":{"line":39,"column":20}},"9":{"start":{"line":41,"column":6},"end":{"line":41,"column":64}},"10":{"start":{"line":57,"column":4},"end":{"line":64,"column":5}},"11":{"start":{"line":58,"column":6},"end":{"line":58,"column":60}},"12":{"start":{"line":60,"column":6},"end":{"line":62,"column":7}},"13":{"start":{"line":61,"column":8},"end":{"line":61,"column":20}},"14":{"start":{"line":63,"column":6},"end":{"line":63,"column":63}},"15":{"start":{"line":81,"column":4},"end":{"line":106,"column":5}},"16":{"start":{"line":82,"column":23},"end":{"line":90,"column":26}},"17":{"start":{"line":92,"column":6},"end":{"line":100,"column":8}},"18":{"start":{"line":102,"column":6},"end":{"line":104,"column":7}},"19":{"start":{"line":103,"column":8},"end":{"line":103,"column":20}},"20":{"start":{"line":105,"column":6},"end":{"line":105,"column":69}},"21":{"start":{"line":123,"column":4},"end":{"line":125,"column":5}},"22":{"start":{"line":124,"column":6},"end":{"line":124,"column":55}},"23":{"start":{"line":127,"column":4},"end":{"line":148,"column":5}},"24":{"start":{"line":128,"column":23},"end":{"line":134,"column":40}},"25":{"start":{"line":136,"column":6},"end":{"line":142,"column":8}},"26":{"start":{"line":144,"column":6},"end":{"line":146,"column":7}},"27":{"start":{"line":145,"column":8},"end":{"line":145,"column":20}},"28":{"start":{"line":147,"column":6},"end":{"line":147,"column":70}},"29":{"start":{"line":165,"column":4},"end":{"line":173,"column":5}},"30":{"start":{"line":166,"column":21},"end":{"line":166,"column":43}},"31":{"start":{"line":167,"column":6},"end":{"line":167,"column":27}},"32":{"start":{"line":169,"column":6},"end":{"line":171,"column":7}},"33":{"start":{"line":170,"column":8},"end":{"line":170,"column":20}},"34":{"start":{"line":172,"column":6},"end":{"line":172,"column":71}},"35":{"start":{"line":188,"column":4},"end":{"line":196,"column":5}},"36":{"start":{"line":189,"column":21},"end":{"line":189,"column":43}},"37":{"start":{"line":190,"column":6},"end":{"line":190,"column":38}},"38":{"start":{"line":192,"column":6},"end":{"line":194,"column":7}},"39":{"start":{"line":193,"column":8},"end":{"line":193,"column":20}},"40":{"start":{"line":195,"column":6},"end":{"line":195,"column":66}},"41":{"start":{"line":211,"column":4},"end":{"line":219,"column":5}},"42":{"start":{"line":212,"column":21},"end":{"line":212,"column":43}},"43":{"start":{"line":213,"column":6},"end":{"line":213,"column":29}},"44":{"start":{"line":215,"column":6},"end":{"line":217,"column":7}},"45":{"start":{"line":216,"column":8},"end":{"line":216,"column":20}},"46":{"start":{"line":218,"column":6},"end":{"line":218,"column":64}},"47":{"start":{"line":14,"column":0},"end":{"line":14,"column":13}}},"fnMap":{"0":{"name":"(anonymous_0)","decl":{"start":{"line":15,"column":2},"end":{"line":15,"column":22}},"loc":{"start":{"line":15,"column":44},"end":{"line":15,"column":48}}},"1":{"name":"(anonymous_1)","decl":{"start":{"line":29,"column":2},"end":{"line":29,"column":7}},"loc":{"start":{"line":29,"column":33},"end":{"line":43,"column":3}}},"2":{"name":"(anonymous_2)","decl":{"start":{"line":56,"column":2},"end":{"line":56,"column":7}},"loc":{"start":{"line":56,"column":12},"end":{"line":65,"column":3}}},"3":{"name":"(anonymous_3)","decl":{"start":{"line":80,"column":2},"end":{"line":80,"column":7}},"loc":{"start":{"line":80,"column":17},"end":{"line":107,"column":3}}},"4":{"name":"(anonymous_4)","decl":{"start":{"line":122,"column":2},"end":{"line":122,"column":7}},"loc":{"start":{"line":122,"column":34},"end":{"line":149,"column":3}}},"5":{"name":"(anonymous_5)","decl":{"start":{"line":164,"column":2},"end":{"line":164,"column":7}},"loc":{"start":{"line":164,"column":16},"end":{"line":174,"column":3}}},"6":{"name":"(anonymous_6)","decl":{"start":{"line":187,"column":2},"end":{"line":187,"column":7}},"loc":{"start":{"line":187,"column":21},"end":{"line":197,"column":3}}},"7":{"name":"(anonymous_7)","decl":{"start":{"line":210,"column":2},"end":{"line":210,"column":7}},"loc":{"start":{"line":210,"column":19},"end":{"line":220,"column":3}}}},"branchMap":{"0":{"loc":{"start":{"line":29,"column":14},"end":{"line":29,"column":33}},"type":"default-arg","locations":[{"start":{"line":29,"column":32},"end":{"line":29,"column":33}}]},"1":{"loc":{"start":{"line":30,"column":4},"end":{"line":32,"column":5}},"type":"if","locations":[{"start":{"line":30,"column":4},"end":{"line":32,"column":5}}]},"2":{"loc":{"start":{"line":30,"column":8},"end":{"line":30,"column":35}},"type":"binary-expr","locations":[{"start":{"line":30,"column":8},"end":{"line":30,"column":19}},{"start":{"line":30,"column":23},"end":{"line":30,"column":35}}]},"3":{"loc":{"start":{"line":38,"column":6},"end":{"line":40,"column":7}},"type":"if","locations":[{"start":{"line":38,"column":6},"end":{"line":40,"column":7}}]},"4":{"loc":{"start":{"line":60,"column":6},"end":{"line":62,"column":7}},"type":"if","locations":[{"start":{"line":60,"column":6},"end":{"line":62,"column":7}}]},"5":{"loc":{"start":{"line":96,"column":21},"end":{"line":96,"column":47}},"type":"binary-expr","locations":[{"start":{"line":96,"column":21},"end":{"line":96,"column":42}},{"start":{"line":96,"column":46},"end":{"line":96,"column":47}}]},"6":{"loc":{"start":{"line":98,"column":16},"end":{"line":98,"column":36}},"type":"binary-expr","locations":[{"start":{"line":98,"column":16},"end":{"line":98,"column":31}},{"start":{"line":98,"column":35},"end":{"line":98,"column":36}}]},"7":{"loc":{"start":{"line":102,"column":6},"end":{"line":104,"column":7}},"type":"if","locations":[{"start":{"line":102,"column":6},"end":{"line":104,"column":7}}]},"8":{"loc":{"start":{"line":123,"column":4},"end":{"line":125,"column":5}},"type":"if","locations":[{"start":{"line":123,"column":4},"end":{"line":125,"column":5}}]},"9":{"loc":{"start":{"line":144,"column":6},"end":{"line":146,"column":7}},"type":"if","locations":[{"start":{"line":144,"column":6},"end":{"line":146,"column":7}}]},"10":{"loc":{"start":{"line":169,"column":6},"end":{"line":171,"column":7}},"type":"if","locations":[{"start":{"line":169,"column":6},"end":{"line":171,"column":7}}]},"11":{"loc":{"start":{"line":192,"column":6},"end":{"line":194,"column":7}},"type":"if","locations":[{"start":{"line":192,"column":6},"end":{"line":194,"column":7}}]},"12":{"loc":{"start":{"line":215,"column":6},"end":{"line":217,"column":7}},"type":"if","locations":[{"start":{"line":215,"column":6},"end":{"line":217,"column":7}}]}},"s":{"0":3,"1":51,"2":13,"3":6,"4":7,"5":7,"6":7,"7":3,"8":1,"9":2,"10":4,"11":4,"12":3,"13":1,"14":2,"15":16,"16":16,"17":8,"18":8,"19":0,"20":8,"21":6,"22":2,"23":4,"24":4,"25":2,"26":2,"27":0,"28":2,"29":4,"30":4,"31":2,"32":2,"33":2,"34":0,"35":3,"36":3,"37":1,"38":2,"39":2,"40":0,"41":4,"42":4,"43":2,"44":2,"45":2,"46":0,"47":3},"f":{"0":51,"1":13,"2":4,"3":16,"4":6,"5":4,"6":3,"7":4},"b":{"0":[1],"1":[6],"2":[13,10],"3":[1],"4":[1],"5":[8,7],"6":[8,7],"7":[0],"8":[2],"9":[0],"10":[2],"11":[2],"12":[2]}}
,"/home/hudson/blockchain-projects/xai/src/xai/sdk/typescript/src/clients/transaction-client.ts": {"path":"/home/hudson/blockchain-projects/xai/src/xai/sdk/typescript/src/clients/transaction-client.ts","statementMap":{"0":{"start":{"line":8,"column":0},"end":{"line":8,"column":null}},"1":{"start":{"line":14,"column":0},"end":{"line":14,"column":62}},"2":{"start":{"line":20,"column":22},"end":{"line":20,"column":44}},"3":{"start":{"line":40,"column":4},"end":{"line":42,"column":5}},"4":{"start":{"line":41,"column":6},"end":{"line":41,"column":69}},"5":{"start":{"line":44,"column":4},"end":{"line":93,"column":5}},"6":{"start":{"line":45,"column":47},"end":{"line":49,"column":8}},"7":{"start":{"line":51,"column":6},"end":{"line":53,"column":7}},"8":{"start":{"line":52,"column":8},"end":{"line":52,"column":35}},"9":{"start":{"line":54,"column":6},"end":{"line":56,"column":7}},"10":{"start":{"line":55,"column":8},"end":{"line":55,"column":44}},"11":{"start":{"line":57,"column":6},"end":{"line":59,"column":7}},"12":{"start":{"line":58,"column":8},"end":{"line":58,"column":44}},"13":{"start":{"line":60,"column":6},"end":{"line":62,"column":7}},"14":{"start":{"line":61,"column":8},"end":{"line":61,"column":37}},"15":{"start":{"line":63,"column":6},"end":{"line":65,"column":7}},"16":{"start":{"line":64,"column":8},"end":{"line":64,"column":45}},"17":{"start":{"line":67,"column":23},"end":{"line":76,"column":38}},"18":{"start":{"line":78,"column":6},"end":{"line":87,"column":8}},"19":{"start":{"line":89,"column":6},"end":{"line":91,"column":7}},"20":{"start":{"line":90,"column":8},"end":{"line":90,"column":20}},"21":{"start":{"line":92,"column":6},"end":{"line":92,"column":73}},"22":{"start":{"line":110,"column":4},"end":{"line":112,"column":5}},"23":{"start":{"line":111,"column":6},"end":{"line":111,"column":54}},"24":{"start":{"line":114,"column":4},"end":{"line":147,"column":5}},"25":{"start":{"line":115,"column":23},"end":{"line":127,"column":34}},"26":{"start":{"line":129,"column":6},"end":{"line":141,"column":8}},"27":{"start":{"line":143,"column":6},"end":{"line":145,"column":7}},"28":{"start":{"line":144,"column":8},"end":{"line":144,"column":20}},"29":{"start":{"line":146,"column":6},"end":{"line":146,"column":72}},"30":{"start":{"line":163,"column":4},"end":{"line":165,"column":5}},"31":{"start":{"line":164,"column":6},"end":{"line":164,"column":54}},"32":{"start":{"line":167,"column":4},"end":{"line":174,"column":5}},"33":{"start":{"line":168,"column":6},"end":{"line":168,"column":72}},"34":{"start":{"line":170,"column":6},"end":{"line":172,"column":7}},"35":{"start":{"line":171,"column":8},"end":{"line":171,"column":20}},"36":{"start":{"line":173,"column":6},"end":{"line":173,"column":79}},"37":{"start":{"line":200,"column":4},"end":{"line":202,"column":5}},"38":{"start":{"line":201,"column":6},"end":{"line":201,"column":69}},"39":{"start":{"line":204,"column":4},"end":{"line":235,"column":5}},"40":{"start":{"line":205,"column":47},"end":{"line":209,"column":8}},"41":{"start":{"line":211,"column":6},"end":{"line":213,"column":7}},"42":{"start":{"line":212,"column":8},"end":{"line":212,"column":35}},"43":{"start":{"line":215,"column":23},"end":{"line":221,"column":46}},"44":{"start":{"line":223,"column":6},"end":{"line":229,"column":8}},"45":{"start":{"line":231,"column":6},"end":{"line":233,"column":7}},"46":{"start":{"line":232,"column":8},"end":{"line":232,"column":20}},"47":{"start":{"line":234,"column":6},"end":{"line":234,"column":69}},"48":{"start":{"line":254,"column":4},"end":{"line":262,"column":5}},"49":{"start":{"line":255,"column":21},"end":{"line":255,"column":49}},"50":{"start":{"line":256,"column":6},"end":{"line":256,"column":63}},"51":{"start":{"line":258,"column":6},"end":{"line":260,"column":7}},"52":{"start":{"line":259,"column":8},"end":{"line":259,"column":20}},"53":{"start":{"line":261,"column":6},"end":{"line":261,"column":75}},"54":{"start":{"line":286,"column":22},"end":{"line":286,"column":32}},"55":{"start":{"line":288,"column":4},"end":{"line":306,"column":5}},"56":{"start":{"line":289,"column":6},"end":{"line":291,"column":7}},"57":{"start":{"line":290,"column":8},"end":{"line":290,"column":90}},"58":{"start":{"line":293,"column":6},"end":{"line":303,"column":7}},"59":{"start":{"line":294,"column":19},"end":{"line":294,"column":41}},"60":{"start":{"line":295,"column":8},"end":{"line":297,"column":9}},"61":{"start":{"line":296,"column":10},"end":{"line":296,"column":20}},"62":{"start":{"line":299,"column":8},"end":{"line":301,"column":9}},"63":{"start":{"line":300,"column":10},"end":{"line":300,"column":22}},"64":{"start":{"line":302,"column":8},"end":{"line":302,"column":80}},"65":{"start":{"line":305,"column":6},"end":{"line":305,"column":72}},"66":{"start":{"line":305,"column":37},"end":{"line":305,"column":70}},"67":{"start":{"line":321,"column":4},"end":{"line":332,"column":5}},"68":{"start":{"line":322,"column":23},"end":{"line":324,"column":20}},"69":{"start":{"line":326,"column":6},"end":{"line":326,"column":41}},"70":{"start":{"line":328,"column":6},"end":{"line":330,"column":7}},"71":{"start":{"line":329,"column":8},"end":{"line":329,"column":20}},"72":{"start":{"line":331,"column":6},"end":{"line":331,"column":81}},"73":{"start":{"line":19,"column":0},"end":{"line":19,"column":13}}},"fnMap":{"0":{"name":"(anonymous_0)","decl":{"start":{"line":20,"column":2},"end":{"line":20,"column":22}},"loc":{"start":{"line":20,"column":44},"end":{"line":20,"column":48}}},"1":{"name":"(anonymous_1)","decl":{"start":{"line":39,"column":2},"end":{"line":39,"column":7}},"loc":{"start":{"line":39,"column":42},"end":{"line":94,"column":3}}},"2":{"name":"(anonymous_2)","decl":{"start":{"line":109,"column":2},"end":{"line":109,"column":7}},"loc":{"start":{"line":109,"column":26},"end":{"line":148,"column":3}}},"3":{"name":"(anonymous_3)","decl":{"start":{"line":162,"column":2},"end":{"line":162,"column":7}},"loc":{"start":{"line":162,"column":32},"end":{"line":175,"column":3}}},"4":{"name":"(anonymous_4)","decl":{"start":{"line":194,"column":2},"end":{"line":194,"column":7}},"loc":{"start":{"line":199,"column":3},"end":{"line":236,"column":3}}},"5":{"name":"(anonymous_5)","decl":{"start":{"line":253,"column":2},"end":{"line":253,"column":7}},"loc":{"start":{"line":253,"column":61},"end":{"line":263,"column":3}}},"6":{"name":"(anonymous_6)","decl":{"start":{"line":280,"column":2},"end":{"line":280,"column":7}},"loc":{"start":{"line":284,"column":31},"end":{"line":307,"column":3}}},"7":{"name":"(anonymous_7)","decl":{"start":{"line":305,"column":24},"end":{"line":305,"column":25}},"loc":{"start":{"line":305,"column":37},"end":{"line":305,"column":70}}},"8":{"name":"(anonymous_8)","decl":{"start":{"line":320,"column":2},"end":{"line":320,"column":7}},"loc":{"start":{"line":320,"column":18},"end":{"line":333,"column":3}}}},"branchMap":{"0":{"loc":{"start":{"line":40,"column":4},"end":{"line":42,"column":5}},"type":"if","locations":[{"start":{"line":40,"column":4},"end":{"line":42,"column":5}}]},"1":{"loc":{"start":{"line":40,"column":8},"end":{"line":40,"column":52}},"type":"binary-expr","locations":[{"start":{"line":40,"column":8},"end":{"line":40,"column":20}},{"start":{"line":40,"column":24},"end":{"line":40,"column":34}},{"start":{"line":40,"column":38},"end":{"line":40,"column":52}}]},"2":{"loc":{"start":{"line":51,"column":6},"end":{"line":53,"column":7}},"type":"if","locations":[{"start":{"line":51,"column":6},"end":{"line":53,"column":7}}]},"3":{"loc":{"start":{"line":54,"column":6},"end":{"line":56,"column":7}},"type":"if","locations":[{"start":{"line":54,"column":6},"end":{"line":56,"column":7}}]},"4":{"loc":{"start":{"line":57,"column":6},"end":{"line":59,"column":7}},"type":"if","locations":[{"start":{"line":57,"column":6},"end":{"line":59,"column":7}}]},"5":{"loc":{"start":{"line":60,"column":6},"end":{"line":62,"column":7}},"type":"if","locations":[{"start":{"line":60,"column":6},"end":{"line":62,"column":7}}]},"6":{"loc":{"start":{"line":63,"column":6},"end":{"line":65,"column":7}},"type":"if","locations":[{"start":{"line":63,"column":6},"end":{"line":65,"column":7}}]},"7":{"loc":{"start":{"line":84,"column":17},"end":{"line":84,"column":83}},"type":"binary-expr","locations":[{"start":{"line":84,"column":17},"end":{"line":84,"column":54}},{"start":{"line":84,"column":58},"end":{"line":84,"column":83}}]},"8":{"loc":{"start":{"line":85,"column":13},"end":{"line":85,"column":32}},"type":"binary-expr","locations":[{"start":{"line":85,"column":13},"end":{"line":85,"column":25}},{"start":{"line":85,"column":29},"end":{"line":85,"column":32}}]},"9":{"loc":{"start":{"line":86,"column":17},"end":{"line":86,"column":41}},"type":"binary-expr","locations":[{"start":{"line":86,"column":17},"end":{"line":86,"column":34}},{"start":{"line":86,"column":38},"end":{"line":86,"column":41}}]},"10":{"loc":{"start":{"line":89,"column":6},"end":{"line":91,"column":7}},"type":"if","locations":[{"start":{"line":89,"column":6},"end":{"line":91,"column":7}}]},"11":{"loc":{"start":{"line":110,"column":4},"end":{"line":112,"column":5}},"type":"if","locations":[{"start":{"line":110,"column":4},"end":{"line":112,"column":5}}]},"12":{"loc":{"start":{"line":135,"column":17},"end":{"line":135,"column":83}},"type":"binary-expr","locations":[{"start":{"line":135,"column":17},"end":{"line":135,"column":54}},{"start":{"line":135,"column":58},"end":{"line":135,"column":83}}]},"13":{"loc":{"start":{"line":136,"column":13},"end":{"line":136,"column":32}},"type":"binary-expr","locations":[{"start":{"line":136,"column":13},"end":{"line":136,"column":25}},{"start":{"line":136,"column":29},"end":{"line":136,"column":32}}]},"14":{"loc":{"start":{"line":137,"column":17},"end":{"line":137,"column":41}},"type":"binary-expr","locations":[{"start":{"line":137,"column":17},"end":{"line":137,"column":34}},{"start":{"line":137,"column":38},"end":{"line":137,"column":41}}]},"15":{"loc":{"start":{"line":140,"column":23},"end":{"line":140,"column":50}},"type":"binary-expr","locations":[{"start":{"line":140,"column":23},"end":{"line":140,"column":45}},{"start":{"line":140,"column":49},"end":{"line":140,"column":50}}]},"16":{"loc":{"start":{"line":143,"column":6},"end":{"line":145,"column":7}},"type":"if","locations":[{"start":{"line":143,"column":6},"end":{"line":145,"column":7}}]},"17":{"loc":{"start":{"line":163,"column":4},"end":{"line":165,"column":5}},"type":"if","locations":[{"start":{"line":163,"column":4},"end":{"line":165,"column":5}}]},"18":{"loc":{"start":{"line":170,"column":6},"end":{"line":172,"column":7}},"type":"if","locations":[{"start":{"line":170,"column":6},"end":{"line":172,"column":7}}]},"19":{"loc":{"start":{"line":200,"column":4},"end":{"line":202,"column":5}},"type":"if","locations":[{"start":{"line":200,"column":4},"end":{"line":202,"column":5}}]},"20":{"loc":{"start":{"line":200,"column":8},"end":{"line":200,"column":52}},"type":"binary-expr","locations":[{"start":{"line":200,"column":8},"end":{"line":200,"column":20}},{"start":{"line":200,"column":24},"end":{"line":200,"column":34}},{"start":{"line":200,"column":38},"end":{"line":200,"column":52}}]},"21":{"loc":{"start":{"line":211,"column":6},"end":{"line":213,"column":7}},"type":"if","locations":[{"start":{"line":211,"column":6},"end":{"line":213,"column":7}}]},"22":{"loc":{"start":{"line":231,"column":6},"end":{"line":233,"column":7}},"type":"if","locations":[{"start":{"line":231,"column":6},"end":{"line":233,"column":7}}]},"23":{"loc":{"start":{"line":253,"column":36},"end":{"line":253,"column":61}},"type":"default-arg","locations":[{"start":{"line":253,"column":60},"end":{"line":253,"column":61}}]},"24":{"loc":{"start":{"line":258,"column":6},"end":{"line":260,"column":7}},"type":"if","locations":[{"start":{"line":258,"column":6},"end":{"line":260,"column":7}}]},"25":{"loc":{"start":{"line":282,"column":4},"end":{"line":282,"column":29}},"type":"default-arg","locations":[{"start":{"line":282,"column":28},"end":{"line":282,"column":29}}]},"26":{"loc":{"start":{"line":283,"column":4},"end":{"line":283,"column":28}},"type":"default-arg","locations":[{"start":{"line":283,"column":22},"end":{"line":283,"column":28}}]},"27":{"loc":{"start":{"line":284,"column":4},"end":{"line":284,"column":31}},"type":"default-arg","locations":[{"start":{"line":284,"column":27},"end":{"line":284,"column":31}}]},"28":{"loc":{"start":{"line":289,"column":6},"end":{"line":291,"column":7}},"type":"if","locations":[{"start":{"line":289,"column":6},"end":{"line":291,"column":7}}]},"29":{"loc":{"start":{"line":295,"column":8},"end":{"line":297,"column":9}},"type":"if","locations":[{"start":{"line":295,"column":8},"end":{"line":297,"column":9}}]},"30":{"loc":{"start":{"line":295,"column":13},"end":{"line":295,"column":34}},"type":"binary-expr","locations":[{"start":{"line":295,"column":13},"end":{"line":295,"column":29}},{"start":{"line":295,"column":33},"end":{"line":295,"column":34}}]},"31":{"loc":{"start":{"line":299,"column":8},"end":{"line":301,"column":9}},"type":"if","locations":[{"start":{"line":299,"column":8},"end":{"line":301,"column":9}}]},"32":{"loc":{"start":{"line":326,"column":13},"end":{"line":326,"column":40}},"type":"binary-expr","locations":[{"start":{"line":326,"column":13},"end":{"line":326,"column":34}},{"start":{"line":326,"column":38},"end":{"line":326,"column":40}}]},"33":{"loc":{"start":{"line":328,"column":6},"end":{"line":330,"column":7}},"type":"if","locations":[{"start":{"line":328,"column":6},"end":{"line":330,"column":7}}]}},"s":{"0":3,"1":3,"2":55,"3":11,"4":4,"5":7,"6":7,"7":7,"8":1,"9":7,"10":1,"11":7,"12":1,"13":7,"14":2,"15":7,"16":1,"17":7,"18":4,"19":3,"20":1,"21":2,"22":14,"23":2,"24":12,"25":12,"26":10,"27":2,"28":0,"29":2,"30":10,"31":2,"32":8,"33":8,"34":4,"35":0,"36":4,"37":7,"38":3,"39":4,"40":4,"41":4,"42":1,"43":4,"44":2,"45":2,"46":0,"47":2,"48":5,"49":5,"50":3,"51":2,"52":2,"53":0,"54":4,"55":4,"56":10,"57":2,"58":8,"59":8,"60":8,"61":2,"62":0,"63":0,"64":0,"65":6,"66":6,"67":4,"68":4,"69":2,"70":2,"71":0,"72":2,"73":3},"f":{"0":55,"1":11,"2":14,"3":10,"4":7,"5":5,"6":4,"7":6,"8":4},"b":{"0":[4],"1":[11,9,8],"2":[1],"3":[1],"4":[1],"5":[2],"6":[1],"7":[4,3],"8":[4,3],"9":[4,3],"10":[1],"11":[2],"12":[10,8],"13":[10,9],"14":[10,9],"15":[10,7],"16":[0],"17":[2],"18":[0],"19":[3],"20":[7,6,5],"21":[1],"22":[0],"23":[1],"24":[2],"25":[0],"26":[1],"27":[1],"28":[2],"29":[2],"30":[8,6],"31":[0],"32":[2,1],"33":[0]}}
,"/home/hudson/blockchain-projects/xai/src/xai/sdk/typescript/src/clients/wallet-client.ts": {"path":"/home/hudson/blockchain-projects/xai/src/xai/sdk/typescript/src/clients/wallet-client.ts","statementMap":{"0":{"start":{"line":20,"column":0},"end":{"line":20,"column":57}},"1":{"start":{"line":26,"column":22},"end":{"line":26,"column":44}},"2":{"start":{"line":44,"column":4},"end":{"line":74,"column":5}},"3":{"start":{"line":45,"column":47},"end":{"line":45,"column":49}},"4":{"start":{"line":47,"column":6},"end":{"line":49,"column":7}},"5":{"start":{"line":48,"column":8},"end":{"line":48,"column":48}},"6":{"start":{"line":50,"column":6},"end":{"line":52,"column":7}},"7":{"start":{"line":51,"column":8},"end":{"line":51,"column":35}},"8":{"start":{"line":54,"column":23},"end":{"line":60,"column":35}},"9":{"start":{"line":62,"column":6},"end":{"line":68,"column":8}},"10":{"start":{"line":70,"column":6},"end":{"line":72,"column":7}},"11":{"start":{"line":71,"column":8},"end":{"line":71,"column":20}},"12":{"start":{"line":73,"column":6},"end":{"line":73,"column":65}},"13":{"start":{"line":90,"column":4},"end":{"line":92,"column":5}},"14":{"start":{"line":91,"column":6},"end":{"line":91,"column":55}},"15":{"start":{"line":94,"column":4},"end":{"line":115,"column":5}},"16":{"start":{"line":95,"column":23},"end":{"line":101,"column":30}},"17":{"start":{"line":103,"column":6},"end":{"line":109,"column":8}},"18":{"start":{"line":111,"column":6},"end":{"line":113,"column":7}},"19":{"start":{"line":112,"column":8},"end":{"line":112,"column":20}},"20":{"start":{"line":114,"column":6},"end":{"line":114,"column":62}},"21":{"start":{"line":132,"column":4},"end":{"line":134,"column":5}},"22":{"start":{"line":133,"column":6},"end":{"line":133,"column":55}},"23":{"start":{"line":136,"column":4},"end":{"line":157,"column":5}},"24":{"start":{"line":137,"column":23},"end":{"line":143,"column":38}},"25":{"start":{"line":145,"column":6},"end":{"line":151,"column":8}},"26":{"start":{"line":153,"column":6},"end":{"line":155,"column":7}},"27":{"start":{"line":154,"column":8},"end":{"line":154,"column":20}},"28":{"start":{"line":156,"column":6},"end":{"line":156,"column":63}},"29":{"start":{"line":178,"column":4},"end":{"line":180,"column":5}},"30":{"start":{"line":179,"column":6},"end":{"line":179,"column":55}},"31":{"start":{"line":182,"column":18},"end":{"line":182,"column":51}},"32":{"start":{"line":183,"column":19},"end":{"line":183,"column":37}},"33":{"start":{"line":185,"column":4},"end":{"line":207,"column":5}},"34":{"start":{"line":186,"column":23},"end":{"line":194,"column":8}},"35":{"start":{"line":196,"column":6},"end":{"line":201,"column":8}},"36":{"start":{"line":203,"column":6},"end":{"line":205,"column":7}},"37":{"start":{"line":204,"column":8},"end":{"line":204,"column":20}},"38":{"start":{"line":206,"column":6},"end":{"line":206,"column":68}},"39":{"start":{"line":226,"column":4},"end":{"line":228,"column":5}},"40":{"start":{"line":227,"column":6},"end":{"line":227,"column":65}},"41":{"start":{"line":230,"column":4},"end":{"line":246,"column":5}},"42":{"start":{"line":231,"column":47},"end":{"line":234,"column":8}},"43":{"start":{"line":236,"column":6},"end":{"line":238,"column":7}},"44":{"start":{"line":237,"column":8},"end":{"line":237,"column":43}},"45":{"start":{"line":240,"column":6},"end":{"line":240,"column":76}},"46":{"start":{"line":242,"column":6},"end":{"line":244,"column":7}},"47":{"start":{"line":243,"column":8},"end":{"line":243,"column":20}},"48":{"start":{"line":245,"column":6},"end":{"line":245,"column":74}},"49":{"start":{"line":264,"column":4},"end":{"line":266,"column":5}},"50":{"start":{"line":265,"column":6},"end":{"line":265,"column":70}},"51":{"start":{"line":268,"column":4},"end":{"line":280,"column":5}},"52":{"start":{"line":269,"column":22},"end":{"line":272,"column":8}},"53":{"start":{"line":274,"column":6},"end":{"line":274,"column":75}},"54":{"start":{"line":276,"column":6},"end":{"line":278,"column":7}},"55":{"start":{"line":277,"column":8},"end":{"line":277,"column":20}},"56":{"start":{"line":279,"column":6},"end":{"line":279,"column":76}},"57":{"start":{"line":25,"column":0},"end":{"line":25,"column":13}}},"fnMap":{"0":{"name":"(anonymous_0)","decl":{"start":{"line":26,"column":2},"end":{"line":26,"column":22}},"loc":{"start":{"line":26,"column":44},"end":{"line":26,"column":48}}},"1":{"name":"(anonymous_1)","decl":{"start":{"line":43,"column":2},"end":{"line":43,"column":7}},"loc":{"start":{"line":43,"column":46},"end":{"line":75,"column":3}}},"2":{"name":"(anonymous_2)","decl":{"start":{"line":89,"column":2},"end":{"line":89,"column":7}},"loc":{"start":{"line":89,"column":27},"end":{"line":116,"column":3}}},"3":{"name":"(anonymous_3)","decl":{"start":{"line":131,"column":2},"end":{"line":131,"column":7}},"loc":{"start":{"line":131,"column":34},"end":{"line":158,"column":3}}},"4":{"name":"(anonymous_4)","decl":{"start":{"line":177,"column":2},"end":{"line":177,"column":7}},"loc":{"start":{"line":177,"column":56},"end":{"line":208,"column":3}}},"5":{"name":"(anonymous_5)","decl":{"start":{"line":225,"column":2},"end":{"line":225,"column":7}},"loc":{"start":{"line":225,"column":57},"end":{"line":247,"column":3}}},"6":{"name":"(anonymous_6)","decl":{"start":{"line":263,"column":2},"end":{"line":263,"column":7}},"loc":{"start":{"line":263,"column":55},"end":{"line":281,"column":3}}}},"branchMap":{"0":{"loc":{"start":{"line":43,"column":15},"end":{"line":43,"column":46}},"type":"default-arg","locations":[{"start":{"line":43,"column":44},"end":{"line":43,"column":46}}]},"1":{"loc":{"start":{"line":47,"column":6},"end":{"line":49,"column":7}},"type":"if","locations":[{"start":{"line":47,"column":6},"end":{"line":49,"column":7}}]},"2":{"loc":{"start":{"line":50,"column":6},"end":{"line":52,"column":7}},"type":"if","locations":[{"start":{"line":50,"column":6},"end":{"line":52,"column":7}}]},"3":{"loc":{"start":{"line":70,"column":6},"end":{"line":72,"column":7}},"type":"if","locations":[{"start":{"line":70,"column":6},"end":{"line":72,"column":7}}]},"4":{"loc":{"start":{"line":90,"column":4},"end":{"line":92,"column":5}},"type":"if","locations":[{"start":{"line":90,"column":4},"end":{"line":92,"column":5}}]},"5":{"loc":{"start":{"line":108,"column":15},"end":{"line":108,"column":34}},"type":"binary-expr","locations":[{"start":{"line":108,"column":15},"end":{"line":108,"column":29}},{"start":{"line":108,"column":33},"end":{"line":108,"column":34}}]},"6":{"loc":{"start":{"line":111,"column":6},"end":{"line":113,"column":7}},"type":"if","locations":[{"start":{"line":111,"column":6},"end":{"line":113,"column":7}}]},"7":{"loc":{"start":{"line":132,"column":4},"end":{"line":134,"column":5}},"type":"if","locations":[{"start":{"line":132,"column":4},"end":{"line":134,"column":5}}]},"8":{"loc":{"start":{"line":148,"column":23},"end":{"line":148,"column":53}},"type":"binary-expr","locations":[{"start":{"line":148,"column":23},"end":{"line":148,"column":46}},{"start":{"line":148,"column":50},"end":{"line":148,"column":53}}]},"9":{"loc":{"start":{"line":149,"column":26},"end":{"line":149,"column":72}},"type":"binary-expr","locations":[{"start":{"line":149,"column":26},"end":{"line":149,"column":52}},{"start":{"line":149,"column":56},"end":{"line":149,"column":72}}]},"10":{"loc":{"start":{"line":150,"column":15},"end":{"line":150,"column":34}},"type":"binary-expr","locations":[{"start":{"line":150,"column":15},"end":{"line":150,"column":29}},{"start":{"line":150,"column":33},"end":{"line":150,"column":34}}]},"11":{"loc":{"start":{"line":153,"column":6},"end":{"line":155,"column":7}},"type":"if","locations":[{"start":{"line":153,"column":6},"end":{"line":155,"column":7}}]},"12":{"loc":{"start":{"line":178,"column":4},"end":{"line":180,"column":5}},"type":"if","locations":[{"start":{"line":178,"column":4},"end":{"line":180,"column":5}}]},"13":{"loc":{"start":{"line":182,"column":27},"end":{"line":182,"column":45}},"type":"binary-expr","locations":[{"start":{"line":182,"column":27},"end":{"line":182,"column":39}},{"start":{"line":182,"column":43},"end":{"line":182,"column":45}}]},"14":{"loc":{"start":{"line":183,"column":19},"end":{"line":183,"column":37}},"type":"binary-expr","locations":[{"start":{"line":183,"column":19},"end":{"line":183,"column":32}},{"start":{"line":183,"column":36},"end":{"line":183,"column":37}}]},"15":{"loc":{"start":{"line":197,"column":14},"end":{"line":197,"column":41}},"type":"binary-expr","locations":[{"start":{"line":197,"column":14},"end":{"line":197,"column":35}},{"start":{"line":197,"column":39},"end":{"line":197,"column":41}}]},"16":{"loc":{"start":{"line":198,"column":15},"end":{"line":198,"column":34}},"type":"binary-expr","locations":[{"start":{"line":198,"column":15},"end":{"line":198,"column":29}},{"start":{"line":198,"column":33},"end":{"line":198,"column":34}}]},"17":{"loc":{"start":{"line":199,"column":15},"end":{"line":199,"column":38}},"type":"binary-expr","locations":[{"start":{"line":199,"column":15},"end":{"line":199,"column":29}},{"start":{"line":199,"column":33},"end":{"line":199,"column":38}}]},"18":{"loc":{"start":{"line":200,"column":16},"end":{"line":200,"column":41}},"type":"binary-expr","locations":[{"start":{"line":200,"column":16},"end":{"line":200,"column":31}},{"start":{"line":200,"column":35},"end":{"line":200,"column":41}}]},"19":{"loc":{"start":{"line":203,"column":6},"end":{"line":205,"column":7}},"type":"if","locations":[{"start":{"line":203,"column":6},"end":{"line":205,"column":7}}]},"20":{"loc":{"start":{"line":226,"column":4},"end":{"line":228,"column":5}},"type":"if","locations":[{"start":{"line":226,"column":4},"end":{"line":228,"column":5}}]},"21":{"loc":{"start":{"line":226,"column":8},"end":{"line":226,"column":39}},"type":"binary-expr","locations":[{"start":{"line":226,"column":8},"end":{"line":226,"column":21}},{"start":{"line":226,"column":25},"end":{"line":226,"column":39}}]},"22":{"loc":{"start":{"line":236,"column":6},"end":{"line":238,"column":7}},"type":"if","locations":[{"start":{"line":236,"column":6},"end":{"line":238,"column":7}}]},"23":{"loc":{"start":{"line":242,"column":6},"end":{"line":244,"column":7}},"type":"if","locations":[{"st
[...]
art":{"line":95,"column":10},"end":{"line":95,"column":26}},"loc":{"start":{"line":95,"column":26},"end":{"line":108,"column":3}}},"3":{"name":"(anonymous_4)","decl":{"start":{"line":113,"column":10},"end":{"line":113,"column":28}},"loc":{"start":{"line":113,"column":67},"end":{"line":136,"column":3}}},"4":{"name":"(anonymous_5)","decl":{"start":{"line":116,"column":18},"end":{"line":116,"column":19}},"loc":{"start":{"line":116,"column":33},"end":{"line":118,"column":7}}},"5":{"name":"(anonymous_6)","decl":{"start":{"line":119,"column":22},"end":{"line":119,"column":23}},"loc":{"start":{"line":119,"column":44},"end":{"line":129,"column":7}}},"6":{"name":"(anonymous_7)","decl":{"start":{"line":130,"column":15},"end":{"line":130,"column":16}},"loc":{"start":{"line":130,"column":53},"end":{"line":134,"column":7}}},"7":{"name":"(anonymous_8)","decl":{"start":{"line":141,"column":10},"end":{"line":141,"column":27}},"loc":{"start":{"line":141,"column":27},"end":{"line":163,"column":3}}},"8":{"name":"(anonymous_9)","decl":{"start":{"line":144,"column":6},"end":{"line":144,"column":7}},"loc":{"start":{"line":144,"column":17},"end":{"line":150,"column":7}}},"9":{"name":"(anonymous_10)","decl":{"start":{"line":151,"column":6},"end":{"line":151,"column":7}},"loc":{"start":{"line":151,"column":16},"end":{"line":153,"column":7}}},"10":{"name":"(anonymous_11)","decl":{"start":{"line":158,"column":6},"end":{"line":158,"column":7}},"loc":{"start":{"line":158,"column":20},"end":{"line":158,"column":28}}},"11":{"name":"(anonymous_12)","decl":{"start":{"line":159,"column":6},"end":{"line":159,"column":7}},"loc":{"start":{"line":159,"column":28},"end":{"line":161,"column":7}}},"12":{"name":"(anonymous_13)","decl":{"start":{"line":168,"column":10},"end":{"line":168,"column":21}},"loc":{"start":{"line":168,"column":39},"end":{"line":209,"column":3}}},"13":{"name":"(anonymous_14)","decl":{"start":{"line":214,"column":2},"end":{"line":214,"column":7}},"loc":{"start":{"line":217,"column":31},"end":{"line":224,"column":3}}},"14":{"name":"(anonymous_15)","decl":{"start":{"line":229,"column":2},"end":{"line":229,"column":7}},"loc":{"start":{"line":232,"column":31},"end":{"line":236,"column":3}}},"15":{"name":"(anonymous_16)","decl":{"start":{"line":241,"column":2},"end":{"line":241,"column":7}},"loc":{"start":{"line":244,"column":31},"end":{"line":248,"column":3}}},"16":{"name":"(anonymous_17)","decl":{"start":{"line":253,"column":2},"end":{"line":253,"column":7}},"loc":{"start":{"line":256,"column":31},"end":{"line":263,"column":3}}},"17":{"name":"(anonymous_18)","decl":{"start":{"line":268,"column":2},"end":{"line":268,"column":7}},"loc":{"start":{"line":268,"column":7},"end":{"line":272,"column":3}}}},"branchMap":{"0":{"loc":{"start":{"line":52,"column":19},"end":{"line":52,"column":42}},"type":"binary-expr","locations":[{"start":{"line":52,"column":19},"end":{"line":52,"column":33}},{"start":{"line":52,"column":37},"end":{"line":52,"column":42}}]},"1":{"loc":{"start":{"line":68,"column":28},"end":{"line":68,"column":50}},"type":"binary-expr","locations":[{"start":{"line":68,"column":28},"end":{"line":68,"column":45}},{"start":{"line":68,"column":49},"end":{"line":68,"column":50}}]},"2":{"loc":{"start":{"line":68,"column":52},"end":{"line":68,"column":76}},"type":"binary-expr","locations":[{"start":{"line":68,"column":52},"end":{"line":68,"column":69}},{"start":{"line":68,"column":73},"end":{"line":68,"column":76}}]},"3":{"loc":{"start":{"line":121,"column":8},"end":{"line":123,"column":9}},"type":"if","locations":[{"start":{"line":121,"column":8},"end":{"line":123,"column":9}}]},"4":{"loc":{"start":{"line":124,"column":8},"end":{"line":126,"column":9}},"type":"if","locations":[{"start":{"line":124,"column":8},"end":{"line":126,"column":9}}]},"5":{"loc":{"start":{"line":128,"column":15},"end":{"line":128,"column":101}},"type":"binary-expr","locations":[{"start":{"line":128,"column":15},"end":{"line":128,"column":29}},{"start":{"line":128,"column":33},"end":{"line":128,"column":47}},{"start":{"line":128,"column":51},"end":{"line":128,"column":65}},{"start":{"line":128,"column":69},"end":{"line":128,"column":83}},{"start":{"line":128,"column":87},"end":{"line":128,"column":101}}]},"6":{"loc":{"start":{"line":146,"column":8},"end":{"line":148,"column":9}},"type":"if","locations":[{"start":{"line":146,"column":8},"end":{"line":148,"column":9}}]},"7":{"loc":{"start":{"line":170,"column":4},"end":{"line":175,"column":5}},"type":"if","locations":[{"start":{"line":170,"column":4},"end":{"line":175,"column":5}}]},"8":{"loc":{"start":{"line":171,"column":6},"end":{"line":173,"column":7}},"type":"if","locations":[{"start":{"line":171,"column":6},"end":{"line":173,"column":7}}]},"9":{"loc":{"start":{"line":171,"column":10},"end":{"line":171,"column":76}},"type":"binary-expr","locations":[{"start":{"line":171,"column":10},"end":{"line":171,"column":39}},{"start":{"line":171,"column":43},"end":{"line":171,"column":76}}]},"10":{"loc":{"start":{"line":179,"column":25},"end":{"line":179,"column":72}},"type":"binary-expr","locations":[{"start":{"line":179,"column":25},"end":{"line":179,"column":38}},{"start":{"line":179,"column":42},"end":{"line":179,"column":53}},{"start":{"line":179,"column":57},"end":{"line":179,"column":72}}]},"11":{"loc":{"start":{"line":180,"column":22},"end":{"line":180,"column":51}},"type":"binary-expr","locations":[{"start":{"line":180,"column":22},"end":{"line":180,"column":32}},{"start":{"line":180,"column":36},"end":{"line":180,"column":51}}]},"12":{"loc":{"start":{"line":183,"column":4},"end":{"line":208,"column":5}},"type":"switch","locations":[{"start":{"line":184,"column":6},"end":{"line":185,"column":60}},{"start":{"line":186,"column":6},"end":{"line":187,"column":64}},{"start":{"line":188,"column":6},"end":{"line":189,"column":63}},{"start":{"line":190,"column":6},"end":{"line":191,"column":58}},{"start":{"line":192,"column":6},"end":{"line":193,"column":58}},{"start":{"line":194,"column":6},"end":{"line":201,"column":7}},{"start":{"line":202,"column":6},"end":{"line":203,"column":64}},{"start":{"line":204,"column":6},"end":{"line":205,"column":68}},{"start":{"line":206,"column":6},"end":{"line":207,"column":53}}]},"13":{"loc":{"start":{"line":198,"column":10},"end":{"line":198,"column":59}},"type":"cond-expr","locations":[{"start":{"line":198,"column":23},"end":{"line":198,"column":47}},{"start":{"line":198,"column":50},"end":{"line":198,"column":59}}]}},"s":{"0":9,"1":9,"2":9,"3":29,"4":29,"5":29,"6":29,"7":29,"8":29,"9":29,"10":29,"11":0,"12":29,"13":29,"14":29,"15":0,"16":29,"17":0,"18":0,"19":0,"20":0,"21":0,"22":0,"23":0,"24":0,"25":29,"26":0,"27":0,"28":0,"29":0,"30":29,"31":0,"32":0,"33":0,"34":0,"35":0,"36":0,"37":0,"38":0,"39":0,"40":0,"41":0,"42":0,"43":0,"44":0,"45":0,"46":0,"47":0,"48":0,"49":0,"50":0,"51":0,"52":4,"53":3,"54":4,"55":3,"56":3,"57":2,"58":4,"59":3,"60":1,"61":1,"62":9},"f":{"0":29,"1":29,"2":29,"3":29,"4":0,"5":0,"6":0,"7":29,"8":0,"9":0,"10":0,"11":0,"12":0,"13":4,"14":4,"15":3,"16":4,"17":1},"b":{"0":[29,28],"1":[29,28],"2":[29,28],"3":[0],"4":[0],"5":[0,0,0,0,0],"6":[0],"7":[0],"8":[0],"9":[0,0],"10":[0,0,0],"11":[0,0],"12":[0,0,0,0,0,0,0,0,0],"13":[0,0]}}
,"/home/hudson/blockchain-projects/xai/src/xai/sdk/typescript/src/utils/websocket-client.ts": {"path":"/home/hudson/blockchain-projects/xai/src/xai/sdk/typescript/src/utils/websocket-client.ts","statementMap":{"0":{"start":{"line":7,"column":0},"end":{"line":7,"column":27}},"1":{"start":{"line":8,"column":0},"end":{"line":8,"column":38}},"2":{"start":{"line":9,"column":0},"end":{"line":9,"column":43}},"3":{"start":{"line":43,"column":4},"end":{"line":43,"column":12}},"4":{"start":{"line":37,"column":10},"end":{"line":37,"column":40}},"5":{"start":{"line":40,"column":10},"end":{"line":40,"column":49}},"6":{"start":{"line":44,"column":4},"end":{"line":44,"column":26}},"7":{"start":{"line":45,"column":4},"end":{"line":45,"column":32}},"8":{"start":{"line":46,"column":4},"end":{"line":46,"column":62}},"9":{"start":{"line":47,"column":4},"end":{"line":47,"column":66}},"10":{"start":{"line":54,"column":4},"end":{"line":56,"column":5}},"11":{"start":{"line":55,"column":6},"end":{"line":55,"column":13}},"12":{"start":{"line":58,"column":4},"end":{"line":58,"column":39}},"13":{"start":{"line":60,"column":4},"end":{"line":74,"column":5}},"14":{"start":{"line":61,"column":46},"end":{"line":63,"column":8}},"15":{"start":{"line":65,"column":6},"end":{"line":67,"column":7}},"16":{"start":{"line":66,"column":8},"end":{"line":66,"column":43}},"17":{"start":{"line":69,"column":6},"end":{"line":69,"column":53}},"18":{"start":{"line":70,"column":6},"end":{"line":70,"column":32}},"19":{"start":{"line":72,"column":6},"end":{"line":72,"column":76}},"20":{"start":{"line":73,"column":6},"end":{"line":73,"column":31}},"21":{"start":{"line":81,"column":4},"end":{"line":81,"column":25}},"22":{"start":{"line":81,"column":18},"end":{"line":81,"column":25}},"23":{"start":{"line":83,"column":4},"end":{"line":87,"column":7}},"24":{"start":{"line":84,"column":6},"end":{"line":84,"column":33}},"25":{"start":{"line":85,"column":6},"end":{"line":85,"column":29}},"26":{"start":{"line":86,"column":6},"end":{"line":86,"column":28}},"27":{"start":{"line":89,"column":4},"end":{"line":97,"column":7}},"28":{"start":{"line":90,"column":6},"end":{"line":96,"column":7}},"29":{"start":{"line":91,"column":24},"end":{"line":91,"column":71}},"30":{"start":{"line":92,"column":8},"end":{"line":92,"column":38}},"31":{"start":{"line":93,"column":8},"end":{"line":93,"column":46}},"32":{"start":{"line":95,"column":8},"end":{"line":95,"column":84}},"33":{"start":{"line":99,"column":4},"end":{"line":106,"column":7}},"34":{"start":{"line":100,"column":6},"end":{"line":100,"column":27}},"35":{"start":{"line":101,"column":6},"end":{"line":101,"column":69}},"36":{"start":{"line":103,"column":6},"end":{"line":105,"column":7}},"37":{"start":{"line":104,"column":8},"end":{"line":104,"column":33}},"38":{"start":{"line":108,"column":4},"end":{"line":110,"column":7}},"39":{"start":{"line":109,"column":6},"end":{"line":109,"column":82}},"40":{"start":{"line":112,"column":4},"end":{"line":114,"column":7}},"41":{"start":{"line":121,"column":4},"end":{"line":125,"column":14}},"42":{"start":{"line":122,"column":6},"end":{"line":124,"column":7}},"43":{"start":{"line":123,"column":8},"end":{"line":123,"column":23}},"44":{"start":{"line":132,"column":4},"end":{"line":135,"column":5}},"45":{"start":{"line":133,"column":6},"end":{"line":133,"column":44}},"46":{"start":{"line":134,"column":6},"end":{"line":134,"column":41}},"47":{"start":{"line":142,"column":4},"end":{"line":150,"column":5}},"48":{"start":{"line":143,"column":6},"end":{"line":148,"column":8}},"49":{"start":{"line":149,"column":6},"end":{"line":149,"column":13}},"50":{"start":{"line":152,"column":4},"end":{"line":154,"column":5}},"51":{"start":{"line":153,"column":6},"end":{"line":153,"column":42}},"52":{"start":{"line":156,"column":18},"end":{"line":156,"column":78}},"53":{"start":{"line":157,"column":4},"end":{"line":157,"column":29}},"54":{"start":{"line":159,"column":4},"end":{"line":163,"column":7}},"55":{"start":{"line":165,"column":4},"end":{"line":167,"column":14}},"56":{"start":{"line":166,"column":6},"end":{"line":166,"column":21}},"57":{"start":{"line":174,"column":4},"end":{"line":177,"column":7}},"58":{"start":{"line":184,"column":4},"end":{"line":187,"column":7}},"59":{"start":{"line":194,"column":4},"end":{"line":196,"column":5}},"60":{"start":{"line":195,"column":6},"end":{"line":195,"column":61}},"61":{"start":{"line":198,"column":4},"end":{"line":202,"column":5}},"62":{"start":{"line":199,"column":6},"end":{"line":199,"column":41}},"63":{"start":{"line":201,"column":6},"end":{"line":201,"column":67}},"64":{"start":{"line":209,"column":4},"end":{"line":209,"column":38}},"65":{"start":{"line":211,"column":4},"end":{"line":214,"column":5}},"66":{"start":{"line":212,"column":6},"end":{"line":212,"column":42}},"67":{"start":{"line":213,"column":6},"end":{"line":213,"column":40}},"68":{"start":{"line":216,"column":4},"end":{"line":216,"column":25}},"69":{"start":{"line":218,"column":4},"end":{"line":221,"column":5}},"70":{"start":{"line":219,"column":6},"end":{"line":219,"column":22}},"71":{"start":{"line":220,"column":6},"end":{"line":220,"column":26}},"72":{"start":{"line":228,"column":4},"end":{"line":228,"column":74}},"73":{"start":{"line":235,"column":4},"end":{"line":235,"column":31}},"74":{"start":{"line":31,"column":0},"end":{"line":31,"column":13}}},"fnMap":{"0":{"name":"(anonymous_1)","decl":{"start":{"line":42,"column":2},"end":{"line":42,"column":14}},"loc":{"start":{"line":42,"column":43},"end":{"line":48,"column":3}}},"1":{"name":"(anonymous_2)","decl":{"start":{"line":53,"column":2},"end":{"line":53,"column":9}},"loc":{"start":{"line":53,"column":9},"end":{"line":75,"column":3}}},"2":{"name":"(anonymous_3)","decl":{"start":{"line":80,"column":10},"end":{"line":80,"column":28}},"loc":{"start":{"line":80,"column":28},"end":{"line":115,"column":3}}},"3":{"name":"(anonymous_4)","decl":{"start":{"line":83,"column":23},"end":{"line":83,"column":26}},"loc":{"start":{"line":83,"column":28},"end":{"line":87,"column":5}}},"4":{"name":"(anonymous_5)","decl":{"start":{"line":89,"column":26},"end":{"line":89,"column":27}},"loc":{"start":{"line":89,"column":51},"end":{"line":97,"column":5}}},"5":{"name":"(anonymous_6)","decl":{"start":{"line":99,"column":24},"end":{"line":99,"column":25}},"loc":{"start":{"line":99,"column":57},"end":{"line":106,"column":5}}},"6":{"name":"(anonymous_7)","decl":{"start":{"line":108,"column":24},"end":{"line":108,"column":25}},"loc":{"start":{"line":108,"column":41},"end":{"line":110,"column":5}}},"7":{"name":"(anonymous_8)","decl":{"start":{"line":112,"column":23},"end":{"line":112,"column":26}},"loc":{"start":{"line":112,"column":28},"end":{"line":114,"column":5}}},"8":{"name":"(anonymous_9)","decl":{"start":{"line":120,"column":10},"end":{"line":120,"column":24}},"loc":{"start":{"line":120,"column":24},"end":{"line":126,"column":3}}},"9":{"name":"(anonymous_10)","decl":{"start":{"line":121,"column":41},"end":{"line":121,"column":44}},"loc":{"start":{"line":121,"column":46},"end":{"line":125,"column":5}}},"10":{"name":"(anonymous_11)","decl":{"start":{"line":131,"column":10},"end":{"line":131,"column":23}},"loc":{"start":{"line":131,"column":23},"end":{"line":136,"column":3}}},"11":{"name":"(anonymous_12)","decl":{"start":{"line":141,"column":10},"end":{"line":141,"column":27}},"loc":{"start":{"line":141,"column":27},"end":{"line":168,"column":3}}},"12":{"name":"(anonymous_13)","decl":{"start":{"line":165,"column":39},"end":{"line":165,"column":42}},"loc":{"start":{"line":165,"column":44},"end":{"line":167,"column":5}}},"13":{"name":"(anonymous_14)","decl":{"start":{"line":173,"column":2},"end":{"line":173,"column":11}},"loc":{"start":{"line":173,"column":41},"end":{"line":178,"column":3}}},"14":{"name":"(anonymous_15)","decl":{"start":{"line":183,"column":2},"end":{"line":183,"column":13}},"loc":{"start":{"line":183,"column":43},"end":{"line":188,"column":3}}},"15":{"name":"(anonymous_16)","decl":{"start":{"line":193,"column":2},"end":{"line":193,"column":6}},"loc":{"start":{"line":193,"column":20},"end":{"line":203,"column":3}}},"16":{"name":"(anonymous_17)","decl":{"start":{"line":208,"column":2},"end":{"line":208,"column":12}},"loc":{"start":{"line":208,"column":12},"end":{"line":222,"column":3}}},"17":{"name":"(anonymous_18)","decl":{"start":{"line":227,"column":2},"end":{"line":227,"column":13}},"loc":{"start":{"line":227,"column":13},"end":{"line":229,"column":3}}},"18":{"name":"(anonymous_19)","decl":{"start":{"line":234,"column":2},"end":{"line":234,"column":15}},"loc":{"start":{"line":234,"column":15},"end":{"line":236,"column":3}}}},"branchMap":{"0":{"loc":{"start":{"line":46,"column":29},"end":{"line":46,"column":61}},"type":"binary-expr","locations":[{"start":{"line":46,"column":29},"end":{"line":46,"column":53}},{"start":{"line":46,"column":57},"end":{"line":46,"column":61}}]},"1":{"loc":{"start":{"line":47,"column":32},"end":{"line":47,"column":65}},"type":"binary-expr","locations":[{"start":{"line":47,"column":32},"end":{"line":47,"column":59}},{"start":{"line":47,"column":63},"end":{"line":47,"column":65}}]},"2":{"loc":{"start":{"line":54,"column":4},"end":{"line":56,"column":5}},"type":"if","locations":[{"start":{"line":54,"column":4},"end":{"line":56,"column":5}}]},"3":{"loc":{"start":{"line":54,"column":8},"end":{"line":54,"column":56}},"type":"binary-expr","locations":[{"start":{"line":54,"column":8},"end":{"line":54,"column":15}},{"start":{"line":54,"column":19},"end":{"line":54,"column":56}}]},"4":{"loc":{"start":{"line":65,"column":6},"end":{"line":67,"column":7}},"type":"if","locations":[{"start":{"line":65,"column":6},"end":{"line":67,"column":7}}]},"5":{"loc":{"start":{"line":81,"column":4},"end":{"line":81,"column":25}},"type":"if","locations":[{"start":{"line":81,"column":4},"end":{"line":81,"column":25}}]},"6":{"loc":{"start":{"line":103,"column":6},"end":{"line":105,"column":7}},"type":"if","locations":[{"start":{"line":103,"column":6},"end":{"line":105,"column":7}}]},"7":{"loc":{"start":{"line":122,"column":6},"end":{"line":124,"column":7}},"type":"if","locations":[{"start":{"line":122,"column":6},"end":{"line":124,"column":7}}]},"8":{"loc":{"start":{"line":122,"column":10},"end":{"line":122,"column":58}},"type":"binary-expr","locations":[{"start":{"line":122,"column":10},"end":{"line":122,"column":17}},{"start":{"line":122,"column":21},"end":{"line":122,"column":58}}]},"9":{"loc":{"start":{"line":132,"column":4},"end":{"line":135,"column":5}},"type":"if","locations":[{"start":{"line":132,"column":4},"end":{"line":135,"column":5}}]},"10":{"loc":{"start":{"line":142,"column":4},"end":{"line":150,"column":5}},"type":"if","locations":[{"start":{"line":142,"column":4},"end":{"line":150,"column":5}}]},"11":{"loc":{"start":{"line":152,"column":4},"end":{"line":154,"column":5}},"type":"if","locations":[{"start":{"line":152,"column":4},"end":{"line":154,"column":5}}]},"12":{"loc":{"start":{"line":194,"column":4},"end":{"line":196,"column":5}},"type":"if","locations":[{"start":{"line":194,"column":4},"end":{"line":196,"column":5}}]},"13":{"loc":{"start":{"line":194,"column":8},"end":{"line":194,"column":57}},"type":"binary-expr","locations":[{"start":{"line":194,"column":8},"end":{"line":194,"column":16}},{"start":{"line":194,"column":20},"end":{"line":194,"column":57}}]},"14":{"loc":{"start":{"line":211,"column":4},"end":{"line":214,"column":5}},"type":"if","locations":[{"start":{"line":211,"column":4},"end":{"line":214,"column":5}}]},"15":{"loc":{"start":{"line":218,"column":4},"end":{"line":221,"column":5}},"type":"if","locations":[{"start":{"line":218,"column":4},"end":{"line":221,"column":5}}]},"16":{"loc":{"start":{"line":228,"column":11},"end":{"line":228,"column":73}},"type":"binary-expr","locations":[{"start":{"line":228,"column":11},"end":{"line":228,"column":32}},{"start":{"line":228,"column":36},"end":{"line":228,"column":73}}]}},"s":{"0":3,"1":3,"2":3,"3":34,"4":34,"5":34,"6":34,"7":34,"8":34,"9":34,"10":33,"11":5,"12":28,"13":28,"14":28,"15":28,"16":1,"17":28,"18":28,"19":0,"20":0,"21":28,"22":0,"23":28,"24":3,"25":3,"26":3,"27":28,"28":3,"29":3,"30":2,"31":2,"32":1,"33":28,"34":10,"35":10,"36":10,"37":9,"38":28,"39":1,"40":28,"41":3,"42":1,"43":1,"44":47,"45":3,"46":3,"47":9,"48":1,"49":1,"50":8,"51":3,"52":8,"53":8,"54":8,"55":8,"56":4,"57":3,"58":1,"59":9,"60":4,"61":5,"62":5,"63":2,"64":37,"65":37,"66":5,"67":5,"68":37,"69":37,"70":27,"71":27,"72":3,"73":2,"74":3},"f":{"0":34,"1":33,"2":28,"3":3,"4":3,"5":10,"6":1,"7":0,"8":3,"9":1,"10":47,"11":9,"12":4,"13":3,"14":1,"15":9,"16":37,"17":3,"18":2},"b":{"0":[34,29],"1":[34,29],"2":[5],"3":[33,5],"4":[1],"5":[0],"6":[9],"7":[1],"8":[1,1],"9":[3],"10":[1],"11":[3],"12":[4],"13":[9,9],"14":[5],"15":[27],"16":[3,2]}}
}
