TN:
SF:src/client.ts
FN:64,(anonymous_0)
FN:101,(anonymous_1)
FN:122,(anonymous_2)
FN:142,(anonymous_3)
FN:155,(anonymous_4)
FN:175,(anonymous_5)
FN:190,(anonymous_6)
FN:202,(anonymous_7)
FN:212,(anonymous_8)
FNF:9
FNH:9
FNDA:25,(anonymous_0)
FNDA:9,(anonymous_1)
FNDA:29,(anonymous_2)
FNDA:2,(anonymous_3)
FNDA:2,(anonymous_4)
FNDA:2,(anonymous_5)
FNDA:2,(anonymous_6)
FNDA:27,(anonymous_7)
FNDA:2,(anonymous_8)
DA:8,2
DA:9,2
DA:10,2
DA:11,2
DA:12,2
DA:13,2
DA:14,2
DA:15,2
DA:53,2
DA:65,25
DA:66,25
DA:67,25
DA:68,25
DA:71,25
DA:80,25
DA:81,25
DA:82,25
DA:83,25
DA:84,25
DA:85,25
DA:102,9
DA:103,1
DA:107,8
DA:111,8
DA:116,8
DA:123,29
DA:124,8
DA:125,8
DA:143,2
DA:144,1
DA:146,1
DA:156,2
DA:157,1
DA:159,1
DA:176,2
DA:191,2
DA:203,27
DA:204,27
DA:213,2
DA:218,2
LF:40
LH:40
BRDA:64,0,0,13
BRDA:65,1,0,25
BRDA:65,1,1,13
BRDA:66,2,0,25
BRDA:66,2,1,24
BRDA:67,3,0,25
BRDA:67,3,1,24
BRDA:68,4,0,25
BRDA:68,4,1,24
BRDA:102,5,0,1
BRDA:102,6,0,9
BRDA:102,6,1,1
BRDA:107,7,0,8
BRDA:107,7,1,7
BRDA:107,7,2,0
BRDA:123,8,0,8
BRDA:143,9,0,1
BRDA:156,10,0,1
BRDA:213,11,0,2
BRDA:213,11,1,1
BRF:20
BRH:19
end_of_record
TN:
SF:src/index.ts
FN:8,(anonymous_5)
FN:9,(anonymous_6)
FN:12,(anonymous_7)
FN:13,(anonymous_8)
FN:14,(anonymous_9)
FN:15,(anonymous_10)
FN:16,(anonymous_11)
FN:17,(anonymous_12)
FN:20,(anonymous_13)
FN:21,(anonymous_14)
FNF:10
FNH:10
FNDA:2,(anonymous_5)
FNDA:2,(anonymous_6)
FNDA:2,(anonymous_7)
FNDA:2,(anonymous_8)
FNDA:2,(anonymous_9)
FNDA:2,(anonymous_10)
FNDA:2,(anonymous_11)
FNDA:2,(anonymous_12)
FNDA:2,(anonymous_13)
FNDA:2,(anonymous_14)
DA:8,3
DA:9,3
DA:12,3
DA:13,3
DA:14,3
DA:15,3
DA:16,3
DA:17,3
DA:20,3
DA:21,3
DA:24,1
DA:27,1
LF:12
LH:12
BRF:0
BRH:0
end_of_record
TN:
SF:src/clients/ai-client.ts
FN:91,(anonymous_0)
FN:109,(anonymous_1)
FN:137,(anonymous_2)
FN:168,(anonymous_3)
FN:199,(anonymous_4)
FN:226,(anonymous_5)
FN:250,(anonymous_6)
FN:272,(anonymous_7)
FN:295,(anonymous_8)
FN:328,(anonymous_9)
FN:354,(anonymous_10)
FNF:11
FNH:11
FNDA:55,(anonymous_0)
FNDA:3,(anonymous_1)
FNDA:4,(anonymous_2)
FNDA:4,(anonymous_3)
FNDA:4,(anonymous_4)
FNDA:4,(anonymous_5)
FNDA:3,(anonymous_6)
FNDA:3,(anonymous_7)
FNDA:6,(anonymous_8)
FNDA:5,(anonymous_9)
FNDA:4,(anonymous_10)
DA:13,3
DA:90,3
DA:91,55
DA:110,3
DA:111,3
DA:118,2
DA:138,4
DA:139,4
DA:143,4
DA:144,1
DA:146,4
DA:148,2
DA:169,4
DA:170,4
DA:173,4
DA:174,1
DA:176,4
DA:177,1
DA:179,4
DA:181,2
DA:200,4
DA:201,4
DA:204,4
DA:205,1
DA:207,4
DA:209,2
DA:227,4
DA:228,4
DA:229,4
DA:230,1
DA:232,4
DA:234,2
DA:251,3
DA:252,3
DA:254,2
DA:273,3
DA:274,3
DA:276,2
DA:299,6
DA:300,6
DA:301,6
DA:302,2
DA:304,6
DA:305,2
DA:307,6
DA:309,2
DA:329,5
DA:330,5
DA:334,5
DA:335,2
DA:337,5
DA:339,2
DA:355,4
DA:356,4
DA:357,2
DA:359,2
LF:56
LH:56
BRDA:143,0,0,1
BRDA:173,1,0,1
BRDA:176,2,0,1
BRDA:204,3,0,1
BRDA:229,4,0,1
BRDA:301,5,0,2
BRDA:304,6,0,2
BRDA:334,7,0,2
BRDA:357,8,0,2
BRDA:357,8,1,1
BRF:10
BRH:10
end_of_record
TN:
SF:src/clients/blockchain-client.ts
FN:24,(anonymous_0)
FN:39,(anonymous_1)
FN:91,(anonymous_2)
FN:116,(anonymous_3)
FN:154,(anonymous_4)
FN:186,(anonymous_5)
FN:226,(anonymous_6)
FN:251,(anonymous_7)
FN:294,(anonymous_8)
FN:318,(anonymous_9)
FNF:10
FNH:10
FNDA:55,(anonymous_0)
FNDA:7,(anonymous_1)
FNDA:7,(anonymous_2)
FNDA:3,(anonymous_3)
FNDA:6,(anonymous_4)
FNDA:9,(anonymous_5)
FNDA:4,(anonymous_6)
FNDA:4,(anonymous_7)
FNDA:3,(anonymous_8)
FNDA:4,(anonymous_9)
DA:18,3
DA:23,3
DA:24,55
DA:40,7
DA:41,2
DA:44,5
DA:45,5
DA:58,2
DA:71,3
DA:72,1
DA:74,2
DA:92,7
DA:93,7
DA:95,7
DA:96,7
DA:116,5
DA:128,5
DA:135,2
DA:136,0
DA:138,2
DA:155,6
DA:156,2
DA:159,4
DA:160,4
DA:164,2
DA:166,2
DA:167,0
DA:169,2
DA:187,9
DA:188,9
DA:195,5
DA:206,4
DA:207,0
DA:209,4
DA:227,4
DA:228,4
DA:229,2
DA:231,2
DA:232,2
DA:234,0
DA:252,4
DA:253,4
DA:264,2
DA:275,2
DA:276,0
DA:278,2
DA:295,3
DA:296,3
DA:298,2
DA:299,0
DA:301,2
DA:319,4
DA:320,4
DA:322,2
DA:323,0
DA:325,2
LF:56
LH:49
BRDA:40,0,0,2
BRDA:65,1,0,2
BRDA:65,1,1,1
BRDA:66,2,0,2
BRDA:66,2,1,1
BRDA:67,3,0,2
BRDA:67,3,1,1
BRDA:68,4,0,2
BRDA:68,4,1,1
BRDA:71,5,0,1
BRDA:91,6,0,5
BRDA:92,7,0,7
BRDA:92,7,1,5
BRDA:93,8,0,7
BRDA:93,8,1,6
BRDA:116,9,0,5
BRDA:116,9,1,1
BRDA:122,10,0,3
BRDA:122,10,1,1
BRDA:123,11,0,3
BRDA:123,11,1,3
BRDA:124,12,0,3
BRDA:124,12,1,3
BRDA:125,13,0,3
BRDA:125,13,1,1
BRDA:130,14,0,5
BRDA:130,14,1,2
BRDA:131,15,0,5
BRDA:131,15,1,1
BRDA:132,16,0,5
BRDA:132,16,1,4
BRDA:135,17,0,0
BRDA:155,18,0,2
BRDA:164,19,0,2
BRDA:164,19,1,1
BRDA:166,20,0,0
BRDA:201,21,0,3
BRDA:201,21,1,2
BRDA:201,22,0,5
BRDA:201,22,1,3
BRDA:206,23,0,0
BRDA:231,24,0,2
BRDA:270,25,0,2
BRDA:270,25,1,1
BRDA:272,26,0,2
BRDA:272,26,1,1
BRDA:275,27,0,0
BRDA:298,28,0,0
BRDA:322,29,0,0
BRF:49
BRH:43
end_of_record
TN:
SF:src/clients/governance-client.ts
FN:22,(anonymous_0)
FN:39,(anonymous_1)
FN:67,(anonymous_2)
FN:108,(anonymous_3)
FN:166,(anonymous_4)
FN:228,(anonymous_5)
FN:271,(anonymous_6)
FN:297,(anonymous_7)
FNF:8
FNH:8
FNDA:55,(anonymous_0)
FNDA:12,(anonymous_1)
FNDA:4,(anonymous_2)
FNDA:10,(anonymous_3)
FNDA:8,(anonymous_4)
FNDA:11,(anonymous_5)
FNDA:4,(anonymous_6)
FNDA:4,(anonymous_7)
DA:8,3
DA:16,3
DA:21,3
DA:22,55
DA:40,12
DA:41,12
DA:43,12
DA:44,12
DA:45,12
DA:46,5
DA:49,12
DA:67,8
DA:80,8
DA:87,4
DA:88,0
DA:90,4
DA:109,10
DA:110,2
DA:113,8
DA:114,8
DA:128,4
DA:142,4
DA:143,0
DA:145,4
DA:167,8
DA:168,4
DA:171,4
DA:172,4
DA:178,4
DA:179,1
DA:181,4
DA:182,1
DA:185,4
DA:196,2
DA:207,2
DA:208,0
DA:210,2
DA:233,11
DA:234,2
DA:237,9
DA:238,2
DA:241,7
DA:242,2
DA:245,5
DA:246,5
DA:251,5
DA:253,2
DA:254,0
DA:256,2
DA:272,4
DA:273,4
DA:274,2
DA:276,2
DA:277,2
DA:279,0
DA:304,4
DA:305,4
DA:306,2
DA:317,2
DA:318,2
DA:320,0
LF:61
LH:55
BRDA:39,0,0,5
BRDA:40,1,0,12
BRDA:40,1,1,10
BRDA:41,2,0,12
BRDA:41,2,1,11
BRDA:45,3,0,5
BRDA:67,4,0,8
BRDA:67,4,1,1
BRDA:72,5,0,4
BRDA:72,5,1,1
BRDA:75,6,0,4
BRDA:75,6,1,3
BRDA:76,7,0,4
BRDA:76,7,1,3
BRDA:77,8,0,4
BRDA:77,8,1,3
BRDA:82,9,0,8
BRDA:82,9,1,4
BRDA:83,10,0,8
BRDA:83,10,1,1
BRDA:84,11,0,8
BRDA:84,11,1,7
BRDA:87,12,0,0
BRDA:109,13,0,2
BRDA:133,14,0,4
BRDA:133,14,1,2
BRDA:137,15,0,4
BRDA:137,15,1,2
BRDA:138,16,0,4
BRDA:138,16,1,2
BRDA:139,17,0,4
BRDA:139,17,1,2
BRDA:142,18,0,0
BRDA:167,19,0,4
BRDA:167,20,0,8
BRDA:167,20,1,6
BRDA:167,20,2,5
BRDA:178,21,0,1
BRDA:181,22,0,1
BRDA:201,23,0,2
BRDA:201,23,1,1
BRDA:203,24,0,2
BRDA:203,24,1,2
BRDA:204,25,0,2
BRDA:204,25,1,2
BRDA:207,26,0,0
BRDA:233,27,0,2
BRDA:237,28,0,2
BRDA:241,29,0,2
BRDA:253,30,0,0
BRDA:276,31,0,2
BRDA:308,32,0,2
BRDA:308,32,1,1
BRDA:309,33,0,2
BRDA:309,33,1,1
BRDA:310,34,0,2
BRDA:310,34,1,1
BRDA:312,35,0,2
BRDA:312,35,1,1
BRDA:313,36,0,2
BRDA:313,36,1,1
BRDA:314,37,0,2
BRDA:314,37,1,1
BRDA:317,38,0,2
BRF:64
BRH:60
end_of_record
TN:
SF:src/clients/mining-client.ts
FN:15,(anonymous_0)
FN:29,(anonymous_1)
FN:56,(anonymous_2)
FN:80,(anonymous_3)
FN:122,(anonymous_4)
FN:164,(anonymous_5)
FN:187,(anonymous_6)
FN:210,(anonymous_7)
FNF:8
FNH:8
FNDA:51,(anonymous_0)
FNDA:13,(anonymous_1)
FNDA:4,(anonymous_2)
FNDA:16,(anonymous_3)
FNDA:6,(anonymous_4)
FNDA:4,(anonymous_5)
FNDA:3,(anonymous_6)
FNDA:4,(anonymous_7)
DA:9,3
DA:14,3
DA:15,51
DA:30,13
DA:31,6
DA:34,7
DA:35,7
DA:36,7
DA:38,3
DA:39,1
DA:41,2
DA:57,4
DA:58,4
DA:60,3
DA:61,1
DA:63,2
DA:81,16
DA:82,16
DA:92,8
DA:102,8
DA:103,0
DA:105,8
DA:123,6
DA:124,2
DA:127,4
DA:128,4
DA:136,2
DA:144,2
DA:145,0
DA:147,2
DA:165,4
DA:166,4
DA:167,2
DA:169,2
DA:170,2
DA:172,0
DA:188,3
DA:189,3
DA:190,1
DA:192,2
DA:193,2
DA:195,0
DA:211,4
DA:212,4
DA:213,2
DA:215,2
DA:216,2
DA:218,0
LF:48
LH:43
BRDA:29,0,0,1
BRDA:30,1,0,6
BRDA:30,2,0,13
BRDA:30,2,1,10
BRDA:38,3,0,1
BRDA:60,4,0,1
BRDA:96,5,0,8
BRDA:96,5,1,7
BRDA:98,6,0,8
BRDA:98,6,1,7
BRDA:102,7,0,0
BRDA:123,8,0,2
BRDA:144,9,0,0
BRDA:169,10,0,2
BRDA:192,11,0,2
BRDA:215,12,0,2
BRF:16
BRH:14
end_of_record
TN:
SF:src/clients/transaction-client.ts
FN:20,(anonymous_0)
FN:39,(anonymous_1)
FN:109,(anonymous_2)
FN:162,(anonymous_3)
FN:194,(anonymous_4)
FN:253,(anonymous_5)
FN:280,(anonymous_6)
FN:305,(anonymous_7)
FN:320,(anonymous_8)
FNF:9
FNH:9
FNDA:55,(anonymous_0)
FNDA:11,(anonymous_1)
FNDA:14,(anonymous_2)
FNDA:10,(anonymous_3)
FNDA:7,(anonymous_4)
FNDA:5,(anonymous_5)
FNDA:4,(anonymous_6)
FNDA:6,(anonymous_7)
FNDA:4,(anonymous_8)
DA:8,3
DA:14,3
DA:19,3
DA:20,55
DA:40,11
DA:41,4
DA:44,7
DA:45,7
DA:51,7
DA:52,1
DA:54,7
DA:55,1
DA:57,7
DA:58,1
DA:60,7
DA:61,2
DA:63,7
DA:64,1
DA:67,7
DA:78,4
DA:89,3
DA:90,1
DA:92,2
DA:110,14
DA:111,2
DA:114,12
DA:115,12
DA:129,10
DA:143,2
DA:144,0
DA:146,2
DA:163,10
DA:164,2
DA:167,8
DA:168,8
DA:170,4
DA:171,0
DA:173,4
DA:200,7
DA:201,3
DA:204,4
DA:205,4
DA:211,4
DA:212,1
DA:215,4
DA:223,2
DA:231,2
DA:232,0
DA:234,2
DA:254,5
DA:255,5
DA:256,3
DA:258,2
DA:259,2
DA:261,0
DA:286,4
DA:288,4
DA:289,10
DA:290,2
DA:293,8
DA:294,8
DA:295,8
DA:296,2
DA:299,0
DA:300,0
DA:302,0
DA:305,6
DA:321,4
DA:322,4
DA:326,2
DA:328,2
DA:329,0
DA:331,2
LF:73
LH:65
BRDA:40,0,0,4
BRDA:40,1,0,11
BRDA:40,1,1,9
BRDA:40,1,2,8
BRDA:51,2,0,1
BRDA:54,3,0,1
BRDA:57,4,0,1
BRDA:60,5,0,2
BRDA:63,6,0,1
BRDA:84,7,0,4
BRDA:84,7,1,3
BRDA:85,8,0,4
BRDA:85,8,1,3
BRDA:86,9,0,4
BRDA:86,9,1,3
BRDA:89,10,0,1
BRDA:110,11,0,2
BRDA:135,12,0,10
BRDA:135,12,1,8
BRDA:136,13,0,10
BRDA:136,13,1,9
BRDA:137,14,0,10
BRDA:137,14,1,9
BRDA:140,15,0,10
BRDA:140,15,1,7
BRDA:143,16,0,0
BRDA:163,17,0,2
BRDA:170,18,0,0
BRDA:200,19,0,3
BRDA:200,20,0,7
BRDA:200,20,1,6
BRDA:200,20,2,5
BRDA:211,21,0,1
BRDA:231,22,0,0
BRDA:253,23,0,1
BRDA:258,24,0,2
BRDA:282,25,0,0
BRDA:283,26,0,1
BRDA:284,27,0,1
BRDA:289,28,0,2
BRDA:295,29,0,2
BRDA:295,30,0,8
BRDA:295,30,1,6
BRDA:299,31,0,0
BRDA:326,32,0,2
BRDA:326,32,1,1
BRDA:328,33,0,0
BRF:47
BRH:41
end_of_record
TN:
SF:src/clients/wallet-client.ts
FN:26,(anonymous_0)
FN:43,(anonymous_1)
FN:89,(anonymous_2)
FN:131,(anonymous_3)
FN:177,(anonymous_4)
FN:225,(anonymous_5)
FN:263,(anonymous_6)
FNF:7
FNH:7
FNDA:52,(anonymous_0)
FNDA:5,(anonymous_1)
FNDA:6,(anonymous_2)
FNDA:6,(anonymous_3)
FNDA:8,(anonymous_4)
FNDA:7,(anonymous_5)
FNDA:6,(anonymous_6)
DA:20,3
DA:25,3
DA:26,52
DA:44,5
DA:45,5
DA:47,5
DA:48,1
DA:50,5
DA:51,1
DA:54,5
DA:62,2
DA:70,3
DA:71,1
DA:73,2
DA:90,6
DA:91,2
DA:94,4
DA:95,4
DA:103,2
DA:111,2
DA:112,0
DA:114,2
DA:132,6
DA:133,2
DA:136,4
DA:137,4
DA:145,2
DA:153,2
DA:154,0
DA:156,2
DA:178,8
DA:179,2
DA:182,6
DA:183,6
DA:185,6
DA:186,6
DA:196,4
DA:203,2
DA:204,0
DA:206,2
DA:226,7
DA:227,3
DA:230,4
DA:231,4
DA:236,4
DA:237,1
DA:240,4
DA:242,2
DA:243,0
DA:245,2
DA:264,6
DA:265,3
DA:268,3
DA:269,3
DA:274,3
DA:276,2
DA:277,0
DA:279,2
LF:58
LH:53
BRDA:43,0,0,4
BRDA:47,1,0,1
BRDA:50,2,0,1
BRDA:70,3,0,1
BRDA:90,4,0,2
BRDA:108,5,0,2
BRDA:108,5,1,1
BRDA:111,6,0,0
BRDA:132,7,0,2
BRDA:148,8,0,2
BRDA:148,8,1,1
BRDA:149,9,0,2
BRDA:149,9,1,1
BRDA:150,10,0,2
BRDA:150,10,1,1
BRDA:153,11,0,0
BRDA:178,12,0,2
BRDA:182,13,0,6
BRDA:182,13,1,4
BRDA:183,14,0,6
BRDA:183,14,1,5
BRDA:197,15,0,4
BRDA:197,15,1,1
BRDA:198,16,0,4
BRDA:198,16,1,2
BRDA:199,17,0,4
BRDA:199,17,1,1
BRDA:200,18,0,4
BRDA:200,18,1,3
BRDA:203,19,0,0
BRDA:226,20,0,3
BRDA:226,21,0,7
BRDA:226,21,1,5
BRDA:236,22,0,1
BRDA:242,23,0,0
BRDA:264,24,0,3
BRDA:264,25,0,6
BRDA:264,25,1,4
BRDA:276,26,0,0
BRF:39
BRH:34
end_of_record
TN:
SF:src/errors/index.ts
FN:14,(anonymous_0)
FN:22,(anonymous_1)
FN:34,(anonymous_2)
FN:45,(anonymous_3)
FN:56,(anonymous_4)
FN:69,(anonymous_5)
FN:86,(anonymous_6)
FN:97,(anonymous_7)
FN:108,(anonymous_8)
FN:119,(anonymous_9)
FN:130,(anonymous_10)
FN:141,(anonymous_11)
FN:152,(anonymous_12)
FN:163,(anonymous_13)
FN:174,(anonymous_14)
FN:185,(anonymous_15)
FN:196,(anonymous_16)
FN:207,(anonymous_17)
FNF:18
FNH:18
FNDA:212,(anonymous_0)
FNDA:2,(anonymous_1)
FNDA:5,(anonymous_2)
FNDA:3,(anonymous_3)
FNDA:53,(anonymous_4)
FNDA:4,(anonymous_5)
FNDA:4,(anonymous_6)
FNDA:3,(anonymous_7)
FNDA:3,(anonymous_8)
FNDA:3,(anonymous_9)
FNDA:3,(anonymous_10)
FNDA:3,(anonymous_11)
FNDA:18,(anonymous_12)
FNDA:16,(anonymous_13)
FNDA:19,(anonymous_14)
FNDA:15,(anonymous_15)
FNDA:12,(anonymous_16)
FNDA:23,(anonymous_17)
DA:10,19
DA:15,212
DA:16,212
DA:17,212
DA:18,212
DA:19,212
DA:23,2
DA:24,1
DA:26,1
DA:33,19
DA:35,5
DA:36,5
DA:37,5
DA:44,19
DA:46,3
DA:47,3
DA:48,3
DA:55,19
DA:57,53
DA:58,53
DA:59,53
DA:66,19
DA:75,4
DA:76,4
DA:77,4
DA:78,4
DA:85,19
DA:87,4
DA:88,4
DA:89,4
DA:96,19
DA:98,3
DA:99,3
DA:100,3
DA:107,19
DA:109,3
DA:110,3
DA:111,3
DA:118,19
DA:120,3
DA:121,3
DA:122,3
DA:129,19
DA:131,3
DA:132,3
DA:133,3
DA:140,19
DA:142,3
DA:143,3
DA:144,3
DA:151,19
DA:153,18
DA:154,18
DA:155,18
DA:162,19
DA:164,16
DA:165,16
DA:166,16
DA:173,19
DA:175,19
DA:176,19
DA:177,19
DA:184,19
DA:186,15
DA:187,15
DA:188,15
DA:195,19
DA:197,12
DA:198,12
DA:199,12
DA:206,19
DA:208,23
DA:209,23
DA:210,23
LF:74
LH:74
BRDA:23,0,0,1
BRF:1
BRH:1
end_of_record
TN:
SF:src/types/index.ts
FN:10,(anonymous_0)
FN:19,(anonymous_1)
FN:28,(anonymous_2)
FN:38,(anonymous_3)
FN:326,(anonymous_4)
FNF:5
FNH:5
FNDA:6,(anonymous_0)
FNDA:6,(anonymous_1)
FNDA:6,(anonymous_2)
FNDA:6,(anonymous_3)
FNDA:6,(anonymous_4)
DA:10,6
DA:11,6
DA:12,6
DA:13,6
DA:19,6
DA:20,6
DA:21,6
DA:22,6
DA:28,6
DA:29,6
DA:30,6
DA:31,6
DA:32,6
DA:38,6
DA:39,6
DA:40,6
DA:41,6
DA:326,6
DA:327,6
DA:328,6
DA:329,6
DA:330,6
DA:331,6
DA:332,6
LF:24
LH:24
BRDA:10,0,0,6
BRDA:10,0,1,6
BRDA:19,1,0,6
BRDA:19,1,1,6
BRDA:28,2,0,6
BRDA:28,2,1,6
BRDA:38,3,0,6
BRDA:38,3,1,6
BRDA:326,4,0,6
BRDA:326,4,1,6
BRF:10
BRH:10
end_of_record
TN:
SF:src/utils/http-client.ts
FN:50,(anonymous_1)
FN:77,(anonymous_2)
FN:95,(anonymous_3)
FN:113,(anonymous_4)
FN:116,(anonymous_5)
FN:119,(anonymous_6)
FN:130,(anonymous_7)
FN:141,(anonymous_8)
FN:144,(anonymous_9)
FN:151,(anonymous_10)
FN:158,(anonymous_11)
FN:159,(anonymous_12)
FN:168,(anonymous_13)
FN:214,(anonymous_14)
FN:229,(anonymous_15)
FN:241,(anonymous_16)
FN:253,(anonymous_17)
FN:268,(anonymous_18)
FNF:18
FNH:10
FNDA:29,(anonymous_1)
FNDA:29,(anonymous_2)
FNDA:29,(anonymous_3)
FNDA:29,(anonymous_4)
FNDA:0,(anonymous_5)
FNDA:0,(anonymous_6)
FNDA:0,(anonymous_7)
FNDA:29,(anonymous_8)
FNDA:0,(anonymous_9)
FNDA:0,(anonymous_10)
FNDA:0,(anonymous_11)
FNDA:0,(anonymous_12)
FNDA:0,(anonymous_13)
FNDA:4,(anonymous_14)
FNDA:4,(anonymous_15)
FNDA:3,(anonymous_16)
FNDA:4,(anonymous_17)
FNDA:1,(anonymous_18)
DA:8,9
DA:9,9
DA:10,9
DA:45,9
DA:51,29
DA:52,29
DA:55,29
DA:68,29
DA:71,29
DA:79,29
DA:80,29
DA:81,29
DA:88,0
DA:97,29
DA:98,29
DA:99,29
DA:106,0
DA:114,29
DA:117,0
DA:121,0
DA:122,0
DA:124,0
DA:125,0
DA:127,0
DA:128,0
DA:131,0
DA:143,29
DA:146,0
DA:147,0
DA:149,0
DA:152,0
DA:157,29
DA:158,0
DA:160,0
DA:170,0
DA:171,0
DA:172,0
DA:174,0
DA:177,0
DA:178,0
DA:179,0
DA:180,0
DA:183,0
DA:185,0
DA:187,0
DA:189,0
DA:191,0
DA:193,0
DA:195,0
DA:196,0
DA:203,0
DA:205,0
DA:207,0
DA:219,4
DA:223,3
DA:234,4
DA:235,3
DA:246,3
DA:247,2
DA:258,4
DA:262,3
DA:270,1
DA:271,1
LF:63
LH:28
BRDA:52,0,0,29
BRDA:52,0,1,28
BRDA:68,1,0,29
BRDA:68,1,1,28
BRDA:68,2,0,29
BRDA:68,2,1,28
BRDA:121,3,0,0
BRDA:124,4,0,0
BRDA:128,5,0,0
BRDA:128,5,1,0
BRDA:128,5,2,0
BRDA:128,5,3,0
BRDA:128,5,4,0
BRDA:146,6,0,0
BRDA:170,7,0,0
BRDA:171,8,0,0
BRDA:171,9,0,0
BRDA:171,9,1,0
BRDA:179,10,0,0
BRDA:179,10,1,0
BRDA:179,10,2,0
BRDA:180,11,0,0
BRDA:180,11,1,0
BRDA:183,12,0,0
BRDA:183,12,1,0
BRDA:183,12,2,0
BRDA:183,12,3,0
BRDA:183,12,4,0
BRDA:183,12,5,0
BRDA:183,12,6,0
BRDA:183,12,7,0
BRDA:183,12,8,0
BRDA:198,13,0,0
BRDA:198,13,1,0
BRF:34
BRH:6
end_of_record
TN:
SF:src/utils/websocket-client.ts
FN:42,(anonymous_1)
FN:53,(anonymous_2)
FN:80,(anonymous_3)
FN:83,(anonymous_4)
FN:89,(anonymous_5)
FN:99,(anonymous_6)
FN:108,(anonymous_7)
FN:112,(anonymous_8)
FN:120,(anonymous_9)
FN:121,(anonymous_10)
FN:131,(anonymous_11)
FN:141,(anonymous_12)
FN:165,(anonymous_13)
FN:173,(anonymous_14)
FN:183,(anonymous_15)
FN:193,(anonymous_16)
FN:208,(anonymous_17)
FN:227,(anonymous_18)
FN:234,(anonymous_19)
FNF:19
FNH:18
FNDA:34,(anonymous_1)
FNDA:33,(anonymous_2)
FNDA:28,(anonymous_3)
FNDA:3,(anonymous_4)
FNDA:3,(anonymous_5)
FNDA:10,(anonymous_6)
FNDA:1,(anonymous_7)
FNDA:0,(anonymous_8)
FNDA:3,(anonymous_9)
FNDA:1,(anonymous_10)
FNDA:47,(anonymous_11)
FNDA:9,(anonymous_12)
FNDA:4,(anonymous_13)
FNDA:3,(anonymous_14)
FNDA:1,(anonymous_15)
FNDA:9,(anonymous_16)
FNDA:37,(anonymous_17)
FNDA:3,(anonymous_18)
FNDA:2,(anonymous_19)
DA:7,3
DA:8,3
DA:9,3
DA:31,3
DA:37,34
DA:40,34
DA:43,34
DA:44,34
DA:45,34
DA:46,34
DA:47,34
DA:54,33
DA:55,5
DA:58,28
DA:60,28
DA:61,28
DA:65,28
DA:66,1
DA:69,28
DA:70,28
DA:72,0
DA:73,0
DA:81,28
DA:83,28
DA:84,3
DA:85,3
DA:86,3
DA:89,28
DA:90,3
DA:91,3
DA:92,2
DA:93,2
DA:95,1
DA:99,28
DA:100,10
DA:101,10
DA:103,10
DA:104,9
DA:108,28
DA:109,1
DA:112,28
DA:121,3
DA:122,1
DA:123,1
DA:132,47
DA:133,3
DA:134,3
DA:142,9
DA:143,1
DA:149,1
DA:152,8
DA:153,3
DA:156,8
DA:157,8
DA:159,8
DA:165,8
DA:166,4
DA:174,3
DA:184,1
DA:194,9
DA:195,4
DA:198,5
DA:199,5
DA:201,2
DA:209,37
DA:211,37
DA:212,5
DA:213,5
DA:216,37
DA:218,37
DA:219,27
DA:220,27
DA:228,3
DA:235,2
LF:74
LH:72
BRDA:46,0,0,34
BRDA:46,0,1,29
BRDA:47,1,0,34
BRDA:47,1,1,29
BRDA:54,2,0,5
BRDA:54,3,0,33
BRDA:54,3,1,5
BRDA:65,4,0,1
BRDA:81,5,0,0
BRDA:103,6,0,9
BRDA:122,7,0,1
BRDA:122,8,0,1
BRDA:122,8,1,1
BRDA:132,9,0,3
BRDA:142,10,0,1
BRDA:152,11,0,3
BRDA:194,12,0,4
BRDA:194,13,0,9
BRDA:194,13,1,9
BRDA:211,14,0,5
BRDA:218,15,0,27
BRDA:228,16,0,3
BRDA:228,16,1,2
BRF:23
BRH:22
end_of_record
